{"C:\\Users\\h_ref\\Desktop\\MnH_vf\\matchnhire-digital-backend\\config\\config.js": {"path":"C:\\Users\\h_ref\\Desktop\\MnH_vf\\matchnhire-digital-backend\\config\\config.js","statementMap":{"0":{"start":{"line":1,"column":0},"end":{"line":1,"column":27}},"1":{"start":{"line":3,"column":0},"end":{"line":25,"column":2}}},"fnMap":{},"branchMap":{},"s":{"0":1,"1":1},"f":{},"b":{},"_coverageSchema":"1a1c01bbd47fc00a2c39e90264f33305004495a9","hash":"215898139ad7de6d2f9906574299fee947dbf2a1"}
,"C:\\Users\\h_ref\\Desktop\\MnH_vf\\matchnhire-digital-backend\\models\\aireproximite.js": {"path":"C:\\Users\\h_ref\\Desktop\\MnH_vf\\matchnhire-digital-backend\\models\\aireproximite.js","statementMap":{"0":{"start":{"line":2,"column":18},"end":{"line":2,"column":38}},"1":{"start":{"line":3,"column":0},"end":{"line":26,"column":2}},"2":{"start":{"line":6,"column":6},"end":{"line":11,"column":9}},"3":{"start":{"line":14,"column":2},"end":{"line":24,"column":4}},"4":{"start":{"line":25,"column":2},"end":{"line":25,"column":23}}},"fnMap":{"0":{"name":"(anonymous_0)","decl":{"start":{"line":3,"column":17},"end":{"line":3,"column":18}},"loc":{"start":{"line":3,"column":43},"end":{"line":26,"column":1}},"line":3},"1":{"name":"(anonymous_1)","decl":{"start":{"line":5,"column":4},"end":{"line":5,"column":5}},"loc":{"start":{"line":5,"column":29},"end":{"line":12,"column":5}},"line":5}},"branchMap":{},"s":{"0":1,"1":1,"2":1,"3":1,"4":1},"f":{"0":1,"1":1},"b":{},"_coverageSchema":"1a1c01bbd47fc00a2c39e90264f33305004495a9","hash":"c59e00939a4f49c4938c744ea8aef258cf9526e7"}
,"C:\\Users\\h_ref\\Desktop\\MnH_vf\\matchnhire-digital-backend\\models\\application.js": {"path":"C:\\Users\\h_ref\\Desktop\\MnH_vf\\matchnhire-digital-backend\\models\\application.js","statementMap":{"0":{"start":{"line":2,"column":18},"end":{"line":2,"column":38}},"1":{"start":{"line":4,"column":0},"end":{"line":121,"column":2}},"2":{"start":{"line":7,"column":6},"end":{"line":10,"column":9}},"3":{"start":{"line":12,"column":6},"end":{"line":15,"column":9}},"4":{"start":{"line":17,"column":6},"end":{"line":20,"column":9}},"5":{"start":{"line":24,"column":2},"end":{"line":118,"column":4}},"6":{"start":{"line":93,"column":27},"end":{"line":95,"column":12}},"7":{"start":{"line":97,"column":10},"end":{"line":101,"column":11}},"8":{"start":{"line":98,"column":12},"end":{"line":100,"column":15}},"9":{"start":{"line":106,"column":27},"end":{"line":108,"column":12}},"10":{"start":{"line":110,"column":10},"end":{"line":114,"column":11}},"11":{"start":{"line":111,"column":12},"end":{"line":113,"column":15}},"12":{"start":{"line":120,"column":2},"end":{"line":120,"column":21}}},"fnMap":{"0":{"name":"(anonymous_0)","decl":{"start":{"line":4,"column":17},"end":{"line":4,"column":18}},"loc":{"start":{"line":4,"column":43},"end":{"line":121,"column":1}},"line":4},"1":{"name":"(anonymous_1)","decl":{"start":{"line":6,"column":4},"end":{"line":6,"column":5}},"loc":{"start":{"line":6,"column":29},"end":{"line":21,"column":5}},"line":6},"2":{"name":"(anonymous_2)","decl":{"start":{"line":91,"column":21},"end":{"line":91,"column":22}},"loc":{"start":{"line":91,"column":53},"end":{"line":102,"column":9}},"line":91},"3":{"name":"(anonymous_3)","decl":{"start":{"line":104,"column":22},"end":{"line":104,"column":23}},"loc":{"start":{"line":104,"column":54},"end":{"line":115,"column":9}},"line":104}},"branchMap":{"0":{"loc":{"start":{"line":97,"column":10},"end":{"line":101,"column":11}},"type":"if","locations":[{"start":{"line":97,"column":10},"end":{"line":101,"column":11}},{"start":{},"end":{}}],"line":97},"1":{"loc":{"start":{"line":110,"column":10},"end":{"line":114,"column":11}},"type":"if","locations":[{"start":{"line":110,"column":10},"end":{"line":114,"column":11}},{"start":{},"end":{}}],"line":110},"2":{"loc":{"start":{"line":110,"column":14},"end":{"line":110,"column":57}},"type":"binary-expr","locations":[{"start":{"line":110,"column":14},"end":{"line":110,"column":22}},{"start":{"line":110,"column":26},"end":{"line":110,"column":57}}],"line":110}},"s":{"0":1,"1":1,"2":1,"3":1,"4":1,"5":1,"6":0,"7":0,"8":0,"9":0,"10":0,"11":0,"12":1},"f":{"0":1,"1":1,"2":0,"3":0},"b":{"0":[0,0],"1":[0,0],"2":[0,0]},"_coverageSchema":"1a1c01bbd47fc00a2c39e90264f33305004495a9","hash":"8d8c0edbf2d647931ef786c854b97cbe4ac2733e"}
,"C:\\Users\\h_ref\\Desktop\\MnH_vf\\matchnhire-digital-backend\\models\\auditlog.js": {"path":"C:\\Users\\h_ref\\Desktop\\MnH_vf\\matchnhire-digital-backend\\models\\auditlog.js","statementMap":{"0":{"start":{"line":2,"column":18},"end":{"line":2,"column":38}},"1":{"start":{"line":4,"column":0},"end":{"line":73,"column":2}},"2":{"start":{"line":7,"column":6},"end":{"line":10,"column":9}},"3":{"start":{"line":11,"column":6},"end":{"line":14,"column":9}},"4":{"start":{"line":18,"column":2},"end":{"line":70,"column":4}},"5":{"start":{"line":72,"column":2},"end":{"line":72,"column":18}}},"fnMap":{"0":{"name":"(anonymous_0)","decl":{"start":{"line":4,"column":17},"end":{"line":4,"column":18}},"loc":{"start":{"line":4,"column":43},"end":{"line":73,"column":1}},"line":4},"1":{"name":"(anonymous_1)","decl":{"start":{"line":6,"column":4},"end":{"line":6,"column":5}},"loc":{"start":{"line":6,"column":29},"end":{"line":15,"column":5}},"line":6}},"branchMap":{},"s":{"0":1,"1":1,"2":1,"3":1,"4":1,"5":1},"f":{"0":1,"1":1},"b":{},"_coverageSchema":"1a1c01bbd47fc00a2c39e90264f33305004495a9","hash":"514c1d75fdf1c09ba0c115e27f34b691b489b2d6"}
,"C:\\Users\\h_ref\\Desktop\\MnH_vf\\matchnhire-digital-backend\\models\\candidate.js": {"path":"C:\\Users\\h_ref\\Desktop\\MnH_vf\\matchnhire-digital-backend\\models\\candidate.js","statementMap":{"0":{"start":{"line":2,"column":18},"end":{"line":2,"column":38}},"1":{"start":{"line":3,"column":15},"end":{"line":3,"column":34}},"2":{"start":{"line":5,"column":0},"end":{"line":203,"column":2}},"3":{"start":{"line":9,"column":6},"end":{"line":12,"column":9}},"4":{"start":{"line":15,"column":6},"end":{"line":18,"column":9}},"5":{"start":{"line":21,"column":6},"end":{"line":24,"column":9}},"6":{"start":{"line":27,"column":6},"end":{"line":30,"column":9}},"7":{"start":{"line":35,"column":6},"end":{"line":35,"column":59}},"8":{"start":{"line":40,"column":19},"end":{"line":40,"column":73}},"9":{"start":{"line":41,"column":6},"end":{"line":41,"column":40}},"10":{"start":{"line":42,"column":6},"end":{"line":42,"column":76}},"11":{"start":{"line":43,"column":6},"end":{"line":43,"column":18}},"12":{"start":{"line":48,"column":6},"end":{"line":50,"column":7}},"13":{"start":{"line":49,"column":8},"end":{"line":49,"column":21}},"14":{"start":{"line":52,"column":6},"end":{"line":54,"column":7}},"15":{"start":{"line":53,"column":8},"end":{"line":53,"column":21}},"16":{"start":{"line":56,"column":6},"end":{"line":56,"column":49}},"17":{"start":{"line":61,"column":6},"end":{"line":61,"column":54}},"18":{"start":{"line":61,"column":42},"end":{"line":61,"column":54}},"19":{"start":{"line":62,"column":6},"end":{"line":62,"column":66}},"20":{"start":{"line":67,"column":6},"end":{"line":67,"column":77}},"21":{"start":{"line":68,"column":6},"end":{"line":68,"column":47}},"22":{"start":{"line":71,"column":6},"end":{"line":74,"column":7}},"23":{"start":{"line":73,"column":8},"end":{"line":73,"column":46}},"24":{"start":{"line":76,"column":6},"end":{"line":76,"column":24}},"25":{"start":{"line":77,"column":6},"end":{"line":77,"column":42}},"26":{"start":{"line":82,"column":21},"end":{"line":82,"column":50}},"27":{"start":{"line":83,"column":6},"end":{"line":83,"column":29}},"28":{"start":{"line":84,"column":6},"end":{"line":84,"column":39}},"29":{"start":{"line":85,"column":6},"end":{"line":85,"column":41}},"30":{"start":{"line":86,"column":6},"end":{"line":86,"column":43}},"31":{"start":{"line":87,"column":6},"end":{"line":87,"column":20}},"32":{"start":{"line":91,"column":2},"end":{"line":200,"column":4}},"33":{"start":{"line":187,"column":10},"end":{"line":190,"column":11}},"34":{"start":{"line":188,"column":25},"end":{"line":188,"column":49}},"35":{"start":{"line":189,"column":12},"end":{"line":189,"column":77}},"36":{"start":{"line":193,"column":10},"end":{"line":196,"column":11}},"37":{"start":{"line":194,"column":25},"end":{"line":194,"column":49}},"38":{"start":{"line":195,"column":12},"end":{"line":195,"column":77}},"39":{"start":{"line":202,"column":2},"end":{"line":202,"column":19}}},"fnMap":{"0":{"name":"(anonymous_0)","decl":{"start":{"line":5,"column":17},"end":{"line":5,"column":18}},"loc":{"start":{"line":5,"column":43},"end":{"line":203,"column":1}},"line":5},"1":{"name":"(anonymous_1)","decl":{"start":{"line":7,"column":4},"end":{"line":7,"column":5}},"loc":{"start":{"line":7,"column":29},"end":{"line":31,"column":5}},"line":7},"2":{"name":"(anonymous_2)","decl":{"start":{"line":34,"column":4},"end":{"line":34,"column":5}},"loc":{"start":{"line":34,"column":34},"end":{"line":36,"column":5}},"line":34},"3":{"name":"(anonymous_3)","decl":{"start":{"line":39,"column":4},"end":{"line":39,"column":5}},"loc":{"start":{"line":39,"column":31},"end":{"line":44,"column":5}},"line":39},"4":{"name":"(anonymous_4)","decl":{"start":{"line":47,"column":4},"end":{"line":47,"column":5}},"loc":{"start":{"line":47,"column":26},"end":{"line":57,"column":5}},"line":47},"5":{"name":"(anonymous_5)","decl":{"start":{"line":60,"column":4},"end":{"line":60,"column":5}},"loc":{"start":{"line":60,"column":32},"end":{"line":63,"column":5}},"line":60},"6":{"name":"(anonymous_6)","decl":{"start":{"line":66,"column":4},"end":{"line":66,"column":5}},"loc":{"start":{"line":66,"column":36},"end":{"line":78,"column":5}},"line":66},"7":{"name":"(anonymous_7)","decl":{"start":{"line":81,"column":4},"end":{"line":81,"column":5}},"loc":{"start":{"line":81,"column":13},"end":{"line":88,"column":5}},"line":81},"8":{"name":"(anonymous_8)","decl":{"start":{"line":186,"column":22},"end":{"line":186,"column":23}},"loc":{"start":{"line":186,"column":43},"end":{"line":191,"column":9}},"line":186},"9":{"name":"(anonymous_9)","decl":{"start":{"line":192,"column":22},"end":{"line":192,"column":23}},"loc":{"start":{"line":192,"column":43},"end":{"line":197,"column":9}},"line":192}},"branchMap":{"0":{"loc":{"start":{"line":48,"column":6},"end":{"line":50,"column":7}},"type":"if","locations":[{"start":{"line":48,"column":6},"end":{"line":50,"column":7}},{"start":{},"end":{}}],"line":48},"1":{"loc":{"start":{"line":52,"column":6},"end":{"line":54,"column":7}},"type":"if","locations":[{"start":{"line":52,"column":6},"end":{"line":54,"column":7}},{"start":{},"end":{}}],"line":52},"2":{"loc":{"start":{"line":61,"column":6},"end":{"line":61,"column":54}},"type":"if","locations":[{"start":{"line":61,"column":6},"end":{"line":61,"column":54}},{"start":{},"end":{}}],"line":61},"3":{"loc":{"start":{"line":67,"column":38},"end":{"line":67,"column":71}},"type":"binary-expr","locations":[{"start":{"line":67,"column":38},"end":{"line":67,"column":66}},{"start":{"line":67,"column":70},"end":{"line":67,"column":71}}],"line":67},"4":{"loc":{"start":{"line":71,"column":6},"end":{"line":74,"column":7}},"type":"if","locations":[{"start":{"line":71,"column":6},"end":{"line":74,"column":7}},{"start":{},"end":{}}],"line":71},"5":{"loc":{"start":{"line":71,"column":10},"end":{"line":72,"column":82}},"type":"binary-expr","locations":[{"start":{"line":71,"column":10},"end":{"line":71,"column":37}},{"start":{"line":72,"column":10},"end":{"line":72,"column":82}}],"line":71},"6":{"loc":{"start":{"line":187,"column":10},"end":{"line":190,"column":11}},"type":"if","locations":[{"start":{"line":187,"column":10},"end":{"line":190,"column":11}},{"start":{},"end":{}}],"line":187},"7":{"loc":{"start":{"line":193,"column":10},"end":{"line":196,"column":11}},"type":"if","locations":[{"start":{"line":193,"column":10},"end":{"line":196,"column":11}},{"start":{},"end":{}}],"line":193}},"s":{"0":1,"1":1,"2":1,"3":1,"4":1,"5":1,"6":1,"7":0,"8":0,"9":0,"10":0,"11":0,"12":0,"13":0,"14":0,"15":0,"16":0,"17":0,"18":0,"19":0,"20":0,"21":0,"22":0,"23":0,"24":0,"25":0,"26":0,"27":0,"28":0,"29":0,"30":0,"31":0,"32":1,"33":0,"34":0,"35":0,"36":0,"37":0,"38":0,"39":1},"f":{"0":1,"1":1,"2":0,"3":0,"4":0,"5":0,"6":0,"7":0,"8":0,"9":0},"b":{"0":[0,0],"1":[0,0],"2":[0,0],"3":[0,0],"4":[0,0],"5":[0,0],"6":[0,0],"7":[0,0]},"_coverageSchema":"1a1c01bbd47fc00a2c39e90264f33305004495a9","hash":"bfdd8b317d7d99e3ef2b8fb16d540a887f9d19df"}
,"C:\\Users\\h_ref\\Desktop\\MnH_vf\\matchnhire-digital-backend\\models\\candidatecv.js": {"path":"C:\\Users\\h_ref\\Desktop\\MnH_vf\\matchnhire-digital-backend\\models\\candidatecv.js","statementMap":{"0":{"start":{"line":2,"column":18},"end":{"line":2,"column":38}},"1":{"start":{"line":4,"column":0},"end":{"line":90,"column":2}},"2":{"start":{"line":7,"column":6},"end":{"line":10,"column":9}},"3":{"start":{"line":12,"column":6},"end":{"line":15,"column":9}},"4":{"start":{"line":19,"column":2},"end":{"line":87,"column":4}},"5":{"start":{"line":61,"column":30},"end":{"line":64,"column":12}},"6":{"start":{"line":66,"column":10},"end":{"line":68,"column":11}},"7":{"start":{"line":67,"column":12},"end":{"line":67,"column":33}},"8":{"start":{"line":72,"column":10},"end":{"line":83,"column":11}},"9":{"start":{"line":73,"column":12},"end":{"line":82,"column":14}},"10":{"start":{"line":89,"column":2},"end":{"line":89,"column":21}}},"fnMap":{"0":{"name":"(anonymous_0)","decl":{"start":{"line":4,"column":17},"end":{"line":4,"column":18}},"loc":{"start":{"line":4,"column":43},"end":{"line":90,"column":1}},"line":4},"1":{"name":"(anonymous_1)","decl":{"start":{"line":6,"column":4},"end":{"line":6,"column":5}},"loc":{"start":{"line":6,"column":29},"end":{"line":16,"column":5}},"line":6},"2":{"name":"(anonymous_2)","decl":{"start":{"line":59,"column":22},"end":{"line":59,"column":23}},"loc":{"start":{"line":59,"column":45},"end":{"line":69,"column":9}},"line":59},"3":{"name":"(anonymous_3)","decl":{"start":{"line":70,"column":21},"end":{"line":70,"column":22}},"loc":{"start":{"line":70,"column":44},"end":{"line":84,"column":9}},"line":70}},"branchMap":{"0":{"loc":{"start":{"line":66,"column":10},"end":{"line":68,"column":11}},"type":"if","locations":[{"start":{"line":66,"column":10},"end":{"line":68,"column":11}},{"start":{},"end":{}}],"line":66},"1":{"loc":{"start":{"line":72,"column":10},"end":{"line":83,"column":11}},"type":"if","locations":[{"start":{"line":72,"column":10},"end":{"line":83,"column":11}},{"start":{},"end":{}}],"line":72}},"s":{"0":1,"1":1,"2":1,"3":1,"4":1,"5":0,"6":0,"7":0,"8":0,"9":0,"10":1},"f":{"0":1,"1":1,"2":0,"3":0},"b":{"0":[0,0],"1":[0,0]},"_coverageSchema":"1a1c01bbd47fc00a2c39e90264f33305004495a9","hash":"30a6566543d4522c32cd5bda0456d7974b7392eb"}
,"C:\\Users\\h_ref\\Desktop\\MnH_vf\\matchnhire-digital-backend\\models\\candidatefavorite.js": {"path":"C:\\Users\\h_ref\\Desktop\\MnH_vf\\matchnhire-digital-backend\\models\\candidatefavorite.js","statementMap":{"0":{"start":{"line":2,"column":18},"end":{"line":2,"column":38}},"1":{"start":{"line":4,"column":0},"end":{"line":52,"column":2}},"2":{"start":{"line":7,"column":6},"end":{"line":10,"column":9}},"3":{"start":{"line":12,"column":6},"end":{"line":15,"column":9}},"4":{"start":{"line":19,"column":2},"end":{"line":49,"column":4}},"5":{"start":{"line":51,"column":2},"end":{"line":51,"column":27}}},"fnMap":{"0":{"name":"(anonymous_0)","decl":{"start":{"line":4,"column":17},"end":{"line":4,"column":18}},"loc":{"start":{"line":4,"column":43},"end":{"line":52,"column":1}},"line":4},"1":{"name":"(anonymous_1)","decl":{"start":{"line":6,"column":4},"end":{"line":6,"column":5}},"loc":{"start":{"line":6,"column":29},"end":{"line":16,"column":5}},"line":6}},"branchMap":{},"s":{"0":1,"1":1,"2":1,"3":1,"4":1,"5":1},"f":{"0":1,"1":1},"b":{},"_coverageSchema":"1a1c01bbd47fc00a2c39e90264f33305004495a9","hash":"4102f63b974757daec66d9e8beee55d55f0fc35f"}
,"C:\\Users\\h_ref\\Desktop\\MnH_vf\\matchnhire-digital-backend\\models\\candidateskill.js": {"path":"C:\\Users\\h_ref\\Desktop\\MnH_vf\\matchnhire-digital-backend\\models\\candidateskill.js","statementMap":{"0":{"start":{"line":2,"column":18},"end":{"line":2,"column":38}},"1":{"start":{"line":4,"column":0},"end":{"line":77,"column":2}},"2":{"start":{"line":7,"column":6},"end":{"line":10,"column":9}},"3":{"start":{"line":12,"column":6},"end":{"line":15,"column":9}},"4":{"start":{"line":17,"column":6},"end":{"line":20,"column":9}},"5":{"start":{"line":24,"column":2},"end":{"line":74,"column":4}},"6":{"start":{"line":76,"column":2},"end":{"line":76,"column":24}}},"fnMap":{"0":{"name":"(anonymous_0)","decl":{"start":{"line":4,"column":17},"end":{"line":4,"column":18}},"loc":{"start":{"line":4,"column":43},"end":{"line":77,"column":1}},"line":4},"1":{"name":"(anonymous_1)","decl":{"start":{"line":6,"column":4},"end":{"line":6,"column":5}},"loc":{"start":{"line":6,"column":29},"end":{"line":21,"column":5}},"line":6}},"branchMap":{},"s":{"0":1,"1":1,"2":1,"3":1,"4":1,"5":1,"6":1},"f":{"0":1,"1":1},"b":{},"_coverageSchema":"1a1c01bbd47fc00a2c39e90264f33305004495a9","hash":"b1ed20dd9f2fadb31c88b02157bf74e7e7b042bb"}
,"C:\\Users\\h_ref\\Desktop\\MnH_vf\\matchnhire-digital-backend\\models\\employee.js": {"path":"C:\\Users\\h_ref\\Desktop\\MnH_vf\\matchnhire-digital-backend\\models\\employee.js","statementMap":{"0":{"start":{"line":2,"column":18},"end":{"line":2,"column":38}},"1":{"start":{"line":4,"column":0},"end":{"line":39,"column":2}},"2":{"start":{"line":7,"column":6},"end":{"line":10,"column":9}},"3":{"start":{"line":11,"column":6},"end":{"line":14,"column":9}},"4":{"start":{"line":18,"column":2},"end":{"line":36,"column":4}},"5":{"start":{"line":38,"column":2},"end":{"line":38,"column":18}}},"fnMap":{"0":{"name":"(anonymous_0)","decl":{"start":{"line":4,"column":17},"end":{"line":4,"column":18}},"loc":{"start":{"line":4,"column":43},"end":{"line":39,"column":1}},"line":4},"1":{"name":"(anonymous_1)","decl":{"start":{"line":6,"column":4},"end":{"line":6,"column":5}},"loc":{"start":{"line":6,"column":29},"end":{"line":15,"column":5}},"line":6}},"branchMap":{},"s":{"0":1,"1":1,"2":1,"3":1,"4":1,"5":1},"f":{"0":1,"1":1},"b":{},"_coverageSchema":"1a1c01bbd47fc00a2c39e90264f33305004495a9","hash":"4f3ee19386d8a82cdc29e3f67a39066ea14de6b9"}
,"C:\\Users\\h_ref\\Desktop\\MnH_vf\\matchnhire-digital-backend\\models\\employeeskill.js": {"path":"C:\\Users\\h_ref\\Desktop\\MnH_vf\\matchnhire-digital-backend\\models\\employeeskill.js","statementMap":{"0":{"start":{"line":2,"column":18},"end":{"line":2,"column":38}},"1":{"start":{"line":3,"column":0},"end":{"line":42,"column":2}},"2":{"start":{"line":6,"column":6},"end":{"line":9,"column":9}},"3":{"start":{"line":10,"column":6},"end":{"line":13,"column":9}},"4":{"start":{"line":14,"column":6},"end":{"line":17,"column":9}},"5":{"start":{"line":20,"column":2},"end":{"line":40,"column":4}},"6":{"start":{"line":41,"column":2},"end":{"line":41,"column":23}}},"fnMap":{"0":{"name":"(anonymous_0)","decl":{"start":{"line":3,"column":17},"end":{"line":3,"column":18}},"loc":{"start":{"line":3,"column":43},"end":{"line":42,"column":1}},"line":3},"1":{"name":"(anonymous_1)","decl":{"start":{"line":5,"column":4},"end":{"line":5,"column":5}},"loc":{"start":{"line":5,"column":29},"end":{"line":18,"column":5}},"line":5}},"branchMap":{},"s":{"0":1,"1":1,"2":1,"3":1,"4":1,"5":1,"6":1},"f":{"0":1,"1":1},"b":{},"_coverageSchema":"1a1c01bbd47fc00a2c39e90264f33305004495a9","hash":"0f214ec1286c72aedb80702807e62ed49ccbe31d"}
,"C:\\Users\\h_ref\\Desktop\\MnH_vf\\matchnhire-digital-backend\\models\\index.js": {"path":"C:\\Users\\h_ref\\Desktop\\MnH_vf\\matchnhire-digital-backend\\models\\index.js","statementMap":{"0":{"start":{"line":3,"column":0},"end":{"line":3,"column":27}},"1":{"start":{"line":4,"column":11},"end":{"line":4,"column":24}},"2":{"start":{"line":5,"column":13},"end":{"line":5,"column":28}},"3":{"start":{"line":6,"column":33},"end":{"line":6,"column":53}},"4":{"start":{"line":8,"column":17},"end":{"line":8,"column":42}},"5":{"start":{"line":9,"column":12},"end":{"line":9,"column":49}},"6":{"start":{"line":10,"column":15},"end":{"line":10,"column":50}},"7":{"start":{"line":12,"column":11},"end":{"line":12,"column":13}},"8":{"start":{"line":14,"column":18},"end":{"line":23,"column":1}},"9":{"start":{"line":25,"column":0},"end":{"line":33,"column":5}},"10":{"start":{"line":28,"column":6},"end":{"line":28,"column":77}},"11":{"start":{"line":31,"column":18},"end":{"line":31,"column":75}},"12":{"start":{"line":32,"column":4},"end":{"line":32,"column":27}},"13":{"start":{"line":35,"column":0},"end":{"line":39,"column":3}},"14":{"start":{"line":36,"column":2},"end":{"line":38,"column":3}},"15":{"start":{"line":37,"column":4},"end":{"line":37,"column":24}},"16":{"start":{"line":40,"column":0},"end":{"line":40,"column":25}},"17":{"start":{"line":41,"column":0},"end":{"line":41,"column":25}},"18":{"start":{"line":43,"column":0},"end":{"line":43,"column":20}}},"fnMap":{"0":{"name":"(anonymous_0)","decl":{"start":{"line":27,"column":4},"end":{"line":27,"column":5}},"loc":{"start":{"line":28,"column":6},"end":{"line":28,"column":77}},"line":28},"1":{"name":"(anonymous_1)","decl":{"start":{"line":30,"column":11},"end":{"line":30,"column":12}},"loc":{"start":{"line":30,"column":21},"end":{"line":33,"column":3}},"line":30},"2":{"name":"(anonymous_2)","decl":{"start":{"line":35,"column":26},"end":{"line":35,"column":27}},"loc":{"start":{"line":35,"column":37},"end":{"line":39,"column":1}},"line":35}},"branchMap":{"0":{"loc":{"start":{"line":9,"column":12},"end":{"line":9,"column":49}},"type":"binary-expr","locations":[{"start":{"line":9,"column":12},"end":{"line":9,"column":32}},{"start":{"line":9,"column":36},"end":{"line":9,"column":49}}],"line":9},"1":{"loc":{"start":{"line":20,"column":13},"end":{"line":20,"column":41}},"type":"binary-expr","locations":[{"start":{"line":20,"column":13},"end":{"line":20,"column":27}},{"start":{"line":20,"column":31},"end":{"line":20,"column":41}}],"line":20},"2":{"loc":{"start":{"line":21,"column":13},"end":{"line":21,"column":56}},"type":"cond-expr","locations":[{"start":{"line":21,"column":37},"end":{"line":21,"column":48}},{"start":{"line":21,"column":51},"end":{"line":21,"column":56}}],"line":21},"3":{"loc":{"start":{"line":28,"column":6},"end":{"line":28,"column":77}},"type":"binary-expr","locations":[{"start":{"line":28,"column":6},"end":{"line":28,"column":23}},{"start":{"line":28,"column":27},"end":{"line":28,"column":47}},{"start":{"line":28,"column":51},"end":{"line":28,"column":77}}],"line":28},"4":{"loc":{"start":{"line":36,"column":2},"end":{"line":38,"column":3}},"type":"if","locations":[{"start":{"line":36,"column":2},"end":{"line":38,"column":3}},{"start":{},"end":{}}],"line":36}},"s":{"0":1,"1":1,"2":1,"3":1,"4":1,"5":1,"6":1,"7":1,"8":1,"9":1,"10":23,"11":22,"12":22,"13":1,"14":22,"15":22,"16":1,"17":1,"18":1},"f":{"0":23,"1":22,"2":22},"b":{"0":[1,0],"1":[1,0],"2":[0,1],"3":[23,22,22],"4":[22,0]},"_coverageSchema":"1a1c01bbd47fc00a2c39e90264f33305004495a9","hash":"6cdf35d99e681b48e281793208fbf4b9fdc7185b"}
,"C:\\Users\\h_ref\\Desktop\\MnH_vf\\matchnhire-digital-backend\\models\\interview.js": {"path":"C:\\Users\\h_ref\\Desktop\\MnH_vf\\matchnhire-digital-backend\\models\\interview.js","statementMap":{"0":{"start":{"line":2,"column":18},"end":{"line":2,"column":38}},"1":{"start":{"line":4,"column":0},"end":{"line":163,"column":2}},"2":{"start":{"line":7,"column":6},"end":{"line":10,"column":9}},"3":{"start":{"line":12,"column":6},"end":{"line":15,"column":9}},"4":{"start":{"line":19,"column":2},"end":{"line":160,"column":4}},"5":{"start":{"line":138,"column":10},"end":{"line":140,"column":11}},"6":{"start":{"line":139,"column":12},"end":{"line":139,"column":73}},"7":{"start":{"line":141,"column":10},"end":{"line":145,"column":11}},"8":{"start":{"line":142,"column":28},"end":{"line":142,"column":62}},"9":{"start":{"line":143,"column":12},"end":{"line":143,"column":82}},"10":{"start":{"line":144,"column":12},"end":{"line":144,"column":44}},"11":{"start":{"line":149,"column":10},"end":{"line":156,"column":11}},"12":{"start":{"line":150,"column":12},"end":{"line":155,"column":13}},"13":{"start":{"line":151,"column":14},"end":{"line":151,"column":75}},"14":{"start":{"line":152,"column":30},"end":{"line":152,"column":64}},"15":{"start":{"line":153,"column":14},"end":{"line":153,"column":92}},"16":{"start":{"line":154,"column":14},"end":{"line":154,"column":46}},"17":{"start":{"line":162,"column":2},"end":{"line":162,"column":19}}},"fnMap":{"0":{"name":"(anonymous_0)","decl":{"start":{"line":4,"column":17},"end":{"line":4,"column":18}},"loc":{"start":{"line":4,"column":43},"end":{"line":163,"column":1}},"line":4},"1":{"name":"(anonymous_1)","decl":{"start":{"line":6,"column":4},"end":{"line":6,"column":5}},"loc":{"start":{"line":6,"column":29},"end":{"line":16,"column":5}},"line":6},"2":{"name":"(anonymous_2)","decl":{"start":{"line":136,"column":22},"end":{"line":136,"column":23}},"loc":{"start":{"line":136,"column":43},"end":{"line":146,"column":9}},"line":136},"3":{"name":"(anonymous_3)","decl":{"start":{"line":147,"column":22},"end":{"line":147,"column":23}},"loc":{"start":{"line":147,"column":43},"end":{"line":157,"column":9}},"line":147}},"branchMap":{"0":{"loc":{"start":{"line":138,"column":10},"end":{"line":140,"column":11}},"type":"if","locations":[{"start":{"line":138,"column":10},"end":{"line":140,"column":11}},{"start":{},"end":{}}],"line":138},"1":{"loc":{"start":{"line":138,"column":14},"end":{"line":138,"column":66}},"type":"binary-expr","locations":[{"start":{"line":138,"column":14},"end":{"line":138,"column":38}},{"start":{"line":138,"column":42},"end":{"line":138,"column":66}}],"line":138},"2":{"loc":{"start":{"line":141,"column":10},"end":{"line":145,"column":11}},"type":"if","locations":[{"start":{"line":141,"column":10},"end":{"line":145,"column":11}},{"start":{},"end":{}}],"line":141},"3":{"loc":{"start":{"line":141,"column":14},"end":{"line":141,"column":94}},"type":"binary-expr","locations":[{"start":{"line":141,"column":14},"end":{"line":141,"column":38}},{"start":{"line":141,"column":42},"end":{"line":141,"column":68}},{"start":{"line":141,"column":72},"end":{"line":141,"column":94}}],"line":141},"4":{"loc":{"start":{"line":149,"column":10},"end":{"line":156,"column":11}},"type":"if","locations":[{"start":{"line":149,"column":10},"end":{"line":156,"column":11}},{"start":{},"end":{}}],"line":149},"5":{"loc":{"start":{"line":149,"column":14},"end":{"line":149,"column":90}},"type":"binary-expr","locations":[{"start":{"line":149,"column":14},"end":{"line":149,"column":49}},{"start":{"line":149,"column":53},"end":{"line":149,"column":90}}],"line":149},"6":{"loc":{"start":{"line":150,"column":12},"end":{"line":155,"column":13}},"type":"if","locations":[{"start":{"line":150,"column":12},"end":{"line":155,"column":13}},{"start":{},"end":{}}],"line":150},"7":{"loc":{"start":{"line":153,"column":57},"end":{"line":153,"column":89}},"type":"binary-expr","locations":[{"start":{"line":153,"column":57},"end":{"line":153,"column":83}},{"start":{"line":153,"column":87},"end":{"line":153,"column":89}}],"line":153}},"s":{"0":1,"1":1,"2":1,"3":1,"4":1,"5":0,"6":0,"7":0,"8":0,"9":0,"10":0,"11":0,"12":0,"13":0,"14":0,"15":0,"16":0,"17":1},"f":{"0":1,"1":1,"2":0,"3":0},"b":{"0":[0,0],"1":[0,0],"2":[0,0],"3":[0,0,0],"4":[0,0],"5":[0,0],"6":[0,0],"7":[0,0]},"_coverageSchema":"1a1c01bbd47fc00a2c39e90264f33305004495a9","hash":"e807fc2d1dc63daad5b47fd439a24f135c849640"}
,"C:\\Users\\h_ref\\Desktop\\MnH_vf\\matchnhire-digital-backend\\models\\jobdescription.js": {"path":"C:\\Users\\h_ref\\Desktop\\MnH_vf\\matchnhire-digital-backend\\models\\jobdescription.js","statementMap":{"0":{"start":{"line":2,"column":18},"end":{"line":2,"column":38}},"1":{"start":{"line":3,"column":0},"end":{"line":76,"column":2}},"2":{"start":{"line":6,"column":6},"end":{"line":11,"column":9}},"3":{"start":{"line":13,"column":6},"end":{"line":18,"column":9}},"4":{"start":{"line":20,"column":6},"end":{"line":25,"column":9}},"5":{"start":{"line":27,"column":6},"end":{"line":30,"column":9}},"6":{"start":{"line":32,"column":6},"end":{"line":35,"column":9}},"7":{"start":{"line":37,"column":6},"end":{"line":40,"column":9}},"8":{"start":{"line":42,"column":6},"end":{"line":45,"column":9}},"9":{"start":{"line":46,"column":6},"end":{"line":49,"column":9}},"10":{"start":{"line":50,"column":6},"end":{"line":53,"column":9}},"11":{"start":{"line":56,"column":2},"end":{"line":74,"column":4}},"12":{"start":{"line":75,"column":2},"end":{"line":75,"column":24}}},"fnMap":{"0":{"name":"(anonymous_0)","decl":{"start":{"line":3,"column":17},"end":{"line":3,"column":18}},"loc":{"start":{"line":3,"column":43},"end":{"line":76,"column":1}},"line":3},"1":{"name":"(anonymous_1)","decl":{"start":{"line":5,"column":4},"end":{"line":5,"column":5}},"loc":{"start":{"line":5,"column":29},"end":{"line":54,"column":5}},"line":5}},"branchMap":{},"s":{"0":1,"1":1,"2":1,"3":1,"4":1,"5":1,"6":1,"7":1,"8":1,"9":1,"10":1,"11":1,"12":1},"f":{"0":1,"1":1},"b":{},"_coverageSchema":"1a1c01bbd47fc00a2c39e90264f33305004495a9","hash":"af73fdb1d6f4cc2d0fbf7e42a5aa6ec1019ac6f1"}
,"C:\\Users\\h_ref\\Desktop\\MnH_vf\\matchnhire-digital-backend\\models\\jobemployeeskillmatch.js": {"path":"C:\\Users\\h_ref\\Desktop\\MnH_vf\\matchnhire-digital-backend\\models\\jobemployeeskillmatch.js","statementMap":{"0":{"start":{"line":2,"column":18},"end":{"line":2,"column":38}},"1":{"start":{"line":4,"column":0},"end":{"line":40,"column":2}},"2":{"start":{"line":7,"column":6},"end":{"line":10,"column":9}},"3":{"start":{"line":11,"column":6},"end":{"line":14,"column":9}},"4":{"start":{"line":15,"column":6},"end":{"line":18,"column":9}},"5":{"start":{"line":22,"column":2},"end":{"line":37,"column":4}},"6":{"start":{"line":39,"column":2},"end":{"line":39,"column":31}}},"fnMap":{"0":{"name":"(anonymous_0)","decl":{"start":{"line":4,"column":17},"end":{"line":4,"column":18}},"loc":{"start":{"line":4,"column":43},"end":{"line":40,"column":1}},"line":4},"1":{"name":"(anonymous_1)","decl":{"start":{"line":6,"column":4},"end":{"line":6,"column":5}},"loc":{"start":{"line":6,"column":29},"end":{"line":19,"column":5}},"line":6}},"branchMap":{},"s":{"0":1,"1":1,"2":1,"3":1,"4":1,"5":1,"6":1},"f":{"0":1,"1":1},"b":{},"_coverageSchema":"1a1c01bbd47fc00a2c39e90264f33305004495a9","hash":"6fc7088b7a17b587631c750d9839f0ad85e5b79a"}
,"C:\\Users\\h_ref\\Desktop\\MnH_vf\\matchnhire-digital-backend\\models\\joboffer.js": {"path":"C:\\Users\\h_ref\\Desktop\\MnH_vf\\matchnhire-digital-backend\\models\\joboffer.js","statementMap":{"0":{"start":{"line":2,"column":18},"end":{"line":2,"column":38}},"1":{"start":{"line":4,"column":0},"end":{"line":151,"column":2}},"2":{"start":{"line":8,"column":6},"end":{"line":11,"column":9}},"3":{"start":{"line":14,"column":6},"end":{"line":17,"column":9}},"4":{"start":{"line":27,"column":2},"end":{"line":148,"column":4}},"5":{"start":{"line":142,"column":10},"end":{"line":144,"column":11}},"6":{"start":{"line":143,"column":12},"end":{"line":143,"column":47}},"7":{"start":{"line":150,"column":2},"end":{"line":150,"column":18}}},"fnMap":{"0":{"name":"(anonymous_0)","decl":{"start":{"line":4,"column":17},"end":{"line":4,"column":18}},"loc":{"start":{"line":4,"column":43},"end":{"line":151,"column":1}},"line":4},"1":{"name":"(anonymous_1)","decl":{"start":{"line":6,"column":4},"end":{"line":6,"column":5}},"loc":{"start":{"line":6,"column":29},"end":{"line":24,"column":5}},"line":6},"2":{"name":"(anonymous_2)","decl":{"start":{"line":140,"column":22},"end":{"line":140,"column":23}},"loc":{"start":{"line":140,"column":36},"end":{"line":145,"column":9}},"line":140}},"branchMap":{"0":{"loc":{"start":{"line":142,"column":10},"end":{"line":144,"column":11}},"type":"if","locations":[{"start":{"line":142,"column":10},"end":{"line":144,"column":11}},{"start":{},"end":{}}],"line":142},"1":{"loc":{"start":{"line":142,"column":14},"end":{"line":142,"column":101}},"type":"binary-expr","locations":[{"start":{"line":142,"column":14},"end":{"line":142,"column":40}},{"start":{"line":142,"column":44},"end":{"line":142,"column":75}},{"start":{"line":142,"column":79},"end":{"line":142,"column":101}}],"line":142}},"s":{"0":1,"1":1,"2":1,"3":1,"4":1,"5":0,"6":0,"7":1},"f":{"0":1,"1":1,"2":0},"b":{"0":[0,0],"1":[0,0,0]},"_coverageSchema":"1a1c01bbd47fc00a2c39e90264f33305004495a9","hash":"04ca2f0a250622144376841c08b7a1e01a8d0e13"}
,"C:\\Users\\h_ref\\Desktop\\MnH_vf\\matchnhire-digital-backend\\models\\jobrequiredskill.js": {"path":"C:\\Users\\h_ref\\Desktop\\MnH_vf\\matchnhire-digital-backend\\models\\jobrequiredskill.js","statementMap":{"0":{"start":{"line":2,"column":18},"end":{"line":2,"column":38}},"1":{"start":{"line":3,"column":0},"end":{"line":36,"column":2}},"2":{"start":{"line":6,"column":6},"end":{"line":8,"column":9}},"3":{"start":{"line":9,"column":6},"end":{"line":11,"column":9}},"4":{"start":{"line":12,"column":6},"end":{"line":14,"column":9}},"5":{"start":{"line":17,"column":2},"end":{"line":34,"column":4}},"6":{"start":{"line":35,"column":2},"end":{"line":35,"column":26}}},"fnMap":{"0":{"name":"(anonymous_0)","decl":{"start":{"line":3,"column":17},"end":{"line":3,"column":18}},"loc":{"start":{"line":3,"column":43},"end":{"line":36,"column":1}},"line":3},"1":{"name":"(anonymous_1)","decl":{"start":{"line":5,"column":4},"end":{"line":5,"column":5}},"loc":{"start":{"line":5,"column":29},"end":{"line":15,"column":5}},"line":5}},"branchMap":{},"s":{"0":1,"1":1,"2":1,"3":1,"4":1,"5":1,"6":1},"f":{"0":1,"1":1},"b":{},"_coverageSchema":"1a1c01bbd47fc00a2c39e90264f33305004495a9","hash":"07b72fa4a884ef67acdc1acc1c467276c466c921"}
,"C:\\Users\\h_ref\\Desktop\\MnH_vf\\matchnhire-digital-backend\\models\\mission.js": {"path":"C:\\Users\\h_ref\\Desktop\\MnH_vf\\matchnhire-digital-backend\\models\\mission.js","statementMap":{"0":{"start":{"line":2,"column":18},"end":{"line":2,"column":38}},"1":{"start":{"line":3,"column":0},"end":{"line":26,"column":2}},"2":{"start":{"line":7,"column":6},"end":{"line":12,"column":9}},"3":{"start":{"line":15,"column":2},"end":{"line":24,"column":4}},"4":{"start":{"line":25,"column":2},"end":{"line":25,"column":17}}},"fnMap":{"0":{"name":"(anonymous_0)","decl":{"start":{"line":3,"column":17},"end":{"line":3,"column":18}},"loc":{"start":{"line":3,"column":43},"end":{"line":26,"column":1}},"line":3},"1":{"name":"(anonymous_1)","decl":{"start":{"line":6,"column":4},"end":{"line":6,"column":5}},"loc":{"start":{"line":6,"column":29},"end":{"line":13,"column":5}},"line":6}},"branchMap":{},"s":{"0":1,"1":1,"2":1,"3":1,"4":1},"f":{"0":1,"1":1},"b":{},"_coverageSchema":"1a1c01bbd47fc00a2c39e90264f33305004495a9","hash":"f7787579eae693c2c85db8ce9b9a091e9e9dcc66"}
,"C:\\Users\\h_ref\\Desktop\\MnH_vf\\matchnhire-digital-backend\\models\\moyen.js": {"path":"C:\\Users\\h_ref\\Desktop\\MnH_vf\\matchnhire-digital-backend\\models\\moyen.js","statementMap":{"0":{"start":{"line":2,"column":18},"end":{"line":2,"column":38}},"1":{"start":{"line":3,"column":0},"end":{"line":30,"column":2}},"2":{"start":{"line":11,"column":6},"end":{"line":16,"column":9}},"3":{"start":{"line":19,"column":2},"end":{"line":28,"column":4}},"4":{"start":{"line":29,"column":2},"end":{"line":29,"column":15}}},"fnMap":{"0":{"name":"(anonymous_0)","decl":{"start":{"line":3,"column":17},"end":{"line":3,"column":18}},"loc":{"start":{"line":3,"column":43},"end":{"line":30,"column":1}},"line":3},"1":{"name":"(anonymous_1)","decl":{"start":{"line":10,"column":4},"end":{"line":10,"column":5}},"loc":{"start":{"line":10,"column":29},"end":{"line":17,"column":5}},"line":10}},"branchMap":{},"s":{"0":1,"1":1,"2":1,"3":1,"4":1},"f":{"0":1,"1":1},"b":{},"_coverageSchema":"1a1c01bbd47fc00a2c39e90264f33305004495a9","hash":"f5ba8ee602364baf15c2c1341cbd9d765fce63a5"}
,"C:\\Users\\h_ref\\Desktop\\MnH_vf\\matchnhire-digital-backend\\models\\role.js": {"path":"C:\\Users\\h_ref\\Desktop\\MnH_vf\\matchnhire-digital-backend\\models\\role.js","statementMap":{"0":{"start":{"line":2,"column":18},"end":{"line":2,"column":38}},"1":{"start":{"line":4,"column":0},"end":{"line":50,"column":2}},"2":{"start":{"line":8,"column":6},"end":{"line":13,"column":9}},"3":{"start":{"line":17,"column":2},"end":{"line":47,"column":4}},"4":{"start":{"line":49,"column":2},"end":{"line":49,"column":14}}},"fnMap":{"0":{"name":"(anonymous_0)","decl":{"start":{"line":4,"column":17},"end":{"line":4,"column":18}},"loc":{"start":{"line":4,"column":43},"end":{"line":50,"column":1}},"line":4},"1":{"name":"(anonymous_1)","decl":{"start":{"line":6,"column":4},"end":{"line":6,"column":5}},"loc":{"start":{"line":6,"column":29},"end":{"line":14,"column":5}},"line":6}},"branchMap":{},"s":{"0":1,"1":1,"2":1,"3":1,"4":1},"f":{"0":1,"1":1},"b":{},"_coverageSchema":"1a1c01bbd47fc00a2c39e90264f33305004495a9","hash":"af1a5165b7a59f1f531d6578ed9f2a9dab5671c4"}
,"C:\\Users\\h_ref\\Desktop\\MnH_vf\\matchnhire-digital-backend\\models\\skill.js": {"path":"C:\\Users\\h_ref\\Desktop\\MnH_vf\\matchnhire-digital-backend\\models\\skill.js","statementMap":{"0":{"start":{"line":2,"column":18},"end":{"line":2,"column":38}},"1":{"start":{"line":3,"column":0},"end":{"line":40,"column":2}},"2":{"start":{"line":6,"column":6},"end":{"line":9,"column":9}},"3":{"start":{"line":11,"column":6},"end":{"line":14,"column":9}},"4":{"start":{"line":16,"column":6},"end":{"line":19,"column":9}},"5":{"start":{"line":21,"column":6},"end":{"line":24,"column":9}},"6":{"start":{"line":27,"column":2},"end":{"line":38,"column":4}},"7":{"start":{"line":39,"column":2},"end":{"line":39,"column":15}}},"fnMap":{"0":{"name":"(anonymous_0)","decl":{"start":{"line":3,"column":17},"end":{"line":3,"column":18}},"loc":{"start":{"line":3,"column":43},"end":{"line":40,"column":1}},"line":3},"1":{"name":"(anonymous_1)","decl":{"start":{"line":5,"column":4},"end":{"line":5,"column":5}},"loc":{"start":{"line":5,"column":29},"end":{"line":25,"column":5}},"line":5}},"branchMap":{},"s":{"0":1,"1":1,"2":1,"3":1,"4":1,"5":1,"6":1,"7":1},"f":{"0":1,"1":1},"b":{},"_coverageSchema":"1a1c01bbd47fc00a2c39e90264f33305004495a9","hash":"baa3c03caa1024e8e4dd89069c5fc5a51c1cde5a"}
,"C:\\Users\\h_ref\\Desktop\\MnH_vf\\matchnhire-digital-backend\\models\\skilllevel.js": {"path":"C:\\Users\\h_ref\\Desktop\\MnH_vf\\matchnhire-digital-backend\\models\\skilllevel.js","statementMap":{"0":{"start":{"line":2,"column":18},"end":{"line":2,"column":38}},"1":{"start":{"line":3,"column":0},"end":{"line":27,"column":2}},"2":{"start":{"line":6,"column":6},"end":{"line":8,"column":9}},"3":{"start":{"line":9,"column":6},"end":{"line":11,"column":9}},"4":{"start":{"line":14,"column":2},"end":{"line":25,"column":4}},"5":{"start":{"line":26,"column":2},"end":{"line":26,"column":20}}},"fnMap":{"0":{"name":"(anonymous_0)","decl":{"start":{"line":3,"column":17},"end":{"line":3,"column":18}},"loc":{"start":{"line":3,"column":43},"end":{"line":27,"column":1}},"line":3},"1":{"name":"(anonymous_1)","decl":{"start":{"line":5,"column":4},"end":{"line":5,"column":5}},"loc":{"start":{"line":5,"column":29},"end":{"line":12,"column":5}},"line":5}},"branchMap":{},"s":{"0":1,"1":1,"2":1,"3":1,"4":1,"5":1},"f":{"0":1,"1":1},"b":{},"_coverageSchema":"1a1c01bbd47fc00a2c39e90264f33305004495a9","hash":"6cd300a309fdbfa2d500e98358ae37a579045c4e"}
,"C:\\Users\\h_ref\\Desktop\\MnH_vf\\matchnhire-digital-backend\\models\\skilltype.js": {"path":"C:\\Users\\h_ref\\Desktop\\MnH_vf\\matchnhire-digital-backend\\models\\skilltype.js","statementMap":{"0":{"start":{"line":2,"column":18},"end":{"line":2,"column":38}},"1":{"start":{"line":3,"column":0},"end":{"line":24,"column":2}},"2":{"start":{"line":6,"column":6},"end":{"line":9,"column":9}},"3":{"start":{"line":12,"column":2},"end":{"line":22,"column":4}},"4":{"start":{"line":23,"column":2},"end":{"line":23,"column":19}}},"fnMap":{"0":{"name":"(anonymous_0)","decl":{"start":{"line":3,"column":17},"end":{"line":3,"column":18}},"loc":{"start":{"line":3,"column":43},"end":{"line":24,"column":1}},"line":3},"1":{"name":"(anonymous_1)","decl":{"start":{"line":5,"column":4},"end":{"line":5,"column":5}},"loc":{"start":{"line":5,"column":29},"end":{"line":10,"column":5}},"line":5}},"branchMap":{},"s":{"0":1,"1":1,"2":1,"3":1,"4":1},"f":{"0":1,"1":1},"b":{},"_coverageSchema":"1a1c01bbd47fc00a2c39e90264f33305004495a9","hash":"2a5465c899ee88ef630d4d5e3d102ef5e44d57c1"}
,"C:\\Users\\h_ref\\Desktop\\MnH_vf\\matchnhire-digital-backend\\models\\user.js": {"path":"C:\\Users\\h_ref\\Desktop\\MnH_vf\\matchnhire-digital-backend\\models\\user.js","statementMap":{"0":{"start":{"line":2,"column":18},"end":{"line":2,"column":38}},"1":{"start":{"line":3,"column":15},"end":{"line":3,"column":34}},"2":{"start":{"line":5,"column":0},"end":{"line":219,"column":2}},"3":{"start":{"line":9,"column":6},"end":{"line":14,"column":9}},"4":{"start":{"line":17,"column":6},"end":{"line":27,"column":7}},"5":{"start":{"line":18,"column":8},"end":{"line":21,"column":11}},"6":{"start":{"line":23,"column":8},"end":{"line":26,"column":11}},"7":{"start":{"line":32,"column":6},"end":{"line":32,"column":59}},"8":{"start":{"line":37,"column":20},"end":{"line":37,"column":41}},"9":{"start":{"line":38,"column":6},"end":{"line":38,"column":74}},"10":{"start":{"line":38,"column":32},"end":{"line":38,"column":72}},"11":{"start":{"line":43,"column":20},"end":{"line":43,"column":41}},"12":{"start":{"line":44,"column":6},"end":{"line":44,"column":81}},"13":{"start":{"line":44,"column":32},"end":{"line":44,"column":79}},"14":{"start":{"line":49,"column":20},"end":{"line":49,"column":41}},"15":{"start":{"line":50,"column":6},"end":{"line":50,"column":50}},"16":{"start":{"line":50,"column":34},"end":{"line":50,"column":48}},"17":{"start":{"line":55,"column":19},"end":{"line":55,"column":73}},"18":{"start":{"line":56,"column":6},"end":{"line":56,"column":40}},"19":{"start":{"line":57,"column":6},"end":{"line":57,"column":76}},"20":{"start":{"line":58,"column":6},"end":{"line":58,"column":18}},"21":{"start":{"line":63,"column":6},"end":{"line":65,"column":7}},"22":{"start":{"line":64,"column":8},"end":{"line":64,"column":21}},"23":{"start":{"line":67,"column":6},"end":{"line":69,"column":7}},"24":{"start":{"line":68,"column":8},"end":{"line":68,"column":21}},"25":{"start":{"line":71,"column":6},"end":{"line":71,"column":49}},"26":{"start":{"line":76,"column":6},"end":{"line":76,"column":54}},"27":{"start":{"line":76,"column":42},"end":{"line":76,"column":54}},"28":{"start":{"line":77,"column":6},"end":{"line":77,"column":66}},"29":{"start":{"line":82,"column":6},"end":{"line":82,"column":77}},"30":{"start":{"line":83,"column":6},"end":{"line":83,"column":47}},"31":{"start":{"line":86,"column":6},"end":{"line":89,"column":7}},"32":{"start":{"line":88,"column":8},"end":{"line":88,"column":46}},"33":{"start":{"line":91,"column":6},"end":{"line":91,"column":24}},"34":{"start":{"line":92,"column":6},"end":{"line":92,"column":42}},"35":{"start":{"line":97,"column":21},"end":{"line":97,"column":50}},"36":{"start":{"line":98,"column":6},"end":{"line":98,"column":29}},"37":{"start":{"line":99,"column":6},"end":{"line":99,"column":39}},"38":{"start":{"line":100,"column":6},"end":{"line":100,"column":41}},"39":{"start":{"line":101,"column":6},"end":{"line":101,"column":43}},"40":{"start":{"line":102,"column":6},"end":{"line":102,"column":20}},"41":{"start":{"line":106,"column":2},"end":{"line":216,"column":4}},"42":{"start":{"line":203,"column":10},"end":{"line":206,"column":11}},"43":{"start":{"line":204,"column":25},"end":{"line":204,"column":49}},"44":{"start":{"line":205,"column":12},"end":{"line":205,"column":67}},"45":{"start":{"line":209,"column":10},"end":{"line":212,"column":11}},"46":{"start":{"line":210,"column":25},"end":{"line":210,"column":49}},"47":{"start":{"line":211,"column":12},"end":{"line":211,"column":67}},"48":{"start":{"line":218,"column":2},"end":{"line":218,"column":14}}},"fnMap":{"0":{"name":"(anonymous_0)","decl":{"start":{"line":5,"column":17},"end":{"line":5,"column":18}},"loc":{"start":{"line":5,"column":43},"end":{"line":219,"column":1}},"line":5},"1":{"name":"(anonymous_1)","decl":{"start":{"line":7,"column":4},"end":{"line":7,"column":5}},"loc":{"start":{"line":7,"column":29},"end":{"line":28,"column":5}},"line":7},"2":{"name":"(anonymous_2)","decl":{"start":{"line":31,"column":4},"end":{"line":31,"column":5}},"loc":{"start":{"line":31,"column":34},"end":{"line":33,"column":5}},"line":31},"3":{"name":"(anonymous_3)","decl":{"start":{"line":36,"column":4},"end":{"line":36,"column":5}},"loc":{"start":{"line":36,"column":28},"end":{"line":39,"column":5}},"line":36},"4":{"name":"(anonymous_4)","decl":{"start":{"line":38,"column":24},"end":{"line":38,"column":25}},"loc":{"start":{"line":38,"column":32},"end":{"line":38,"column":72}},"line":38},"5":{"name":"(anonymous_5)","decl":{"start":{"line":42,"column":4},"end":{"line":42,"column":5}},"loc":{"start":{"line":42,"column":32},"end":{"line":45,"column":5}},"line":42},"6":{"name":"(anonymous_6)","decl":{"start":{"line":44,"column":24},"end":{"line":44,"column":25}},"loc":{"start":{"line":44,"column":32},"end":{"line":44,"column":79}},"line":44},"7":{"name":"(anonymous_7)","decl":{"start":{"line":48,"column":4},"end":{"line":48,"column":5}},"loc":{"start":{"line":48,"column":27},"end":{"line":51,"column":5}},"line":48},"8":{"name":"(anonymous_8)","decl":{"start":{"line":50,"column":26},"end":{"line":50,"column":27}},"loc":{"start":{"line":50,"column":34},"end":{"line":50,"column":48}},"line":50},"9":{"name":"(anonymous_9)","decl":{"start":{"line":54,"column":4},"end":{"line":54,"column":5}},"loc":{"start":{"line":54,"column":31},"end":{"line":59,"column":5}},"line":54},"10":{"name":"(anonymous_10)","decl":{"start":{"line":62,"column":4},"end":{"line":62,"column":5}},"loc":{"start":{"line":62,"column":26},"end":{"line":72,"column":5}},"line":62},"11":{"name":"(anonymous_11)","decl":{"start":{"line":75,"column":4},"end":{"line":75,"column":5}},"loc":{"start":{"line":75,"column":32},"end":{"line":78,"column":5}},"line":75},"12":{"name":"(anonymous_12)","decl":{"start":{"line":81,"column":4},"end":{"line":81,"column":5}},"loc":{"start":{"line":81,"column":36},"end":{"line":93,"column":5}},"line":81},"13":{"name":"(anonymous_13)","decl":{"start":{"line":96,"column":4},"end":{"line":96,"column":5}},"loc":{"start":{"line":96,"column":13},"end":{"line":103,"column":5}},"line":96},"14":{"name":"(anonymous_14)","decl":{"start":{"line":202,"column":22},"end":{"line":202,"column":23}},"loc":{"start":{"line":202,"column":38},"end":{"line":207,"column":9}},"line":202},"15":{"name":"(anonymous_15)","decl":{"start":{"line":208,"column":22},"end":{"line":208,"column":23}},"loc":{"start":{"line":208,"column":38},"end":{"line":213,"column":9}},"line":208}},"branchMap":{"0":{"loc":{"start":{"line":17,"column":6},"end":{"line":27,"column":7}},"type":"if","locations":[{"start":{"line":17,"column":6},"end":{"line":27,"column":7}},{"start":{},"end":{}}],"line":17},"1":{"loc":{"start":{"line":38,"column":32},"end":{"line":38,"column":72}},"type":"binary-expr","locations":[{"start":{"line":38,"column":32},"end":{"line":38,"column":54}},{"start":{"line":38,"column":58},"end":{"line":38,"column":72}}],"line":38},"2":{"loc":{"start":{"line":44,"column":32},"end":{"line":44,"column":79}},"type":"binary-expr","locations":[{"start":{"line":44,"column":32},"end":{"line":44,"column":61}},{"start":{"line":44,"column":65},"end":{"line":44,"column":79}}],"line":44},"3":{"loc":{"start":{"line":63,"column":6},"end":{"line":65,"column":7}},"type":"if","locations":[{"start":{"line":63,"column":6},"end":{"line":65,"column":7}},{"start":{},"end":{}}],"line":63},"4":{"loc":{"start":{"line":67,"column":6},"end":{"line":69,"column":7}},"type":"if","locations":[{"start":{"line":67,"column":6},"end":{"line":69,"column":7}},{"start":{},"end":{}}],"line":67},"5":{"loc":{"start":{"line":76,"column":6},"end":{"line":76,"column":54}},"type":"if","locations":[{"start":{"line":76,"column":6},"end":{"line":76,"column":54}},{"start":{},"end":{}}],"line":76},"6":{"loc":{"start":{"line":82,"column":38},"end":{"line":82,"column":71}},"type":"binary-expr","locations":[{"start":{"line":82,"column":38},"end":{"line":82,"column":66}},{"start":{"line":82,"column":70},"end":{"line":82,"column":71}}],"line":82},"7":{"loc":{"start":{"line":86,"column":6},"end":{"line":89,"column":7}},"type":"if","locations":[{"start":{"line":86,"column":6},"end":{"line":89,"column":7}},{"start":{},"end":{}}],"line":86},"8":{"loc":{"start":{"line":86,"column":10},"end":{"line":87,"column":82}},"type":"binary-expr","locations":[{"start":{"line":86,"column":10},"end":{"line":86,"column":37}},{"start":{"line":87,"column":10},"end":{"line":87,"column":82}}],"line":86},"9":{"loc":{"start":{"line":203,"column":10},"end":{"line":206,"column":11}},"type":"if","locations":[{"start":{"line":203,"column":10},"end":{"line":206,"column":11}},{"start":{},"end":{}}],"line":203},"10":{"loc":{"start":{"line":209,"column":10},"end":{"line":212,"column":11}},"type":"if","locations":[{"start":{"line":209,"column":10},"end":{"line":212,"column":11}},{"start":{},"end":{}}],"line":209}},"s":{"0":1,"1":1,"2":1,"3":1,"4":1,"5":1,"6":1,"7":0,"8":0,"9":0,"10":0,"11":0,"12":0,"13":0,"14":0,"15":0,"16":0,"17":0,"18":0,"19":0,"20":0,"21":0,"22":0,"23":0,"24":0,"25":0,"26":0,"27":0,"28":0,"29":0,"30":0,"31":0,"32":0,"33":0,"34":0,"35":0,"36":0,"37":0,"38":0,"39":0,"40":0,"41":1,"42":0,"43":0,"44":0,"45":0,"46":0,"47":0,"48":1},"f":{"0":1,"1":1,"2":0,"3":0,"4":0,"5":0,"6":0,"7":0,"8":0,"9":0,"10":0,"11":0,"12":0,"13":0,"14":0,"15":0},"b":{"0":[1,0],"1":[0,0],"2":[0,0],"3":[0,0],"4":[0,0],"5":[0,0],"6":[0,0],"7":[0,0],"8":[0,0],"9":[0,0],"10":[0,0]},"_coverageSchema":"1a1c01bbd47fc00a2c39e90264f33305004495a9","hash":"10f109417b8d73da437191a78b1221836ebbe15d"}
,"C:\\Users\\h_ref\\Desktop\\MnH_vf\\matchnhire-digital-backend\\models\\userrole.js": {"path":"C:\\Users\\h_ref\\Desktop\\MnH_vf\\matchnhire-digital-backend\\models\\userrole.js","statementMap":{"0":{"start":{"line":2,"column":18},"end":{"line":2,"column":38}},"1":{"start":{"line":4,"column":0},"end":{"line":57,"column":2}},"2":{"start":{"line":7,"column":6},"end":{"line":10,"column":9}},"3":{"start":{"line":11,"column":6},"end":{"line":14,"column":9}},"4":{"start":{"line":18,"column":2},"end":{"line":54,"column":4}},"5":{"start":{"line":56,"column":2},"end":{"line":56,"column":18}}},"fnMap":{"0":{"name":"(anonymous_0)","decl":{"start":{"line":4,"column":17},"end":{"line":4,"column":18}},"loc":{"start":{"line":4,"column":43},"end":{"line":57,"column":1}},"line":4},"1":{"name":"(anonymous_1)","decl":{"start":{"line":6,"column":4},"end":{"line":6,"column":5}},"loc":{"start":{"line":6,"column":29},"end":{"line":15,"column":5}},"line":6}},"branchMap":{},"s":{"0":1,"1":1,"2":1,"3":1,"4":1,"5":1},"f":{"0":1,"1":1},"b":{},"_coverageSchema":"1a1c01bbd47fc00a2c39e90264f33305004495a9","hash":"ee7e392eef7d4b90adf2385784a7a0b3f46ce626"}
,"C:\\Users\\h_ref\\Desktop\\MnH_vf\\matchnhire-digital-backend\\src\\controllers\\auth.js": {"path":"C:\\Users\\h_ref\\Desktop\\MnH_vf\\matchnhire-digital-backend\\src\\controllers\\auth.js","statementMap":{"0":{"start":{"line":1,"column":0},"end":{"line":1,"column":27}},"1":{"start":{"line":2,"column":15},"end":{"line":2,"column":34}},"2":{"start":{"line":3,"column":15},"end":{"line":3,"column":32}},"3":{"start":{"line":4,"column":19},"end":{"line":4,"column":40}},"4":{"start":{"line":5,"column":11},"end":{"line":5,"column":40}},"5":{"start":{"line":6,"column":28},"end":{"line":6,"column":30}},"6":{"start":{"line":7,"column":26},"end":{"line":7,"column":55}},"7":{"start":{"line":8,"column":21},"end":{"line":8,"column":56}},"8":{"start":{"line":9,"column":24},"end":{"line":9,"column":62}},"9":{"start":{"line":12,"column":20},"end":{"line":20,"column":2}},"10":{"start":{"line":23,"column":0},"end":{"line":26,"column":3}},"11":{"start":{"line":24,"column":2},"end":{"line":25,"column":62}},"12":{"start":{"line":24,"column":11},"end":{"line":24,"column":61}},"13":{"start":{"line":25,"column":7},"end":{"line":25,"column":62}},"14":{"start":{"line":32,"column":17},"end":{"line":153,"column":1}},"15":{"start":{"line":33,"column":12},"end":{"line":33,"column":41}},"16":{"start":{"line":35,"column":2},"end":{"line":152,"column":3}},"17":{"start":{"line":36,"column":70},"end":{"line":36,"column":78}},"18":{"start":{"line":39,"column":4},"end":{"line":42,"column":5}},"19":{"start":{"line":40,"column":6},"end":{"line":40,"column":25}},"20":{"start":{"line":41,"column":6},"end":{"line":41,"column":82}},"21":{"start":{"line":44,"column":4},"end":{"line":47,"column":5}},"22":{"start":{"line":45,"column":6},"end":{"line":45,"column":25}},"23":{"start":{"line":46,"column":6},"end":{"line":46,"column":87}},"24":{"start":{"line":49,"column":4},"end":{"line":52,"column":5}},"25":{"start":{"line":50,"column":6},"end":{"line":50,"column":25}},"26":{"start":{"line":51,"column":6},"end":{"line":51,"column":100}},"27":{"start":{"line":55,"column":25},"end":{"line":55,"column":81}},"28":{"start":{"line":56,"column":4},"end":{"line":59,"column":5}},"29":{"start":{"line":57,"column":6},"end":{"line":57,"column":25}},"30":{"start":{"line":58,"column":6},"end":{"line":58,"column":90}},"31":{"start":{"line":62,"column":21},"end":{"line":62,"column":75}},"32":{"start":{"line":65,"column":29},"end":{"line":65,"column":83}},"33":{"start":{"line":66,"column":32},"end":{"line":66,"column":69}},"34":{"start":{"line":69,"column":17},"end":{"line":79,"column":26}},"35":{"start":{"line":82,"column":4},"end":{"line":94,"column":5}},"36":{"start":{"line":83,"column":6},"end":{"line":89,"column":8}},"37":{"start":{"line":90,"column":6},"end":{"line":90,"column":62}},"38":{"start":{"line":92,"column":6},"end":{"line":92,"column":67}},"39":{"start":{"line":97,"column":19},"end":{"line":97,"column":83}},"40":{"start":{"line":98,"column":4},"end":{"line":104,"column":5}},"41":{"start":{"line":99,"column":6},"end":{"line":103,"column":29}},"42":{"start":{"line":106,"column":18},"end":{"line":106,"column":40}},"43":{"start":{"line":109,"column":26},"end":{"line":118,"column":6}},"44":{"start":{"line":120,"column":22},"end":{"line":120,"column":72}},"45":{"start":{"line":120,"column":56},"end":{"line":120,"column":65}},"46":{"start":{"line":121,"column":25},"end":{"line":125,"column":5}},"47":{"start":{"line":127,"column":4},"end":{"line":127,"column":21}},"48":{"start":{"line":128,"column":4},"end":{"line":133,"column":7}},"49":{"start":{"line":136,"column":4},"end":{"line":136,"column":23}},"50":{"start":{"line":137,"column":4},"end":{"line":137,"column":48}},"51":{"start":{"line":140,"column":4},"end":{"line":145,"column":5}},"52":{"start":{"line":141,"column":6},"end":{"line":144,"column":9}},"53":{"start":{"line":143,"column":41},"end":{"line":143,"column":52}},"54":{"start":{"line":147,"column":4},"end":{"line":149,"column":5}},"55":{"start":{"line":148,"column":6},"end":{"line":148,"column":92}},"56":{"start":{"line":151,"column":4},"end":{"line":151,"column":76}},"57":{"start":{"line":156,"column":14},"end":{"line":251,"column":1}},"58":{"start":{"line":157,"column":2},"end":{"line":250,"column":3}},"59":{"start":{"line":158,"column":32},"end":{"line":158,"column":40}},"60":{"start":{"line":160,"column":4},"end":{"line":162,"column":5}},"61":{"start":{"line":161,"column":6},"end":{"line":161,"column":77}},"62":{"start":{"line":164,"column":17},"end":{"line":164,"column":57}},"63":{"start":{"line":165,"column":4},"end":{"line":165,"column":89}},"64":{"start":{"line":165,"column":15},"end":{"line":165,"column":89}},"65":{"start":{"line":167,"column":4},"end":{"line":167,"column":95}},"66":{"start":{"line":167,"column":24},"end":{"line":167,"column":95}},"67":{"start":{"line":170,"column":4},"end":{"line":176,"column":5}},"68":{"start":{"line":171,"column":28},"end":{"line":171,"column":70}},"69":{"start":{"line":172,"column":6},"end":{"line":175,"column":9}},"70":{"start":{"line":178,"column":28},"end":{"line":178,"column":62}},"71":{"start":{"line":179,"column":4},"end":{"line":197,"column":5}},"72":{"start":{"line":181,"column":21},"end":{"line":186,"column":7}},"73":{"start":{"line":188,"column":6},"end":{"line":194,"column":7}},"74":{"start":{"line":189,"column":8},"end":{"line":193,"column":11}},"75":{"start":{"line":196,"column":6},"end":{"line":196,"column":80}},"76":{"start":{"line":200,"column":24},"end":{"line":205,"column":5}},"77":{"start":{"line":208,"column":26},"end":{"line":216,"column":6}},"78":{"start":{"line":219,"column":22},"end":{"line":219,"column":104}},"79":{"start":{"line":219,"column":59},"end":{"line":219,"column":73}},"80":{"start":{"line":219,"column":88},"end":{"line":219,"column":97}},"81":{"start":{"line":220,"column":24},"end":{"line":220,"column":104}},"82":{"start":{"line":222,"column":4},"end":{"line":222,"column":59}},"83":{"start":{"line":223,"column":4},"end":{"line":223,"column":66}},"84":{"start":{"line":225,"column":25},"end":{"line":229,"column":5}},"85":{"start":{"line":231,"column":18},"end":{"line":231,"column":40}},"86":{"start":{"line":233,"column":4},"end":{"line":233,"column":81}},"87":{"start":{"line":234,"column":4},"end":{"line":239,"column":7}},"88":{"start":{"line":241,"column":4},"end":{"line":246,"column":7}},"89":{"start":{"line":248,"column":4},"end":{"line":248,"column":42}},"90":{"start":{"line":249,"column":4},"end":{"line":249,"column":67}},"91":{"start":{"line":254,"column":20},"end":{"line":327,"column":1}},"92":{"start":{"line":255,"column":12},"end":{"line":255,"column":41}},"93":{"start":{"line":257,"column":2},"end":{"line":326,"column":3}},"94":{"start":{"line":258,"column":28},"end":{"line":258,"column":36}},"95":{"start":{"line":260,"column":4},"end":{"line":263,"column":5}},"96":{"start":{"line":261,"column":6},"end":{"line":261,"column":25}},"97":{"start":{"line":262,"column":6},"end":{"line":262,"column":85}},"98":{"start":{"line":265,"column":4},"end":{"line":268,"column":5}},"99":{"start":{"line":266,"column":6},"end":{"line":266,"column":25}},"100":{"start":{"line":267,"column":6},"end":{"line":267,"column":72}},"101":{"start":{"line":270,"column":17},"end":{"line":270,"column":73}},"102":{"start":{"line":271,"column":4},"end":{"line":274,"column":5}},"103":{"start":{"line":272,"column":6},"end":{"line":272,"column":25}},"104":{"start":{"line":273,"column":6},"end":{"line":273,"column":71}},"105":{"start":{"line":276,"column":4},"end":{"line":279,"column":5}},"106":{"start":{"line":277,"column":6},"end":{"line":277,"column":25}},"107":{"start":{"line":278,"column":6},"end":{"line":278,"column":67}},"108":{"start":{"line":282,"column":4},"end":{"line":285,"column":5}},"109":{"start":{"line":283,"column":6},"end":{"line":283,"column":25}},"110":{"start":{"line":284,"column":6},"end":{"line":284,"column":88}},"111":{"start":{"line":287,"column":4},"end":{"line":290,"column":5}},"112":{"start":{"line":288,"column":6},"end":{"line":288,"column":25}},"113":{"start":{"line":289,"column":6},"end":{"line":289,"column":76}},"114":{"start":{"line":293,"column":4},"end":{"line":297,"column":27}},"115":{"start":{"line":300,"column":4},"end":{"line":302,"column":27}},"116":{"start":{"line":305,"column":4},"end":{"line":314,"column":5}},"117":{"start":{"line":306,"column":6},"end":{"line":311,"column":8}},"118":{"start":{"line":313,"column":6},"end":{"line":313,"column":68}},"119":{"start":{"line":316,"column":4},"end":{"line":316,"column":21}},"120":{"start":{"line":317,"column":4},"end":{"line":320,"column":7}},"121":{"start":{"line":323,"column":4},"end":{"line":323,"column":23}},"122":{"start":{"line":324,"column":4},"end":{"line":324,"column":55}},"123":{"start":{"line":325,"column":4},"end":{"line":325,"column":82}},"124":{"start":{"line":330,"column":31},"end":{"line":384,"column":1}},"125":{"start":{"line":331,"column":12},"end":{"line":331,"column":41}},"126":{"start":{"line":333,"column":2},"end":{"line":383,"column":3}},"127":{"start":{"line":334,"column":22},"end":{"line":334,"column":30}},"128":{"start":{"line":336,"column":4},"end":{"line":339,"column":5}},"129":{"start":{"line":337,"column":6},"end":{"line":337,"column":25}},"130":{"start":{"line":338,"column":6},"end":{"line":338,"column":61}},"131":{"start":{"line":341,"column":17},"end":{"line":341,"column":73}},"132":{"start":{"line":342,"column":4},"end":{"line":345,"column":5}},"133":{"start":{"line":343,"column":6},"end":{"line":343,"column":25}},"134":{"start":{"line":344,"column":6},"end":{"line":344,"column":71}},"135":{"start":{"line":347,"column":4},"end":{"line":350,"column":5}},"136":{"start":{"line":348,"column":6},"end":{"line":348,"column":25}},"137":{"start":{"line":349,"column":6},"end":{"line":349,"column":67}},"138":{"start":{"line":353,"column":29},"end":{"line":353,"column":83}},"139":{"start":{"line":354,"column":32},"end":{"line":354,"column":69}},"140":{"start":{"line":356,"column":4},"end":{"line":359,"column":27}},"141":{"start":{"line":362,"column":4},"end":{"line":374,"column":5}},"142":{"start":{"line":363,"column":6},"end":{"line":369,"column":8}},"143":{"start":{"line":371,"column":6},"end":{"line":371,"column":55}},"144":{"start":{"line":372,"column":6},"end":{"line":372,"column":25}},"145":{"start":{"line":373,"column":6},"end":{"line":373,"column":80}},"146":{"start":{"line":376,"column":4},"end":{"line":376,"column":21}},"147":{"start":{"line":377,"column":4},"end":{"line":377,"column":65}},"148":{"start":{"line":380,"column":4},"end":{"line":380,"column":23}},"149":{"start":{"line":381,"column":4},"end":{"line":381,"column":61}},"150":{"start":{"line":382,"column":4},"end":{"line":382,"column":69}},"151":{"start":{"line":387,"column":23},"end":{"line":429,"column":1}},"152":{"start":{"line":388,"column":12},"end":{"line":388,"column":41}},"153":{"start":{"line":390,"column":2},"end":{"line":428,"column":3}},"154":{"start":{"line":391,"column":22},"end":{"line":391,"column":30}},"155":{"start":{"line":392,"column":4},"end":{"line":392,"column":71}},"156":{"start":{"line":392,"column":16},"end":{"line":392,"column":71}},"157":{"start":{"line":394,"column":17},"end":{"line":394,"column":73}},"158":{"start":{"line":395,"column":4},"end":{"line":395,"column":109}},"159":{"start":{"line":395,"column":15},"end":{"line":395,"column":109}},"160":{"start":{"line":397,"column":23},"end":{"line":397,"column":61}},"161":{"start":{"line":398,"column":30},"end":{"line":398,"column":60}},"162":{"start":{"line":400,"column":4},"end":{"line":403,"column":27}},"163":{"start":{"line":405,"column":21},"end":{"line":405,"column":90}},"164":{"start":{"line":407,"column":4},"end":{"line":419,"column":7}},"165":{"start":{"line":421,"column":4},"end":{"line":421,"column":21}},"166":{"start":{"line":422,"column":4},"end":{"line":422,"column":91}},"167":{"start":{"line":425,"column":4},"end":{"line":425,"column":23}},"168":{"start":{"line":426,"column":4},"end":{"line":426,"column":52}},"169":{"start":{"line":427,"column":4},"end":{"line":427,"column":85}},"170":{"start":{"line":432,"column":22},"end":{"line":474,"column":1}},"171":{"start":{"line":433,"column":12},"end":{"line":433,"column":41}},"172":{"start":{"line":435,"column":2},"end":{"line":473,"column":3}},"173":{"start":{"line":436,"column":52},"end":{"line":436,"column":60}},"174":{"start":{"line":437,"column":4},"end":{"line":440,"column":5}},"175":{"start":{"line":438,"column":6},"end":{"line":438,"column":25}},"176":{"start":{"line":439,"column":6},"end":{"line":439,"column":76}},"177":{"start":{"line":442,"column":4},"end":{"line":445,"column":5}},"178":{"start":{"line":443,"column":6},"end":{"line":443,"column":25}},"179":{"start":{"line":444,"column":6},"end":{"line":444,"column":87}},"180":{"start":{"line":447,"column":4},"end":{"line":450,"column":5}},"181":{"start":{"line":448,"column":6},"end":{"line":448,"column":25}},"182":{"start":{"line":449,"column":6},"end":{"line":449,"column":100}},"183":{"start":{"line":452,"column":17},"end":{"line":458,"column":6}},"184":{"start":{"line":460,"column":4},"end":{"line":463,"column":5}},"185":{"start":{"line":461,"column":6},"end":{"line":461,"column":25}},"186":{"start":{"line":462,"column":6},"end":{"line":462,"column":73}},"187":{"start":{"line":465,"column":4},"end":{"line":465,"column":123}},"188":{"start":{"line":466,"column":4},"end":{"line":466,"column":21}},"189":{"start":{"line":468,"column":4},"end":{"line":468,"column":67}},"190":{"start":{"line":470,"column":4},"end":{"line":470,"column":23}},"191":{"start":{"line":471,"column":4},"end":{"line":471,"column":51}},"192":{"start":{"line":472,"column":4},"end":{"line":472,"column":90}},"193":{"start":{"line":477,"column":19},"end":{"line":485,"column":1}},"194":{"start":{"line":478,"column":2},"end":{"line":484,"column":3}},"195":{"start":{"line":479,"column":17},"end":{"line":479,"column":49}},"196":{"start":{"line":480,"column":4},"end":{"line":480,"column":38}},"197":{"start":{"line":482,"column":4},"end":{"line":482,"column":48}},"198":{"start":{"line":483,"column":4},"end":{"line":483,"column":80}},"199":{"start":{"line":487,"column":22},"end":{"line":536,"column":1}},"200":{"start":{"line":488,"column":12},"end":{"line":488,"column":41}},"201":{"start":{"line":490,"column":2},"end":{"line":535,"column":3}},"202":{"start":{"line":491,"column":73},"end":{"line":491,"column":81}},"203":{"start":{"line":492,"column":17},"end":{"line":492,"column":69}},"204":{"start":{"line":494,"column":4},"end":{"line":494,"column":46}},"205":{"start":{"line":494,"column":19},"end":{"line":494,"column":46}},"206":{"start":{"line":495,"column":4},"end":{"line":495,"column":43}},"207":{"start":{"line":495,"column":18},"end":{"line":495,"column":43}},"208":{"start":{"line":497,"column":4},"end":{"line":505,"column":5}},"209":{"start":{"line":498,"column":27},"end":{"line":498,"column":83}},"210":{"start":{"line":499,"column":6},"end":{"line":502,"column":7}},"211":{"start":{"line":500,"column":8},"end":{"line":500,"column":27}},"212":{"start":{"line":501,"column":8},"end":{"line":501,"column":77}},"213":{"start":{"line":503,"column":6},"end":{"line":503,"column":25}},"214":{"start":{"line":504,"column":6},"end":{"line":504,"column":33}},"215":{"start":{"line":507,"column":4},"end":{"line":525,"column":5}},"216":{"start":{"line":508,"column":6},"end":{"line":511,"column":7}},"217":{"start":{"line":509,"column":8},"end":{"line":509,"column":27}},"218":{"start":{"line":510,"column":8},"end":{"line":510,"column":77}},"219":{"start":{"line":513,"column":37},"end":{"line":513,"column":78}},"220":{"start":{"line":514,"column":6},"end":{"line":517,"column":7}},"221":{"start":{"line":515,"column":8},"end":{"line":515,"column":27}},"222":{"start":{"line":516,"column":8},"end":{"line":516,"column":80}},"223":{"start":{"line":519,"column":6},"end":{"line":522,"column":7}},"224":{"start":{"line":520,"column":8},"end":{"line":520,"column":27}},"225":{"start":{"line":521,"column":8},"end":{"line":521,"column":110}},"226":{"start":{"line":524,"column":6},"end":{"line":524,"column":34}},"227":{"start":{"line":527,"column":4},"end":{"line":527,"column":40}},"228":{"start":{"line":528,"column":4},"end":{"line":528,"column":21}},"229":{"start":{"line":530,"column":4},"end":{"line":530,"column":80}},"230":{"start":{"line":532,"column":4},"end":{"line":532,"column":23}},"231":{"start":{"line":533,"column":4},"end":{"line":533,"column":51}},"232":{"start":{"line":534,"column":4},"end":{"line":534,"column":79}},"233":{"start":{"line":539,"column":15},"end":{"line":546,"column":1}},"234":{"start":{"line":540,"column":2},"end":{"line":545,"column":3}},"235":{"start":{"line":541,"column":4},"end":{"line":541,"column":49}},"236":{"start":{"line":543,"column":4},"end":{"line":543,"column":43}},"237":{"start":{"line":544,"column":4},"end":{"line":544,"column":69}},"238":{"start":{"line":548,"column":0},"end":{"line":558,"column":2}}},"fnMap":{"0":{"name":"(anonymous_0)","decl":{"start":{"line":23,"column":19},"end":{"line":23,"column":20}},"loc":{"start":{"line":23,"column":37},"end":{"line":26,"column":1}},"line":23},"1":{"name":"(anonymous_1)","decl":{"start":{"line":32,"column":17},"end":{"line":32,"column":18}},"loc":{"start":{"line":32,"column":37},"end":{"line":153,"column":1}},"line":32},"2":{"name":"(anonymous_2)","decl":{"start":{"line":120,"column":48},"end":{"line":120,"column":49}},"loc":{"start":{"line":120,"column":56},"end":{"line":120,"column":65}},"line":120},"3":{"name":"(anonymous_3)","decl":{"start":{"line":143,"column":34},"end":{"line":143,"column":35}},"loc":{"start":{"line":143,"column":41},"end":{"line":143,"column":52}},"line":143},"4":{"name":"(anonymous_4)","decl":{"start":{"line":156,"column":14},"end":{"line":156,"column":15}},"loc":{"start":{"line":156,"column":34},"end":{"line":251,"column":1}},"line":156},"5":{"name":"(anonymous_5)","decl":{"start":{"line":219,"column":51},"end":{"line":219,"column":52}},"loc":{"start":{"line":219,"column":59},"end":{"line":219,"column":73}},"line":219},"6":{"name":"(anonymous_6)","decl":{"start":{"line":219,"column":80},"end":{"line":219,"column":81}},"loc":{"start":{"line":219,"column":88},"end":{"line":219,"column":97}},"line":219},"7":{"name":"(anonymous_7)","decl":{"start":{"line":254,"column":20},"end":{"line":254,"column":21}},"loc":{"start":{"line":254,"column":40},"end":{"line":327,"column":1}},"line":254},"8":{"name":"(anonymous_8)","decl":{"start":{"line":330,"column":31},"end":{"line":330,"column":32}},"loc":{"start":{"line":330,"column":51},"end":{"line":384,"column":1}},"line":330},"9":{"name":"(anonymous_9)","decl":{"start":{"line":387,"column":23},"end":{"line":387,"column":24}},"loc":{"start":{"line":387,"column":43},"end":{"line":429,"column":1}},"line":387},"10":{"name":"(anonymous_10)","decl":{"start":{"line":432,"column":22},"end":{"line":432,"column":23}},"loc":{"start":{"line":432,"column":42},"end":{"line":474,"column":1}},"line":432},"11":{"name":"(anonymous_11)","decl":{"start":{"line":477,"column":19},"end":{"line":477,"column":20}},"loc":{"start":{"line":477,"column":39},"end":{"line":485,"column":1}},"line":477},"12":{"name":"(anonymous_12)","decl":{"start":{"line":487,"column":22},"end":{"line":487,"column":23}},"loc":{"start":{"line":487,"column":42},"end":{"line":536,"column":1}},"line":487},"13":{"name":"(anonymous_13)","decl":{"start":{"line":539,"column":15},"end":{"line":539,"column":16}},"loc":{"start":{"line":539,"column":35},"end":{"line":546,"column":1}},"line":539}},"branchMap":{"0":{"loc":{"start":{"line":24,"column":2},"end":{"line":25,"column":62}},"type":"if","locations":[{"start":{"line":24,"column":2},"end":{"line":25,"column":62}},{"start":{"line":25,"column":7},"end":{"line":25,"column":62}}],"line":24},"1":{"loc":{"start":{"line":39,"column":4},"end":{"line":42,"column":5}},"type":"if","locations":[{"start":{"line":39,"column":4},"end":{"line":42,"column":5}},{"start":{},"end":{}}],"line":39},"2":{"loc":{"start":{"line":39,"column":8},"end":{"line":39,"column":54}},"type":"binary-expr","locations":[{"start":{"line":39,"column":8},"end":{"line":39,"column":18}},{"start":{"line":39,"column":22},"end":{"line":39,"column":31}},{"start":{"line":39,"column":35},"end":{"line":39,"column":41}},{"start":{"line":39,"column":45},"end":{"line":39,"column":54}}],"line":39},"3":{"loc":{"start":{"line":44,"column":4},"end":{"line":47,"column":5}},"type":"if","locations":[{"start":{"line":44,"column":4},"end":{"line":47,"column":5}},{"start":{},"end":{}}],"line":44},"4":{"loc":{"start":{"line":49,"column":4},"end":{"line":52,"column":5}},"type":"if","locations":[{"start":{"line":49,"column":4},"end":{"line":52,"column":5}},{"start":{},"end":{}}],"line":49},"5":{"loc":{"start":{"line":56,"column":4},"end":{"line":59,"column":5}},"type":"if","locations":[{"start":{"line":56,"column":4},"end":{"line":59,"column":5}},{"start":{},"end":{}}],"line":56},"6":{"loc":{"start":{"line":98,"column":4},"end":{"line":104,"column":5}},"type":"if","locations":[{"start":{"line":98,"column":4},"end":{"line":104,"column":5}},{"start":{},"end":{}}],"line":98},"7":{"loc":{"start":{"line":120,"column":22},"end":{"line":120,"column":72}},"type":"binary-expr","locations":[{"start":{"line":120,"column":22},"end":{"line":120,"column":66}},{"start":{"line":120,"column":70},"end":{"line":120,"column":72}}],"line":120},"8":{"loc":{"start":{"line":123,"column":12},"end":{"line":123,"column":56}},"type":"cond-expr","locations":[{"start":{"line":123,"column":42},"end":{"line":123,"column":49}},{"start":{"line":123,"column":52},"end":{"line":123,"column":56}}],"line":123},"9":{"loc":{"start":{"line":140,"column":4},"end":{"line":145,"column":5}},"type":"if","locations":[{"start":{"line":140,"column":4},"end":{"line":145,"column":5}},{"start":{},"end":{}}],"line":140},"10":{"loc":{"start":{"line":147,"column":4},"end":{"line":149,"column":5}},"type":"if","locations":[{"start":{"line":147,"column":4},"end":{"line":149,"column":5}},{"start":{},"end":{}}],"line":147},"11":{"loc":{"start":{"line":160,"column":4},"end":{"line":162,"column":5}},"type":"if","locations":[{"start":{"line":160,"column":4},"end":{"line":162,"column":5}},{"start":{},"end":{}}],"line":160},"12":{"loc":{"start":{"line":160,"column":8},"end":{"line":160,"column":27}},"type":"binary-expr","locations":[{"start":{"line":160,"column":8},"end":{"line":160,"column":14}},{"start":{"line":160,"column":18},"end":{"line":160,"column":27}}],"line":160},"13":{"loc":{"start":{"line":165,"column":4},"end":{"line":165,"column":89}},"type":"if","locations":[{"start":{"line":165,"column":4},"end":{"line":165,"column":89}},{"start":{},"end":{}}],"line":165},"14":{"loc":{"start":{"line":167,"column":4},"end":{"line":167,"column":95}},"type":"if","locations":[{"start":{"line":167,"column":4},"end":{"line":167,"column":95}},{"start":{},"end":{}}],"line":167},"15":{"loc":{"start":{"line":170,"column":4},"end":{"line":176,"column":5}},"type":"if","locations":[{"start":{"line":170,"column":4},"end":{"line":176,"column":5}},{"start":{},"end":{}}],"line":170},"16":{"loc":{"start":{"line":179,"column":4},"end":{"line":197,"column":5}},"type":"if","locations":[{"start":{"line":179,"column":4},"end":{"line":197,"column":5}},{"start":{},"end":{}}],"line":179},"17":{"loc":{"start":{"line":183,"column":8},"end":{"line":183,"column":46}},"type":"binary-expr","locations":[{"start":{"line":183,"column":8},"end":{"line":183,"column":14}},{"start":{"line":183,"column":18},"end":{"line":183,"column":46}}],"line":183},"18":{"loc":{"start":{"line":188,"column":6},"end":{"line":194,"column":7}},"type":"if","locations":[{"start":{"line":188,"column":6},"end":{"line":194,"column":7}},{"start":{},"end":{}}],"line":188},"19":{"loc":{"start":{"line":202,"column":6},"end":{"line":202,"column":44}},"type":"binary-expr","locations":[{"start":{"line":202,"column":6},"end":{"line":202,"column":12}},{"start":{"line":202,"column":16},"end":{"line":202,"column":44}}],"line":202},"20":{"loc":{"start":{"line":219,"column":22},"end":{"line":219,"column":104}},"type":"binary-expr","locations":[{"start":{"line":219,"column":22},"end":{"line":219,"column":98}},{"start":{"line":219,"column":102},"end":{"line":219,"column":104}}],"line":219},"21":{"loc":{"start":{"line":220,"column":24},"end":{"line":220,"column":104}},"type":"cond-expr","locations":[{"start":{"line":220,"column":54},"end":{"line":220,"column":61}},{"start":{"line":220,"column":64},"end":{"line":220,"column":104}}],"line":220},"22":{"loc":{"start":{"line":220,"column":64},"end":{"line":220,"column":104}},"type":"cond-expr","locations":[{"start":{"line":220,"column":91},"end":{"line":220,"column":95}},{"start":{"line":220,"column":98},"end":{"line":220,"column":104}}],"line":220},"23":{"loc":{"start":{"line":260,"column":4},"end":{"line":263,"column":5}},"type":"if","locations":[{"start":{"line":260,"column":4},"end":{"line":263,"column":5}},{"start":{},"end":{}}],"line":260},"24":{"loc":{"start":{"line":260,"column":8},"end":{"line":260,"column":23}},"type":"binary-expr","locations":[{"start":{"line":260,"column":8},"end":{"line":260,"column":14}},{"start":{"line":260,"column":18},"end":{"line":260,"column":23}}],"line":260},"25":{"loc":{"start":{"line":265,"column":4},"end":{"line":268,"column":5}},"type":"if","locations":[{"start":{"line":265,"column":4},"end":{"line":268,"column":5}},{"start":{},"end":{}}],"line":265},"26":{"loc":{"start":{"line":271,"column":4},"end":{"line":274,"column":5}},"type":"if","locations":[{"start":{"line":271,"column":4},"end":{"line":274,"column":5}},{"start":{},"end":{}}],"line":271},"27":{"loc":{"start":{"line":276,"column":4},"end":{"line":279,"column":5}},"type":"if","locations":[{"start":{"line":276,"column":4},"end":{"line":279,"column":5}},{"start":{},"end":{}}],"line":276},"28":{"loc":{"start":{"line":282,"column":4},"end":{"line":285,"column":5}},"type":"if","locations":[{"start":{"line":282,"column":4},"end":{"line":285,"column":5}},{"start":{},"end":{}}],"line":282},"29":{"loc":{"start":{"line":287,"column":4},"end":{"line":290,"column":5}},"type":"if","locations":[{"start":{"line":287,"column":4},"end":{"line":290,"column":5}},{"start":{},"end":{}}],"line":287},"30":{"loc":{"start":{"line":336,"column":4},"end":{"line":339,"column":5}},"type":"if","locations":[{"start":{"line":336,"column":4},"end":{"line":339,"column":5}},{"start":{},"end":{}}],"line":336},"31":{"loc":{"start":{"line":342,"column":4},"end":{"line":345,"column":5}},"type":"if","locations":[{"start":{"line":342,"column":4},"end":{"line":345,"column":5}},{"start":{},"end":{}}],"line":342},"32":{"loc":{"start":{"line":347,"column":4},"end":{"line":350,"column":5}},"type":"if","locations":[{"start":{"line":347,"column":4},"end":{"line":350,"column":5}},{"start":{},"end":{}}],"line":347},"33":{"loc":{"start":{"line":392,"column":4},"end":{"line":392,"column":71}},"type":"if","locations":[{"start":{"line":392,"column":4},"end":{"line":392,"column":71}},{"start":{},"end":{}}],"line":392},"34":{"loc":{"start":{"line":395,"column":4},"end":{"line":395,"column":109}},"type":"if","locations":[{"start":{"line":395,"column":4},"end":{"line":395,"column":109}},{"start":{},"end":{}}],"line":395},"35":{"loc":{"start":{"line":437,"column":4},"end":{"line":440,"column":5}},"type":"if","locations":[{"start":{"line":437,"column":4},"end":{"line":440,"column":5}},{"start":{},"end":{}}],"line":437},"36":{"loc":{"start":{"line":437,"column":8},"end":{"line":437,"column":50}},"type":"binary-expr","locations":[{"start":{"line":437,"column":8},"end":{"line":437,"column":14}},{"start":{"line":437,"column":18},"end":{"line":437,"column":30}},{"start":{"line":437,"column":34},"end":{"line":437,"column":50}}],"line":437},"37":{"loc":{"start":{"line":442,"column":4},"end":{"line":445,"column":5}},"type":"if","locations":[{"start":{"line":442,"column":4},"end":{"line":445,"column":5}},{"start":{},"end":{}}],"line":442},"38":{"loc":{"start":{"line":447,"column":4},"end":{"line":450,"column":5}},"type":"if","locations":[{"start":{"line":447,"column":4},"end":{"line":450,"column":5}},{"start":{},"end":{}}],"line":447},"39":{"loc":{"start":{"line":460,"column":4},"end":{"line":463,"column":5}},"type":"if","locations":[{"start":{"line":460,"column":4},"end":{"line":463,"column":5}},{"start":{},"end":{}}],"line":460},"40":{"loc":{"start":{"line":494,"column":4},"end":{"line":494,"column":46}},"type":"if","locations":[{"start":{"line":494,"column":4},"end":{"line":494,"column":46}},{"start":{},"end":{}}],"line":494},"41":{"loc":{"start":{"line":495,"column":4},"end":{"line":495,"column":43}},"type":"if","locations":[{"start":{"line":495,"column":4},"end":{"line":495,"column":43}},{"start":{},"end":{}}],"line":495},"42":{"loc":{"start":{"line":497,"column":4},"end":{"line":505,"column":5}},"type":"if","locations":[{"start":{"line":497,"column":4},"end":{"line":505,"column":5}},{"star
[...]
":2},"end":{"line":12,"column":3}},"loc":{"start":{"line":12,"column":73},"end":{"line":67,"column":3}},"line":12},"2":{"name":"(anonymous_2)","decl":{"start":{"line":70,"column":2},"end":{"line":70,"column":3}},"loc":{"start":{"line":70,"column":56},"end":{"line":89,"column":3}},"line":70},"3":{"name":"(anonymous_3)","decl":{"start":{"line":92,"column":2},"end":{"line":92,"column":3}},"loc":{"start":{"line":92,"column":66},"end":{"line":111,"column":3}},"line":92},"4":{"name":"(anonymous_4)","decl":{"start":{"line":114,"column":2},"end":{"line":114,"column":3}},"loc":{"start":{"line":114,"column":61},"end":{"line":130,"column":3}},"line":114},"5":{"name":"(anonymous_5)","decl":{"start":{"line":133,"column":2},"end":{"line":133,"column":3}},"loc":{"start":{"line":133,"column":63},"end":{"line":149,"column":3}},"line":133},"6":{"name":"(anonymous_6)","decl":{"start":{"line":152,"column":2},"end":{"line":152,"column":3}},"loc":{"start":{"line":152,"column":28},"end":{"line":163,"column":3}},"line":152},"7":{"name":"(anonymous_7)","decl":{"start":{"line":166,"column":2},"end":{"line":166,"column":3}},"loc":{"start":{"line":166,"column":37},"end":{"line":183,"column":3}},"line":166},"8":{"name":"(anonymous_8)","decl":{"start":{"line":186,"column":2},"end":{"line":186,"column":3}},"loc":{"start":{"line":186,"column":24},"end":{"line":188,"column":3}},"line":186},"9":{"name":"(anonymous_9)","decl":{"start":{"line":191,"column":2},"end":{"line":191,"column":3}},"loc":{"start":{"line":191,"column":29},"end":{"line":199,"column":3}},"line":191},"10":{"name":"(anonymous_10)","decl":{"start":{"line":202,"column":2},"end":{"line":202,"column":3}},"loc":{"start":{"line":202,"column":29},"end":{"line":204,"column":3}},"line":202},"11":{"name":"(anonymous_11)","decl":{"start":{"line":207,"column":2},"end":{"line":207,"column":3}},"loc":{"start":{"line":207,"column":32},"end":{"line":209,"column":3}},"line":207}},"branchMap":{"0":{"loc":{"start":{"line":12,"column":56},"end":{"line":12,"column":71}},"type":"default-arg","locations":[{"start":{"line":12,"column":66},"end":{"line":12,"column":71}}],"line":12},"1":{"loc":{"start":{"line":15,"column":12},"end":{"line":15,"column":76}},"type":"cond-expr","locations":[{"start":{"line":15,"column":22},"end":{"line":15,"column":41}},{"start":{"line":15,"column":44},"end":{"line":15,"column":76}}],"line":15},"2":{"loc":{"start":{"line":17,"column":17},"end":{"line":17,"column":46}},"type":"binary-expr","locations":[{"start":{"line":17,"column":17},"end":{"line":17,"column":26}},{"start":{"line":17,"column":30},"end":{"line":17,"column":46}}],"line":17},"3":{"loc":{"start":{"line":19,"column":20},"end":{"line":19,"column":44}},"type":"binary-expr","locations":[{"start":{"line":19,"column":20},"end":{"line":19,"column":39}},{"start":{"line":19,"column":43},"end":{"line":19,"column":44}}],"line":19},"4":{"loc":{"start":{"line":23,"column":4},"end":{"line":66,"column":5}},"type":"if","locations":[{"start":{"line":23,"column":4},"end":{"line":66,"column":5}},{"start":{"line":46,"column":11},"end":{"line":66,"column":5}}],"line":23},"5":{"loc":{"start":{"line":25,"column":24},"end":{"line":25,"column":48}},"type":"binary-expr","locations":[{"start":{"line":25,"column":24},"end":{"line":25,"column":43}},{"start":{"line":25,"column":47},"end":{"line":25,"column":48}}],"line":25},"6":{"loc":{"start":{"line":32,"column":6},"end":{"line":37,"column":7}},"type":"if","locations":[{"start":{"line":32,"column":6},"end":{"line":37,"column":7}},{"start":{},"end":{}}],"line":32},"7":{"loc":{"start":{"line":40,"column":6},"end":{"line":42,"column":7}},"type":"if","locations":[{"start":{"line":40,"column":6},"end":{"line":42,"column":7}},{"start":{},"end":{}}],"line":40},"8":{"loc":{"start":{"line":61,"column":6},"end":{"line":63,"column":7}},"type":"if","locations":[{"start":{"line":61,"column":6},"end":{"line":63,"column":7}},{"start":{},"end":{}}],"line":61},"9":{"loc":{"start":{"line":75,"column":37},"end":{"line":77,"column":96}},"type":"binary-expr","locations":[{"start":{"line":75,"column":37},"end":{"line":75,"column":67}},{"start":{"line":76,"column":9},"end":{"line":76,"column":36}},{"start":{"line":77,"column":9},"end":{"line":77,"column":95}}],"line":75},"10":{"loc":{"start":{"line":79,"column":6},"end":{"line":82,"column":7}},"type":"if","locations":[{"start":{"line":79,"column":6},"end":{"line":82,"column":7}},{"start":{},"end":{}}],"line":79},"11":{"loc":{"start":{"line":94,"column":23},"end":{"line":94,"column":83}},"type":"cond-expr","locations":[{"start":{"line":94,"column":63},"end":{"line":94,"column":74}},{"start":{"line":94,"column":77},"end":{"line":94,"column":83}}],"line":94},"12":{"loc":{"start":{"line":102,"column":24},"end":{"line":102,"column":48}},"type":"binary-expr","locations":[{"start":{"line":102,"column":24},"end":{"line":102,"column":43}},{"start":{"line":102,"column":47},"end":{"line":102,"column":48}}],"line":102},"13":{"loc":{"start":{"line":116,"column":23},"end":{"line":116,"column":83}},"type":"cond-expr","locations":[{"start":{"line":116,"column":63},"end":{"line":116,"column":74}},{"start":{"line":116,"column":77},"end":{"line":116,"column":83}}],"line":116},"14":{"loc":{"start":{"line":135,"column":23},"end":{"line":135,"column":83}},"type":"cond-expr","locations":[{"start":{"line":135,"column":63},"end":{"line":135,"column":74}},{"start":{"line":135,"column":77},"end":{"line":135,"column":83}}],"line":135},"15":{"loc":{"start":{"line":153,"column":4},"end":{"line":153,"column":48}},"type":"if","locations":[{"start":{"line":153,"column":4},"end":{"line":153,"column":48}},{"start":{},"end":{}}],"line":153},"16":{"loc":{"start":{"line":156,"column":4},"end":{"line":156,"column":61}},"type":"if","locations":[{"start":{"line":156,"column":4},"end":{"line":156,"column":61}},{"start":{},"end":{}}],"line":156},"17":{"loc":{"start":{"line":157,"column":4},"end":{"line":157,"column":64}},"type":"if","locations":[{"start":{"line":157,"column":4},"end":{"line":157,"column":64}},{"start":{},"end":{}}],"line":157},"18":{"loc":{"start":{"line":158,"column":4},"end":{"line":158,"column":87}},"type":"if","locations":[{"start":{"line":158,"column":4},"end":{"line":158,"column":87}},{"start":{},"end":{}}],"line":158},"19":{"loc":{"start":{"line":158,"column":8},"end":{"line":158,"column":69}},"type":"binary-expr","locations":[{"start":{"line":158,"column":8},"end":{"line":158,"column":36}},{"start":{"line":158,"column":40},"end":{"line":158,"column":69}}],"line":158},"20":{"loc":{"start":{"line":159,"column":4},"end":{"line":159,"column":60}},"type":"if","locations":[{"start":{"line":159,"column":4},"end":{"line":159,"column":60}},{"start":{},"end":{}}],"line":159},"21":{"loc":{"start":{"line":160,"column":4},"end":{"line":160,"column":52}},"type":"if","locations":[{"start":{"line":160,"column":4},"end":{"line":160,"column":52}},{"start":{},"end":{}}],"line":160},"22":{"loc":{"start":{"line":167,"column":4},"end":{"line":169,"column":5}},"type":"if","locations":[{"start":{"line":167,"column":4},"end":{"line":169,"column":5}},{"start":{},"end":{}}],"line":167},"23":{"loc":{"start":{"line":167,"column":8},"end":{"line":167,"column":73}},"type":"binary-expr","locations":[{"start":{"line":167,"column":8},"end":{"line":167,"column":18}},{"start":{"line":167,"column":22},"end":{"line":167,"column":41}},{"start":{"line":167,"column":45},"end":{"line":167,"column":73}}],"line":167},"24":{"loc":{"start":{"line":187,"column":11},"end":{"line":187,"column":72}},"type":"binary-expr","locations":[{"start":{"line":187,"column":11},"end":{"line":187,"column":28}},{"start":{"line":187,"column":32},"end":{"line":187,"column":72}}],"line":187},"25":{"loc":{"start":{"line":192,"column":4},"end":{"line":192,"column":46}},"type":"if","locations":[{"start":{"line":192,"column":4},"end":{"line":192,"column":46}},{"start":{},"end":{}}],"line":192}},"s":{"0":3,"1":3,"2":3,"3":3,"4":3,"5":6,"6":6,"7":6,"8":4,"9":4,"10":4,"11":2,"12":2,"13":4,"14":3,"15":4,"16":4,"17":2,"18":2,"19":2,"20":1,"21":2,"22":5,"23":5,"24":5,"25":5,"26":4,"27":4,"28":5,"29":5,"30":0,"31":4,"32":4,"33":4,"34":4,"35":0,"36":2,"37":2,"38":2,"39":2,"40":0,"41":1,"42":1,"43":1,"44":1,"45":0,"46":12,"47":1,"48":11,"49":7,"50":4,"51":1,"52":3,"53":1,"54":2,"55":1,"56":1,"57":0,"58":1,"59":9,"60":2,"61":7,"62":7,"63":5,"64":2,"65":1,"66":1,"67":1,"68":1,"69":1,"70":3,"71":7,"72":3},"f":{"0":3,"1":6,"2":5,"3":4,"4":2,"5":1,"6":12,"7":9,"8":5,"9":2,"10":3,"11":7},"b":{"0":[0],"1":[2,4],"2":[6,0],"3":[6,3],"4":[4,2],"5":[4,1],"6":[2,2],"7":[3,1],"8":[1,1],"9":[5,1,1],"10":[4,1],"11":[0,4],"12":[4,1],"13":[0,2],"14":[0,1],"15":[1,11],"16":[7,4],"17":[1,3],"18":[1,2],"19":[3,1],"20":[1,1],"21":[0,1],"22":[2,7],"23":[9,9,8],"24":[5,3],"25":[1,1]},"_coverageSchema":"1a1c01bbd47fc00a2c39e90264f33305004495a9","hash":"03c8bcc2ec9e551f46226db2d1c33b256dbc57d7"}
,"C:\\Users\\h_ref\\Desktop\\MnH_vf\\matchnhire-digital-backend\\test\\testUtils.js": {"path":"C:\\Users\\h_ref\\Desktop\\MnH_vf\\matchnhire-digital-backend\\test\\testUtils.js","statementMap":{"0":{"start":{"line":3,"column":4},"end":{"line":25,"column":6}},"1":{"start":{"line":13,"column":29},"end":{"line":19,"column":7}},"2":{"start":{"line":23,"column":45},"end":{"line":23,"column":46}},"3":{"start":{"line":29,"column":4},"end":{"line":37,"column":6}},"4":{"start":{"line":41,"column":4},"end":{"line":48,"column":6}},"5":{"start":{"line":52,"column":4},"end":{"line":59,"column":6}},"6":{"start":{"line":63,"column":4},"end":{"line":63,"column":59}},"7":{"start":{"line":63,"column":34},"end":{"line":63,"column":57}},"8":{"start":{"line":67,"column":4},"end":{"line":67,"column":84}},"9":{"start":{"line":71,"column":4},"end":{"line":71,"column":66}},"10":{"start":{"line":75,"column":0},"end":{"line":75,"column":27}}},"fnMap":{"0":{"name":"(anonymous_0)","decl":{"start":{"line":2,"column":2},"end":{"line":2,"column":3}},"loc":{"start":{"line":2,"column":40},"end":{"line":26,"column":3}},"line":2},"1":{"name":"(anonymous_1)","decl":{"start":{"line":13,"column":22},"end":{"line":13,"column":23}},"loc":{"start":{"line":13,"column":29},"end":{"line":19,"column":7}},"line":13},"2":{"name":"(anonymous_2)","decl":{"start":{"line":23,"column":39},"end":{"line":23,"column":40}},"loc":{"start":{"line":23,"column":45},"end":{"line":23,"column":46}},"line":23},"3":{"name":"(anonymous_3)","decl":{"start":{"line":28,"column":2},"end":{"line":28,"column":3}},"loc":{"start":{"line":28,"column":44},"end":{"line":38,"column":3}},"line":28},"4":{"name":"(anonymous_4)","decl":{"start":{"line":40,"column":2},"end":{"line":40,"column":3}},"loc":{"start":{"line":40,"column":39},"end":{"line":49,"column":3}},"line":40},"5":{"name":"(anonymous_5)","decl":{"start":{"line":51,"column":2},"end":{"line":51,"column":3}},"loc":{"start":{"line":51,"column":41},"end":{"line":60,"column":3}},"line":51},"6":{"name":"(anonymous_6)","decl":{"start":{"line":62,"column":2},"end":{"line":62,"column":3}},"loc":{"start":{"line":62,"column":36},"end":{"line":64,"column":3}},"line":62},"7":{"name":"(anonymous_7)","decl":{"start":{"line":63,"column":23},"end":{"line":63,"column":24}},"loc":{"start":{"line":63,"column":34},"end":{"line":63,"column":57}},"line":63},"8":{"name":"(anonymous_8)","decl":{"start":{"line":66,"column":2},"end":{"line":66,"column":3}},"loc":{"start":{"line":66,"column":31},"end":{"line":68,"column":3}},"line":66},"9":{"name":"(anonymous_9)","decl":{"start":{"line":70,"column":2},"end":{"line":70,"column":3}},"loc":{"start":{"line":70,"column":36},"end":{"line":72,"column":3}},"line":70}},"branchMap":{"0":{"loc":{"start":{"line":2,"column":24},"end":{"line":2,"column":38}},"type":"default-arg","locations":[{"start":{"line":2,"column":36},"end":{"line":2,"column":38}}],"line":2},"1":{"loc":{"start":{"line":28,"column":28},"end":{"line":28,"column":42}},"type":"default-arg","locations":[{"start":{"line":28,"column":40},"end":{"line":28,"column":42}}],"line":28},"2":{"loc":{"start":{"line":40,"column":23},"end":{"line":40,"column":37}},"type":"default-arg","locations":[{"start":{"line":40,"column":35},"end":{"line":40,"column":37}}],"line":40},"3":{"loc":{"start":{"line":51,"column":25},"end":{"line":51,"column":39}},"type":"default-arg","locations":[{"start":{"line":51,"column":37},"end":{"line":51,"column":39}}],"line":51},"4":{"loc":{"start":{"line":62,"column":28},"end":{"line":62,"column":34}},"type":"default-arg","locations":[{"start":{"line":62,"column":33},"end":{"line":62,"column":34}}],"line":62}},"s":{"0":2,"1":0,"2":0,"3":2,"4":1,"5":1,"6":2,"7":2,"8":2,"9":2,"10":1},"f":{"0":2,"1":0,"2":0,"3":2,"4":1,"5":1,"6":2,"7":2,"8":2,"9":2},"b":{"0":[1],"1":[1],"2":[1],"3":[1],"4":[0]},"_coverageSchema":"1a1c01bbd47fc00a2c39e90264f33305004495a9","hash":"54e4f2963ee961f509955606562ffafea2656049"}
,"C:\\Users\\h_ref\\Desktop\\MnH_vf\\matchnhire-digital-backend\\test\\mocks\\index.js": {"path":"C:\\Users\\h_ref\\Desktop\\MnH_vf\\matchnhire-digital-backend\\test\\mocks\\index.js","statementMap":{"0":{"start":{"line":1,"column":22},"end":{"line":28,"column":1}},"1":{"start":{"line":2,"column":30},"end":{"line":5,"column":3}},"2":{"start":{"line":31,"column":29},"end":{"line":45,"column":1}},"3":{"start":{"line":32,"column":2},"end":{"line":32,"column":23}},"4":{"start":{"line":32,"column":12},"end":{"line":32,"column":23}},"5":{"start":{"line":33,"column":18},"end":{"line":33,"column":49}},"6":{"start":{"line":35,"column":2},"end":{"line":35,"column":24}},"7":{"start":{"line":36,"column":2},"end":{"line":36,"column":25}},"8":{"start":{"line":37,"column":2},"end":{"line":37,"column":22}},"9":{"start":{"line":38,"column":2},"end":{"line":38,"column":24}},"10":{"start":{"line":39,"column":2},"end":{"line":39,"column":31}},"11":{"start":{"line":40,"column":2},"end":{"line":40,"column":41}},"12":{"start":{"line":41,"column":2},"end":{"line":41,"column":27}},"13":{"start":{"line":42,"column":2},"end":{"line":42,"column":26}},"14":{"start":{"line":43,"column":2},"end":{"line":43,"column":26}},"15":{"start":{"line":44,"column":2},"end":{"line":44,"column":17}},"16":{"start":{"line":47,"column":17},"end":{"line":79,"column":1}},"17":{"start":{"line":61,"column":24},"end":{"line":69,"column":4}},"18":{"start":{"line":73,"column":41},"end":{"line":73,"column":42}},"19":{"start":{"line":74,"column":42},"end":{"line":74,"column":50}},"20":{"start":{"line":76,"column":43},"end":{"line":76,"column":48}},"21":{"start":{"line":78,"column":26},"end":{"line":78,"column":28}},"22":{"start":{"line":81,"column":22},"end":{"line":102,"column":1}},"23":{"start":{"line":90,"column":24},"end":{"line":97,"column":4}},"24":{"start":{"line":101,"column":41},"end":{"line":101,"column":42}},"25":{"start":{"line":104,"column":21},"end":{"line":125,"column":1}},"26":{"start":{"line":113,"column":24},"end":{"line":121,"column":4}},"27":{"start":{"line":127,"column":27},"end":{"line":157,"column":1}},"28":{"start":{"line":137,"column":24},"end":{"line":144,"column":4}},"29":{"start":{"line":154,"column":29},"end":{"line":154,"column":31}},"30":{"start":{"line":155,"column":27},"end":{"line":155,"column":29}},"31":{"start":{"line":156,"column":35},"end":{"line":156,"column":37}},"32":{"start":{"line":159,"column":21},"end":{"line":179,"column":1}},"33":{"start":{"line":168,"column":24},"end":{"line":174,"column":4}},"34":{"start":{"line":181,"column":24},"end":{"line":199,"column":1}},"35":{"start":{"line":189,"column":24},"end":{"line":196,"column":4}},"36":{"start":{"line":201,"column":15},"end":{"line":220,"column":1}},"37":{"start":{"line":209,"column":24},"end":{"line":217,"column":4}},"38":{"start":{"line":222,"column":18},"end":{"line":237,"column":1}},"39":{"start":{"line":228,"column":24},"end":{"line":234,"column":4}},"40":{"start":{"line":239,"column":15},"end":{"line":413,"column":1}},"41":{"start":{"line":415,"column":0},"end":{"line":427,"column":2}}},"fnMap":{"0":{"name":"(anonymous_0)","decl":{"start":{"line":2,"column":23},"end":{"line":2,"column":24}},"loc":{"start":{"line":2,"column":30},"end":{"line":5,"column":3}},"line":2},"1":{"name":"(anonymous_1)","decl":{"start":{"line":31,"column":29},"end":{"line":31,"column":30}},"loc":{"start":{"line":31,"column":38},"end":{"line":45,"column":1}},"line":31},"2":{"name":"(anonymous_2)","decl":{"start":{"line":61,"column":18},"end":{"line":61,"column":19}},"loc":{"start":{"line":61,"column":24},"end":{"line":69,"column":4}},"line":61},"3":{"name":"(anonymous_3)","decl":{"start":{"line":73,"column":35},"end":{"line":73,"column":36}},"loc":{"start":{"line":73,"column":41},"end":{"line":73,"column":42}},"line":73},"4":{"name":"(anonymous_4)","decl":{"start":{"line":74,"column":36},"end":{"line":74,"column":37}},"loc":{"start":{"line":74,"column":42},"end":{"line":74,"column":50}},"line":74},"5":{"name":"(anonymous_5)","decl":{"start":{"line":76,"column":37},"end":{"line":76,"column":38}},"loc":{"start":{"line":76,"column":43},"end":{"line":76,"column":48}},"line":76},"6":{"name":"(anonymous_6)","decl":{"start":{"line":78,"column":20},"end":{"line":78,"column":21}},"loc":{"start":{"line":78,"column":26},"end":{"line":78,"column":28}},"line":78},"7":{"name":"(anonymous_7)","decl":{"start":{"line":90,"column":18},"end":{"line":90,"column":19}},"loc":{"start":{"line":90,"column":24},"end":{"line":97,"column":4}},"line":90},"8":{"name":"(anonymous_8)","decl":{"start":{"line":101,"column":35},"end":{"line":101,"column":36}},"loc":{"start":{"line":101,"column":41},"end":{"line":101,"column":42}},"line":101},"9":{"name":"(anonymous_9)","decl":{"start":{"line":113,"column":18},"end":{"line":113,"column":19}},"loc":{"start":{"line":113,"column":24},"end":{"line":121,"column":4}},"line":113},"10":{"name":"(anonymous_10)","decl":{"start":{"line":137,"column":18},"end":{"line":137,"column":19}},"loc":{"start":{"line":137,"column":24},"end":{"line":144,"column":4}},"line":137},"11":{"name":"(anonymous_11)","decl":{"start":{"line":154,"column":23},"end":{"line":154,"column":24}},"loc":{"start":{"line":154,"column":29},"end":{"line":154,"column":31}},"line":154},"12":{"name":"(anonymous_12)","decl":{"start":{"line":155,"column":21},"end":{"line":155,"column":22}},"loc":{"start":{"line":155,"column":27},"end":{"line":155,"column":29}},"line":155},"13":{"name":"(anonymous_13)","decl":{"start":{"line":156,"column":29},"end":{"line":156,"column":30}},"loc":{"start":{"line":156,"column":35},"end":{"line":156,"column":37}},"line":156},"14":{"name":"(anonymous_14)","decl":{"start":{"line":168,"column":18},"end":{"line":168,"column":19}},"loc":{"start":{"line":168,"column":24},"end":{"line":174,"column":4}},"line":168},"15":{"name":"(anonymous_15)","decl":{"start":{"line":189,"column":18},"end":{"line":189,"column":19}},"loc":{"start":{"line":189,"column":24},"end":{"line":196,"column":4}},"line":189},"16":{"name":"(anonymous_16)","decl":{"start":{"line":209,"column":18},"end":{"line":209,"column":19}},"loc":{"start":{"line":209,"column":24},"end":{"line":217,"column":4}},"line":209},"17":{"name":"(anonymous_17)","decl":{"start":{"line":228,"column":18},"end":{"line":228,"column":19}},"loc":{"start":{"line":228,"column":24},"end":{"line":234,"column":4}},"line":228}},"branchMap":{"0":{"loc":{"start":{"line":32,"column":2},"end":{"line":32,"column":23}},"type":"if","locations":[{"start":{"line":32,"column":2},"end":{"line":32,"column":23}},{"start":{},"end":{}}],"line":32}},"s":{"0":8,"1":0,"2":8,"3":33,"4":0,"5":33,"6":33,"7":33,"8":33,"9":33,"10":33,"11":33,"12":33,"13":33,"14":33,"15":33,"16":8,"17":4,"18":0,"19":0,"20":0,"21":0,"22":8,"23":2,"24":0,"25":8,"26":0,"27":8,"28":6,"29":2,"30":2,"31":2,"32":8,"33":21,"34":8,"35":0,"36":8,"37":0,"38":8,"39":0,"40":8,"41":8},"f":{"0":0,"1":33,"2":4,"3":0,"4":0,"5":0,"6":0,"7":2,"8":0,"9":0,"10":6,"11":2,"12":2,"13":2,"14":21,"15":0,"16":0,"17":0},"b":{"0":[0,33]},"_coverageSchema":"1a1c01bbd47fc00a2c39e90264f33305004495a9","hash":"6bda7ea13f9015c65ee6cc3a6c35d2f4b71cdb87"}
}
