{"C:\\Users\\h_ref\\Desktop\\MnH_vf\\matchnhire-digital-backend\\models\\aireproximite.js": {"path":"C:\\Users\\h_ref\\Desktop\\MnH_vf\\matchnhire-digital-backend\\models\\aireproximite.js","statementMap":{"0":{"start":{"line":2,"column":18},"end":{"line":2,"column":38}},"1":{"start":{"line":3,"column":0},"end":{"line":26,"column":2}},"2":{"start":{"line":6,"column":6},"end":{"line":11,"column":9}},"3":{"start":{"line":14,"column":2},"end":{"line":24,"column":4}},"4":{"start":{"line":25,"column":2},"end":{"line":25,"column":23}}},"fnMap":{"0":{"name":"(anonymous_0)","decl":{"start":{"line":3,"column":17},"end":{"line":3,"column":18}},"loc":{"start":{"line":3,"column":43},"end":{"line":26,"column":1}},"line":3},"1":{"name":"(anonymous_1)","decl":{"start":{"line":5,"column":4},"end":{"line":5,"column":5}},"loc":{"start":{"line":5,"column":29},"end":{"line":12,"column":5}},"line":5}},"branchMap":{},"s":{"0":0,"1":0,"2":0,"3":0,"4":0},"f":{"0":0,"1":0},"b":{}}
,"C:\\Users\\h_ref\\Desktop\\MnH_vf\\matchnhire-digital-backend\\models\\application.js": {"path":"C:\\Users\\h_ref\\Desktop\\MnH_vf\\matchnhire-digital-backend\\models\\application.js","statementMap":{"0":{"start":{"line":2,"column":18},"end":{"line":2,"column":38}},"1":{"start":{"line":4,"column":0},"end":{"line":121,"column":2}},"2":{"start":{"line":7,"column":6},"end":{"line":10,"column":9}},"3":{"start":{"line":12,"column":6},"end":{"line":15,"column":9}},"4":{"start":{"line":17,"column":6},"end":{"line":20,"column":9}},"5":{"start":{"line":24,"column":2},"end":{"line":118,"column":4}},"6":{"start":{"line":93,"column":27},"end":{"line":95,"column":12}},"7":{"start":{"line":97,"column":10},"end":{"line":101,"column":11}},"8":{"start":{"line":98,"column":12},"end":{"line":100,"column":15}},"9":{"start":{"line":106,"column":27},"end":{"line":108,"column":12}},"10":{"start":{"line":110,"column":10},"end":{"line":114,"column":11}},"11":{"start":{"line":111,"column":12},"end":{"line":113,"column":15}},"12":{"start":{"line":120,"column":2},"end":{"line":120,"column":21}}},"fnMap":{"0":{"name":"(anonymous_0)","decl":{"start":{"line":4,"column":17},"end":{"line":4,"column":18}},"loc":{"start":{"line":4,"column":43},"end":{"line":121,"column":1}},"line":4},"1":{"name":"(anonymous_1)","decl":{"start":{"line":6,"column":4},"end":{"line":6,"column":5}},"loc":{"start":{"line":6,"column":29},"end":{"line":21,"column":5}},"line":6},"2":{"name":"(anonymous_2)","decl":{"start":{"line":91,"column":21},"end":{"line":91,"column":22}},"loc":{"start":{"line":91,"column":53},"end":{"line":102,"column":9}},"line":91},"3":{"name":"(anonymous_3)","decl":{"start":{"line":104,"column":22},"end":{"line":104,"column":23}},"loc":{"start":{"line":104,"column":54},"end":{"line":115,"column":9}},"line":104}},"branchMap":{"0":{"loc":{"start":{"line":97,"column":10},"end":{"line":101,"column":11}},"type":"if","locations":[{"start":{"line":97,"column":10},"end":{"line":101,"column":11}},{"start":{},"end":{}}],"line":97},"1":{"loc":{"start":{"line":110,"column":10},"end":{"line":114,"column":11}},"type":"if","locations":[{"start":{"line":110,"column":10},"end":{"line":114,"column":11}},{"start":{},"end":{}}],"line":110},"2":{"loc":{"start":{"line":110,"column":14},"end":{"line":110,"column":57}},"type":"binary-expr","locations":[{"start":{"line":110,"column":14},"end":{"line":110,"column":22}},{"start":{"line":110,"column":26},"end":{"line":110,"column":57}}],"line":110}},"s":{"0":0,"1":0,"2":0,"3":0,"4":0,"5":0,"6":0,"7":0,"8":0,"9":0,"10":0,"11":0,"12":0},"f":{"0":0,"1":0,"2":0,"3":0},"b":{"0":[0,0],"1":[0,0],"2":[0,0]}}
,"C:\\Users\\h_ref\\Desktop\\MnH_vf\\matchnhire-digital-backend\\models\\auditlog.js": {"path":"C:\\Users\\h_ref\\Desktop\\MnH_vf\\matchnhire-digital-backend\\models\\auditlog.js","statementMap":{"0":{"start":{"line":2,"column":18},"end":{"line":2,"column":38}},"1":{"start":{"line":4,"column":0},"end":{"line":73,"column":2}},"2":{"start":{"line":7,"column":6},"end":{"line":10,"column":9}},"3":{"start":{"line":11,"column":6},"end":{"line":14,"column":9}},"4":{"start":{"line":18,"column":2},"end":{"line":70,"column":4}},"5":{"start":{"line":72,"column":2},"end":{"line":72,"column":18}}},"fnMap":{"0":{"name":"(anonymous_0)","decl":{"start":{"line":4,"column":17},"end":{"line":4,"column":18}},"loc":{"start":{"line":4,"column":43},"end":{"line":73,"column":1}},"line":4},"1":{"name":"(anonymous_1)","decl":{"start":{"line":6,"column":4},"end":{"line":6,"column":5}},"loc":{"start":{"line":6,"column":29},"end":{"line":15,"column":5}},"line":6}},"branchMap":{},"s":{"0":0,"1":0,"2":0,"3":0,"4":0,"5":0},"f":{"0":0,"1":0},"b":{}}
,"C:\\Users\\h_ref\\Desktop\\MnH_vf\\matchnhire-digital-backend\\models\\candidate.js": {"path":"C:\\Users\\h_ref\\Desktop\\MnH_vf\\matchnhire-digital-backend\\models\\candidate.js","statementMap":{"0":{"start":{"line":2,"column":18},"end":{"line":2,"column":38}},"1":{"start":{"line":3,"column":15},"end":{"line":3,"column":34}},"2":{"start":{"line":5,"column":0},"end":{"line":203,"column":2}},"3":{"start":{"line":9,"column":6},"end":{"line":12,"column":9}},"4":{"start":{"line":15,"column":6},"end":{"line":18,"column":9}},"5":{"start":{"line":21,"column":6},"end":{"line":24,"column":9}},"6":{"start":{"line":27,"column":6},"end":{"line":30,"column":9}},"7":{"start":{"line":35,"column":6},"end":{"line":35,"column":59}},"8":{"start":{"line":40,"column":19},"end":{"line":40,"column":73}},"9":{"start":{"line":41,"column":6},"end":{"line":41,"column":40}},"10":{"start":{"line":42,"column":6},"end":{"line":42,"column":76}},"11":{"start":{"line":43,"column":6},"end":{"line":43,"column":18}},"12":{"start":{"line":48,"column":6},"end":{"line":50,"column":7}},"13":{"start":{"line":49,"column":8},"end":{"line":49,"column":21}},"14":{"start":{"line":52,"column":6},"end":{"line":54,"column":7}},"15":{"start":{"line":53,"column":8},"end":{"line":53,"column":21}},"16":{"start":{"line":56,"column":6},"end":{"line":56,"column":49}},"17":{"start":{"line":61,"column":6},"end":{"line":61,"column":54}},"18":{"start":{"line":61,"column":42},"end":{"line":61,"column":54}},"19":{"start":{"line":62,"column":6},"end":{"line":62,"column":66}},"20":{"start":{"line":67,"column":6},"end":{"line":67,"column":77}},"21":{"start":{"line":68,"column":6},"end":{"line":68,"column":47}},"22":{"start":{"line":71,"column":6},"end":{"line":74,"column":7}},"23":{"start":{"line":73,"column":8},"end":{"line":73,"column":46}},"24":{"start":{"line":76,"column":6},"end":{"line":76,"column":24}},"25":{"start":{"line":77,"column":6},"end":{"line":77,"column":42}},"26":{"start":{"line":82,"column":21},"end":{"line":82,"column":50}},"27":{"start":{"line":83,"column":6},"end":{"line":83,"column":29}},"28":{"start":{"line":84,"column":6},"end":{"line":84,"column":39}},"29":{"start":{"line":85,"column":6},"end":{"line":85,"column":41}},"30":{"start":{"line":86,"column":6},"end":{"line":86,"column":43}},"31":{"start":{"line":87,"column":6},"end":{"line":87,"column":20}},"32":{"start":{"line":91,"column":2},"end":{"line":200,"column":4}},"33":{"start":{"line":187,"column":10},"end":{"line":190,"column":11}},"34":{"start":{"line":188,"column":25},"end":{"line":188,"column":49}},"35":{"start":{"line":189,"column":12},"end":{"line":189,"column":77}},"36":{"start":{"line":193,"column":10},"end":{"line":196,"column":11}},"37":{"start":{"line":194,"column":25},"end":{"line":194,"column":49}},"38":{"start":{"line":195,"column":12},"end":{"line":195,"column":77}},"39":{"start":{"line":202,"column":2},"end":{"line":202,"column":19}}},"fnMap":{"0":{"name":"(anonymous_0)","decl":{"start":{"line":5,"column":17},"end":{"line":5,"column":18}},"loc":{"start":{"line":5,"column":43},"end":{"line":203,"column":1}},"line":5},"1":{"name":"(anonymous_1)","decl":{"start":{"line":7,"column":4},"end":{"line":7,"column":5}},"loc":{"start":{"line":7,"column":29},"end":{"line":31,"column":5}},"line":7},"2":{"name":"(anonymous_2)","decl":{"start":{"line":34,"column":4},"end":{"line":34,"column":5}},"loc":{"start":{"line":34,"column":34},"end":{"line":36,"column":5}},"line":34},"3":{"name":"(anonymous_3)","decl":{"start":{"line":39,"column":4},"end":{"line":39,"column":5}},"loc":{"start":{"line":39,"column":31},"end":{"line":44,"column":5}},"line":39},"4":{"name":"(anonymous_4)","decl":{"start":{"line":47,"column":4},"end":{"line":47,"column":5}},"loc":{"start":{"line":47,"column":26},"end":{"line":57,"column":5}},"line":47},"5":{"name":"(anonymous_5)","decl":{"start":{"line":60,"column":4},"end":{"line":60,"column":5}},"loc":{"start":{"line":60,"column":32},"end":{"line":63,"column":5}},"line":60},"6":{"name":"(anonymous_6)","decl":{"start":{"line":66,"column":4},"end":{"line":66,"column":5}},"loc":{"start":{"line":66,"column":36},"end":{"line":78,"column":5}},"line":66},"7":{"name":"(anonymous_7)","decl":{"start":{"line":81,"column":4},"end":{"line":81,"column":5}},"loc":{"start":{"line":81,"column":13},"end":{"line":88,"column":5}},"line":81},"8":{"name":"(anonymous_8)","decl":{"start":{"line":186,"column":22},"end":{"line":186,"column":23}},"loc":{"start":{"line":186,"column":43},"end":{"line":191,"column":9}},"line":186},"9":{"name":"(anonymous_9)","decl":{"start":{"line":192,"column":22},"end":{"line":192,"column":23}},"loc":{"start":{"line":192,"column":43},"end":{"line":197,"column":9}},"line":192}},"branchMap":{"0":{"loc":{"start":{"line":48,"column":6},"end":{"line":50,"column":7}},"type":"if","locations":[{"start":{"line":48,"column":6},"end":{"line":50,"column":7}},{"start":{},"end":{}}],"line":48},"1":{"loc":{"start":{"line":52,"column":6},"end":{"line":54,"column":7}},"type":"if","locations":[{"start":{"line":52,"column":6},"end":{"line":54,"column":7}},{"start":{},"end":{}}],"line":52},"2":{"loc":{"start":{"line":61,"column":6},"end":{"line":61,"column":54}},"type":"if","locations":[{"start":{"line":61,"column":6},"end":{"line":61,"column":54}},{"start":{},"end":{}}],"line":61},"3":{"loc":{"start":{"line":67,"column":38},"end":{"line":67,"column":71}},"type":"binary-expr","locations":[{"start":{"line":67,"column":38},"end":{"line":67,"column":66}},{"start":{"line":67,"column":70},"end":{"line":67,"column":71}}],"line":67},"4":{"loc":{"start":{"line":71,"column":6},"end":{"line":74,"column":7}},"type":"if","locations":[{"start":{"line":71,"column":6},"end":{"line":74,"column":7}},{"start":{},"end":{}}],"line":71},"5":{"loc":{"start":{"line":71,"column":10},"end":{"line":72,"column":82}},"type":"binary-expr","locations":[{"start":{"line":71,"column":10},"end":{"line":71,"column":37}},{"start":{"line":72,"column":10},"end":{"line":72,"column":82}}],"line":71},"6":{"loc":{"start":{"line":187,"column":10},"end":{"line":190,"column":11}},"type":"if","locations":[{"start":{"line":187,"column":10},"end":{"line":190,"column":11}},{"start":{},"end":{}}],"line":187},"7":{"loc":{"start":{"line":193,"column":10},"end":{"line":196,"column":11}},"type":"if","locations":[{"start":{"line":193,"column":10},"end":{"line":196,"column":11}},{"start":{},"end":{}}],"line":193}},"s":{"0":0,"1":0,"2":0,"3":0,"4":0,"5":0,"6":0,"7":0,"8":0,"9":0,"10":0,"11":0,"12":0,"13":0,"14":0,"15":0,"16":0,"17":0,"18":0,"19":0,"20":0,"21":0,"22":0,"23":0,"24":0,"25":0,"26":0,"27":0,"28":0,"29":0,"30":0,"31":0,"32":0,"33":0,"34":0,"35":0,"36":0,"37":0,"38":0,"39":0},"f":{"0":0,"1":0,"2":0,"3":0,"4":0,"5":0,"6":0,"7":0,"8":0,"9":0},"b":{"0":[0,0],"1":[0,0],"2":[0,0],"3":[0,0],"4":[0,0],"5":[0,0],"6":[0,0],"7":[0,0]}}
,"C:\\Users\\h_ref\\Desktop\\MnH_vf\\matchnhire-digital-backend\\models\\candidatecv.js": {"path":"C:\\Users\\h_ref\\Desktop\\MnH_vf\\matchnhire-digital-backend\\models\\candidatecv.js","statementMap":{"0":{"start":{"line":2,"column":18},"end":{"line":2,"column":38}},"1":{"start":{"line":4,"column":0},"end":{"line":90,"column":2}},"2":{"start":{"line":7,"column":6},"end":{"line":10,"column":9}},"3":{"start":{"line":12,"column":6},"end":{"line":15,"column":9}},"4":{"start":{"line":19,"column":2},"end":{"line":87,"column":4}},"5":{"start":{"line":61,"column":30},"end":{"line":64,"column":12}},"6":{"start":{"line":66,"column":10},"end":{"line":68,"column":11}},"7":{"start":{"line":67,"column":12},"end":{"line":67,"column":33}},"8":{"start":{"line":72,"column":10},"end":{"line":83,"column":11}},"9":{"start":{"line":73,"column":12},"end":{"line":82,"column":14}},"10":{"start":{"line":89,"column":2},"end":{"line":89,"column":21}}},"fnMap":{"0":{"name":"(anonymous_0)","decl":{"start":{"line":4,"column":17},"end":{"line":4,"column":18}},"loc":{"start":{"line":4,"column":43},"end":{"line":90,"column":1}},"line":4},"1":{"name":"(anonymous_1)","decl":{"start":{"line":6,"column":4},"end":{"line":6,"column":5}},"loc":{"start":{"line":6,"column":29},"end":{"line":16,"column":5}},"line":6},"2":{"name":"(anonymous_2)","decl":{"start":{"line":59,"column":22},"end":{"line":59,"column":23}},"loc":{"start":{"line":59,"column":45},"end":{"line":69,"column":9}},"line":59},"3":{"name":"(anonymous_3)","decl":{"start":{"line":70,"column":21},"end":{"line":70,"column":22}},"loc":{"start":{"line":70,"column":44},"end":{"line":84,"column":9}},"line":70}},"branchMap":{"0":{"loc":{"start":{"line":66,"column":10},"end":{"line":68,"column":11}},"type":"if","locations":[{"start":{"line":66,"column":10},"end":{"line":68,"column":11}},{"start":{},"end":{}}],"line":66},"1":{"loc":{"start":{"line":72,"column":10},"end":{"line":83,"column":11}},"type":"if","locations":[{"start":{"line":72,"column":10},"end":{"line":83,"column":11}},{"start":{},"end":{}}],"line":72}},"s":{"0":0,"1":0,"2":0,"3":0,"4":0,"5":0,"6":0,"7":0,"8":0,"9":0,"10":0},"f":{"0":0,"1":0,"2":0,"3":0},"b":{"0":[0,0],"1":[0,0]}}
,"C:\\Users\\h_ref\\Desktop\\MnH_vf\\matchnhire-digital-backend\\models\\candidatefavorite.js": {"path":"C:\\Users\\h_ref\\Desktop\\MnH_vf\\matchnhire-digital-backend\\models\\candidatefavorite.js","statementMap":{"0":{"start":{"line":2,"column":18},"end":{"line":2,"column":38}},"1":{"start":{"line":4,"column":0},"end":{"line":52,"column":2}},"2":{"start":{"line":7,"column":6},"end":{"line":10,"column":9}},"3":{"start":{"line":12,"column":6},"end":{"line":15,"column":9}},"4":{"start":{"line":19,"column":2},"end":{"line":49,"column":4}},"5":{"start":{"line":51,"column":2},"end":{"line":51,"column":27}}},"fnMap":{"0":{"name":"(anonymous_0)","decl":{"start":{"line":4,"column":17},"end":{"line":4,"column":18}},"loc":{"start":{"line":4,"column":43},"end":{"line":52,"column":1}},"line":4},"1":{"name":"(anonymous_1)","decl":{"start":{"line":6,"column":4},"end":{"line":6,"column":5}},"loc":{"start":{"line":6,"column":29},"end":{"line":16,"column":5}},"line":6}},"branchMap":{},"s":{"0":0,"1":0,"2":0,"3":0,"4":0,"5":0},"f":{"0":0,"1":0},"b":{}}
,"C:\\Users\\h_ref\\Desktop\\MnH_vf\\matchnhire-digital-backend\\models\\candidateskill.js": {"path":"C:\\Users\\h_ref\\Desktop\\MnH_vf\\matchnhire-digital-backend\\models\\candidateskill.js","statementMap":{"0":{"start":{"line":2,"column":18},"end":{"line":2,"column":38}},"1":{"start":{"line":4,"column":0},"end":{"line":77,"column":2}},"2":{"start":{"line":7,"column":6},"end":{"line":10,"column":9}},"3":{"start":{"line":12,"column":6},"end":{"line":15,"column":9}},"4":{"start":{"line":17,"column":6},"end":{"line":20,"column":9}},"5":{"start":{"line":24,"column":2},"end":{"line":74,"column":4}},"6":{"start":{"line":76,"column":2},"end":{"line":76,"column":24}}},"fnMap":{"0":{"name":"(anonymous_0)","decl":{"start":{"line":4,"column":17},"end":{"line":4,"column":18}},"loc":{"start":{"line":4,"column":43},"end":{"line":77,"column":1}},"line":4},"1":{"name":"(anonymous_1)","decl":{"start":{"line":6,"column":4},"end":{"line":6,"column":5}},"loc":{"start":{"line":6,"column":29},"end":{"line":21,"column":5}},"line":6}},"branchMap":{},"s":{"0":0,"1":0,"2":0,"3":0,"4":0,"5":0,"6":0},"f":{"0":0,"1":0},"b":{}}
,"C:\\Users\\h_ref\\Desktop\\MnH_vf\\matchnhire-digital-backend\\models\\employee.js": {"path":"C:\\Users\\h_ref\\Desktop\\MnH_vf\\matchnhire-digital-backend\\models\\employee.js","statementMap":{"0":{"start":{"line":2,"column":18},"end":{"line":2,"column":38}},"1":{"start":{"line":4,"column":0},"end":{"line":39,"column":2}},"2":{"start":{"line":7,"column":6},"end":{"line":10,"column":9}},"3":{"start":{"line":11,"column":6},"end":{"line":14,"column":9}},"4":{"start":{"line":18,"column":2},"end":{"line":36,"column":4}},"5":{"start":{"line":38,"column":2},"end":{"line":38,"column":18}}},"fnMap":{"0":{"name":"(anonymous_0)","decl":{"start":{"line":4,"column":17},"end":{"line":4,"column":18}},"loc":{"start":{"line":4,"column":43},"end":{"line":39,"column":1}},"line":4},"1":{"name":"(anonymous_1)","decl":{"start":{"line":6,"column":4},"end":{"line":6,"column":5}},"loc":{"start":{"line":6,"column":29},"end":{"line":15,"column":5}},"line":6}},"branchMap":{},"s":{"0":0,"1":0,"2":0,"3":0,"4":0,"5":0},"f":{"0":0,"1":0},"b":{}}
,"C:\\Users\\h_ref\\Desktop\\MnH_vf\\matchnhire-digital-backend\\models\\employeeskill.js": {"path":"C:\\Users\\h_ref\\Desktop\\MnH_vf\\matchnhire-digital-backend\\models\\employeeskill.js","statementMap":{"0":{"start":{"line":2,"column":18},"end":{"line":2,"column":38}},"1":{"start":{"line":3,"column":0},"end":{"line":42,"column":2}},"2":{"start":{"line":6,"column":6},"end":{"line":9,"column":9}},"3":{"start":{"line":10,"column":6},"end":{"line":13,"column":9}},"4":{"start":{"line":14,"column":6},"end":{"line":17,"column":9}},"5":{"start":{"line":20,"column":2},"end":{"line":40,"column":4}},"6":{"start":{"line":41,"column":2},"end":{"line":41,"column":23}}},"fnMap":{"0":{"name":"(anonymous_0)","decl":{"start":{"line":3,"column":17},"end":{"line":3,"column":18}},"loc":{"start":{"line":3,"column":43},"end":{"line":42,"column":1}},"line":3},"1":{"name":"(anonymous_1)","decl":{"start":{"line":5,"column":4},"end":{"line":5,"column":5}},"loc":{"start":{"line":5,"column":29},"end":{"line":18,"column":5}},"line":5}},"branchMap":{},"s":{"0":0,"1":0,"2":0,"3":0,"4":0,"5":0,"6":0},"f":{"0":0,"1":0},"b":{}}
,"C:\\Users\\h_ref\\Desktop\\MnH_vf\\matchnhire-digital-backend\\models\\index.js": {"path":"C:\\Users\\h_ref\\Desktop\\MnH_vf\\matchnhire-digital-backend\\models\\index.js","statementMap":{"0":{"start":{"line":3,"column":0},"end":{"line":3,"column":27}},"1":{"start":{"line":4,"column":11},"end":{"line":4,"column":24}},"2":{"start":{"line":5,"column":13},"end":{"line":5,"column":28}},"3":{"start":{"line":6,"column":33},"end":{"line":6,"column":53}},"4":{"start":{"line":8,"column":17},"end":{"line":8,"column":42}},"5":{"start":{"line":9,"column":12},"end":{"line":9,"column":49}},"6":{"start":{"line":10,"column":15},"end":{"line":10,"column":50}},"7":{"start":{"line":12,"column":11},"end":{"line":12,"column":13}},"8":{"start":{"line":14,"column":18},"end":{"line":23,"column":1}},"9":{"start":{"line":25,"column":0},"end":{"line":33,"column":5}},"10":{"start":{"line":28,"column":6},"end":{"line":28,"column":77}},"11":{"start":{"line":31,"column":18},"end":{"line":31,"column":75}},"12":{"start":{"line":32,"column":4},"end":{"line":32,"column":27}},"13":{"start":{"line":35,"column":0},"end":{"line":39,"column":3}},"14":{"start":{"line":36,"column":2},"end":{"line":38,"column":3}},"15":{"start":{"line":37,"column":4},"end":{"line":37,"column":24}},"16":{"start":{"line":40,"column":0},"end":{"line":40,"column":25}},"17":{"start":{"line":41,"column":0},"end":{"line":41,"column":25}},"18":{"start":{"line":43,"column":0},"end":{"line":43,"column":20}}},"fnMap":{"0":{"name":"(anonymous_0)","decl":{"start":{"line":27,"column":4},"end":{"line":27,"column":5}},"loc":{"start":{"line":28,"column":6},"end":{"line":28,"column":77}},"line":28},"1":{"name":"(anonymous_1)","decl":{"start":{"line":30,"column":11},"end":{"line":30,"column":12}},"loc":{"start":{"line":30,"column":21},"end":{"line":33,"column":3}},"line":30},"2":{"name":"(anonymous_2)","decl":{"start":{"line":35,"column":26},"end":{"line":35,"column":27}},"loc":{"start":{"line":35,"column":37},"end":{"line":39,"column":1}},"line":35}},"branchMap":{"0":{"loc":{"start":{"line":9,"column":12},"end":{"line":9,"column":49}},"type":"binary-expr","locations":[{"start":{"line":9,"column":12},"end":{"line":9,"column":32}},{"start":{"line":9,"column":36},"end":{"line":9,"column":49}}],"line":9},"1":{"loc":{"start":{"line":20,"column":13},"end":{"line":20,"column":41}},"type":"binary-expr","locations":[{"start":{"line":20,"column":13},"end":{"line":20,"column":27}},{"start":{"line":20,"column":31},"end":{"line":20,"column":41}}],"line":20},"2":{"loc":{"start":{"line":21,"column":13},"end":{"line":21,"column":56}},"type":"cond-expr","locations":[{"start":{"line":21,"column":37},"end":{"line":21,"column":48}},{"start":{"line":21,"column":51},"end":{"line":21,"column":56}}],"line":21},"3":{"loc":{"start":{"line":28,"column":6},"end":{"line":28,"column":77}},"type":"binary-expr","locations":[{"start":{"line":28,"column":6},"end":{"line":28,"column":23}},{"start":{"line":28,"column":27},"end":{"line":28,"column":47}},{"start":{"line":28,"column":51},"end":{"line":28,"column":77}}],"line":28},"4":{"loc":{"start":{"line":36,"column":2},"end":{"line":38,"column":3}},"type":"if","locations":[{"start":{"line":36,"column":2},"end":{"line":38,"column":3}},{"start":{},"end":{}}],"line":36}},"s":{"0":0,"1":0,"2":0,"3":0,"4":0,"5":0,"6":0,"7":0,"8":0,"9":0,"10":0,"11":0,"12":0,"13":0,"14":0,"15":0,"16":0,"17":0,"18":0},"f":{"0":0,"1":0,"2":0},"b":{"0":[0,0],"1":[0,0],"2":[0,0],"3":[0,0,0],"4":[0,0]}}
,"C:\\Users\\h_ref\\Desktop\\MnH_vf\\matchnhire-digital-backend\\models\\interview.js": {"path":"C:\\Users\\h_ref\\Desktop\\MnH_vf\\matchnhire-digital-backend\\models\\interview.js","statementMap":{"0":{"start":{"line":2,"column":18},"end":{"line":2,"column":38}},"1":{"start":{"line":4,"column":0},"end":{"line":163,"column":2}},"2":{"start":{"line":7,"column":6},"end":{"line":10,"column":9}},"3":{"start":{"line":12,"column":6},"end":{"line":15,"column":9}},"4":{"start":{"line":19,"column":2},"end":{"line":160,"column":4}},"5":{"start":{"line":138,"column":10},"end":{"line":140,"column":11}},"6":{"start":{"line":139,"column":12},"end":{"line":139,"column":73}},"7":{"start":{"line":141,"column":10},"end":{"line":145,"column":11}},"8":{"start":{"line":142,"column":28},"end":{"line":142,"column":62}},"9":{"start":{"line":143,"column":12},"end":{"line":143,"column":82}},"10":{"start":{"line":144,"column":12},"end":{"line":144,"column":44}},"11":{"start":{"line":149,"column":10},"end":{"line":156,"column":11}},"12":{"start":{"line":150,"column":12},"end":{"line":155,"column":13}},"13":{"start":{"line":151,"column":14},"end":{"line":151,"column":75}},"14":{"start":{"line":152,"column":30},"end":{"line":152,"column":64}},"15":{"start":{"line":153,"column":14},"end":{"line":153,"column":92}},"16":{"start":{"line":154,"column":14},"end":{"line":154,"column":46}},"17":{"start":{"line":162,"column":2},"end":{"line":162,"column":19}}},"fnMap":{"0":{"name":"(anonymous_0)","decl":{"start":{"line":4,"column":17},"end":{"line":4,"column":18}},"loc":{"start":{"line":4,"column":43},"end":{"line":163,"column":1}},"line":4},"1":{"name":"(anonymous_1)","decl":{"start":{"line":6,"column":4},"end":{"line":6,"column":5}},"loc":{"start":{"line":6,"column":29},"end":{"line":16,"column":5}},"line":6},"2":{"name":"(anonymous_2)","decl":{"start":{"line":136,"column":22},"end":{"line":136,"column":23}},"loc":{"start":{"line":136,"column":43},"end":{"line":146,"column":9}},"line":136},"3":{"name":"(anonymous_3)","decl":{"start":{"line":147,"column":22},"end":{"line":147,"column":23}},"loc":{"start":{"line":147,"column":43},"end":{"line":157,"column":9}},"line":147}},"branchMap":{"0":{"loc":{"start":{"line":138,"column":10},"end":{"line":140,"column":11}},"type":"if","locations":[{"start":{"line":138,"column":10},"end":{"line":140,"column":11}},{"start":{},"end":{}}],"line":138},"1":{"loc":{"start":{"line":138,"column":14},"end":{"line":138,"column":66}},"type":"binary-expr","locations":[{"start":{"line":138,"column":14},"end":{"line":138,"column":38}},{"start":{"line":138,"column":42},"end":{"line":138,"column":66}}],"line":138},"2":{"loc":{"start":{"line":141,"column":10},"end":{"line":145,"column":11}},"type":"if","locations":[{"start":{"line":141,"column":10},"end":{"line":145,"column":11}},{"start":{},"end":{}}],"line":141},"3":{"loc":{"start":{"line":141,"column":14},"end":{"line":141,"column":94}},"type":"binary-expr","locations":[{"start":{"line":141,"column":14},"end":{"line":141,"column":38}},{"start":{"line":141,"column":42},"end":{"line":141,"column":68}},{"start":{"line":141,"column":72},"end":{"line":141,"column":94}}],"line":141},"4":{"loc":{"start":{"line":149,"column":10},"end":{"line":156,"column":11}},"type":"if","locations":[{"start":{"line":149,"column":10},"end":{"line":156,"column":11}},{"start":{},"end":{}}],"line":149},"5":{"loc":{"start":{"line":149,"column":14},"end":{"line":149,"column":90}},"type":"binary-expr","locations":[{"start":{"line":149,"column":14},"end":{"line":149,"column":49}},{"start":{"line":149,"column":53},"end":{"line":149,"column":90}}],"line":149},"6":{"loc":{"start":{"line":150,"column":12},"end":{"line":155,"column":13}},"type":"if","locations":[{"start":{"line":150,"column":12},"end":{"line":155,"column":13}},{"start":{},"end":{}}],"line":150},"7":{"loc":{"start":{"line":153,"column":57},"end":{"line":153,"column":89}},"type":"binary-expr","locations":[{"start":{"line":153,"column":57},"end":{"line":153,"column":83}},{"start":{"line":153,"column":87},"end":{"line":153,"column":89}}],"line":153}},"s":{"0":0,"1":0,"2":0,"3":0,"4":0,"5":0,"6":0,"7":0,"8":0,"9":0,"10":0,"11":0,"12":0,"13":0,"14":0,"15":0,"16":0,"17":0},"f":{"0":0,"1":0,"2":0,"3":0},"b":{"0":[0,0],"1":[0,0],"2":[0,0],"3":[0,0,0],"4":[0,0],"5":[0,0],"6":[0,0],"7":[0,0]}}
,"C:\\Users\\h_ref\\Desktop\\MnH_vf\\matchnhire-digital-backend\\models\\jobdescription.js": {"path":"C:\\Users\\h_ref\\Desktop\\MnH_vf\\matchnhire-digital-backend\\models\\jobdescription.js","statementMap":{"0":{"start":{"line":2,"column":18},"end":{"line":2,"column":38}},"1":{"start":{"line":3,"column":0},"end":{"line":76,"column":2}},"2":{"start":{"line":6,"column":6},"end":{"line":11,"column":9}},"3":{"start":{"line":13,"column":6},"end":{"line":18,"column":9}},"4":{"start":{"line":20,"column":6},"end":{"line":25,"column":9}},"5":{"start":{"line":27,"column":6},"end":{"line":30,"column":9}},"6":{"start":{"line":32,"column":6},"end":{"line":35,"column":9}},"7":{"start":{"line":37,"column":6},"end":{"line":40,"column":9}},"8":{"start":{"line":42,"column":6},"end":{"line":45,"column":9}},"9":{"start":{"line":46,"column":6},"end":{"line":49,"column":9}},"10":{"start":{"line":50,"column":6},"end":{"line":53,"column":9}},"11":{"start":{"line":56,"column":2},"end":{"line":74,"column":4}},"12":{"start":{"line":75,"column":2},"end":{"line":75,"column":24}}},"fnMap":{"0":{"name":"(anonymous_0)","decl":{"start":{"line":3,"column":17},"end":{"line":3,"column":18}},"loc":{"start":{"line":3,"column":43},"end":{"line":76,"column":1}},"line":3},"1":{"name":"(anonymous_1)","decl":{"start":{"line":5,"column":4},"end":{"line":5,"column":5}},"loc":{"start":{"line":5,"column":29},"end":{"line":54,"column":5}},"line":5}},"branchMap":{},"s":{"0":0,"1":0,"2":0,"3":0,"4":0,"5":0,"6":0,"7":0,"8":0,"9":0,"10":0,"11":0,"12":0},"f":{"0":0,"1":0},"b":{}}
,"C:\\Users\\h_ref\\Desktop\\MnH_vf\\matchnhire-digital-backend\\models\\jobemployeeskillmatch.js": {"path":"C:\\Users\\h_ref\\Desktop\\MnH_vf\\matchnhire-digital-backend\\models\\jobemployeeskillmatch.js","statementMap":{"0":{"start":{"line":2,"column":18},"end":{"line":2,"column":38}},"1":{"start":{"line":4,"column":0},"end":{"line":40,"column":2}},"2":{"start":{"line":7,"column":6},"end":{"line":10,"column":9}},"3":{"start":{"line":11,"column":6},"end":{"line":14,"column":9}},"4":{"start":{"line":15,"column":6},"end":{"line":18,"column":9}},"5":{"start":{"line":22,"column":2},"end":{"line":37,"column":4}},"6":{"start":{"line":39,"column":2},"end":{"line":39,"column":31}}},"fnMap":{"0":{"name":"(anonymous_0)","decl":{"start":{"line":4,"column":17},"end":{"line":4,"column":18}},"loc":{"start":{"line":4,"column":43},"end":{"line":40,"column":1}},"line":4},"1":{"name":"(anonymous_1)","decl":{"start":{"line":6,"column":4},"end":{"line":6,"column":5}},"loc":{"start":{"line":6,"column":29},"end":{"line":19,"column":5}},"line":6}},"branchMap":{},"s":{"0":0,"1":0,"2":0,"3":0,"4":0,"5":0,"6":0},"f":{"0":0,"1":0},"b":{}}
,"C:\\Users\\h_ref\\Desktop\\MnH_vf\\matchnhire-digital-backend\\models\\joboffer.js": {"path":"C:\\Users\\h_ref\\Desktop\\MnH_vf\\matchnhire-digital-backend\\models\\joboffer.js","statementMap":{"0":{"start":{"line":2,"column":18},"end":{"line":2,"column":38}},"1":{"start":{"line":4,"column":0},"end":{"line":151,"column":2}},"2":{"start":{"line":8,"column":6},"end":{"line":11,"column":9}},"3":{"start":{"line":14,"column":6},"end":{"line":17,"column":9}},"4":{"start":{"line":27,"column":2},"end":{"line":148,"column":4}},"5":{"start":{"line":142,"column":10},"end":{"line":144,"column":11}},"6":{"start":{"line":143,"column":12},"end":{"line":143,"column":47}},"7":{"start":{"line":150,"column":2},"end":{"line":150,"column":18}}},"fnMap":{"0":{"name":"(anonymous_0)","decl":{"start":{"line":4,"column":17},"end":{"line":4,"column":18}},"loc":{"start":{"line":4,"column":43},"end":{"line":151,"column":1}},"line":4},"1":{"name":"(anonymous_1)","decl":{"start":{"line":6,"column":4},"end":{"line":6,"column":5}},"loc":{"start":{"line":6,"column":29},"end":{"line":24,"column":5}},"line":6},"2":{"name":"(anonymous_2)","decl":{"start":{"line":140,"column":22},"end":{"line":140,"column":23}},"loc":{"start":{"line":140,"column":36},"end":{"line":145,"column":9}},"line":140}},"branchMap":{"0":{"loc":{"start":{"line":142,"column":10},"end":{"line":144,"column":11}},"type":"if","locations":[{"start":{"line":142,"column":10},"end":{"line":144,"column":11}},{"start":{},"end":{}}],"line":142},"1":{"loc":{"start":{"line":142,"column":14},"end":{"line":142,"column":101}},"type":"binary-expr","locations":[{"start":{"line":142,"column":14},"end":{"line":142,"column":40}},{"start":{"line":142,"column":44},"end":{"line":142,"column":75}},{"start":{"line":142,"column":79},"end":{"line":142,"column":101}}],"line":142}},"s":{"0":0,"1":0,"2":0,"3":0,"4":0,"5":0,"6":0,"7":0},"f":{"0":0,"1":0,"2":0},"b":{"0":[0,0],"1":[0,0,0]}}
,"C:\\Users\\h_ref\\Desktop\\MnH_vf\\matchnhire-digital-backend\\models\\jobrequiredskill.js": {"path":"C:\\Users\\h_ref\\Desktop\\MnH_vf\\matchnhire-digital-backend\\models\\jobrequiredskill.js","statementMap":{"0":{"start":{"line":2,"column":18},"end":{"line":2,"column":38}},"1":{"start":{"line":3,"column":0},"end":{"line":36,"column":2}},"2":{"start":{"line":6,"column":6},"end":{"line":8,"column":9}},"3":{"start":{"line":9,"column":6},"end":{"line":11,"column":9}},"4":{"start":{"line":12,"column":6},"end":{"line":14,"column":9}},"5":{"start":{"line":17,"column":2},"end":{"line":34,"column":4}},"6":{"start":{"line":35,"column":2},"end":{"line":35,"column":26}}},"fnMap":{"0":{"name":"(anonymous_0)","decl":{"start":{"line":3,"column":17},"end":{"line":3,"column":18}},"loc":{"start":{"line":3,"column":43},"end":{"line":36,"column":1}},"line":3},"1":{"name":"(anonymous_1)","decl":{"start":{"line":5,"column":4},"end":{"line":5,"column":5}},"loc":{"start":{"line":5,"column":29},"end":{"line":15,"column":5}},"line":5}},"branchMap":{},"s":{"0":0,"1":0,"2":0,"3":0,"4":0,"5":0,"6":0},"f":{"0":0,"1":0},"b":{}}
,"C:\\Users\\h_ref\\Desktop\\MnH_vf\\matchnhire-digital-backend\\models\\mission.js": {"path":"C:\\Users\\h_ref\\Desktop\\MnH_vf\\matchnhire-digital-backend\\models\\mission.js","statementMap":{"0":{"start":{"line":2,"column":18},"end":{"line":2,"column":38}},"1":{"start":{"line":3,"column":0},"end":{"line":26,"column":2}},"2":{"start":{"line":7,"column":6},"end":{"line":12,"column":9}},"3":{"start":{"line":15,"column":2},"end":{"line":24,"column":4}},"4":{"start":{"line":25,"column":2},"end":{"line":25,"column":17}}},"fnMap":{"0":{"name":"(anonymous_0)","decl":{"start":{"line":3,"column":17},"end":{"line":3,"column":18}},"loc":{"start":{"line":3,"column":43},"end":{"line":26,"column":1}},"line":3},"1":{"name":"(anonymous_1)","decl":{"start":{"line":6,"column":4},"end":{"line":6,"column":5}},"loc":{"start":{"line":6,"column":29},"end":{"line":13,"column":5}},"line":6}},"branchMap":{},"s":{"0":0,"1":0,"2":0,"3":0,"4":0},"f":{"0":0,"1":0},"b":{}}
,"C:\\Users\\h_ref\\Desktop\\MnH_vf\\matchnhire-digital-backend\\models\\moyen.js": {"path":"C:\\Users\\h_ref\\Desktop\\MnH_vf\\matchnhire-digital-backend\\models\\moyen.js","statementMap":{"0":{"start":{"line":2,"column":18},"end":{"line":2,"column":38}},"1":{"start":{"line":3,"column":0},"end":{"line":30,"column":2}},"2":{"start":{"line":11,"column":6},"end":{"line":16,"column":9}},"3":{"start":{"line":19,"column":2},"end":{"line":28,"column":4}},"4":{"start":{"line":29,"column":2},"end":{"line":29,"column":15}}},"fnMap":{"0":{"name":"(anonymous_0)","decl":{"start":{"line":3,"column":17},"end":{"line":3,"column":18}},"loc":{"start":{"line":3,"column":43},"end":{"line":30,"column":1}},"line":3},"1":{"name":"(anonymous_1)","decl":{"start":{"line":10,"column":4},"end":{"line":10,"column":5}},"loc":{"start":{"line":10,"column":29},"end":{"line":17,"column":5}},"line":10}},"branchMap":{},"s":{"0":0,"1":0,"2":0,"3":0,"4":0},"f":{"0":0,"1":0},"b":{}}
,"C:\\Users\\h_ref\\Desktop\\MnH_vf\\matchnhire-digital-backend\\models\\role.js": {"path":"C:\\Users\\h_ref\\Desktop\\MnH_vf\\matchnhire-digital-backend\\models\\role.js","statementMap":{"0":{"start":{"line":2,"column":18},"end":{"line":2,"column":38}},"1":{"start":{"line":4,"column":0},"end":{"line":50,"column":2}},"2":{"start":{"line":8,"column":6},"end":{"line":13,"column":9}},"3":{"start":{"line":17,"column":2},"end":{"line":47,"column":4}},"4":{"start":{"line":49,"column":2},"end":{"line":49,"column":14}}},"fnMap":{"0":{"name":"(anonymous_0)","decl":{"start":{"line":4,"column":17},"end":{"line":4,"column":18}},"loc":{"start":{"line":4,"column":43},"end":{"line":50,"column":1}},"line":4},"1":{"name":"(anonymous_1)","decl":{"start":{"line":6,"column":4},"end":{"line":6,"column":5}},"loc":{"start":{"line":6,"column":29},"end":{"line":14,"column":5}},"line":6}},"branchMap":{},"s":{"0":0,"1":0,"2":0,"3":0,"4":0},"f":{"0":0,"1":0},"b":{}}
,"C:\\Users\\h_ref\\Desktop\\MnH_vf\\matchnhire-digital-backend\\models\\skill.js": {"path":"C:\\Users\\h_ref\\Desktop\\MnH_vf\\matchnhire-digital-backend\\models\\skill.js","statementMap":{"0":{"start":{"line":2,"column":18},"end":{"line":2,"column":38}},"1":{"start":{"line":3,"column":0},"end":{"line":40,"column":2}},"2":{"start":{"line":6,"column":6},"end":{"line":9,"column":9}},"3":{"start":{"line":11,"column":6},"end":{"line":14,"column":9}},"4":{"start":{"line":16,"column":6},"end":{"line":19,"column":9}},"5":{"start":{"line":21,"column":6},"end":{"line":24,"column":9}},"6":{"start":{"line":27,"column":2},"end":{"line":38,"column":4}},"7":{"start":{"line":39,"column":2},"end":{"line":39,"column":15}}},"fnMap":{"0":{"name":"(anonymous_0)","decl":{"start":{"line":3,"column":17},"end":{"line":3,"column":18}},"loc":{"start":{"line":3,"column":43},"end":{"line":40,"column":1}},"line":3},"1":{"name":"(anonymous_1)","decl":{"start":{"line":5,"column":4},"end":{"line":5,"column":5}},"loc":{"start":{"line":5,"column":29},"end":{"line":25,"column":5}},"line":5}},"branchMap":{},"s":{"0":0,"1":0,"2":0,"3":0,"4":0,"5":0,"6":0,"7":0},"f":{"0":0,"1":0},"b":{}}
,"C:\\Users\\h_ref\\Desktop\\MnH_vf\\matchnhire-digital-backend\\models\\skilllevel.js": {"path":"C:\\Users\\h_ref\\Desktop\\MnH_vf\\matchnhire-digital-backend\\models\\skilllevel.js","statementMap":{"0":{"start":{"line":2,"column":18},"end":{"line":2,"column":38}},"1":{"start":{"line":3,"column":0},"end":{"line":27,"column":2}},"2":{"start":{"line":6,"column":6},"end":{"line":8,"column":9}},"3":{"start":{"line":9,"column":6},"end":{"line":11,"column":9}},"4":{"start":{"line":14,"column":2},"end":{"line":25,"column":4}},"5":{"start":{"line":26,"column":2},"end":{"line":26,"column":20}}},"fnMap":{"0":{"name":"(anonymous_0)","decl":{"start":{"line":3,"column":17},"end":{"line":3,"column":18}},"loc":{"start":{"line":3,"column":43},"end":{"line":27,"column":1}},"line":3},"1":{"name":"(anonymous_1)","decl":{"start":{"line":5,"column":4},"end":{"line":5,"column":5}},"loc":{"start":{"line":5,"column":29},"end":{"line":12,"column":5}},"line":5}},"branchMap":{},"s":{"0":0,"1":0,"2":0,"3":0,"4":0,"5":0},"f":{"0":0,"1":0},"b":{}}
,"C:\\Users\\h_ref\\Desktop\\MnH_vf\\matchnhire-digital-backend\\models\\skilltype.js": {"path":"C:\\Users\\h_ref\\Desktop\\MnH_vf\\matchnhire-digital-backend\\models\\skilltype.js","statementMap":{"0":{"start":{"line":2,"column":18},"end":{"line":2,"column":38}},"1":{"start":{"line":3,"column":0},"end":{"line":24,"column":2}},"2":{"start":{"line":6,"column":6},"end":{"line":9,"column":9}},"3":{"start":{"line":12,"column":2},"end":{"line":22,"column":4}},"4":{"start":{"line":23,"column":2},"end":{"line":23,"column":19}}},"fnMap":{"0":{"name":"(anonymous_0)","decl":{"start":{"line":3,"column":17},"end":{"line":3,"column":18}},"loc":{"start":{"line":3,"column":43},"end":{"line":24,"column":1}},"line":3},"1":{"name":"(anonymous_1)","decl":{"start":{"line":5,"column":4},"end":{"line":5,"column":5}},"loc":{"start":{"line":5,"column":29},"end":{"line":10,"column":5}},"line":5}},"branchMap":{},"s":{"0":0,"1":0,"2":0,"3":0,"4":0},"f":{"0":0,"1":0},"b":{}}
,"C:\\Users\\h_ref\\Desktop\\MnH_vf\\matchnhire-digital-backend\\models\\user.js": {"path":"C:\\Users\\h_ref\\Desktop\\MnH_vf\\matchnhire-digital-backend\\models\\user.js","statementMap":{"0":{"start":{"line":2,"column":18},"end":{"line":2,"column":38}},"1":{"start":{"line":3,"column":15},"end":{"line":3,"column":34}},"2":{"start":{"line":5,"column":0},"end":{"line":219,"column":2}},"3":{"start":{"line":9,"column":6},"end":{"line":14,"column":9}},"4":{"start":{"line":17,"column":6},"end":{"line":27,"column":7}},"5":{"start":{"line":18,"column":8},"end":{"line":21,"column":11}},"6":{"start":{"line":23,"column":8},"end":{"line":26,"column":11}},"7":{"start":{"line":32,"column":6},"end":{"line":32,"column":59}},"8":{"start":{"line":37,"column":20},"end":{"line":37,"column":41}},"9":{"start":{"line":38,"column":6},"end":{"line":38,"column":74}},"10":{"start":{"line":38,"column":32},"end":{"line":38,"column":72}},"11":{"start":{"line":43,"column":20},"end":{"line":43,"column":41}},"12":{"start":{"line":44,"column":6},"end":{"line":44,"column":81}},"13":{"start":{"line":44,"column":32},"end":{"line":44,"column":79}},"14":{"start":{"line":49,"column":20},"end":{"line":49,"column":41}},"15":{"start":{"line":50,"column":6},"end":{"line":50,"column":50}},"16":{"start":{"line":50,"column":34},"end":{"line":50,"column":48}},"17":{"start":{"line":55,"column":19},"end":{"line":55,"column":73}},"18":{"start":{"line":56,"column":6},"end":{"line":56,"column":40}},"19":{"start":{"line":57,"column":6},"end":{"line":57,"column":76}},"20":{"start":{"line":58,"column":6},"end":{"line":58,"column":18}},"21":{"start":{"line":63,"column":6},"end":{"line":65,"column":7}},"22":{"start":{"line":64,"column":8},"end":{"line":64,"column":21}},"23":{"start":{"line":67,"column":6},"end":{"line":69,"column":7}},"24":{"start":{"line":68,"column":8},"end":{"line":68,"column":21}},"25":{"start":{"line":71,"column":6},"end":{"line":71,"column":49}},"26":{"start":{"line":76,"column":6},"end":{"line":76,"column":54}},"27":{"start":{"line":76,"column":42},"end":{"line":76,"column":54}},"28":{"start":{"line":77,"column":6},"end":{"line":77,"column":66}},"29":{"start":{"line":82,"column":6},"end":{"line":82,"column":77}},"30":{"start":{"line":83,"column":6},"end":{"line":83,"column":47}},"31":{"start":{"line":86,"column":6},"end":{"line":89,"column":7}},"32":{"start":{"line":88,"column":8},"end":{"line":88,"column":46}},"33":{"start":{"line":91,"column":6},"end":{"line":91,"column":24}},"34":{"start":{"line":92,"column":6},"end":{"line":92,"column":42}},"35":{"start":{"line":97,"column":21},"end":{"line":97,"column":50}},"36":{"start":{"line":98,"column":6},"end":{"line":98,"column":29}},"37":{"start":{"line":99,"column":6},"end":{"line":99,"column":39}},"38":{"start":{"line":100,"column":6},"end":{"line":100,"column":41}},"39":{"start":{"line":101,"column":6},"end":{"line":101,"column":43}},"40":{"start":{"line":102,"column":6},"end":{"line":102,"column":20}},"41":{"start":{"line":106,"column":2},"end":{"line":216,"column":4}},"42":{"start":{"line":203,"column":10},"end":{"line":206,"column":11}},"43":{"start":{"line":204,"column":25},"end":{"line":204,"column":49}},"44":{"start":{"line":205,"column":12},"end":{"line":205,"column":67}},"45":{"start":{"line":209,"column":10},"end":{"line":212,"column":11}},"46":{"start":{"line":210,"column":25},"end":{"line":210,"column":49}},"47":{"start":{"line":211,"column":12},"end":{"line":211,"column":67}},"48":{"start":{"line":218,"column":2},"end":{"line":218,"column":14}}},"fnMap":{"0":{"name":"(anonymous_0)","decl":{"start":{"line":5,"column":17},"end":{"line":5,"column":18}},"loc":{"start":{"line":5,"column":43},"end":{"line":219,"column":1}},"line":5},"1":{"name":"(anonymous_1)","decl":{"start":{"line":7,"column":4},"end":{"line":7,"column":5}},"loc":{"start":{"line":7,"column":29},"end":{"line":28,"column":5}},"line":7},"2":{"name":"(anonymous_2)","decl":{"start":{"line":31,"column":4},"end":{"line":31,"column":5}},"loc":{"start":{"line":31,"column":34},"end":{"line":33,"column":5}},"line":31},"3":{"name":"(anonymous_3)","decl":{"start":{"line":36,"column":4},"end":{"line":36,"column":5}},"loc":{"start":{"line":36,"column":28},"end":{"line":39,"column":5}},"line":36},"4":{"name":"(anonymous_4)","decl":{"start":{"line":38,"column":24},"end":{"line":38,"column":25}},"loc":{"start":{"line":38,"column":32},"end":{"line":38,"column":72}},"line":38},"5":{"name":"(anonymous_5)","decl":{"start":{"line":42,"column":4},"end":{"line":42,"column":5}},"loc":{"start":{"line":42,"column":32},"end":{"line":45,"column":5}},"line":42},"6":{"name":"(anonymous_6)","decl":{"start":{"line":44,"column":24},"end":{"line":44,"column":25}},"loc":{"start":{"line":44,"column":32},"end":{"line":44,"column":79}},"line":44},"7":{"name":"(anonymous_7)","decl":{"start":{"line":48,"column":4},"end":{"line":48,"column":5}},"loc":{"start":{"line":48,"column":27},"end":{"line":51,"column":5}},"line":48},"8":{"name":"(anonymous_8)","decl":{"start":{"line":50,"column":26},"end":{"line":50,"column":27}},"loc":{"start":{"line":50,"column":34},"end":{"line":50,"column":48}},"line":50},"9":{"name":"(anonymous_9)","decl":{"start":{"line":54,"column":4},"end":{"line":54,"column":5}},"loc":{"start":{"line":54,"column":31},"end":{"line":59,"column":5}},"line":54},"10":{"name":"(anonymous_10)","decl":{"start":{"line":62,"column":4},"end":{"line":62,"column":5}},"loc":{"start":{"line":62,"column":26},"end":{"line":72,"column":5}},"line":62},"11":{"name":"(anonymous_11)","decl":{"start":{"line":75,"column":4},"end":{"line":75,"column":5}},"loc":{"start":{"line":75,"column":32},"end":{"line":78,"column":5}},"line":75},"12":{"name":"(anonymous_12)","decl":{"start":{"line":81,"column":4},"end":{"line":81,"column":5}},"loc":{"start":{"line":81,"column":36},"end":{"line":93,"column":5}},"line":81},"13":{"name":"(anonymous_13)","decl":{"start":{"line":96,"column":4},"end":{"line":96,"column":5}},"loc":{"start":{"line":96,"column":13},"end":{"line":103,"column":5}},"line":96},"14":{"name":"(anonymous_14)","decl":{"start":{"line":202,"column":22},"end":{"line":202,"column":23}},"loc":{"start":{"line":202,"column":38},"end":{"line":207,"column":9}},"line":202},"15":{"name":"(anonymous_15)","decl":{"start":{"line":208,"column":22},"end":{"line":208,"column":23}},"loc":{"start":{"line":208,"column":38},"end":{"line":213,"column":9}},"line":208}},"branchMap":{"0":{"loc":{"start":{"line":17,"column":6},"end":{"line":27,"column":7}},"type":"if","locations":[{"start":{"line":17,"column":6},"end":{"line":27,"column":7}},{"start":{},"end":{}}],"line":17},"1":{"loc":{"start":{"line":38,"column":32},"end":{"line":38,"column":72}},"type":"binary-expr","locations":[{"start":{"line":38,"column":32},"end":{"line":38,"column":54}},{"start":{"line":38,"column":58},"end":{"line":38,"column":72}}],"line":38},"2":{"loc":{"start":{"line":44,"column":32},"end":{"line":44,"column":79}},"type":"binary-expr","locations":[{"start":{"line":44,"column":32},"end":{"line":44,"column":61}},{"start":{"line":44,"column":65},"end":{"line":44,"column":79}}],"line":44},"3":{"loc":{"start":{"line":63,"column":6},"end":{"line":65,"column":7}},"type":"if","locations":[{"start":{"line":63,"column":6},"end":{"line":65,"column":7}},{"start":{},"end":{}}],"line":63},"4":{"loc":{"start":{"line":67,"column":6},"end":{"line":69,"column":7}},"type":"if","locations":[{"start":{"line":67,"column":6},"end":{"line":69,"column":7}},{"start":{},"end":{}}],"line":67},"5":{"loc":{"start":{"line":76,"column":6},"end":{"line":76,"column":54}},"type":"if","locations":[{"start":{"line":76,"column":6},"end":{"line":76,"column":54}},{"start":{},"end":{}}],"line":76},"6":{"loc":{"start":{"line":82,"column":38},"end":{"line":82,"column":71}},"type":"binary-expr","locations":[{"start":{"line":82,"column":38},"end":{"line":82,"column":66}},{"start":{"line":82,"column":70},"end":{"line":82,"column":71}}],"line":82},"7":{"loc":{"start":{"line":86,"column":6},"end":{"line":89,"column":7}},"type":"if","locations":[{"start":{"line":86,"column":6},"end":{"line":89,"column":7}},{"start":{},"end":{}}],"line":86},"8":{"loc":{"start":{"line":86,"column":10},"end":{"line":87,"column":82}},"type":"binary-expr","locations":[{"start":{"line":86,"column":10},"end":{"line":86,"column":37}},{"start":{"line":87,"column":10},"end":{"line":87,"column":82}}],"line":86},"9":{"loc":{"start":{"line":203,"column":10},"end":{"line":206,"column":11}},"type":"if","locations":[{"start":{"line":203,"column":10},"end":{"line":206,"column":11}},{"start":{},"end":{}}],"line":203},"10":{"loc":{"start":{"line":209,"column":10},"end":{"line":212,"column":11}},"type":"if","locations":[{"start":{"line":209,"column":10},"end":{"line":212,"column":11}},{"start":{},"end":{}}],"line":209}},"s":{"0":0,"1":0,"2":0,"3":0,"4":0,"5":0,"6":0,"7":0,"8":0,"9":0,"10":0,"11":0,"12":0,"13":0,"14":0,"15":0,"16":0,"17":0,"18":0,"19":0,"20":0,"21":0,"22":0,"23":0,"24":0,"25":0,"26":0,"27":0,"28":0,"29":0,"30":0,"31":0,"32":0,"33":0,"34":0,"35":0,"36":0,"37":0,"38":0,"39":0,"40":0,"41":0,"42":0,"43":0,"44":0,"45":0,"46":0,"47":0,"48":0},"f":{"0":0,"1":0,"2":0,"3":0,"4":0,"5":0,"6":0,"7":0,"8":0,"9":0,"10":0,"11":0,"12":0,"13":0,"14":0,"15":0},"b":{"0":[0,0],"1":[0,0],"2":[0,0],"3":[0,0],"4":[0,0],"5":[0,0],"6":[0,0],"7":[0,0],"8":[0,0],"9":[0,0],"10":[0,0]}}
,"C:\\Users\\h_ref\\Desktop\\MnH_vf\\matchnhire-digital-backend\\models\\userrole.js": {"path":"C:\\Users\\h_ref\\Desktop\\MnH_vf\\matchnhire-digital-backend\\models\\userrole.js","statementMap":{"0":{"start":{"line":2,"column":18},"end":{"line":2,"column":38}},"1":{"start":{"line":4,"column":0},"end":{"line":57,"column":2}},"2":{"start":{"line":7,"column":6},"end":{"line":10,"column":9}},"3":{"start":{"line":11,"column":6},"end":{"line":14,"column":9}},"4":{"start":{"line":18,"column":2},"end":{"line":54,"column":4}},"5":{"start":{"line":56,"column":2},"end":{"line":56,"column":18}}},"fnMap":{"0":{"name":"(anonymous_0)","decl":{"start":{"line":4,"column":17},"end":{"line":4,"column":18}},"loc":{"start":{"line":4,"column":43},"end":{"line":57,"column":1}},"line":4},"1":{"name":"(anonymous_1)","decl":{"start":{"line":6,"column":4},"end":{"line":6,"column":5}},"loc":{"start":{"line":6,"column":29},"end":{"line":15,"column":5}},"line":6}},"branchMap":{},"s":{"0":0,"1":0,"2":0,"3":0,"4":0,"5":0},"f":{"0":0,"1":0},"b":{}}
,"C:\\Users\\h_ref\\Desktop\\MnH_vf\\matchnhire-digital-backend\\src\\controllers\\analytics.js": {"path":"C:\\Users\\h_ref\\Desktop\\MnH_vf\\matchnhire-digital-backend\\src\\controllers\\analytics.js","statementMap":{"0":{"start":{"line":1,"column":11},"end":{"line":1,"column":40}},"1":{"start":{"line":2,"column":22},"end":{"line":2,"column":61}},"2":{"start":{"line":3,"column":19},"end":{"line":3,"column":55}},"3":{"start":{"line":14,"column":4},"end":{"line":14,"column":6}},"4":{"start":{"line":17,"column":29},"end":{"line":116,"column":1}},"5":{"start":{"line":18,"column":2},"end":{"line":115,"column":3}},"6":{"start":{"line":19,"column":4},"end":{"line":19,"column":52}},"7":{"start":{"line":20,"column":4},"end":{"line":20,"column":99}},"8":{"start":{"line":21,"column":4},"end":{"line":21,"column":48}},"9":{"start":{"line":23,"column":62},"end":{"line":23,"column":71}},"10":{"start":{"line":26,"column":28},"end":{"line":26,"column":30}},"11":{"start":{"line":27,"column":4},"end":{"line":27,"column":101}},"12":{"start":{"line":27,"column":19},"end":{"line":27,"column":101}},"13":{"start":{"line":28,"column":4},"end":{"line":33,"column":5}},"14":{"start":{"line":29,"column":6},"end":{"line":32,"column":8}},"15":{"start":{"line":44,"column":8},"end":{"line":52,"column":6}},"16":{"start":{"line":54,"column":31},"end":{"line":54,"column":96}},"17":{"start":{"line":57,"column":21},"end":{"line":62,"column":6}},"18":{"start":{"line":64,"column":22},"end":{"line":109,"column":5}},"19":{"start":{"line":111,"column":4},"end":{"line":111,"column":24}},"20":{"start":{"line":113,"column":4},"end":{"line":113,"column":59}},"21":{"start":{"line":114,"column":4},"end":{"line":114,"column":51}},"22":{"start":{"line":119,"column":29},"end":{"line":208,"column":1}},"23":{"start":{"line":120,"column":2},"end":{"line":207,"column":3}},"24":{"start":{"line":121,"column":62},"end":{"line":121,"column":71}},"25":{"start":{"line":124,"column":28},"end":{"line":124,"column":30}},"26":{"start":{"line":125,"column":4},"end":{"line":125,"column":101}},"27":{"start":{"line":125,"column":19},"end":{"line":125,"column":101}},"28":{"start":{"line":126,"column":4},"end":{"line":131,"column":5}},"29":{"start":{"line":127,"column":6},"end":{"line":130,"column":8}},"30":{"start":{"line":134,"column":27},"end":{"line":134,"column":49}},"31":{"start":{"line":135,"column":33},"end":{"line":135,"column":61}},"32":{"start":{"line":136,"column":27},"end":{"line":136,"column":75}},"33":{"start":{"line":139,"column":28},"end":{"line":141,"column":6}},"34":{"start":{"line":142,"column":31},"end":{"line":142,"column":96}},"35":{"start":{"line":145,"column":27},"end":{"line":154,"column":6}},"36":{"start":{"line":157,"column":25},"end":{"line":167,"column":45}},"37":{"start":{"line":169,"column":31},"end":{"line":175,"column":7}},"38":{"start":{"line":169,"column":58},"end":{"line":175,"column":5}},"39":{"start":{"line":178,"column":34},"end":{"line":183,"column":5}},"40":{"start":{"line":185,"column":21},"end":{"line":201,"column":5}},"41":{"start":{"line":190,"column":62},"end":{"line":197,"column":7}},"42":{"start":{"line":203,"column":4},"end":{"line":203,"column":23}},"43":{"start":{"line":205,"column":4},"end":{"line":205,"column":59}},"44":{"start":{"line":206,"column":4},"end":{"line":206,"column":51}},"45":{"start":{"line":211,"column":40},"end":{"line":406,"column":1}},"46":{"start":{"line":212,"column":2},"end":{"line":405,"column":3}},"47":{"start":{"line":213,"column":23},"end":{"line":213,"column":54}},"48":{"start":{"line":216,"column":21},"end":{"line":216,"column":56}},"49":{"start":{"line":217,"column":4},"end":{"line":219,"column":5}},"50":{"start":{"line":218,"column":6},"end":{"line":218,"column":69}},"51":{"start":{"line":222,"column":24},"end":{"line":227,"column":45}},"52":{"start":{"line":230,"column":27},"end":{"line":245,"column":6}},"53":{"start":{"line":248,"column":30},"end":{"line":263,"column":45}},"54":{"start":{"line":266,"column":30},"end":{"line":266,"column":39}},"55":{"start":{"line":267,"column":4},"end":{"line":272,"column":7}},"56":{"start":{"line":268,"column":6},"end":{"line":271,"column":9}},"57":{"start":{"line":275,"column":33},"end":{"line":275,"column":35}},"58":{"start":{"line":276,"column":27},"end":{"line":276,"column":36}},"59":{"start":{"line":277,"column":32},"end":{"line":277,"column":34}},"60":{"start":{"line":280,"column":4},"end":{"line":304,"column":7}},"61":{"start":{"line":281,"column":22},"end":{"line":281,"column":39}},"62":{"start":{"line":282,"column":28},"end":{"line":282,"column":56}},"63":{"start":{"line":283,"column":27},"end":{"line":283,"column":77}},"64":{"start":{"line":285,"column":6},"end":{"line":294,"column":7}},"65":{"start":{"line":286,"column":8},"end":{"line":293,"column":11}},"66":{"start":{"line":296,"column":24},"end":{"line":296,"column":51}},"67":{"start":{"line":297,"column":6},"end":{"line":297,"column":31}},"68":{"start":{"line":298,"column":6},"end":{"line":298,"column":54}},"69":{"start":{"line":299,"column":6},"end":{"line":303,"column":9}},"70":{"start":{"line":307,"column":4},"end":{"line":328,"column":5}},"71":{"start":{"line":308,"column":27},"end":{"line":308,"column":50}},"72":{"start":{"line":309,"column":35},"end":{"line":309,"column":90}},"73":{"start":{"line":311,"column":6},"end":{"line":327,"column":7}},"74":{"start":{"line":312,"column":20},"end":{"line":312,"column":55}},"75":{"start":{"line":313,"column":30},"end":{"line":313,"column":86}},"76":{"start":{"line":315,"column":8},"end":{"line":326,"column":11}},"77":{"start":{"line":331,"column":4},"end":{"line":331,"column":77}},"78":{"start":{"line":331,"column":40},"end":{"line":331,"column":75}},"79":{"start":{"line":334,"column":29},"end":{"line":334,"column":38}},"80":{"start":{"line":335,"column":4},"end":{"line":361,"column":7}},"81":{"start":{"line":336,"column":20},"end":{"line":336,"column":35}},"82":{"start":{"line":337,"column":6},"end":{"line":346,"column":7}},"83":{"start":{"line":338,"column":8},"end":{"line":345,"column":11}},"84":{"start":{"line":348,"column":18},"end":{"line":348,"column":45}},"85":{"start":{"line":349,"column":27},"end":{"line":349,"column":87}},"86":{"start":{"line":350,"column":28},"end":{"line":350,"column":56}},"87":{"start":{"line":352,"column":6},"end":{"line":357,"column":9}},"88":{"start":{"line":359,"column":6},"end":{"line":359,"column":37}},"89":{"start":{"line":360,"column":6},"end":{"line":360,"column":63}},"90":{"start":{"line":364,"column":4},"end":{"line":383,"column":5}},"91":{"start":{"line":365,"column":33},"end":{"line":365,"column":108}},"92":{"start":{"line":367,"column":6},"end":{"line":382,"column":7}},"93":{"start":{"line":368,"column":30},"end":{"line":368,"column":84}},"94":{"start":{"line":368,"column":70},"end":{"line":368,"column":83}},"95":{"start":{"line":370,"column":8},"end":{"line":381,"column":11}},"96":{"start":{"line":386,"column":4},"end":{"line":386,"column":86}},"97":{"start":{"line":386,"column":39},"end":{"line":386,"column":84}},"98":{"start":{"line":388,"column":21},"end":{"line":399,"column":5}},"99":{"start":{"line":396,"column":52},"end":{"line":396,"column":76}},"100":{"start":{"line":401,"column":4},"end":{"line":401,"column":23}},"101":{"start":{"line":403,"column":4},"end":{"line":403,"column":70}},"102":{"start":{"line":404,"column":4},"end":{"line":404,"column":51}},"103":{"start":{"line":409,"column":34},"end":{"line":531,"column":1}},"104":{"start":{"line":410,"column":2},"end":{"line":530,"column":3}},"105":{"start":{"line":411,"column":48},"end":{"line":411,"column":56}},"106":{"start":{"line":414,"column":21},"end":{"line":414,"column":57}},"107":{"start":{"line":415,"column":4},"end":{"line":417,"column":5}},"108":{"start":{"line":416,"column":6},"end":{"line":416,"column":69}},"109":{"start":{"line":420,"column":27},"end":{"line":420,"column":76}},"110":{"start":{"line":421,"column":4},"end":{"line":423,"column":5}},"111":{"start":{"line":422,"column":6},"end":{"line":422,"column":77}},"112":{"start":{"line":426,"column":27},"end":{"line":436,"column":6}},"113":{"start":{"line":439,"column":27},"end":{"line":451,"column":6}},"114":{"start":{"line":454,"column":30},"end":{"line":454,"column":39}},"115":{"start":{"line":455,"column":4},"end":{"line":457,"column":7}},"116":{"start":{"line":456,"column":6},"end":{"line":456,"column":74}},"117":{"start":{"line":459,"column":21},"end":{"line":459,"column":22}},"118":{"start":{"line":460,"column":19},"end":{"line":460,"column":20}},"119":{"start":{"line":461,"column":23},"end":{"line":461,"column":25}},"120":{"start":{"line":463,"column":4},"end":{"line":480,"column":5}},"121":{"start":{"line":464,"column":6},"end":{"line":479,"column":9}},"122":{"start":{"line":465,"column":30},"end":{"line":465,"column":58}},"123":{"start":{"line":466,"column":29},"end":{"line":466,"column":74}},"124":{"start":{"line":468,"column":8},"end":{"line":468,"column":34}},"125":{"start":{"line":469,"column":27},"end":{"line":469,"column":64}},"126":{"start":{"line":470,"column":8},"end":{"line":470,"column":33}},"127":{"start":{"line":472,"column":23},"end":{"line":472,"column":89}},"128":{"start":{"line":473,"column":8},"end":{"line":478,"column":11}},"129":{"start":{"line":483,"column":21},"end":{"line":483,"column":49}},"130":{"start":{"line":484,"column":28},"end":{"line":484,"column":77}},"131":{"start":{"line":485,"column":29},"end":{"line":485,"column":64}},"132":{"start":{"line":487,"column":4},"end":{"line":492,"column":7}},"133":{"start":{"line":495,"column":24},"end":{"line":495,"column":73}},"134":{"start":{"line":496,"column":23},"end":{"line":496,"column":69}},"135":{"start":{"line":497,"column":31},"end":{"line":497,"column":68}},"136":{"start":{"line":500,"column":26},"end":{"line":500,"column":34}},"137":{"start":{"line":501,"column":4},"end":{"line":502,"column":63}},"138":{"start":{"line":501,"column":34},"end":{"line":501,"column":59}},"139":{"start":{"line":502,"column":9},"end":{"line":502,"column":63}},"140":{"start":{"line":502,"column":39},"end":{"line":502,"column":63}},"141":{"start":{"line":505,"column":28},"end":{"line":505,"column":30}},"142":{"start":{"line":506,"column":4},"end":{"line":508,"column":5}},"143":{"start":{"line":507,"column":6},"end":{"line":507,"column":86}},"144":{"start":{"line":509,"column":4},"end":{"line":511,"column":5}},"145":{"start":{"line":510,"column":6},"end":{"line":510,"column":89}},"146":{"start":{"line":512,"column":4},"end":{"line":514,"column":5}},"147":{"start":{"line":513,"column":6},"end":{"line":513,"column":69}},"148":{"start":{"line":516,"column":23},"end":{"line":524,"column":5}},"149":{"start":{"line":526,"column":4},"end":{"line":526,"column":25}},"150":{"start":{"line":528,"column":4},"end":{"line":528,"column":64}},"151":{"start":{"line":529,"column":4},"end":{"line":529,"column":51}},"152":{"start":{"line":534,"column":36},"end":{"line":600,"column":1}},"153":{"start":{"line":535,"column":2},"end":{"line":599,"column":3}},"154":{"start":{"line":536,"column":28},"end":{"line":536,"column":36}},"155":{"start":{"line":538,"column":4},"end":{"line":540,"column":5}},"156":{"start":{"line":539,"column":6},"end":{"line":539,"column":77}},"157":{"start":{"line":542,"column":20},"end":{"line":542,"column":22}},"158":{"start":{"line":544,"column":4},"end":{"line":593,"column":5}},"159":{"start":{"line":545,"column":6},"end":{"line":592,"column":7}},"160":{"start":{"line":547,"column":24},"end":{"line":547,"column":38}},"161":{"start":{"line":548,"column":24},"end":{"line":551,"column":9}},"162":{"start":{"line":549,"column":26},"end":{"line":549,"column":30}},"163":{"start":{"line":550,"column":29},"end":{"line":550,"column":80}},"164":{"start":{"line":550,"column":48},"end":{"line":550,"column":77}},"165":{"start":{"line":554,"column":25},"end":{"line":554,"column":66}},"166":{"start":{"line":555,"column":8},"end":{"line":555,"column":32}},"167":{"start":{"line":555,"column":23},"end":{"line":555,"column":32}},"168":{"start":{"line":557,"column":25},"end":{"line":557,"column":53}},"169":{"start":{"line":558,"column":32},"end":{"line":558,"column":81}},"170":{"start":{"line":559,"column":26},"end":{"line":559,"column":73}},"171":{"start":{"line":560,"column":35},"end":{"line":560,"column":71}},"172":{"start":{"line":562,"column":30},"end":{"line":562,"column":38}},"173":{"start":{"line":563,"column":8},"end":{"line":564,"column":67}},"174":{"start":{"line":563,"column":38},"end":{"line":563,"column":63}},"175":{"start":{"line":564,"column":13},"end":{"line":564,"column":67}},"176":{"start":{"line":564,"column":43},"end":{"line":564,"column":67}},"177":{"start":{"line":566,"column":8},"end":{"line":589,"column":11}},"178":{"start":{"line":591,"column":8},"end":{"line":591,"column":61}},"179":{"start":{"line":595,"column":4},"end":{"line":595,"column":22}},"180":{"start":{"line":597,"column":4},"end":{"line":597,"column":66}},"181":{"start":{"line":598,"column":4},"end":{"line":598,"column":51}},"182":{"start":{"line":603,"column":32},"end":{"line":634,"column":1}},"183":{"start":{"line":604,"column":2},"end":{"line":633,"column":3}},"184":{"start":{"line":606,"column":27},"end":{"line":614,"column":45}},"185":{"start":{"line":616,"column":28},"end":{"line":627,"column":6}},"186":{"start":{"line":617,"column":28},"end":{"line":617,"column":57}},"187":{"start":{"line":618,"column":6},"end":{"line":626,"column":8}},"188":{"start":{"line":629,"column":4},"end":{"line":629,"column":30}},"189":{"start":{"line":631,"column":4},"end":{"line":631,"column":62}},"190":{"start":{"line":632,"column":4},"end":{"line":632,"column":51}},"191":{"start":{"line":637,"column":34},"end":{"line":684,"column":1}},"192":{"start":{"line":638,"column":2},"end":{"line":683,"column":3}},"193":{"start":{"line":640,"column":26},"end":{"line":677,"column":5}},"194":{"start":{"line":679,"column":4},"end":{"line":679,"column":28}},"195":{"start":{"line":681,"column":4},"end":{"line":681,"column":64}},"196":{"start":{"line":682,"column":4},"end":{"line":682,"column":51}},"197":{"start":{"line":687,"column":32},"end":{"line":715,"column":1}},"198":{"start":{"line":688,"column":2},"end":{"line":714,"column":3}},"199":{"start":{"line":690,"column":28},"end":{"line":700,"column":45}},"200":{"start":{"line":702,"column":27},"end":{"line":708,"column":7}},"201":{"start":{"line":702,"column":57},"end":{"line":708,"column":5}},"202":{"start":{"line":710,"column":4},"end":{"line":710,"column":29}},"203":{"start":{"line":712,"column":4},"end":{"line":712,"column":62}},"204":{"start":{"line":713,"column":4},"end":{"line":713,"column":51}},"205":{"start":{"line":718,"column":25},"end":{"line":770,"column":1}},"206":{"start":{"line":719,"column":2},"end":{"line":769,"column":3}},"207":{"start":{"line":720,"column":67},"end":{"line":720,"column":76}},"208":{"start":{"line":728,"column":8},"end":{"line":733,"column":6}},"209":{"start":{"line":735,"column":26},"end":{"line":745,"column":5}},"210":{"start":{"line":739,"column":44},"end":{"line":739,"column":56}},"211":{"start":{"line":748,"column":26},"end":{"line":748,"column":84}},"212":{"start":{"line":751,"column":22},"end":{"line":756,"column":6}},"213":{"start":{"line":758,"column":4},"end":{"line":762,"column":7}},"214":{"start":{"line":764,"column":4},"end":{"line":764,"column":24}},"215":{"start":{"line":767,"column":4},"end":{"line":767,"column":55}},"216":{"start":{"line":768,"column":4},"end":{"line":768,"column":51}},"217":{"start":{"line":773,"column":39},"end":{"line":819,"column":1}},"218":{"start":{"line":774,"column":2},"end":{"line":818,"column":3}},"219":{"start":{"line":775,"column":27},"end":{"line":775,"column":37}},"220":{"start":{"line":777,"column":25},"end":{"line":786,"column":6}},"221":{"start":{"line":788,"column":4},"end":{"line":790,"column":5}},"222":{"start":{"line":789,"column":6},"end":{"line":789,"column":69}},"223":{"start":{"line":793,"column":28},"end":{"line":796,"column":5}},"224":{"start":{"line":795,"column":24},"end":{"line":795,"column":28}},"225":{"start":{"line":799,"column":30},"end":{"line":799,"column":98}},"226":{"start":{"line":802,"column":22},"end":{"line":805,"column":5}},"227":{"start":{"line":807,"column":4},"end":{"line":811,"column":7}},"228":{"start":{"line":813,"column":4},"end":{"line":813,"column":24}},"229":{"start":{"line":816,"column":4},"end":{"line":816,"column":69}},"230":{"start":{"line":817,"column":4},"end":{"line":817,"column":51}},"231":{"start":{"line":822,"column":31},"end":{"line":854,"column":1}},"232":{"start":{"line":823,"column":2},"end":{"line":853,"column":3}},"233":{"start":{"line":824,"column":27},"end":{"line":836,"column":45}},"234":{"start":{"line":838,"column":4},"end":{"line":849,"column":8}},"235":{"start":{"line":838,"column":39},"end":{"line":849,"column":5}},"236":{"start":{"line":851,"column":4},"end":{"line":851,"column":61}},"237":{"start":{"line":852,"column":4},"end":{"line":852,"column":14}},"238":{"start":{"line":857,"column":27},"end":{"line":907,"column":1}},"239":{"start":{"line":858,"column":2},"end":{"line":906,"column":3}},"240":{"start":{"line":859,"column":23},"end":{"line":879,"column":45}},"241":{"start":{"line":881,"column":4},"end":{"line":902,"column":7}},"242":{"start":{"line":882,"column":21},"end":{"line":882,"column":47}},"243":{"start":{"line":883,"column":21},"end":{"line":883,"column":57}},"244":{"start":{"line":884,"column":26},"end":{"line":884,"column":67}},"245":{"start":{"line":885,"column":25},"end":{"line":885,"column":65}},"246":{"start":{"line":887,"column":6},"end":{"line":901,"column":8}},"247":{"start":{"line":904,"column":4},"end":{"line":904,"column":57}},"248":{"start":{"line":905,"column":4},"end":{"line":905,"column":14}},"249":{"start":{"line":910,"column":33},"end":{"line":931,"column":1}},"250":{"start":{"line":911,"column":24},"end":{"line":911,"column":77}},"251":{"start":{"line":913,"column":2},"end":{"line":930,"column":5}},"252":{"start":{"line":914,"column":29},"end":{"line":914,"column":102}},"253":{"start":{"line":915,"column":25},"end":{"line":915,"column":74}},"254":{"start":{"line":916,"column":24},"end":{"line":916,"column":94}},"255":{"start":{"line":917,"column":23},"end":{"line":917,"column":69}},"256":{"start":{"line":919,"column":4},"end":{"line":929,"column":6}},"257":{"start":{"line":934,"column":24},"end":{"line":947,"column":1}},"258":{"start":{"line":935,"column":60},"end":{"line":939,"column":4}},"259":{"start":{"line":941,"column":2},"end":{"line":946,"column":4}},"260":{"start":{"line":949,"column":34},"end":{"line":967,"column":1}},"261":{"start":{"line":950,"column":2},"end":{"line":966,"column":4}},"262":{"start":{"line":969,"column":25},"end":{"line":971,"column":1}},"263":{"start":{"line":970,"column":2},"end":{"line":970,"column":86}},"264":{"start":{"line":973,"column":38},"end":{"line":978,"column":1}},"265":{"start":{"line":974,"column":22},"end":{"line":974,"column":47}},"266":{"start":{"line":975,"column":24},"end":{"line":975,"column":78}},"267":{"start":{"line":976,"column":19},"end":{"line":976,"column":64}},"268":{"start":{"line":977,"column":2},"end":{"line":977,"column":63}},"269":{"start":{"line":981,"column":35},"end":{"line":990,"column":1}},"270":{"start":{"line":982,"column":19},"end":{"line":988,"column":3}},"271":{"start":{"line":989,"column":2},"end":{"line":989,"column":54}},"272":{"start":{"line":992,"column":35},"end":{"line":1001,"column":1}},"273":{"start":{"line":993,"column":16},"end":{"line":999,"column":3}},"274":{"start":{"line":1000,"column":2},"end":{"line":1000,"column":29}},"275":{"start":{"line":1003,"column":41},"end":{"line":1012,"column":1}},"276":{"start":{"line":1004,"column":27},"end":{"line":1010,"column":3}},"277":{"start":{"line":1011,"column":2},"end":{"line":1011,"column":61}},"278":{"start":{"line":1015,"column":32},"end":{"line":1019,"column":1}},"279":{"start":{"line":1016,"column":2},"end":{"line":1016,"column":63}},"280":{"start":{"line":1016,"column":54},"end":{"line":1016,"column":63}},"281":{"start":{"line":1017,"column":19},"end":{"line":1017,"column":89}},"282":{"start":{"line":1017,"column":57},"end":{"line":1017,"column":85}},"283":{"start":{"line":1018,"column":2},"end":{"line":1018,"column":66}},"284":{"start":{"line":1021,"column":34},"end":{"line":1027,"column":1}},"285":{"start":{"line":1022,"column":2},"end":{"line":1026,"column":6}},"286":{"start":{"line":1022,"column":38},"end":{"line":1026,"column":3}},"287":{"start":{"line":1029,"column":28},"end":{"line":1034,"column":1}},"288":{"start":{"line":1030,"column":2},"end":{"line":1033,"column":17}},"289":{"start":{"line":1031,"column":21},"end":{"line":1031,"column":40}},"290":{"start":{"line":1032,"column":20},"end":{"line":1032,"column":45}},"291":{"start":{"line":1036,"column":40},"end":{"line":1042,"column":1}},"292":{"start":{"line":1037,"column":2},"end":{"line":1041,"column":6}},"293":{"start":{"line":1037,"column":44},"end":{"line":1041,"column":3}},"294":{"start":{"line":1044,"column":38},"end":{"line":1052,"column":1}},"295":{"start":{"line":1045,"column":2},"end":{"line":1051,"column":4}},"296":{"start":{"line":1054,"column":0},"end":{"line":1065,"column":2}}},"fnMap":{"0":{"name":"(anonymous_0)","decl":{"start":{"line":17,"column":29},"end":{"line":17,"column":30}},"loc":{"start":{"line":17,"column":49},"end":{"line":116,"column":1}},"line":17},"1":{"name":"(anonymous_1)","decl":{"start":{"line":119,"column":29},"end":{"line":119,"column":30}},"loc":{"start":{"line":119,"column":49},"end":{"line":208,"column":1}},"line":119},"2":{"name":"(anonymous_2)","decl":{"start":{"line":169,"column":48},"end":{"line":169,"column":49}},"loc":{"start":{"line":169,"column":58},"end":{"line":175,"column":5}},"line":169},"3":{"name":"(anonymous_3)","decl":{"start":{"line":190,"column":53},"end":{"line":190,"column":54}},"loc":{"start":{"line":190,"column":62},"end":{"line":197,"column":7}},"line":190},"4":{"name":"(anonymous_4)","decl":{"start":{"line":211,"column":40},"end":{"line":211,"column":41}},"loc":{"start":{"line":211,"column":60},"end":{"line":406,"column":1}},"line":211},"5":{"name":"(anonymous_5)","decl":{"start":{"line":267,"column":27},"end":{"line":267,"column":28}},"loc":{"start":{"line":267,"column":39},"end":{"line":272,"column":5}},"line":267},"6":{"name":"(anonymous_6)","decl":{"start":{"line":280,"column":30},"end":{"line":280,"column":31}},"loc":{"start":{"line":280,"column":42},"end":{"line":304,"column":5}},"line":280},"7":{"name":"(anonymous_7)","decl":{"start":{"line":331,"column":30},"end":{"line":331,"column":31}},"loc":{"start":{"line":331,"column":40},"end":{"line":331,"column":75}},"line":331},"8":{"name":"(anonymous_8)","decl":{"start":{"line":335,"column":30},"end":{"line":335,"column":31}},"loc":{"start":{"line":335,"column":42},"end":{"line":361,"column":5}},"line":335},"9":{"name":"(anonymous_9)","decl":{"start":{"line":368,"column":61},"end":{"line":368,"column":62}},"loc":{"start":{"line":368,"column":70},"end":{"line":368,"column":83}},"line":368},"10":{"name":"(anonymous_10)","decl":{"start":{"line":386,"column":29},"end":{"line":386,"column":30}},"loc":{"start":{"line":386,"column":39},"end":{"line":386,"column":84}},"line":386},"11":{"name":"(anonymous_11)","decl":{"start":{"line":396,"column":38},"end":{"line":396,"column":39}},"loc":{"start":{"line":396,"column":52},"end":{"line":396,"column":76}},"line":396},"12":{"name":"(anonymous_12)","decl":{"start":{"line":409,"column":34},"end":{"line":409,"column":35}},"loc":{"start":{"line":409,"column":54},"end":{"line":531,"column":1}},"line":409},"13":{"name":"(anonymous_13)","decl":{"start":{"line":455,"column":27},"end":{"line":455,"column":28}},"loc":{"start":{"line":455,"column":39},"end":{"line":457,"column":5}},"line":455},"14":{"name":"(anonymous_14)","decl":{"start":{"line":464,"column":29},"end":{"line":464,"column":30}},"loc":{"start":{"line":464,"column":41},"end":{"line":479,"column":7}},"line":464},"15":{"name":"(anonymous_15)","decl":{"start":{"line":534,"column":36},"end":{"line":534,"column":37}},"loc":{"start":{"line":534,"column":56},"end":{"line":600,"column":1}},"line":534},"16":{"name":"(anonymous_16)","decl":{"start":{"line":549,"column":16},"end":{"line":549,"column":17}},"loc":{"start":{"line":549,"column":26},"end":{"line":549,"column":30}},"line":549},"17":{"name":"(anonymous_17)","decl":{"start":{"line":550,"column":18},"end":{"line":550,"column":19}},"loc":{"start":{"line":550,"column":29},"end":{"line":550,"column":80}},"line":550},"18":{"name":"(anonymous_18)","decl":{"start":{"line":550,"column":37},"end":{"line":550,"column":38}},"loc":{"start":{"line":550,"column":48},"end":{"line":550,"column":77}},"line":550},"19":{"name":"(anonymous_19)","decl":{"start":{"line":603,"column":32},"end":{"line":603,"column":33}},"loc":{"start":{"line":603,"column":52},"end":{"line":634,"column":1}},"line":603},"20":{"name":"(anonymous_20)","decl":{"start":{"line":616,"column":47},"end":{"line":616,"column":48}},"loc":{"start":{"line":616,"column":55},"end":{"line":627,"column":5}},"line":616},"21":{"name":"(anonymous_21)","decl":{"start":{"line":637,"column":34},"end":{"line":637,"column":35}},"loc":{"start":{"line":637,"column":54},"end":{"line":684,"column":1}},"line":637},"22":{"name":"(anonymous_22)","decl":{"start":{"line":687,"column":32},"end":{"line":687,"column":33}},"loc":{"start":{"line":687,"column":52},"end":{"line":715,"column":1}},"line":687},"23":{"name":"(anonymous_23)","decl":{"start":{"line":702,"column":47},"end":{"line":702,"column":48}},"loc":{"start":{"line":702,"column":57},"end":{"line":708,"column":5}},"line":702},"24":{"name":"(anonymous_24)","decl":{"start":{"line":718,"column":25},"end":{"line":718,"column":26}},"loc":{"start":{"line":718,"column":45},"end":{"line":770,"column":1}},"line":718},"25":{"name":"(anonymous_25)","decl":{"start":{"line":739,"column":39},"end":{"line":739,"column":40}},"loc":{"start":{"line":739,"column":44},"end":{"line":739,"column":56}},"line":739},"26":{"name":"(anonymous_26)","decl":{"start":{"line":773,"column":39},"end":{"line":773,"column":40}},"loc":{"start":{"line":773,"column":59},"end":{"line":819,"column":1}},"line":773},"27":{"name":"(anonymous_27)","decl":{"start":{"line":795,"column":14},"end":{"line":795,"column":15}},"loc":{"start":{"line":795,"column":24},"end":{"line":795,"column":28}},"line":795},"28":{"name":"(anonymous_28)","decl":{"start":{"line":822,"column":31},"end":{"line":822,"column":32}},"loc":{"start":{"line":822,"column":43},"end":{"line":854,"column":1}},"line":822},"29":{"name":"(anonymous_29)","decl":{"start":{"line":838,"column":30},"end":{"line":838,"column":31}},"loc":{"start":{"line":838,"column":39},"end":{"line":849,"column":5}},"line":838},"30":{"name":"(anonymous_30)","decl":{"start":{"line":857,"column":27},"end":{"line":857,"column":28}},"loc":{"start":{"line":857,"column":39},"end":{"line":907,"column":1}},"line":857},"31":{"name":"(anonymous_31)","decl":{"start":{"line":881,"column":26},"end":{"line":881,"column":27}},"loc":{"start":{"line":881,"column":35},"end":{"line":902,"column":5}},"line":881},"32":{"name":"(anonymous_32)","decl":{"start":{"line":910,"column":33},"end":{"line":910,"column":34}},"loc":{"start":{"line":910,"column":45},"end":{"line":931,"column":1}},"line":910},"33":{"name":"(anonymous_33)","decl":{"start":{"line":913,"column":27},"end":{"line":913,"column":28}},"loc":{"start":{"line":913,"column":35},"end":{"line":930,"column":3}},"line":913},"34":{"name":"(anonymous_34)","decl":{"start":{"line":934,"column":24},"end":{"line":934,"column":25}},"loc":{"start":{"line":934,"column":36},"end":{"line":947,"column":1}},"line":934},"35":{"name":"(anonymous_35)","decl":{"start":{"line":949,"column":34},"end":{"line":949,"column":35}},"loc":{"start":{"line":949,"column":50},"end":{"line":967,"column":1}},"line":949},"36":{"name":"(anonymous_36)","decl":{"start":{"line":969,"column":25},"end":{"line":969,"column":26}},"loc":{"start":{"line":969,"column":31},"end":{"line":971,"column":1}},"line":969},"37":{"name":"(anonymous_37)","decl":{"start":{"line":973,"column":38},"end":{"line":973,"column":39}},"loc":{"start":{"line":973,"column":83},"end":{"line":978,"column":1}},"line":973},"38":{"name":"(anonymous_38)","decl":{"start":{"line":981,"column":35},"end":{"line":981,"column":36}},"loc":{"start":{"line":981,"column":45},"end":{"line":990,"column":1}},"line":981},"39":{"name":"(anonymous_39)","decl":{"start":{"line":992,"column":35},"end":{"line":992,"column":36}},"loc":{"start":{"line":992,"column":45},"end":{"line":1001,"column":1}},"line":992},"40":{"name":"(anonymous_40)","decl":{"start":{"line":1003,"column":41},"end":{"line":1003,"column":42}},"loc":{"start":{"line":1003,"column":51},"end":{"line":1012,"column":1}},"line":1003},"41":{"name":"(anonymous_41)","decl":{"start":{"line":1015,"column":32},"end":{"line":1015,"column":33}},"loc":{"start":{"line":1015,"column":52},"end":{"line":1019,"column":1}},"line":1015},"42":{"name":"(anonymous_42)","decl":{"start":{"line":1017,"column":41},"end":{"line":1017,"column":42}},"loc":{"start":{"line":1017,"column":57},"end":{"line":1017,"column":85}},"line":1017},"43":{"name":"(anonymous_43)","decl":{"start":{"line":1021,"column":34},"end":{"line":1021,"column":35}},"loc":{"start":{"line":1021,"column":55},"end":{"line":1027,"column":1}},"line":1021},"44":{"name":"(anonymous_44)","decl":{"start":{"line":1022,"column":29},"end":{"line":1022,"column":30}},"loc":{"start":{"line":1022,"column":38},"end":{"line":1026,"column":3}},"line":1022},"45":{"name":"(anonymous_45)","decl":{"start":{"line":1029,"column":28},"end":{"line":1029,"column":29}},"loc":{"start":{"line":1029,"column":48},"end":{"line":1034,"column":1}},"line":1029},"46":{"name":"(anonymous_46)","decl":{"start":{"line":1031,"column":12},"end":{"line":1031,"column":13}},"loc":{"start":{"line":1031,"column":21},"end":{"line":1031,"column":40}},"line":1031},"47":{"name":"(anonymous_47)","decl":{"start":{"line":1032,"column":10},"end":{"line":1032,"column":11}},"loc":{"start":{"line":1032,"column":20},"end":{"line":1032,"column":45}},"line":1032},"48":{"name":"(anonymous_48)","decl":{"start":{"line":1036,"column":40},"end":{"line":1036,"column":41}},"loc":{"start":{"line":1036,"column":63},"end":{"line":1042,"column":1}},"line":1036},"49":{"name":"(anonymous_49)","decl":{"start":{"line":1037,"column":31},"end":{"line":1037,"column":32}},"loc":{"start":{"line":1037,"column":44},"end":{"line":1041,"column":3}},"line":1037},"50":{"name":"(anonymous_50)","decl":{"start":{"line":1044,"column":38},"end":{"line":1044,"column":39}},"loc":{"start":{"line":1044,"column":54},"end":{"line":1052,"column":1}},"line":1044}},"branchMap":{"0":{"loc":{"start":{"line":20,"column":36},"end":{"line":20,"column":97}},"type":"cond-expr","locations":[{"start":{"line":20,"column":47},"end":{"line":20,"column":88}},{"start":{"line":20,"column":91},"end":{"line":20,"column":97}}],"line":20},"1":{"loc":{"start":{"line":27,"column":4},"end":{"line":27,"column":101}},"type":"if","locations":[{"start":{"line":27,"column":4},"end":{"line":27,"column":101}},{"start":{},"end":{}}],"line":27},"2":{"loc":{"start":{"line":28,"column":4},"end":{"line":33,"column":5}},"type":"if","locations":[{"start":{"line":28,"column":4},"end":{"line":33,"column":5}},{"start":{},"end":{}}],"line":28},"3":{"loc":{"start":{"line":54,"column":31},"end":{"line":54,"column":96}},"type":"cond-expr","locations":[{"start":{"line":54,"column":52},"end":{"line":54,"column":92}},{"start":{"line":54,"column":95},"end":{"line":54,"column":96}}],"line":54},"4":{"loc":{"start":{"line":72,"column":33},"end":{"line":72,"column":72}},"type":"binary-expr","locations":[{"start":{"line":72,"column":33},"end":{"line":72,"column":63}},{"start":{"line":72,"column":67},"end":{"line":72,"column":72}}],"line":72},"5":{"loc":{"start":{"line":125,"column":4},"end":{"line":125,"column":101}},"type":"if","l
[...]
:{"loc":{"start":{"line":300,"column":21},"end":{"line":300,"column":49}},"type":"binary-expr","locations":[{"start":{"line":300,"column":21},"end":{"line":300,"column":44}},{"start":{"line":300,"column":48},"end":{"line":300,"column":49}}],"line":300},"56":{"loc":{"start":{"line":301,"column":8},"end":{"line":329,"column":9}},"type":"if","locations":[{"start":{"line":301,"column":8},"end":{"line":329,"column":9}},{"start":{"line":322,"column":15},"end":{"line":329,"column":9}}],"line":301},"57":{"loc":{"start":{"line":302,"column":23},"end":{"line":302,"column":42}},"type":"binary-expr","locations":[{"start":{"line":302,"column":23},"end":{"line":302,"column":37}},{"start":{"line":302,"column":41},"end":{"line":302,"column":42}}],"line":302},"58":{"loc":{"start":{"line":303,"column":36},"end":{"line":303,"column":62}},"type":"cond-expr","locations":[{"start":{"line":303,"column":47},"end":{"line":303,"column":58}},{"start":{"line":303,"column":61},"end":{"line":303,"column":62}}],"line":303},"59":{"loc":{"start":{"line":307,"column":10},"end":{"line":321,"column":11}},"type":"if","locations":[{"start":{"line":307,"column":10},"end":{"line":321,"column":11}},{"start":{"line":314,"column":17},"end":{"line":321,"column":11}}],"line":307},"60":{"loc":{"start":{"line":312,"column":22},"end":{"line":312,"column":38}},"type":"binary-expr","locations":[{"start":{"line":312,"column":22},"end":{"line":312,"column":31}},{"start":{"line":312,"column":35},"end":{"line":312,"column":38}}],"line":312},"61":{"loc":{"start":{"line":319,"column":22},"end":{"line":319,"column":38}},"type":"binary-expr","locations":[{"start":{"line":319,"column":22},"end":{"line":319,"column":31}},{"start":{"line":319,"column":35},"end":{"line":319,"column":38}}],"line":319},"62":{"loc":{"start":{"line":327,"column":20},"end":{"line":327,"column":36}},"type":"binary-expr","locations":[{"start":{"line":327,"column":20},"end":{"line":327,"column":29}},{"start":{"line":327,"column":33},"end":{"line":327,"column":36}}],"line":327},"63":{"loc":{"start":{"line":336,"column":8},"end":{"line":340,"column":42}},"type":"cond-expr","locations":[{"start":{"line":337,"column":12},"end":{"line":337,"column":18}},{"start":{"line":338,"column":12},"end":{"line":340,"column":42}}],"line":336},"64":{"loc":{"start":{"line":338,"column":12},"end":{"line":340,"column":42}},"type":"cond-expr","locations":[{"start":{"line":339,"column":12},"end":{"line":339,"column":41}},{"start":{"line":340,"column":12},"end":{"line":340,"column":42}}],"line":338},"65":{"loc":{"start":{"line":345,"column":20},"end":{"line":345,"column":42}},"type":"binary-expr","locations":[{"start":{"line":345,"column":20},"end":{"line":345,"column":34}},{"start":{"line":345,"column":38},"end":{"line":345,"column":42}}],"line":345},"66":{"loc":{"start":{"line":355,"column":10},"end":{"line":359,"column":24}},"type":"cond-expr","locations":[{"start":{"line":356,"column":14},"end":{"line":356,"column":25}},{"start":{"line":357,"column":14},"end":{"line":359,"column":24}}],"line":355},"67":{"loc":{"start":{"line":357,"column":14},"end":{"line":359,"column":24}},"type":"cond-expr","locations":[{"start":{"line":358,"column":14},"end":{"line":358,"column":24}},{"start":{"line":359,"column":14},"end":{"line":359,"column":24}}],"line":357},"68":{"loc":{"start":{"line":367,"column":10},"end":{"line":369,"column":83}},"type":"cond-expr","locations":[{"start":{"line":368,"column":14},"end":{"line":368,"column":64}},{"start":{"line":369,"column":14},"end":{"line":369,"column":83}}],"line":367}},"s":{"0":1,"1":1,"2":0,"3":1,"4":1,"5":1,"6":1,"7":1,"8":1,"9":1,"10":0,"11":0,"12":0,"13":0,"14":1,"15":1,"16":1,"17":1,"18":1,"19":1,"20":1,"21":0,"22":0,"23":0,"24":0,"25":1,"26":1,"27":1,"28":0,"29":0,"30":0,"31":0,"32":0,"33":0,"34":0,"35":0,"36":0,"37":0,"38":0,"39":0,"40":0,"41":0,"42":0,"43":0,"44":0,"45":0,"46":0,"47":0,"48":0,"49":0,"50":0,"51":0,"52":0,"53":0,"54":0,"55":0,"56":0,"57":0,"58":0,"59":0,"60":0,"61":0,"62":0,"63":0,"64":0,"65":0,"66":0,"67":0,"68":0,"69":0,"70":0,"71":0,"72":0,"73":1,"74":1,"75":100,"76":100,"77":100,"78":100,"79":100,"80":100,"81":100,"82":100,"83":1000,"84":5500,"85":1000,"86":1000,"87":1000,"88":1000,"89":1000,"90":1000,"91":1000,"92":632,"93":368,"94":0,"95":100,"96":100,"97":100,"98":100,"99":1,"100":100,"101":535,"102":0,"103":0,"104":0,"105":0,"106":0,"107":0,"108":0,"109":0,"110":0,"111":0,"112":0,"113":0,"114":0,"115":0,"116":0,"117":0,"118":0,"119":0,"120":0,"121":0,"122":1},"f":{"0":1,"1":0,"2":1,"3":1,"4":0,"5":0,"6":0,"7":0,"8":0,"9":0,"10":0,"11":0,"12":0,"13":0,"14":0,"15":1,"16":100,"17":1000,"18":5500,"19":100,"20":535,"21":0,"22":0,"23":0},"b":{"0":[0],"1":[1,0],"2":[1,0],"3":[0,0],"4":[1,1],"5":[0,0],"6":[0,0,0],"7":[0,0],"8":[0,0],"9":[0],"10":[0,0],"11":[0,0],"12":[0,0],"13":[0,0],"14":[0,0],"15":[0,0],"16":[0,0],"17":[0],"18":[0,0],"19":[0,0],"20":[0,0],"21":[0,0],"22":[0,0],"23":[0,0],"24":[0,0],"25":[0,0],"26":[0,0,0],"27":[0,0],"28":[0,0],"29":[0,0],"30":[0,0],"31":[0,0],"32":[0,0,0],"33":[0,0,0],"34":[0,0,0,0],"35":[0,0,0],"36":[0,0],"37":[0,0],"38":[0,0],"39":[0,0],"40":[0,0,0],"41":[0,0],"42":[0,0,0],"43":[0,0],"44":[0,0,0],"45":[0,0,0],"46":[0,0,0],"47":[0,0,0,0],"48":[0,0,0],"49":[0,0],"50":[0,0],"51":[1,0],"52":[1,0],"53":[100,0],"54":[100,0],"55":[1000,0],"56":[1000,0],"57":[1000,0],"58":[1000,0],"59":[632,368],"60":[632,632],"61":[368,368],"62":[0,0],"63":[83,17],"64":[17,0],"65":[100,100],"66":[83,17],"67":[17,0],"68":[83,17]},"_coverageSchema":"1a1c01bbd47fc00a2c39e90264f33305004495a9","hash":"87db7db7e2cb32cf3380496659ae9b4278aa488e"}
,"C:\\Users\\h_ref\\Desktop\\MnH_vf\\matchnhire-digital-backend\\src\\services\\securityService.js": {"path":"C:\\Users\\h_ref\\Desktop\\MnH_vf\\matchnhire-digital-backend\\src\\services\\securityService.js","statementMap":{"0":{"start":{"line":1,"column":21},"end":{"line":1,"column":46}},"1":{"start":{"line":5,"column":4},"end":{"line":5,"column":30}},"2":{"start":{"line":6,"column":4},"end":{"line":6,"column":30}},"3":{"start":{"line":7,"column":4},"end":{"line":7,"column":41}},"4":{"start":{"line":8,"column":4},"end":{"line":8,"column":60}},"5":{"start":{"line":13,"column":16},"end":{"line":13,"column":26}},"6":{"start":{"line":14,"column":28},"end":{"line":21,"column":5}},"7":{"start":{"line":23,"column":4},"end":{"line":66,"column":5}},"8":{"start":{"line":25,"column":23},"end":{"line":25,"column":53}},"9":{"start":{"line":26,"column":25},"end":{"line":29,"column":7}},"10":{"start":{"line":32,"column":6},"end":{"line":37,"column":7}},"11":{"start":{"line":33,"column":8},"end":{"line":33,"column":93}},"12":{"start":{"line":36,"column":8},"end":{"line":36,"column":72}},"13":{"start":{"line":40,"column":6},"end":{"line":42,"column":7}},"14":{"start":{"line":41,"column":8},"end":{"line":41,"column":67}},"15":{"start":{"line":44,"column":6},"end":{"line":44,"column":36}},"16":{"start":{"line":45,"column":6},"end":{"line":45,"column":69}},"17":{"start":{"line":48,"column":36},"end":{"line":48,"column":68}},"18":{"start":{"line":51,"column":6},"end":{"line":58,"column":9}},"19":{"start":{"line":61,"column":6},"end":{"line":63,"column":7}},"20":{"start":{"line":62,"column":8},"end":{"line":62,"column":74}},"21":{"start":{"line":65,"column":6},"end":{"line":65,"column":54}},"22":{"start":{"line":71,"column":4},"end":{"line":88,"column":5}},"23":{"start":{"line":72,"column":30},"end":{"line":72,"column":66}},"24":{"start":{"line":75,"column":37},"end":{"line":77,"column":96}},"25":{"start":{"line":79,"column":6},"end":{"line":82,"column":7}},"26":{"start":{"line":80,"column":8},"end":{"line":80,"column":77}},"27":{"start":{"line":81,"column":8},"end":{"line":81,"column":62}},"28":{"start":{"line":84,"column":6},"end":{"line":84,"column":96}},"29":{"start":{"line":85,"column":6},"end":{"line":85,"column":29}},"30":{"start":{"line":87,"column":6},"end":{"line":87,"column":64}},"31":{"start":{"line":93,"column":4},"end":{"line":110,"column":5}},"32":{"start":{"line":94,"column":23},"end":{"line":94,"column":83}},"33":{"start":{"line":96,"column":6},"end":{"line":105,"column":8}},"34":{"start":{"line":107,"column":6},"end":{"line":107,"column":81}},"35":{"start":{"line":109,"column":6},"end":{"line":109,"column":75}},"36":{"start":{"line":115,"column":4},"end":{"line":129,"column":5}},"37":{"start":{"line":116,"column":23},"end":{"line":116,"column":83}},"38":{"start":{"line":118,"column":6},"end":{"line":124,"column":8}},"39":{"start":{"line":126,"column":6},"end":{"line":126,"column":77}},"40":{"start":{"line":128,"column":6},"end":{"line":128,"column":70}},"41":{"start":{"line":134,"column":4},"end":{"line":148,"column":5}},"42":{"start":{"line":135,"column":23},"end":{"line":135,"column":83}},"43":{"start":{"line":137,"column":6},"end":{"line":143,"column":8}},"44":{"start":{"line":145,"column":6},"end":{"line":145,"column":82}},"45":{"start":{"line":147,"column":6},"end":{"line":147,"column":75}},"46":{"start":{"line":153,"column":4},"end":{"line":153,"column":48}},"47":{"start":{"line":153,"column":20},"end":{"line":153,"column":48}},"48":{"start":{"line":156,"column":4},"end":{"line":156,"column":61}},"49":{"start":{"line":156,"column":38},"end":{"line":156,"column":61}},"50":{"start":{"line":157,"column":4},"end":{"line":157,"column":64}},"51":{"start":{"line":157,"column":39},"end":{"line":157,"column":64}},"52":{"start":{"line":158,"column":4},"end":{"line":158,"column":87}},"53":{"start":{"line":158,"column":71},"end":{"line":158,"column":87}},"54":{"start":{"line":159,"column":4},"end":{"line":159,"column":60}},"55":{"start":{"line":159,"column":36},"end":{"line":159,"column":60}},"56":{"start":{"line":160,"column":4},"end":{"line":160,"column":52}},"57":{"start":{"line":160,"column":37},"end":{"line":160,"column":52}},"58":{"start":{"line":162,"column":4},"end":{"line":162,"column":32}},"59":{"start":{"line":167,"column":4},"end":{"line":169,"column":5}},"60":{"start":{"line":168,"column":6},"end":{"line":168,"column":41}},"61":{"start":{"line":173,"column":22},"end":{"line":180,"column":5}},"62":{"start":{"line":182,"column":4},"end":{"line":182,"column":67}},"63":{"start":{"line":187,"column":4},"end":{"line":187,"column":73}},"64":{"start":{"line":192,"column":4},"end":{"line":192,"column":46}},"65":{"start":{"line":192,"column":37},"end":{"line":192,"column":46}},"66":{"start":{"line":194,"column":21},"end":{"line":194,"column":48}},"67":{"start":{"line":195,"column":16},"end":{"line":195,"column":26}},"68":{"start":{"line":196,"column":24},"end":{"line":196,"column":58}},"69":{"start":{"line":198,"column":4},"end":{"line":198,"column":48}},"70":{"start":{"line":203,"column":4},"end":{"line":203,"column":66}},"71":{"start":{"line":208,"column":4},"end":{"line":208,"column":32}},"72":{"start":{"line":212,"column":0},"end":{"line":212,"column":39}}},"fnMap":{"0":{"name":"(anonymous_0)","decl":{"start":{"line":4,"column":2},"end":{"line":4,"column":3}},"loc":{"start":{"line":4,"column":16},"end":{"line":9,"column":3}},"line":4},"1":{"name":"(anonymous_1)","decl":{"start":{"line":12,"column":2},"end":{"line":12,"column":3}},"loc":{"start":{"line":12,"column":73},"end":{"line":67,"column":3}},"line":12},"2":{"name":"(anonymous_2)","decl":{"start":{"line":70,"column":2},"end":{"line":70,"column":3}},"loc":{"start":{"line":70,"column":56},"end":{"line":89,"column":3}},"line":70},"3":{"name":"(anonymous_3)","decl":{"start":{"line":92,"column":2},"end":{"line":92,"column":3}},"loc":{"start":{"line":92,"column":66},"end":{"line":111,"column":3}},"line":92},"4":{"name":"(anonymous_4)","decl":{"start":{"line":114,"column":2},"end":{"line":114,"column":3}},"loc":{"start":{"line":114,"column":61},"end":{"line":130,"column":3}},"line":114},"5":{"name":"(anonymous_5)","decl":{"start":{"line":133,"column":2},"end":{"line":133,"column":3}},"loc":{"start":{"line":133,"column":63},"end":{"line":149,"column":3}},"line":133},"6":{"name":"(anonymous_6)","decl":{"start":{"line":152,"column":2},"end":{"line":152,"column":3}},"loc":{"start":{"line":152,"column":28},"end":{"line":163,"column":3}},"line":152},"7":{"name":"(anonymous_7)","decl":{"start":{"line":166,"column":2},"end":{"line":166,"column":3}},"loc":{"start":{"line":166,"column":37},"end":{"line":183,"column":3}},"line":166},"8":{"name":"(anonymous_8)","decl":{"start":{"line":186,"column":2},"end":{"line":186,"column":3}},"loc":{"start":{"line":186,"column":24},"end":{"line":188,"column":3}},"line":186},"9":{"name":"(anonymous_9)","decl":{"start":{"line":191,"column":2},"end":{"line":191,"column":3}},"loc":{"start":{"line":191,"column":29},"end":{"line":199,"column":3}},"line":191},"10":{"name":"(anonymous_10)","decl":{"start":{"line":202,"column":2},"end":{"line":202,"column":3}},"loc":{"start":{"line":202,"column":29},"end":{"line":204,"column":3}},"line":202},"11":{"name":"(anonymous_11)","decl":{"start":{"line":207,"column":2},"end":{"line":207,"column":3}},"loc":{"start":{"line":207,"column":32},"end":{"line":209,"column":3}},"line":207}},"branchMap":{"0":{"loc":{"start":{"line":12,"column":56},"end":{"line":12,"column":71}},"type":"default-arg","locations":[{"start":{"line":12,"column":66},"end":{"line":12,"column":71}}],"line":12},"1":{"loc":{"start":{"line":15,"column":12},"end":{"line":15,"column":76}},"type":"cond-expr","locations":[{"start":{"line":15,"column":22},"end":{"line":15,"column":41}},{"start":{"line":15,"column":44},"end":{"line":15,"column":76}}],"line":15},"2":{"loc":{"start":{"line":17,"column":17},"end":{"line":17,"column":46}},"type":"binary-expr","locations":[{"start":{"line":17,"column":17},"end":{"line":17,"column":26}},{"start":{"line":17,"column":30},"end":{"line":17,"column":46}}],"line":17},"3":{"loc":{"start":{"line":19,"column":20},"end":{"line":19,"column":44}},"type":"binary-expr","locations":[{"start":{"line":19,"column":20},"end":{"line":19,"column":39}},{"start":{"line":19,"column":43},"end":{"line":19,"column":44}}],"line":19},"4":{"loc":{"start":{"line":23,"column":4},"end":{"line":66,"column":5}},"type":"if","locations":[{"start":{"line":23,"column":4},"end":{"line":66,"column":5}},{"start":{"line":46,"column":11},"end":{"line":66,"column":5}}],"line":23},"5":{"loc":{"start":{"line":25,"column":24},"end":{"line":25,"column":48}},"type":"binary-expr","locations":[{"start":{"line":25,"column":24},"end":{"line":25,"column":43}},{"start":{"line":25,"column":47},"end":{"line":25,"column":48}}],"line":25},"6":{"loc":{"start":{"line":32,"column":6},"end":{"line":37,"column":7}},"type":"if","locations":[{"start":{"line":32,"column":6},"end":{"line":37,"column":7}},{"start":{},"end":{}}],"line":32},"7":{"loc":{"start":{"line":40,"column":6},"end":{"line":42,"column":7}},"type":"if","locations":[{"start":{"line":40,"column":6},"end":{"line":42,"column":7}},{"start":{},"end":{}}],"line":40},"8":{"loc":{"start":{"line":61,"column":6},"end":{"line":63,"column":7}},"type":"if","locations":[{"start":{"line":61,"column":6},"end":{"line":63,"column":7}},{"start":{},"end":{}}],"line":61},"9":{"loc":{"start":{"line":75,"column":37},"end":{"line":77,"column":96}},"type":"binary-expr","locations":[{"start":{"line":75,"column":37},"end":{"line":75,"column":67}},{"start":{"line":76,"column":9},"end":{"line":76,"column":36}},{"start":{"line":77,"column":9},"end":{"line":77,"column":95}}],"line":75},"10":{"loc":{"start":{"line":79,"column":6},"end":{"line":82,"column":7}},"type":"if","locations":[{"start":{"line":79,"column":6},"end":{"line":82,"column":7}},{"start":{},"end":{}}],"line":79},"11":{"loc":{"start":{"line":94,"column":23},"end":{"line":94,"column":83}},"type":"cond-expr","locations":[{"start":{"line":94,"column":63},"end":{"line":94,"column":74}},{"start":{"line":94,"column":77},"end":{"line":94,"column":83}}],"line":94},"12":{"loc":{"start":{"line":102,"column":24},"end":{"line":102,"column":48}},"type":"binary-expr","locations":[{"start":{"line":102,"column":24},"end":{"line":102,"column":43}},{"start":{"line":102,"column":47},"end":{"line":102,"column":48}}],"line":102},"13":{"loc":{"start":{"line":116,"column":23},"end":{"line":116,"column":83}},"type":"cond-expr","locations":[{"start":{"line":116,"column":63},"end":{"line":116,"column":74}},{"start":{"line":116,"column":77},"end":{"line":116,"column":83}}],"line":116},"14":{"loc":{"start":{"line":135,"column":23},"end":{"line":135,"column":83}},"type":"cond-expr","locations":[{"start":{"line":135,"column":63},"end":{"line":135,"column":74}},{"start":{"line":135,"column":77},"end":{"line":135,"column":83}}],"line":135},"15":{"loc":{"start":{"line":153,"column":4},"end":{"line":153,"column":48}},"type":"if","locations":[{"start":{"line":153,"column":4},"end":{"line":153,"column":48}},{"start":{},"end":{}}],"line":153},"16":{"loc":{"start":{"line":156,"column":4},"end":{"line":156,"column":61}},"type":"if","locations":[{"start":{"line":156,"column":4},"end":{"line":156,"column":61}},{"start":{},"end":{}}],"line":156},"17":{"loc":{"start":{"line":157,"column":4},"end":{"line":157,"column":64}},"type":"if","locations":[{"start":{"line":157,"column":4},"end":{"line":157,"column":64}},{"start":{},"end":{}}],"line":157},"18":{"loc":{"start":{"line":158,"column":4},"end":{"line":158,"column":87}},"type":"if","locations":[{"start":{"line":158,"column":4},"end":{"line":158,"column":87}},{"start":{},"end":{}}],"line":158},"19":{"loc":{"start":{"line":158,"column":8},"end":{"line":158,"column":69}},"type":"binary-expr","locations":[{"start":{"line":158,"column":8},"end":{"line":158,"column":36}},{"start":{"line":158,"column":40},"end":{"line":158,"column":69}}],"line":158},"20":{"loc":{"start":{"line":159,"column":4},"end":{"line":159,"column":60}},"type":"if","locations":[{"start":{"line":159,"column":4},"end":{"line":159,"column":60}},{"start":{},"end":{}}],"line":159},"21":{"loc":{"start":{"line":160,"column":4},"end":{"line":160,"column":52}},"type":"if","locations":[{"start":{"line":160,"column":4},"end":{"line":160,"column":52}},{"start":{},"end":{}}],"line":160},"22":{"loc":{"start":{"line":167,"column":4},"end":{"line":169,"column":5}},"type":"if","locations":[{"start":{"line":167,"column":4},"end":{"line":169,"column":5}},{"start":{},"end":{}}],"line":167},"23":{"loc":{"start":{"line":167,"column":8},"end":{"line":167,"column":73}},"type":"binary-expr","locations":[{"start":{"line":167,"column":8},"end":{"line":167,"column":18}},{"start":{"line":167,"column":22},"end":{"line":167,"column":41}},{"start":{"line":167,"column":45},"end":{"line":167,"column":73}}],"line":167},"24":{"loc":{"start":{"line":187,"column":11},"end":{"line":187,"column":72}},"type":"binary-expr","locations":[{"start":{"line":187,"column":11},"end":{"line":187,"column":28}},{"start":{"line":187,"column":32},"end":{"line":187,"column":72}}],"line":187},"25":{"loc":{"start":{"line":192,"column":4},"end":{"line":192,"column":46}},"type":"if","locations":[{"start":{"line":192,"column":4},"end":{"line":192,"column":46}},{"start":{},"end":{}}],"line":192}},"s":{"0":1,"1":1,"2":1,"3":1,"4":1,"5":6,"6":6,"7":6,"8":4,"9":4,"10":4,"11":2,"12":2,"13":4,"14":3,"15":4,"16":4,"17":2,"18":2,"19":2,"20":1,"21":2,"22":5,"23":5,"24":5,"25":5,"26":4,"27":4,"28":5,"29":5,"30":0,"31":4,"32":4,"33":4,"34":4,"35":0,"36":2,"37":2,"38":2,"39":2,"40":0,"41":1,"42":1,"43":1,"44":1,"45":0,"46":12,"47":1,"48":11,"49":7,"50":4,"51":1,"52":3,"53":1,"54":2,"55":1,"56":1,"57":0,"58":1,"59":9,"60":2,"61":7,"62":7,"63":5,"64":2,"65":1,"66":1,"67":1,"68":1,"69":1,"70":3,"71":7,"72":1},"f":{"0":1,"1":6,"2":5,"3":4,"4":2,"5":1,"6":12,"7":9,"8":5,"9":2,"10":3,"11":7},"b":{"0":[0],"1":[2,4],"2":[6,0],"3":[6,3],"4":[4,2],"5":[4,1],"6":[2,2],"7":[3,1],"8":[1,1],"9":[5,1,1],"10":[4,1],"11":[0,4],"12":[4,1],"13":[0,2],"14":[0,1],"15":[1,11],"16":[7,4],"17":[1,3],"18":[1,2],"19":[3,1],"20":[1,1],"21":[0,1],"22":[2,7],"23":[9,9,8],"24":[5,3],"25":[1,1]},"_coverageSchema":"1a1c01bbd47fc00a2c39e90264f33305004495a9","hash":"03c8bcc2ec9e551f46226db2d1c33b256dbc57d7"}
}
