TN:
SF:config\config.js
FNF:0
FNH:0
DA:1,1
DA:3,1
LF:2
LH:2
BRF:0
BRH:0
end_of_record
TN:
SF:models\aireproximite.js
FN:3,(anonymous_0)
FN:5,(anonymous_1)
FNF:2
FNH:2
FNDA:1,(anonymous_0)
FNDA:1,(anonymous_1)
DA:2,1
DA:3,1
DA:6,1
DA:14,1
DA:25,1
LF:5
LH:5
BRF:0
BRH:0
end_of_record
TN:
SF:models\application.js
FN:4,(anonymous_0)
FN:6,(anonymous_1)
FN:91,(anonymous_2)
FN:104,(anonymous_3)
FNF:4
FNH:2
FNDA:1,(anonymous_0)
FNDA:1,(anonymous_1)
FNDA:0,(anonymous_2)
FNDA:0,(anonymous_3)
DA:2,1
DA:4,1
DA:7,1
DA:12,1
DA:17,1
DA:24,1
DA:93,0
DA:97,0
DA:98,0
DA:106,0
DA:110,0
DA:111,0
DA:120,1
LF:13
LH:7
BRDA:97,0,0,0
BRDA:97,0,1,0
BRDA:110,1,0,0
BRDA:110,1,1,0
BRDA:110,2,0,0
BRDA:110,2,1,0
BRF:6
BRH:0
end_of_record
TN:
SF:models\auditlog.js
FN:4,(anonymous_0)
FN:6,(anonymous_1)
FNF:2
FNH:2
FNDA:1,(anonymous_0)
FNDA:1,(anonymous_1)
DA:2,1
DA:4,1
DA:7,1
DA:11,1
DA:18,1
DA:72,1
LF:6
LH:6
BRF:0
BRH:0
end_of_record
TN:
SF:models\candidate.js
FN:5,(anonymous_0)
FN:7,(anonymous_1)
FN:34,(anonymous_2)
FN:39,(anonymous_3)
FN:47,(anonymous_4)
FN:60,(anonymous_5)
FN:66,(anonymous_6)
FN:81,(anonymous_7)
FN:186,(anonymous_8)
FN:192,(anonymous_9)
FNF:10
FNH:2
FNDA:1,(anonymous_0)
FNDA:1,(anonymous_1)
FNDA:0,(anonymous_2)
FNDA:0,(anonymous_3)
FNDA:0,(anonymous_4)
FNDA:0,(anonymous_5)
FNDA:0,(anonymous_6)
FNDA:0,(anonymous_7)
FNDA:0,(anonymous_8)
FNDA:0,(anonymous_9)
DA:2,1
DA:3,1
DA:5,1
DA:9,1
DA:15,1
DA:21,1
DA:27,1
DA:35,0
DA:40,0
DA:41,0
DA:42,0
DA:43,0
DA:48,0
DA:49,0
DA:52,0
DA:53,0
DA:56,0
DA:61,0
DA:62,0
DA:67,0
DA:68,0
DA:71,0
DA:73,0
DA:76,0
DA:77,0
DA:82,0
DA:83,0
DA:84,0
DA:85,0
DA:86,0
DA:87,0
DA:91,1
DA:187,0
DA:188,0
DA:189,0
DA:193,0
DA:194,0
DA:195,0
DA:202,1
LF:39
LH:9
BRDA:48,0,0,0
BRDA:48,0,1,0
BRDA:52,1,0,0
BRDA:52,1,1,0
BRDA:61,2,0,0
BRDA:61,2,1,0
BRDA:67,3,0,0
BRDA:67,3,1,0
BRDA:71,4,0,0
BRDA:71,4,1,0
BRDA:71,5,0,0
BRDA:71,5,1,0
BRDA:187,6,0,0
BRDA:187,6,1,0
BRDA:193,7,0,0
BRDA:193,7,1,0
BRF:16
BRH:0
end_of_record
TN:
SF:models\candidatecv.js
FN:4,(anonymous_0)
FN:6,(anonymous_1)
FN:59,(anonymous_2)
FN:70,(anonymous_3)
FNF:4
FNH:2
FNDA:1,(anonymous_0)
FNDA:1,(anonymous_1)
FNDA:0,(anonymous_2)
FNDA:0,(anonymous_3)
DA:2,1
DA:4,1
DA:7,1
DA:12,1
DA:19,1
DA:61,0
DA:66,0
DA:67,0
DA:72,0
DA:73,0
DA:89,1
LF:11
LH:6
BRDA:66,0,0,0
BRDA:66,0,1,0
BRDA:72,1,0,0
BRDA:72,1,1,0
BRF:4
BRH:0
end_of_record
TN:
SF:models\candidatefavorite.js
FN:4,(anonymous_0)
FN:6,(anonymous_1)
FNF:2
FNH:2
FNDA:1,(anonymous_0)
FNDA:1,(anonymous_1)
DA:2,1
DA:4,1
DA:7,1
DA:12,1
DA:19,1
DA:51,1
LF:6
LH:6
BRF:0
BRH:0
end_of_record
TN:
SF:models\candidateskill.js
FN:4,(anonymous_0)
FN:6,(anonymous_1)
FNF:2
FNH:2
FNDA:1,(anonymous_0)
FNDA:1,(anonymous_1)
DA:2,1
DA:4,1
DA:7,1
DA:12,1
DA:17,1
DA:24,1
DA:76,1
LF:7
LH:7
BRF:0
BRH:0
end_of_record
TN:
SF:models\employee.js
FN:4,(anonymous_0)
FN:6,(anonymous_1)
FNF:2
FNH:2
FNDA:1,(anonymous_0)
FNDA:1,(anonymous_1)
DA:2,1
DA:4,1
DA:7,1
DA:11,1
DA:18,1
DA:38,1
LF:6
LH:6
BRF:0
BRH:0
end_of_record
TN:
SF:models\employeeskill.js
FN:3,(anonymous_0)
FN:5,(anonymous_1)
FNF:2
FNH:2
FNDA:1,(anonymous_0)
FNDA:1,(anonymous_1)
DA:2,1
DA:3,1
DA:6,1
DA:10,1
DA:14,1
DA:20,1
DA:41,1
LF:7
LH:7
BRF:0
BRH:0
end_of_record
TN:
SF:models\index.js
FN:27,(anonymous_0)
FN:30,(anonymous_1)
FN:35,(anonymous_2)
FNF:3
FNH:3
FNDA:23,(anonymous_0)
FNDA:22,(anonymous_1)
FNDA:22,(anonymous_2)
DA:3,1
DA:4,1
DA:5,1
DA:6,1
DA:8,1
DA:9,1
DA:10,1
DA:12,1
DA:14,1
DA:25,1
DA:28,23
DA:31,22
DA:32,22
DA:35,1
DA:36,22
DA:37,22
DA:40,1
DA:41,1
DA:43,1
LF:19
LH:19
BRDA:9,0,0,1
BRDA:9,0,1,0
BRDA:20,1,0,1
BRDA:20,1,1,0
BRDA:21,2,0,0
BRDA:21,2,1,1
BRDA:28,3,0,23
BRDA:28,3,1,22
BRDA:28,3,2,22
BRDA:36,4,0,22
BRDA:36,4,1,0
BRF:11
BRH:7
end_of_record
TN:
SF:models\interview.js
FN:4,(anonymous_0)
FN:6,(anonymous_1)
FN:136,(anonymous_2)
FN:147,(anonymous_3)
FNF:4
FNH:2
FNDA:1,(anonymous_0)
FNDA:1,(anonymous_1)
FNDA:0,(anonymous_2)
FNDA:0,(anonymous_3)
DA:2,1
DA:4,1
DA:7,1
DA:12,1
DA:19,1
DA:138,0
DA:139,0
DA:141,0
DA:142,0
DA:143,0
DA:144,0
DA:149,0
DA:150,0
DA:151,0
DA:152,0
DA:153,0
DA:154,0
DA:162,1
LF:18
LH:6
BRDA:138,0,0,0
BRDA:138,0,1,0
BRDA:138,1,0,0
BRDA:138,1,1,0
BRDA:141,2,0,0
BRDA:141,2,1,0
BRDA:141,3,0,0
BRDA:141,3,1,0
BRDA:141,3,2,0
BRDA:149,4,0,0
BRDA:149,4,1,0
BRDA:149,5,0,0
BRDA:149,5,1,0
BRDA:150,6,0,0
BRDA:150,6,1,0
BRDA:153,7,0,0
BRDA:153,7,1,0
BRF:17
BRH:0
end_of_record
TN:
SF:models\jobdescription.js
FN:3,(anonymous_0)
FN:5,(anonymous_1)
FNF:2
FNH:2
FNDA:1,(anonymous_0)
FNDA:1,(anonymous_1)
DA:2,1
DA:3,1
DA:6,1
DA:13,1
DA:20,1
DA:27,1
DA:32,1
DA:37,1
DA:42,1
DA:46,1
DA:50,1
DA:56,1
DA:75,1
LF:13
LH:13
BRF:0
BRH:0
end_of_record
TN:
SF:models\jobemployeeskillmatch.js
FN:4,(anonymous_0)
FN:6,(anonymous_1)
FNF:2
FNH:2
FNDA:1,(anonymous_0)
FNDA:1,(anonymous_1)
DA:2,1
DA:4,1
DA:7,1
DA:11,1
DA:15,1
DA:22,1
DA:39,1
LF:7
LH:7
BRF:0
BRH:0
end_of_record
TN:
SF:models\joboffer.js
FN:4,(anonymous_0)
FN:6,(anonymous_1)
FN:140,(anonymous_2)
FNF:3
FNH:2
FNDA:1,(anonymous_0)
FNDA:1,(anonymous_1)
FNDA:0,(anonymous_2)
DA:2,1
DA:4,1
DA:8,1
DA:14,1
DA:27,1
DA:142,0
DA:143,0
DA:150,1
LF:8
LH:6
BRDA:142,0,0,0
BRDA:142,0,1,0
BRDA:142,1,0,0
BRDA:142,1,1,0
BRDA:142,1,2,0
BRF:5
BRH:0
end_of_record
TN:
SF:models\jobrequiredskill.js
FN:3,(anonymous_0)
FN:5,(anonymous_1)
FNF:2
FNH:2
FNDA:1,(anonymous_0)
FNDA:1,(anonymous_1)
DA:2,1
DA:3,1
DA:6,1
DA:9,1
DA:12,1
DA:17,1
DA:35,1
LF:7
LH:7
BRF:0
BRH:0
end_of_record
TN:
SF:models\mission.js
FN:3,(anonymous_0)
FN:6,(anonymous_1)
FNF:2
FNH:2
FNDA:1,(anonymous_0)
FNDA:1,(anonymous_1)
DA:2,1
DA:3,1
DA:7,1
DA:15,1
DA:25,1
LF:5
LH:5
BRF:0
BRH:0
end_of_record
TN:
SF:models\moyen.js
FN:3,(anonymous_0)
FN:10,(anonymous_1)
FNF:2
FNH:2
FNDA:1,(anonymous_0)
FNDA:1,(anonymous_1)
DA:2,1
DA:3,1
DA:11,1
DA:19,1
DA:29,1
LF:5
LH:5
BRF:0
BRH:0
end_of_record
TN:
SF:models\role.js
FN:4,(anonymous_0)
FN:6,(anonymous_1)
FNF:2
FNH:2
FNDA:1,(anonymous_0)
FNDA:1,(anonymous_1)
DA:2,1
DA:4,1
DA:8,1
DA:17,1
DA:49,1
LF:5
LH:5
BRF:0
BRH:0
end_of_record
TN:
SF:models\skill.js
FN:3,(anonymous_0)
FN:5,(anonymous_1)
FNF:2
FNH:2
FNDA:1,(anonymous_0)
FNDA:1,(anonymous_1)
DA:2,1
DA:3,1
DA:6,1
DA:11,1
DA:16,1
DA:21,1
DA:27,1
DA:39,1
LF:8
LH:8
BRF:0
BRH:0
end_of_record
TN:
SF:models\skilllevel.js
FN:3,(anonymous_0)
FN:5,(anonymous_1)
FNF:2
FNH:2
FNDA:1,(anonymous_0)
FNDA:1,(anonymous_1)
DA:2,1
DA:3,1
DA:6,1
DA:9,1
DA:14,1
DA:26,1
LF:6
LH:6
BRF:0
BRH:0
end_of_record
TN:
SF:models\skilltype.js
FN:3,(anonymous_0)
FN:5,(anonymous_1)
FNF:2
FNH:2
FNDA:1,(anonymous_0)
FNDA:1,(anonymous_1)
DA:2,1
DA:3,1
DA:6,1
DA:12,1
DA:23,1
LF:5
LH:5
BRF:0
BRH:0
end_of_record
TN:
SF:models\user.js
FN:5,(anonymous_0)
FN:7,(anonymous_1)
FN:31,(anonymous_2)
FN:36,(anonymous_3)
FN:38,(anonymous_4)
FN:42,(anonymous_5)
FN:44,(anonymous_6)
FN:48,(anonymous_7)
FN:50,(anonymous_8)
FN:54,(anonymous_9)
FN:62,(anonymous_10)
FN:75,(anonymous_11)
FN:81,(anonymous_12)
FN:96,(anonymous_13)
FN:202,(anonymous_14)
FN:208,(anonymous_15)
FNF:16
FNH:2
FNDA:1,(anonymous_0)
FNDA:1,(anonymous_1)
FNDA:0,(anonymous_2)
FNDA:0,(anonymous_3)
FNDA:0,(anonymous_4)
FNDA:0,(anonymous_5)
FNDA:0,(anonymous_6)
FNDA:0,(anonymous_7)
FNDA:0,(anonymous_8)
FNDA:0,(anonymous_9)
FNDA:0,(anonymous_10)
FNDA:0,(anonymous_11)
FNDA:0,(anonymous_12)
FNDA:0,(anonymous_13)
FNDA:0,(anonymous_14)
FNDA:0,(anonymous_15)
DA:2,1
DA:3,1
DA:5,1
DA:9,1
DA:17,1
DA:18,1
DA:23,1
DA:32,0
DA:37,0
DA:38,0
DA:43,0
DA:44,0
DA:49,0
DA:50,0
DA:55,0
DA:56,0
DA:57,0
DA:58,0
DA:63,0
DA:64,0
DA:67,0
DA:68,0
DA:71,0
DA:76,0
DA:77,0
DA:82,0
DA:83,0
DA:86,0
DA:88,0
DA:91,0
DA:92,0
DA:97,0
DA:98,0
DA:99,0
DA:100,0
DA:101,0
DA:102,0
DA:106,1
DA:203,0
DA:204,0
DA:205,0
DA:209,0
DA:210,0
DA:211,0
DA:218,1
LF:45
LH:9
BRDA:17,0,0,1
BRDA:17,0,1,0
BRDA:38,1,0,0
BRDA:38,1,1,0
BRDA:44,2,0,0
BRDA:44,2,1,0
BRDA:63,3,0,0
BRDA:63,3,1,0
BRDA:67,4,0,0
BRDA:67,4,1,0
BRDA:76,5,0,0
BRDA:76,5,1,0
BRDA:82,6,0,0
BRDA:82,6,1,0
BRDA:86,7,0,0
BRDA:86,7,1,0
BRDA:86,8,0,0
BRDA:86,8,1,0
BRDA:203,9,0,0
BRDA:203,9,1,0
BRDA:209,10,0,0
BRDA:209,10,1,0
BRF:22
BRH:1
end_of_record
TN:
SF:models\userrole.js
FN:4,(anonymous_0)
FN:6,(anonymous_1)
FNF:2
FNH:2
FNDA:1,(anonymous_0)
FNDA:1,(anonymous_1)
DA:2,1
DA:4,1
DA:7,1
DA:11,1
DA:18,1
DA:56,1
LF:6
LH:6
BRF:0
BRH:0
end_of_record
TN:
SF:src\controllers\auth.js
FN:23,(anonymous_0)
FN:32,(anonymous_1)
FN:120,(anonymous_2)
FN:143,(anonymous_3)
FN:156,(anonymous_4)
FN:219,(anonymous_5)
FN:219,(anonymous_6)
FN:254,(anonymous_7)
FN:330,(anonymous_8)
FN:387,(anonymous_9)
FN:432,(anonymous_10)
FN:477,(anonymous_11)
FN:487,(anonymous_12)
FN:539,(anonymous_13)
FNF:14
FNH:3
FNDA:1,(anonymous_0)
FNDA:1,(anonymous_1)
FNDA:0,(anonymous_2)
FNDA:0,(anonymous_3)
FNDA:2,(anonymous_4)
FNDA:0,(anonymous_5)
FNDA:0,(anonymous_6)
FNDA:0,(anonymous_7)
FNDA:0,(anonymous_8)
FNDA:0,(anonymous_9)
FNDA:0,(anonymous_10)
FNDA:0,(anonymous_11)
FNDA:0,(anonymous_12)
FNDA:0,(anonymous_13)
DA:1,1
DA:2,1
DA:3,1
DA:4,1
DA:5,1
DA:6,1
DA:7,1
DA:8,1
DA:9,1
DA:12,1
DA:23,1
DA:24,1
DA:25,1
DA:32,1
DA:33,1
DA:35,0
DA:36,0
DA:39,0
DA:40,0
DA:41,0
DA:44,0
DA:45,0
DA:46,0
DA:49,0
DA:50,0
DA:51,0
DA:55,0
DA:56,0
DA:57,0
DA:58,0
DA:62,0
DA:65,0
DA:66,0
DA:69,0
DA:82,0
DA:83,0
DA:90,0
DA:92,0
DA:97,0
DA:98,0
DA:99,0
DA:106,0
DA:109,0
DA:120,0
DA:121,0
DA:127,0
DA:128,0
DA:136,0
DA:137,0
DA:140,0
DA:141,0
DA:143,0
DA:147,0
DA:148,0
DA:151,0
DA:156,1
DA:157,2
DA:158,2
DA:160,2
DA:161,0
DA:164,2
DA:165,0
DA:167,0
DA:170,0
DA:171,0
DA:172,0
DA:178,0
DA:179,0
DA:181,0
DA:188,0
DA:189,0
DA:196,0
DA:200,0
DA:208,0
DA:219,0
DA:220,0
DA:222,0
DA:223,0
DA:225,0
DA:231,0
DA:233,0
DA:234,0
DA:241,0
DA:248,1
DA:249,1
DA:254,1
DA:255,0
DA:257,0
DA:258,0
DA:260,0
DA:261,0
DA:262,0
DA:265,0
DA:266,0
DA:267,0
DA:270,0
DA:271,0
DA:272,0
DA:273,0
DA:276,0
DA:277,0
DA:278,0
DA:282,0
DA:283,0
DA:284,0
DA:287,0
DA:288,0
DA:289,0
DA:293,0
DA:300,0
DA:305,0
DA:306,0
DA:313,0
DA:316,0
DA:317,0
DA:323,0
DA:324,0
DA:325,0
DA:330,1
DA:331,0
DA:333,0
DA:334,0
DA:336,0
DA:337,0
DA:338,0
DA:341,0
DA:342,0
DA:343,0
DA:344,0
DA:347,0
DA:348,0
DA:349,0
DA:353,0
DA:354,0
DA:356,0
DA:362,0
DA:363,0
DA:371,0
DA:372,0
DA:373,0
DA:376,0
DA:377,0
DA:380,0
DA:381,0
DA:382,0
DA:387,1
DA:388,0
DA:390,0
DA:391,0
DA:392,0
DA:394,0
DA:395,0
DA:397,0
DA:398,0
DA:400,0
DA:405,0
DA:407,0
DA:421,0
DA:422,0
DA:425,0
DA:426,0
DA:427,0
DA:432,1
DA:433,0
DA:435,0
DA:436,0
DA:437,0
DA:438,0
DA:439,0
DA:442,0
DA:443,0
DA:444,0
DA:447,0
DA:448,0
DA:449,0
DA:452,0
DA:460,0
DA:461,0
DA:462,0
DA:465,0
DA:466,0
DA:468,0
DA:470,0
DA:471,0
DA:472,0
DA:477,1
DA:478,0
DA:479,0
DA:480,0
DA:482,0
DA:483,0
DA:487,1
DA:488,0
DA:490,0
DA:491,0
DA:492,0
DA:494,0
DA:495,0
DA:497,0
DA:498,0
DA:499,0
DA:500,0
DA:501,0
DA:503,0
DA:504,0
DA:507,0
DA:508,0
DA:509,0
DA:510,0
DA:513,0
DA:514,0
DA:515,0
DA:516,0
DA:519,0
DA:520,0
DA:521,0
DA:524,0
DA:527,0
DA:528,0
DA:530,0
DA:532,0
DA:533,0
DA:534,0
DA:539,1
DA:540,0
DA:541,0
DA:543,0
DA:544,0
DA:548,1
LF:229
LH:30
BRDA:24,0,0,0
BRDA:24,0,1,1
BRDA:39,1,0,0
BRDA:39,1,1,0
BRDA:39,2,0,0
BRDA:39,2,1,0
BRDA:39,2,2,0
BRDA:39,2,3,0
BRDA:44,3,0,0
BRDA:44,3,1,0
BRDA:49,4,0,0
BRDA:49,4,1,0
BRDA:56,5,0,0
BRDA:56,5,1,0
BRDA:98,6,0,0
BRDA:98,6,1,0
BRDA:120,7,0,0
BRDA:120,7,1,0
BRDA:123,8,0,0
BRDA:123,8,1,0
BRDA:140,9,0,0
BRDA:140,9,1,0
BRDA:147,10,0,0
BRDA:147,10,1,0
BRDA:160,11,0,0
BRDA:160,11,1,2
BRDA:160,12,0,2
BRDA:160,12,1,2
BRDA:165,13,0,0
BRDA:165,13,1,0
BRDA:167,14,0,0
BRDA:167,14,1,0
BRDA:170,15,0,0
BRDA:170,15,1,0
BRDA:179,16,0,0
BRDA:179,16,1,0
BRDA:183,17,0,0
BRDA:183,17,1,0
BRDA:188,18,0,0
BRDA:188,18,1,0
BRDA:202,19,0,0
BRDA:202,19,1,0
BRDA:219,20,0,0
BRDA:219,20,1,0
BRDA:220,21,0,0
BRDA:220,21,1,0
BRDA:220,22,0,0
BRDA:220,22,1,0
BRDA:260,23,0,0
BRDA:260,23,1,0
BRDA:260,24,0,0
BRDA:260,24,1,0
BRDA:265,25,0,0
BRDA:265,25,1,0
BRDA:271,26,0,0
BRDA:271,26,1,0
BRDA:276,27,0,0
BRDA:276,27,1,0
BRDA:282,28,0,0
BRDA:282,28,1,0
BRDA:287,29,0,0
BRDA:287,29,1,0
BRDA:336,30,0,0
BRDA:336,30,1,0
BRDA:342,31,0,0
BRDA:342,31,1,0
BRDA:347,32,0,0
BRDA:347,32,1,0
BRDA:392,33,0,0
BRDA:392,33,1,0
BRDA:395,34,0,0
BRDA:395,34,1,0
BRDA:437,35,0,0
BRDA:437,35,1,0
BRDA:437,36,0,0
BRDA:437,36,1,0
BRDA:437,36,2,0
BRDA:442,37,0,0
BRDA:442,37,1,0
BRDA:447,38,0,0
BRDA:447,38,1,0
BRDA:460,39,0,0
BRDA:460,39,1,0
BRDA:494,40,0,0
BRDA:494,40,1,0
BRDA:495,41,0,0
BRDA:495,41,1,0
BRDA:497,42,0,0
BRDA:497,42,1,0
BRDA:497,43,0,0
BRDA:497,43,1,0
BRDA:499,44,0,0
BRDA:499,44,1,0
BRDA:499,45,0,0
BRDA:499,45,1,0
BRDA:507,46,0,0
BRDA:507,46,1,0
BRDA:508,47,0,0
BRDA:508,47,1,0
BRDA:514,48,0,0
BRDA:514,48,1,0
BRDA:519,49,0,0
BRDA:519,49,1,0
BRF:103
BRH:4
end_of_record
TN:
SF:src\controllers\candidateAuth.js
FN:23,(anonymous_0)
FN:102,(anonymous_1)
FN:115,(anonymous_2)
FN:185,(anonymous_3)
FN:222,(anonymous_4)
FN:288,(anonymous_5)
FN:337,(anonymous_6)
FN:387,(anonymous_7)
FN:458,(anonymous_8)
FNF:9
FNH:5
FNDA:5,(anonymous_0)
FNDA:0,(anonymous_1)
FNDA:5,(anonymous_2)
FNDA:2,(anonymous_3)
FNDA:2,(anonymous_4)
FNDA:0,(anonymous_5)
FNDA:0,(anonymous_6)
FNDA:4,(anonymous_7)
FNDA:0,(anonymous_8)
DA:1,2
DA:2,2
DA:3,2
DA:4,2
DA:5,2
DA:6,2
DA:7,2
DA:8,2
DA:9,2
DA:12,2
DA:23,2
DA:24,5
DA:26,5
DA:27,5
DA:30,5
DA:31,1
DA:32,1
DA:35,4
DA:36,1
DA:37,1
DA:40,3
DA:41,1
DA:42,1
DA:46,2
DA:47,2
DA:48,1
DA:49,1
DA:53,1
DA:54,1
DA:57,1
DA:71,1
DA:72,1
DA:79,1
DA:81,0
DA:85,1
DA:87,1
DA:88,1
DA:96,0
DA:97,0
DA:99,0
DA:100,0
DA:102,0
DA:106,0
DA:107,0
DA:110,0
DA:115,2
DA:116,5
DA:117,5
DA:119,5
DA:120,1
DA:123,4
DA:124,4
DA:125,1
DA:128,3
DA:129,1
DA:133,2
DA:134,0
DA:135,0
DA:141,2
DA:142,2
DA:144,1
DA:151,1
DA:152,0
DA:159,1
DA:163,1
DA:170,1
DA:172,1
DA:179,0
DA:180,0
DA:185,2
DA:186,2
DA:187,2
DA:210,2
DA:211,1
DA:214,1
DA:216,0
DA:217,0
DA:222,2
DA:223,2
DA:225,2
DA:226,2
DA:227,2
DA:229,2
DA:230,1
DA:231,1
DA:235,1
DA:236,1
DA:237,1
DA:238,1
DA:239,1
DA:242,1
DA:243,0
DA:244,0
DA:245,0
DA:246,0
DA:248,0
DA:249,0
DA:253,1
DA:254,0
DA:255,0
DA:256,0
DA:259,0
DA:260,0
DA:261,0
DA:262,0
DA:265,0
DA:266,0
DA:267,0
DA:270,0
DA:273,1
DA:274,1
DA:276,1
DA:281,0
DA:282,0
DA:283,0
DA:288,2
DA:289,0
DA:291,0
DA:292,0
DA:293,0
DA:294,0
DA:295,0
DA:298,0
DA:299,0
DA:300,0
DA:303,0
DA:304,0
DA:306,0
DA:311,0
DA:313,0
DA:326,0
DA:327,0
DA:330,0
DA:331,0
DA:332,0
DA:337,2
DA:338,0
DA:340,0
DA:341,0
DA:343,0
DA:344,0
DA:345,0
DA:348,0
DA:349,0
DA:350,0
DA:353,0
DA:354,0
DA:355,0
DA:358,0
DA:366,0
DA:367,0
DA:368,0
DA:371,0
DA:377,0
DA:378,0
DA:380,0
DA:381,0
DA:382,0
DA:387,2
DA:388,4
DA:390,4
DA:391,4
DA:393,4
DA:394,1
DA:395,1
DA:398,3
DA:399,1
DA:400,1
DA:403,2
DA:404,2
DA:405,0
DA:406,0
DA:409,2
DA:410,0
DA:411,0
DA:415,2
DA:416,1
DA:417,1
DA:420,1
DA:421,0
DA:422,0
DA:426,1
DA:433,1
DA:434,1
DA:441,0
DA:444,1
DA:445,1
DA:451,0
DA:452,0
DA:453,0
DA:458,2
DA:459,0
DA:461,0
DA:462,0
DA:464,0
DA:465,0
DA:466,0
DA:469,0
DA:470,0
DA:471,0
DA:472,0
DA:475,0
DA:476,0
DA:477,0
DA:481,0
DA:482,0
DA:484,0
DA:490,0
DA:491,0
DA:499,0
DA:500,0
DA:501,0
DA:504,0
DA:505,0
DA:508,0
DA:509,0
DA:510,0
DA:514,2
LF:218
LH:105
BRDA:30,0,0,1
BRDA:30,0,1,4
BRDA:30,1,0,5
BRDA:30,1,1,4
BRDA:30,1,2,4
BRDA:30,1,3,4
BRDA:35,2,0,1
BRDA:35,2,1,3
BRDA:40,3,0,1
BRDA:40,3,1,2
BRDA:47,4,0,1
BRDA:47,4,1,1
BRDA:99,5,0,0
BRDA:99,5,1,0
BRDA:106,6,0,0
BRDA:106,6,1,0
BRDA:119,7,0,1
BRDA:119,7,1,4
BRDA:119,8,0,5
BRDA:119,8,1,5
BRDA:124,9,0,1
BRDA:124,9,1,3
BRDA:128,10,0,1
BRDA:128,10,1,2
BRDA:133,11,0,0
BRDA:133,11,1,2
BRDA:142,12,0,1
BRDA:142,12,1,1
BRDA:146,13,0,1
BRDA:146,13,1,0
BRDA:151,14,0,0
BRDA:151,14,1,1
BRDA:165,15,0,1
BRDA:165,15,1,0
BRDA:210,16,0,1
BRDA:210,16,1,1
BRDA:229,17,0,1
BRDA:229,17,1,1
BRDA:235,18,0,1
BRDA:235,18,1,0
BRDA:236,19,0,0
BRDA:236,19,1,1
BRDA:237,20,0,0
BRDA:237,20,1,1
BRDA:238,21,0,0
BRDA:238,21,1,1
BRDA:239,22,0,0
BRDA:239,22,1,1
BRDA:242,23,0,0
BRDA:242,23,1,1
BRDA:242,24,0,1
BRDA:242,24,1,0
BRDA:244,25,0,0
BRDA:244,25,1,0
BRDA:244,26,0,0
BRDA:244,26,1,0
BRDA:253,27,0,0
BRDA:253,27,1,1
BRDA:254,28,0,0
BRDA:254,28,1,0
BRDA:260,29,0,0
BRDA:260,29,1,0
BRDA:265,30,0,0
BRDA:265,30,1,0
BRDA:293,31,0,0
BRDA:293,31,1,0
BRDA:299,32,0,0
BRDA:299,32,1,0
BRDA:343,33,0,0
BRDA:343,33,1,0
BRDA:343,34,0,0
BRDA:343,34,1,0
BRDA:343,34,2,0
BRDA:348,35,0,0
BRDA:348,35,1,0
BRDA:353,36,0,0
BRDA:353,36,1,0
BRDA:366,37,0,0
BRDA:366,37,1,0
BRDA:393,38,0,1
BRDA:393,38,1,3
BRDA:393,39,0,4
BRDA:393,39,1,4
BRDA:398,40,0,1
BRDA:398,40,1,2
BRDA:404,41,0,0
BRDA:404,41,1,2
BRDA:409,42,0,0
BRDA:409,42,1,2
BRDA:415,43,0,1
BRDA:415,43,1,1
BRDA:420,44,0,0
BRDA:420,44,1,1
BRDA:464,45,0,0
BRDA:464,45,1,0
BRDA:470,46,0,0
BRDA:470,46,1,0
BRDA:475,47,0,0
BRDA:475,47,1,0
BRF:99
BRH:49
end_of_record
TN:
SF:src\controllers\jobdescription.js
FN:14,syncCreateJobDescription
FN:46,SyncUpdateJobDescription
FN:60,(anonymous_2)
FN:84,capitalize
FN:88,(anonymous_4)
FN:95,(anonymous_5)
FN:132,(anonymous_6)
FN:175,(anonymous_7)
FN:186,(anonymous_8)
FN:198,(anonymous_9)
FN:275,areArraysEqual
FN:278,(anonymous_11)
FN:279,(anonymous_12)
FN:288,areSkillsEqual
FN:291,(anonymous_14)
FN:302,(anonymous_15)
FN:356,(anonymous_16)
FN:447,(anonymous_17)
FN:474,hasDuplicateSkills
FNF:19
FNH:14
FNDA:3,syncCreateJobDescription
FNDA:6,SyncUpdateJobDescription
FNDA:0,(anonymous_2)
FNDA:6,capitalize
FNDA:3,(anonymous_4)
FNDA:0,(anonymous_5)
FNDA:3,(anonymous_6)
FNDA:1,(anonymous_7)
FNDA:2,(anonymous_8)
FNDA:1,(anonymous_9)
FNDA:6,areArraysEqual
FNDA:0,(anonymous_11)
FNDA:0,(anonymous_12)
FNDA:2,areSkillsEqual
FNDA:0,(anonymous_14)
FNDA:2,(anonymous_15)
FNDA:2,(anonymous_16)
FNDA:2,(anonymous_17)
FNDA:2,hasDuplicateSkills
DA:1,1
DA:12,1
DA:22,3
DA:24,3
DA:26,3
DA:29,0
DA:30,0
DA:32,0
DA:33,0
DA:35,0
DA:38,0
DA:41,0
DA:44,3
DA:55,6
DA:59,6
DA:60,0
DA:62,6
DA:64,6
DA:65,6
DA:67,6
DA:68,0
DA:70,0
DA:71,0
DA:72,0
DA:73,0
DA:74,0
DA:76,0
DA:77,0
DA:81,6
DA:85,6
DA:88,1
DA:89,3
DA:94,3
DA:95,0
DA:98,0
DA:100,0
DA:101,0
DA:103,0
DA:104,0
DA:105,0
DA:106,0
DA:114,0
DA:125,0
DA:126,0
DA:127,0
DA:132,3
DA:175,1
DA:176,1
DA:177,1
DA:180,1
DA:182,0
DA:186,1
DA:187,2
DA:188,2
DA:191,2
DA:192,1
DA:194,0
DA:198,1
DA:214,1
DA:216,1
DA:217,1
DA:218,1
DA:234,1
DA:241,1
DA:248,1
DA:256,1
DA:262,0
DA:267,0
DA:268,0
DA:270,1
DA:271,1
DA:272,1
DA:276,6
DA:278,6
DA:279,6
DA:281,6
DA:282,6
DA:283,0
DA:285,6
DA:289,2
DA:291,2
DA:292,2
DA:293,2
DA:295,2
DA:296,2
DA:297,0
DA:299,2
DA:302,1
DA:318,2
DA:320,2
DA:321,2
DA:322,2
DA:332,2
DA:333,0
DA:334,0
DA:336,2
DA:349,2
DA:350,0
DA:355,2
DA:356,2
DA:360,2
DA:361,2
DA:362,2
DA:365,2
DA:371,2
DA:377,2
DA:378,0
DA:379,0
DA:384,2
DA:400,2
DA:409,2
DA:418,2
DA:427,2
DA:433,0
DA:438,0
DA:439,0
DA:441,2
DA:442,2
DA:443,2
DA:447,1
DA:448,2
DA:449,2
DA:450,2
DA:453,2
DA:454,1
DA:455,1
DA:458,1
DA:459,1
DA:460,1
DA:461,1
DA:466,1
DA:467,1
DA:468,1
DA:470,0
DA:471,0
DA:475,2
DA:476,2
DA:477,0
DA:478,0
DA:479,0
DA:481,2
DA:483,1
LF:142
LH:94
BRDA:20,0,0,3
BRDA:29,1,0,0
BRDA:29,1,1,0
BRDA:32,2,0,0
BRDA:32,2,1,0
BRDA:53,3,0,6
BRDA:70,4,0,0
BRDA:70,4,1,0
BRDA:70,5,0,0
BRDA:70,5,1,0
BRDA:88,6,0,0
BRDA:103,7,0,0
BRDA:103,7,1,0
BRDA:105,8,0,0
BRDA:105,8,1,0
BRDA:126,9,0,0
BRDA:126,9,1,0
BRDA:191,10,0,1
BRDA:191,10,1,1
BRDA:210,11,0,0
BRDA:211,12,0,0
BRDA:212,13,0,0
BRDA:213,14,0,0
BRDA:275,15,0,6
BRDA:276,16,0,0
BRDA:276,16,1,6
BRDA:281,17,0,0
BRDA:281,17,1,6
BRDA:283,18,0,0
BRDA:283,18,1,0
BRDA:289,19,0,0
BRDA:289,19,1,2
BRDA:295,20,0,0
BRDA:295,20,1,2
BRDA:297,21,0,0
BRDA:297,21,1,0
BRDA:314,22,0,1
BRDA:315,23,0,1
BRDA:316,24,0,1
BRDA:317,25,0,1
BRDA:332,26,0,0
BRDA:332,26,1,2
BRDA:349,27,0,0
BRDA:349,27,1,2
BRDA:371,28,0,2
BRDA:371,28,1,0
BRDA:371,28,2,0
BRDA:371,28,3,0
BRDA:371,28,4,0
BRDA:377,29,0,0
BRDA:377,29,1,2
BRDA:453,30,0,1
BRDA:453,30,1,1
BRDA:478,31,0,0
BRDA:478,31,1,0
BRF:55
BRH:19
end_of_record
TN:
SF:src\controllers\joboffer.js
FN:5,(anonymous_0)
FN:35,(anonymous_1)
FN:105,(anonymous_2)
FN:126,(anonymous_3)
FN:237,(anonymous_4)
FN:246,(anonymous_5)
FN:338,(anonymous_6)
FN:347,(anonymous_7)
FN:376,(anonymous_8)
FN:413,(anonymous_9)
FN:447,(anonymous_10)
FN:479,(anonymous_11)
FN:521,(anonymous_12)
FNF:13
FNH:7
FNDA:7,(anonymous_0)
FNDA:2,(anonymous_1)
FNDA:2,(anonymous_2)
FNDA:4,(anonymous_3)
FNDA:0,(anonymous_4)
FNDA:2,(anonymous_5)
FNDA:0,(anonymous_6)
FNDA:0,(anonymous_7)
FNDA:1,(anonymous_8)
FNDA:0,(anonymous_9)
FNDA:1,(anonymous_10)
FNDA:0,(anonymous_11)
FNDA:0,(anonymous_12)
DA:1,1
DA:2,1
DA:5,7
DA:35,1
DA:36,2
DA:37,2
DA:38,2
DA:49,2
DA:51,2
DA:52,2
DA:55,2
DA:56,2
DA:57,2
DA:58,0
DA:62,2
DA:63,0
DA:67,2
DA:68,0
DA:72,2
DA:73,0
DA:80,2
DA:88,2
DA:89,2
DA:99,0
DA:100,0
DA:105,1
DA:106,2
DA:107,2
DA:111,2
DA:112,1
DA:116,1
DA:118,1
DA:120,0
DA:121,0
DA:126,1
DA:127,4
DA:129,4
DA:144,4
DA:147,4
DA:148,1
DA:149,1
DA:156,3
DA:176,3
DA:177,2
DA:178,2
DA:182,1
DA:183,0
DA:184,0
DA:188,1
DA:189,1
DA:190,0
DA:191,0
DA:194,1
DA:212,1
DA:214,1
DA:219,1
DA:222,1
DA:229,1
DA:231,0
DA:232,0
DA:234,0
DA:235,0
DA:237,0
DA:241,0
DA:246,1
DA:247,2
DA:249,2
DA:250,2
DA:252,2
DA:253,0
DA:254,0
DA:258,2
DA:259,1
DA:260,1
DA:276,1
DA:279,1
DA:280,0
DA:281,0
DA:285,1
DA:286,0
DA:287,0
DA:288,0
DA:289,0
DA:293,1
DA:309,1
DA:310,0
DA:313,1
DA:315,1
DA:320,1
DA:323,1
DA:330,1
DA:332,0
DA:333,0
DA:335,0
DA:336,0
DA:338,0
DA:342,0
DA:347,1
DA:348,0
DA:350,0
DA:351,0
DA:353,0
DA:354,0
DA:355,0
DA:359,0
DA:360,0
DA:361,0
DA:364,0
DA:365,0
DA:367,0
DA:369,0
DA:370,0
DA:371,0
DA:376,1
DA:377,1
DA:379,1
DA:380,1
DA:382,1
DA:383,0
DA:384,0
DA:388,1
DA:389,0
DA:390,0
DA:393,1
DA:398,1
DA:403,1
DA:404,1
DA:406,0
DA:407,0
DA:408,0
DA:413,1
DA:414,0
DA:416,0
DA:417,0
DA:419,0
DA:420,0
DA:421,0
DA:425,0
DA:426,0
DA:427,0
DA:430,0
DA:432,0
DA:437,0
DA:438,0
DA:440,0
DA:441,0
DA:442,0
DA:447,1
DA:448,1
DA:449,1
DA:460,1
DA:461,1
DA:462,1
DA:463,1
DA:465,1
DA:473,0
DA:474,0
DA:479,1
DA:480,0
DA:482,0
DA:483,0
DA:485,0
DA:486,0
DA:487,0
DA:491,0
DA:504,0
DA:506,0
DA:511,0
DA:512,0
DA:514,0
DA:515,0
DA:516,0
DA:521,1
DA:522,0
DA:524,0
DA:525,0
DA:531,0
DA:533,0
DA:538,0
DA:539,0
DA:541,0
DA:542,0
DA:543,0
DA:547,1
LF:184
LH:87
BRDA:38,0,0,2
BRDA:38,0,1,0
BRDA:47,1,0,2
BRDA:48,2,0,2
BRDA:55,3,0,1
BRDA:55,3,1,1
BRDA:56,4,0,0
BRDA:56,4,1,2
BRDA:57,5,0,0
BRDA:57,5,1,2
BRDA:62,6,0,0
BRDA:62,6,1,2
BRDA:67,7,0,0
BRDA:67,7,1,2
BRDA:72,8,0,0
BRDA:72,8,1,2
BRDA:111,9,0,1
BRDA:111,9,1,1
BRDA:140,10,0,4
BRDA:141,11,0,4
BRDA:143,12,0,4
BRDA:147,13,0,1
BRDA:147,13,1,3
BRDA:147,14,0,4
BRDA:147,14,1,4
BRDA:147,14,2,3
BRDA:147,14,3,3
BRDA:147,14,4,3
BRDA:176,15,0,2
BRDA:176,15,1,1
BRDA:182,16,0,0
BRDA:182,16,1,1
BRDA:182,17,0,1
BRDA:182,17,1,0
BRDA:182,17,2,0
BRDA:189,18,0,0
BRDA:189,18,1,1
BRDA:198,19,0,0
BRDA:198,19,1,1
BRDA:199,20,0,0
BRDA:199,20,1,1
BRDA:204,21,0,1
BRDA:204,21,1,0
BRDA:205,22,0,1
BRDA:205,22,1,0
BRDA:208,23,0,1
BRDA:208,23,1,0
BRDA:209,24,0,0
BRDA:209,24,1,1
BRDA:234,25,0,0
BRDA:234,25,1,0
BRDA:252,26,0,0
BRDA:252,26,1,2
BRDA:258,27,0,1
BRDA:258,27,1,1
BRDA:258,28,0,2
BRDA:258,28,1,1
BRDA:279,29,0,0
BRDA:279,29,1,1
BRDA:279,30,0,1
BRDA:279,30,1,0
BRDA:279,30,2,0
BRDA:285,31,0,0
BRDA:285,31,1,1
BRDA:287,32,0,0
BRDA:287,32,1,0
BRDA:297,33,0,0
BRDA:297,33,1,1
BRDA:298,34,0,0
BRDA:298,34,1,1
BRDA:301,35,0,0
BRDA:301,35,1,1
BRDA:303,36,0,0
BRDA:303,36,1,1
BRDA:304,37,0,0
BRDA:304,37,1,1
BRDA:309,38,0,0
BRDA:309,38,1,1
BRDA:309,39,0,1
BRDA:309,39,1,0
BRDA:335,40,0,0
BRDA:335,40,1,0
BRDA:353,41,0,0
BRDA:353,41,1,0
BRDA:359,42,0,0
BRDA:359,42,1,0
BRDA:359,43,0,0
BRDA:359,43,1,0
BRDA:382,44,0,0
BRDA:382,44,1,1
BRDA:388,45,0,0
BRDA:388,45,1,1
BRDA:388,46,0,1
BRDA:388,46,1,0
BRDA:419,47,0,0
BRDA:419,47,1,0
BRDA:425,48,0,0
BRDA:425,48,1,0
BRDA:425,49,0,0
BRDA:425,49,1,0
BRDA:485,50,0,0
BRDA:485,50,1,0
BRDA:499,51,0,0
BRDA:499,51,1,0
BRF:104
BRH:51
end_of_record
TN:
SF:src\controllers\userManagement.js
FN:6,(anonymous_0)
FN:25,(anonymous_1)
FN:136,(anonymous_2)
FN:148,(anonymous_3)
FN:197,(anonymous_4)
FN:216,(anonymous_5)
FN:264,(anonymous_6)
FN:364,(anonymous_7)
FN:376,(anonymous_8)
FN:456,(anonymous_9)
FN:544,(anonymous_10)
FN:630,(anonymous_11)
FN:649,(anonymous_12)
FN:665,(anonymous_13)
FN:724,(anonymous_14)
FN:763,(anonymous_15)
FNF:16
FNH:6
FNDA:2,(anonymous_0)
FNDA:3,(anonymous_1)
FNDA:0,(anonymous_2)
FNDA:2,(anonymous_3)
FNDA:2,(anonymous_4)
FNDA:0,(anonymous_5)
FNDA:0,(anonymous_6)
FNDA:0,(anonymous_7)
FNDA:0,(anonymous_8)
FNDA:2,(anonymous_9)
FNDA:0,(anonymous_10)
FNDA:0,(anonymous_11)
FNDA:0,(anonymous_12)
FNDA:2,(anonymous_13)
FNDA:0,(anonymous_14)
FNDA:0,(anonymous_15)
DA:1,1
DA:2,1
DA:3,1
DA:6,1
DA:7,2
DA:8,2
DA:20,0
DA:25,1
DA:26,3
DA:28,3
DA:29,3
DA:32,3
DA:33,1
DA:34,1
DA:41,2
DA:51,2
DA:52,1
DA:53,1
DA:60,1
DA:61,1
DA:62,0
DA:63,0
DA:64,0
DA:69,1
DA:80,1
DA:81,1
DA:86,1
DA:87,0
DA:88,0
DA:94,1
DA:98,1
DA:112,1
DA:121,1
DA:123,1
DA:129,0
DA:130,0
DA:132,0
DA:133,0
DA:136,0
DA:140,0
DA:148,1
DA:149,2
DA:150,2
DA:151,2
DA:153,2
DA:154,2
DA:157,2
DA:159,2
DA:160,1
DA:168,2
DA:169,0
DA:173,2
DA:180,2
DA:181,0
DA:182,0
DA:185,2
DA:194,2
DA:196,2
DA:197,2
DA:207,0
DA:208,0
DA:216,1
DA:217,0
DA:218,0
DA:243,0
DA:244,0
DA:250,0
DA:255,0
DA:256,0
DA:264,1
DA:265,0
DA:267,0
DA:268,0
DA:270,0
DA:271,0
DA:272,0
DA:273,0
DA:280,0
DA:289,0
DA:290,0
DA:305,0
DA:306,0
DA:307,0
DA:315,0
DA:316,0
DA:317,0
DA:318,0
DA:319,0
DA:320,0
DA:321,0
DA:323,0
DA:326,0
DA:340,0
DA:349,0
DA:351,0
DA:357,0
DA:358,0
DA:360,0
DA:361,0
DA:364,0
DA:368,0
DA:376,1
DA:377,0
DA:379,0
DA:380,0
DA:382,0
DA:383,0
DA:384,0
DA:385,0
DA:392,0
DA:393,0
DA:394,0
DA:400,0
DA:402,0
DA:404,0
DA:417,0
DA:419,0
DA:424,0
DA:437,0
DA:438,0
DA:440,0
DA:446,0
DA:447,0
DA:448,0
DA:456,1
DA:457,2
DA:459,2
DA:460,2
DA:462,2
DA:463,0
DA:464,0
DA:471,2
DA:476,2
DA:477,0
DA:478,0
DA:484,2
DA:485,0
DA:486,0
DA:493,2
DA:498,2
DA:499,1
DA:500,1
DA:507,1
DA:514,1
DA:527,1
DA:529,1
DA:534,0
DA:535,0
DA:536,0
DA:544,1
DA:545,0
DA:547,0
DA:548,0
DA:550,0
DA:551,0
DA:552,0
DA:559,0
DA:568,0
DA:569,0
DA:570,0
DA:577,0
DA:578,0
DA:587,0
DA:588,0
DA:589,0
DA:597,0
DA:611,0
DA:613,0
DA:615,0
DA:620,0
DA:621,0
DA:622,0
DA:630,1
DA:631,0
DA:632,0
DA:633,0
DA:635,0
DA:646,0
DA:648,0
DA:649,0
DA:656,0
DA:657,0
DA:665,1
DA:666,2
DA:668,2
DA:669,2
DA:670,2
DA:671,0
DA:672,0
DA:679,2
DA:680,2
DA:681,2
DA:687,0
DA:688,0
DA:690,0
DA:693,0
DA:706,0
DA:708,0
DA:714,0
DA:715,0
DA:716,0
DA:724,1
DA:725,0
DA:726,0
DA:727,0
DA:729,0
DA:743,0
DA:754,0
DA:755,0
DA:763,1
DA:764,0
DA:766,0
DA:767,0
DA:769,0
DA:770,0
DA:771,0
DA:777,0
DA:778,0
DA:779,0
DA:780,0
DA:786,0
DA:793,0
DA:806,0
DA:808,0
DA:813,0
DA:814,0
DA:815,0
DA:822,1
LF:228
LH:76
BRDA:29,0,0,1
BRDA:32,1,0,1
BRDA:32,1,1,2
BRDA:32,2,0,3
BRDA:32,2,1,3
BRDA:32,2,2,2
BRDA:32,2,3,2
BRDA:32,2,4,2
BRDA:51,3,0,1
BRDA:51,3,1,1
BRDA:61,4,0,0
BRDA:61,4,1,1
BRDA:61,5,0,1
BRDA:61,5,1,1
BRDA:63,6,0,0
BRDA:63,6,1,0
BRDA:80,7,0,1
BRDA:80,7,1,0
BRDA:86,8,0,0
BRDA:86,8,1,1
BRDA:132,9,0,0
BRDA:132,9,1,0
BRDA:153,10,0,2
BRDA:153,11,0,2
BRDA:159,12,0,1
BRDA:159,12,1,1
BRDA:168,13,0,0
BRDA:168,13,1,2
BRDA:180,14,0,0
BRDA:180,14,1,2
BRDA:243,15,0,0
BRDA:243,15,1,0
BRDA:271,16,0,0
BRDA:271,16,1,0
BRDA:289,17,0,0
BRDA:289,17,1,0
BRDA:289,18,0,0
BRDA:289,18,1,0
BRDA:289,18,2,0
BRDA:289,18,3,0
BRDA:296,19,0,0
BRDA:296,19,1,0
BRDA:296,20,0,0
BRDA:296,20,1,0
BRDA:297,21,0,0
BRDA:297,21,1,0
BRDA:297,22,0,0
BRDA:297,22,1,0
BRDA:305,23,0,0
BRDA:305,23,1,0
BRDA:316,24,0,0
BRDA:316,24,1,0
BRDA:317,25,0,0
BRDA:317,25,1,0
BRDA:318,26,0,0
BRDA:318,26,1,0
BRDA:319,27,0,0
BRDA:319,27,1,0
BRDA:320,28,0,0
BRDA:320,28,1,0
BRDA:321,29,0,0
BRDA:321,29,1,0
BRDA:360,30,0,0
BRDA:360,30,1,0
BRDA:380,31,0,0
BRDA:383,32,0,0
BRDA:383,32,1,0
BRDA:392,33,0,0
BRDA:392,33,1,0
BRDA:400,34,0,0
BRDA:400,34,1,0
BRDA:462,35,0,0
BRDA:462,35,1,2
BRDA:462,36,0,2
BRDA:462,36,1,2
BRDA:476,37,0,0
BRDA:476,37,1,2
BRDA:484,38,0,0
BRDA:484,38,1,2
BRDA:498,39,0,1
BRDA:498,39,1,1
BRDA:550,40,0,0
BRDA:550,40,1,0
BRDA:550,41,0,0
BRDA:550,41,1,0
BRDA:568,42,0,0
BRDA:568,42,1,0
BRDA:577,43,0,0
BRDA:577,43,1,0
BRDA:587,44,0,0
BRDA:587,44,1,0
BRDA:670,45,0,0
BRDA:670,45,1,2
BRDA:679,46,0,2
BRDA:679,46,1,0
BRDA:695,47,0,0
BRDA:695,47,1,0
BRDA:709,48,0,0
BRDA:709,48,1,0
BRDA:726,49,0,0
BRDA:726,50,0,0
BRDA:769,51,0,0
BRDA:769,51,1,0
BRDA:769,52,0,0
BRDA:769,52,1,0
BRDA:778,53,0,0
BRDA:778,53,1,0
BRF:107
BRH:30
end_of_record
TN:
SF:src\middleware\auth.js
FN:9,(anonymous_0)
FN:14,(anonymous_1)
FN:62,(anonymous_2)
FN:62,(anonymous_3)
FN:100,(anonymous_4)
FN:101,(anonymous_5)
FN:115,(anonymous_6)
FNF:7
FNH:7
FNDA:1,(anonymous_0)
FNDA:6,(anonymous_1)
FNDA:1,(anonymous_2)
FNDA:1,(anonymous_3)
FNDA:4,(anonymous_4)
FNDA:4,(anonymous_5)
FNDA:4,(anonymous_6)
DA:1,2
DA:2,2
DA:3,2
DA:5,2
DA:6,2
DA:9,2
DA:10,1
DA:14,2
DA:15,6
DA:16,6
DA:18,6
DA:19,6
DA:21,6
DA:22,1
DA:23,1
DA:29,5
DA:30,5
DA:31,3
DA:33,3
DA:35,3
DA:36,2
DA:37,2
DA:44,1
DA:53,1
DA:54,0
DA:55,0
DA:62,1
DA:63,1
DA:65,1
DA:66,1
DA:68,1
DA:74,1
DA:75,1
DA:82,1
DA:84,2
DA:85,2
DA:86,1
DA:92,1
DA:100,2
DA:101,4
DA:102,4
DA:103,4
DA:104,4
DA:106,4
DA:107,1
DA:108,1
DA:115,4
DA:117,3
DA:118,1
DA:119,1
DA:120,1
DA:126,2
DA:127,2
DA:131,2
LF:54
LH:52
BRDA:5,0,0,2
BRDA:5,0,1,1
BRDA:6,1,0,2
BRDA:6,1,1,1
BRDA:9,2,0,0
BRDA:19,3,0,6
BRDA:19,3,1,5
BRDA:21,4,0,1
BRDA:21,4,1,5
BRDA:35,5,0,2
BRDA:35,5,1,1
BRDA:35,6,0,3
BRDA:35,6,1,2
BRDA:53,7,0,0
BRDA:53,7,1,1
BRDA:53,8,0,1
BRDA:53,8,1,1
BRDA:62,9,0,1
BRDA:62,9,1,0
BRDA:63,10,0,0
BRDA:63,10,1,1
BRDA:63,11,0,1
BRDA:63,11,1,0
BRDA:85,12,0,1
BRDA:85,12,1,1
BRDA:106,13,0,1
BRDA:106,13,1,3
BRDA:117,14,0,1
BRDA:117,14,1,2
BRF:29
BRH:24
end_of_record
TN:
SF:src\middleware\candidateAuth.js
FN:8,(anonymous_0)
FNF:1
FNH:1
FNDA:6,(anonymous_0)
DA:1,1
DA:2,1
DA:3,1
DA:5,1
DA:8,1
DA:9,6
DA:10,6
DA:11,6
DA:13,6
DA:14,1
DA:20,5
DA:23,4
DA:24,1
DA:30,3
DA:32,3
DA:33,2
DA:39,1
DA:40,1
DA:42,1
DA:43,1
DA:49,0
DA:56,1
LF:22
LH:21
BRDA:5,0,0,1
BRDA:5,0,1,1
BRDA:11,1,0,6
BRDA:11,1,1,5
BRDA:13,2,0,1
BRDA:13,2,1,5
BRDA:23,3,0,1
BRDA:23,3,1,3
BRDA:32,4,0,2
BRDA:32,4,1,1
BRDA:32,5,0,3
BRDA:32,5,1,2
BRDA:42,6,0,1
BRDA:42,6,1,0
BRF:14
BRH:13
end_of_record
TN:
SF:src\middleware\healthCheck.js
FN:6,(anonymous_0)
FN:32,(anonymous_1)
FN:72,(anonymous_2)
FNF:3
FNH:3
FNDA:5,(anonymous_0)
FNDA:4,(anonymous_1)
FNDA:8,(anonymous_2)
DA:1,1
DA:6,1
DA:7,5
DA:9,5
DA:10,3
DA:12,2
DA:13,1
DA:22,3
DA:24,1
DA:25,1
DA:32,1
DA:33,4
DA:34,4
DA:45,4
DA:46,4
DA:47,0
DA:48,0
DA:53,4
DA:60,4
DA:61,4
DA:62,4
DA:64,0
DA:72,4
DA:73,8
DA:76,4
DA:83,0
DA:84,0
DA:92,1
LF:28
LH:23
BRDA:9,0,0,3
BRDA:9,0,1,2
BRDA:9,1,0,5
BRDA:9,1,1,4
BRDA:12,2,0,1
BRDA:12,2,1,1
BRDA:76,3,0,0
BRDA:76,3,1,4
BRDA:77,4,0,0
BRDA:77,4,1,4
BRF:10
BRH:8
end_of_record
TN:
SF:src\middleware\roleAuth.js
FN:6,(anonymous_0)
FN:7,(anonymous_1)
FN:24,(anonymous_2)
FN:56,(anonymous_3)
FN:57,(anonymous_4)
FNF:5
FNH:5
FNDA:6,(anonymous_0)
FNDA:9,(anonymous_1)
FNDA:11,(anonymous_2)
FNDA:1,(anonymous_3)
FNDA:1,(anonymous_4)
DA:2,1
DA:3,1
DA:6,1
DA:7,6
DA:8,9
DA:9,9
DA:10,9
DA:11,9
DA:13,9
DA:14,1
DA:15,1
DA:22,8
DA:24,11
DA:26,8
DA:27,3
DA:28,3
DA:29,3
DA:36,5
DA:37,5
DA:38,5
DA:40,0
DA:41,0
DA:50,1
DA:53,1
DA:56,1
DA:57,1
DA:59,1
DA:65,1
DA:69,1
LF:29
LH:27
BRDA:13,0,0,1
BRDA:13,0,1,8
BRDA:22,1,0,8
BRDA:22,1,1,0
BRDA:26,2,0,3
BRDA:26,2,1,5
BRDA:62,3,0,1
BRDA:62,3,1,0
BRF:8
BRH:6
end_of_record
TN:
SF:src\services\emailService.js
FN:4,(anonymous_0)
FN:16,(anonymous_1)
FN:26,(anonymous_2)
FN:87,(anonymous_3)
FN:174,(anonymous_4)
FN:242,(anonymous_5)
FN:317,(anonymous_6)
FNF:7
FNH:7
FNDA:3,(anonymous_0)
FNDA:2,(anonymous_1)
FNDA:3,(anonymous_2)
FNDA:2,(anonymous_3)
FNDA:2,(anonymous_4)
FNDA:1,(anonymous_5)
FNDA:1,(anonymous_6)
DA:1,3
DA:5,3
DA:16,3
DA:17,2
DA:18,0
DA:20,2
DA:27,3
DA:28,3
DA:78,3
DA:88,2
DA:89,2
DA:165,2
DA:175,2
DA:176,2
DA:233,2
DA:243,1
DA:244,1
DA:308,1
DA:318,1
DA:319,1
DA:373,1
DA:382,3
LF:22
LH:21
BRDA:17,0,0,0
BRDA:17,0,1,2
BRDA:26,1,0,0
BRDA:32,2,0,1
BRDA:32,2,1,2
BRDA:87,3,0,0
BRDA:116,4,0,2
BRDA:116,4,1,1
BRDA:142,5,0,0
BRDA:142,5,1,2
BRDA:174,6,0,0
BRDA:186,7,0,1
BRDA:186,7,1,1
BRDA:192,8,0,1
BRDA:192,8,1,1
BRDA:212,9,0,1
BRDA:212,9,1,1
BRDA:242,10,0,0
BRDA:317,11,0,0
BRDA:342,12,0,1
BRDA:342,12,1,0
BRDA:355,13,0,0
BRDA:355,13,1,1
BRDA:359,14,0,0
BRDA:359,14,1,1
BRF:25
BRH:15
end_of_record
TN:
SF:src\services\recommendationService.js
FN:5,trimSlashes
FN:8,joinUrl
FN:17,resolveMlBases
FN:59,(anonymous_3)
FN:74,(anonymous_4)
FN:75,(anonymous_5)
FN:95,(anonymous_6)
FN:119,(anonymous_7)
FN:168,(anonymous_8)
FN:178,(anonymous_9)
FN:209,(anonymous_10)
FN:225,(anonymous_11)
FN:236,(anonymous_12)
FN:257,(anonymous_13)
FN:265,(anonymous_14)
FN:285,(anonymous_15)
FN:288,(anonymous_16)
FN:298,(anonymous_17)
FN:299,(anonymous_18)
FN:378,(anonymous_19)
FN:379,(anonymous_20)
FN:384,(anonymous_21)
FN:395,(anonymous_22)
FN:408,(anonymous_23)
FNF:24
FNH:10
FNDA:1,trimSlashes
FNDA:1,joinUrl
FNDA:1,resolveMlBases
FNDA:1,(anonymous_3)
FNDA:0,(anonymous_4)
FNDA:0,(anonymous_5)
FNDA:0,(anonymous_6)
FNDA:0,(anonymous_7)
FNDA:0,(anonymous_8)
FNDA:0,(anonymous_9)
FNDA:0,(anonymous_10)
FNDA:0,(anonymous_11)
FNDA:0,(anonymous_12)
FNDA:0,(anonymous_13)
FNDA:0,(anonymous_14)
FNDA:1,(anonymous_15)
FNDA:100,(anonymous_16)
FNDA:1000,(anonymous_17)
FNDA:5500,(anonymous_18)
FNDA:100,(anonymous_19)
FNDA:536,(anonymous_20)
FNDA:0,(anonymous_21)
FNDA:0,(anonymous_22)
FNDA:0,(anonymous_23)
DA:2,1
DA:6,1
DA:9,1
DA:18,1
DA:19,1
DA:22,1
DA:24,1
DA:25,0
DA:27,0
DA:28,0
DA:35,0
DA:42,1
DA:43,0
DA:51,1
DA:60,1
DA:61,1
DA:62,1
DA:63,1
DA:65,1
DA:67,1
DA:73,1
DA:74,0
DA:76,0
DA:81,0
DA:85,0
DA:89,1
DA:90,1
DA:91,1
DA:96,0
DA:97,0
DA:98,0
DA:99,0
DA:100,0
DA:108,0
DA:109,0
DA:120,0
DA:121,0
DA:125,0
DA:132,0
DA:133,0
DA:134,0
DA:136,0
DA:142,0
DA:144,0
DA:156,0
DA:157,0
DA:158,0
DA:159,0
DA:161,0
DA:169,0
DA:170,0
DA:173,0
DA:174,0
DA:176,0
DA:178,0
DA:183,0
DA:184,0
DA:185,0
DA:187,0
DA:193,0
DA:194,0
DA:202,0
DA:205,0
DA:207,0
DA:209,0
DA:213,0
DA:214,0
DA:226,0
DA:227,0
DA:236,0
DA:258,0
DA:259,0
DA:265,0
DA:286,1
DA:288,1
DA:289,100
DA:290,100
DA:292,100
DA:293,100
DA:294,100
DA:295,100
DA:296,100
DA:298,100
DA:299,5500
DA:300,1000
DA:301,1000
DA:302,1000
DA:303,1000
DA:304,1000
DA:305,1000
DA:307,1000
DA:308,561
DA:315,439
DA:323,0
DA:332,100
DA:333,100
DA:336,100
DA:342,100
DA:377,1
DA:378,100
DA:379,536
DA:385,0
DA:386,0
DA:387,0
DA:388,0
DA:390,0
DA:391,0
DA:396,0
DA:397,0
DA:398,0
DA:399,0
DA:401,0
DA:402,0
DA:409,0
DA:410,0
DA:411,0
DA:412,0
DA:413,0
DA:414,0
DA:416,0
DA:417,0
DA:422,1
LF:122
LH:47
BRDA:5,0,0,0
BRDA:24,1,0,0
BRDA:24,1,1,1
BRDA:27,2,0,0
BRDA:27,2,1,0
BRDA:42,3,0,0
BRDA:42,3,1,1
BRDA:65,4,0,1
BRDA:65,4,1,1
BRDA:76,5,0,0
BRDA:76,5,1,0
BRDA:77,6,0,0
BRDA:77,6,1,0
BRDA:77,6,2,0
BRDA:103,7,0,0
BRDA:103,7,1,0
BRDA:104,8,0,0
BRDA:104,8,1,0
BRDA:119,9,0,0
BRDA:128,10,0,0
BRDA:128,10,1,0
BRDA:129,11,0,0
BRDA:129,11,1,0
BRDA:136,12,0,0
BRDA:136,12,1,0
BRDA:138,13,0,0
BRDA:138,13,1,0
BRDA:148,14,0,0
BRDA:148,14,1,0
BRDA:149,15,0,0
BRDA:149,15,1,0
BRDA:157,16,0,0
BRDA:157,16,1,0
BRDA:168,17,0,0
BRDA:169,18,0,0
BRDA:169,18,1,0
BRDA:170,19,0,0
BRDA:170,19,1,0
BRDA:178,20,0,0
BRDA:178,20,1,0
BRDA:187,21,0,0
BRDA:187,21,1,0
BRDA:189,22,0,0
BRDA:189,22,1,0
BRDA:202,23,0,0
BRDA:202,23,1,0
BRDA:204,24,0,0
BRDA:204,24,1,0
BRDA:209,25,0,0
BRDA:209,25,1,0
BRDA:226,26,0,0
BRDA:226,26,1,0
BRDA:226,26,2,0
BRDA:231,27,0,0
BRDA:231,27,1,0
BRDA:232,28,0,0
BRDA:232,28,1,0
BRDA:233,29,0,0
BRDA:233,29,1,0
BRDA:234,30,0,0
BRDA:234,30,1,0
BRDA:235,31,0,0
BRDA:235,31,1,0
BRDA:238,32,0,0
BRDA:238,32,1,0
BRDA:238,32,2,0
BRDA:239,33,0,0
BRDA:239,33,1,0
BRDA:239,33,2,0
BRDA:241,34,0,0
BRDA:241,34,1,0
BRDA:241,34,2,0
BRDA:241,34,3,0
BRDA:246,35,0,0
BRDA:246,35,1,0
BRDA:246,35,2,0
BRDA:248,36,0,0
BRDA:248,36,1,0
BRDA:249,37,0,0
BRDA:249,37,1,0
BRDA:251,38,0,0
BRDA:251,38,1,0
BRDA:252,39,0,0
BRDA:252,39,1,0
BRDA:258,40,0,0
BRDA:258,40,1,0
BRDA:258,40,2,0
BRDA:261,41,0,0
BRDA:261,41,1,0
BRDA:262,42,0,0
BRDA:262,42,1,0
BRDA:262,42,2,0
BRDA:263,43,0,0
BRDA:263,43,1,0
BRDA:264,44,0,0
BRDA:264,44,1,0
BRDA:264,44,2,0
BRDA:267,45,0,0
BRDA:267,45,1,0
BRDA:267,45,2,0
BRDA:268,46,0,0
BRDA:268,46,1,0
BRDA:268,46,2,0
BRDA:270,47,0,0
BRDA:270,47,1,0
BRDA:270,47,2,0
BRDA:270,47,3,0
BRDA:275,48,0,0
BRDA:275,48,1,0
BRDA:275,48,2,0
BRDA:277,49,0,0
BRDA:277,49,1,0
BRDA:279,50,0,0
BRDA:279,50,1,0
BRDA:286,51,0,1
BRDA:286,51,1,0
BRDA:288,52,0,1
BRDA:288,52,1,0
BRDA:289,53,0,100
BRDA:289,53,1,0
BRDA:290,54,0,100
BRDA:290,54,1,0
BRDA:300,55,0,1000
BRDA:300,55,1,0
BRDA:301,56,0,1000
BRDA:301,56,1,0
BRDA:302,57,0,1000
BRDA:302,57,1,0
BRDA:303,58,0,1000
BRDA:303,58,1,0
BRDA:307,59,0,561
BRDA:307,59,1,439
BRDA:312,60,0,561
BRDA:312,60,1,561
BRDA:319,61,0,439
BRDA:319,61,1,439
BRDA:327,62,0,0
BRDA:327,62,1,0
BRDA:336,63,0,42
BRDA:336,63,1,58
BRDA:338,64,0,58
BRDA:338,64,1,0
BRDA:345,65,0,100
BRDA:345,65,1,100
BRDA:355,66,0,42
BRDA:355,66,1,58
BRDA:357,67,0,58
BRDA:357,67,1,0
BRDA:367,68,0,42
BRDA:367,68,1,58
BRF:150
BRH:28
end_of_record
TN:
SF:src\services\securityService.js
FN:4,(anonymous_0)
FN:12,(anonymous_1)
FN:70,(anonymous_2)
FN:92,(anonymous_3)
FN:114,(anonymous_4)
FN:133,(anonymous_5)
FN:152,(anonymous_6)
FN:166,(anonymous_7)
FN:186,(anonymous_8)
FN:191,(anonymous_9)
FN:202,(anonymous_10)
FN:207,(anonymous_11)
FNF:12
FNH:12
FNDA:3,(anonymous_0)
FNDA:6,(anonymous_1)
FNDA:5,(anonymous_2)
FNDA:4,(anonymous_3)
FNDA:2,(anonymous_4)
FNDA:1,(anonymous_5)
FNDA:12,(anonymous_6)
FNDA:9,(anonymous_7)
FNDA:5,(anonymous_8)
FNDA:2,(anonymous_9)
FNDA:3,(anonymous_10)
FNDA:7,(anonymous_11)
DA:1,3
DA:5,3
DA:6,3
DA:7,3
DA:8,3
DA:13,6
DA:14,6
DA:23,6
DA:25,4
DA:26,4
DA:32,4
DA:33,2
DA:36,2
DA:40,4
DA:41,3
DA:44,4
DA:45,4
DA:48,2
DA:51,2
DA:61,2
DA:62,1
DA:65,2
DA:71,5
DA:72,5
DA:75,5
DA:79,5
DA:80,4
DA:81,4
DA:84,5
DA:85,5
DA:87,0
DA:93,4
DA:94,4
DA:96,4
DA:107,4
DA:109,0
DA:115,2
DA:116,2
DA:118,2
DA:126,2
DA:128,0
DA:134,1
DA:135,1
DA:137,1
DA:145,1
DA:147,0
DA:153,12
DA:156,11
DA:157,4
DA:158,3
DA:159,2
DA:160,1
DA:162,1
DA:167,9
DA:168,2
DA:173,7
DA:182,7
DA:187,5
DA:192,2
DA:194,1
DA:195,1
DA:196,1
DA:198,1
DA:203,3
DA:208,7
DA:212,3
LF:66
LH:62
BRDA:12,0,0,0
BRDA:15,1,0,2
BRDA:15,1,1,4
BRDA:17,2,0,6
BRDA:17,2,1,0
BRDA:19,3,0,6
BRDA:19,3,1,3
BRDA:23,4,0,4
BRDA:23,4,1,2
BRDA:25,5,0,4
BRDA:25,5,1,1
BRDA:32,6,0,2
BRDA:32,6,1,2
BRDA:40,7,0,3
BRDA:40,7,1,1
BRDA:61,8,0,1
BRDA:61,8,1,1
BRDA:75,9,0,5
BRDA:75,9,1,1
BRDA:75,9,2,1
BRDA:79,10,0,4
BRDA:79,10,1,1
BRDA:94,11,0,0
BRDA:94,11,1,4
BRDA:102,12,0,4
BRDA:102,12,1,1
BRDA:116,13,0,0
BRDA:116,13,1,2
BRDA:135,14,0,0
BRDA:135,14,1,1
BRDA:153,15,0,1
BRDA:153,15,1,11
BRDA:156,16,0,7
BRDA:156,16,1,4
BRDA:157,17,0,1
BRDA:157,17,1,3
BRDA:158,18,0,1
BRDA:158,18,1,2
BRDA:158,19,0,3
BRDA:158,19,1,1
BRDA:159,20,0,1
BRDA:159,20,1,1
BRDA:160,21,0,0
BRDA:160,21,1,1
BRDA:167,22,0,2
BRDA:167,22,1,7
BRDA:167,23,0,9
BRDA:167,23,1,9
BRDA:167,23,2,8
BRDA:187,24,0,5
BRDA:187,24,1,3
BRDA:192,25,0,1
BRDA:192,25,1,1
BRF:53
BRH:47
end_of_record
TN:
SF:test\testUtils.js
FN:2,(anonymous_0)
FN:13,(anonymous_1)
FN:23,(anonymous_2)
FN:28,(anonymous_3)
FN:40,(anonymous_4)
FN:51,(anonymous_5)
FN:62,(anonymous_6)
FN:63,(anonymous_7)
FN:66,(anonymous_8)
FN:70,(anonymous_9)
FNF:10
FNH:8
FNDA:2,(anonymous_0)
FNDA:0,(anonymous_1)
FNDA:0,(anonymous_2)
FNDA:2,(anonymous_3)
FNDA:1,(anonymous_4)
FNDA:1,(anonymous_5)
FNDA:2,(anonymous_6)
FNDA:2,(anonymous_7)
FNDA:2,(anonymous_8)
FNDA:2,(anonymous_9)
DA:3,2
DA:13,0
DA:23,0
DA:29,2
DA:41,1
DA:52,1
DA:63,2
DA:67,2
DA:71,2
DA:75,1
LF:10
LH:8
BRDA:2,0,0,1
BRDA:28,1,0,1
BRDA:40,2,0,1
BRDA:51,3,0,1
BRDA:62,4,0,0
BRF:5
BRH:4
end_of_record
TN:
SF:test\mocks\index.js
FN:2,(anonymous_0)
FN:31,(anonymous_1)
FN:61,(anonymous_2)
FN:73,(anonymous_3)
FN:74,(anonymous_4)
FN:76,(anonymous_5)
FN:78,(anonymous_6)
FN:90,(anonymous_7)
FN:101,(anonymous_8)
FN:113,(anonymous_9)
FN:137,(anonymous_10)
FN:154,(anonymous_11)
FN:155,(anonymous_12)
FN:156,(anonymous_13)
FN:168,(anonymous_14)
FN:189,(anonymous_15)
FN:209,(anonymous_16)
FN:228,(anonymous_17)
FNF:18
FNH:8
FNDA:0,(anonymous_0)
FNDA:33,(anonymous_1)
FNDA:4,(anonymous_2)
FNDA:0,(anonymous_3)
FNDA:0,(anonymous_4)
FNDA:0,(anonymous_5)
FNDA:0,(anonymous_6)
FNDA:2,(anonymous_7)
FNDA:0,(anonymous_8)
FNDA:0,(anonymous_9)
FNDA:6,(anonymous_10)
FNDA:2,(anonymous_11)
FNDA:2,(anonymous_12)
FNDA:2,(anonymous_13)
FNDA:21,(anonymous_14)
FNDA:0,(anonymous_15)
FNDA:0,(anonymous_16)
FNDA:0,(anonymous_17)
DA:1,8
DA:2,0
DA:31,8
DA:32,33
DA:33,33
DA:35,33
DA:36,33
DA:37,33
DA:38,33
DA:39,33
DA:40,33
DA:41,33
DA:42,33
DA:43,33
DA:44,33
DA:47,8
DA:61,4
DA:73,0
DA:74,0
DA:76,0
DA:78,0
DA:81,8
DA:90,2
DA:101,0
DA:104,8
DA:113,0
DA:127,8
DA:137,6
DA:154,2
DA:155,2
DA:156,2
DA:159,8
DA:168,21
DA:181,8
DA:189,0
DA:201,8
DA:209,0
DA:222,8
DA:228,0
DA:239,8
DA:415,8
LF:41
LH:31
BRDA:32,0,0,0
BRDA:32,0,1,33
BRF:2
BRH:1
end_of_record
