TN:
SF:models\aireproximite.js
FN:3,(anonymous_0)
FN:5,(anonymous_1)
FNF:2
FNH:0
FNDA:0,(anonymous_0)
FNDA:0,(anonymous_1)
DA:2,0
DA:3,0
DA:6,0
DA:14,0
DA:25,0
LF:5
LH:0
BRF:0
BRH:0
end_of_record
TN:
SF:models\application.js
FN:4,(anonymous_0)
FN:6,(anonymous_1)
FN:91,(anonymous_2)
FN:104,(anonymous_3)
FNF:4
FNH:0
FNDA:0,(anonymous_0)
FNDA:0,(anonymous_1)
FNDA:0,(anonymous_2)
FNDA:0,(anonymous_3)
DA:2,0
DA:4,0
DA:7,0
DA:12,0
DA:17,0
DA:24,0
DA:93,0
DA:97,0
DA:98,0
DA:106,0
DA:110,0
DA:111,0
DA:120,0
LF:13
LH:0
BRDA:97,0,0,0
BRDA:97,0,1,0
BRDA:110,1,0,0
BRDA:110,1,1,0
BRDA:110,2,0,0
BRDA:110,2,1,0
BRF:6
BRH:0
end_of_record
TN:
SF:models\auditlog.js
FN:4,(anonymous_0)
FN:6,(anonymous_1)
FNF:2
FNH:0
FNDA:0,(anonymous_0)
FNDA:0,(anonymous_1)
DA:2,0
DA:4,0
DA:7,0
DA:11,0
DA:18,0
DA:72,0
LF:6
LH:0
BRF:0
BRH:0
end_of_record
TN:
SF:models\candidate.js
FN:5,(anonymous_0)
FN:7,(anonymous_1)
FN:34,(anonymous_2)
FN:39,(anonymous_3)
FN:47,(anonymous_4)
FN:60,(anonymous_5)
FN:66,(anonymous_6)
FN:81,(anonymous_7)
FN:186,(anonymous_8)
FN:192,(anonymous_9)
FNF:10
FNH:0
FNDA:0,(anonymous_0)
FNDA:0,(anonymous_1)
FNDA:0,(anonymous_2)
FNDA:0,(anonymous_3)
FNDA:0,(anonymous_4)
FNDA:0,(anonymous_5)
FNDA:0,(anonymous_6)
FNDA:0,(anonymous_7)
FNDA:0,(anonymous_8)
FNDA:0,(anonymous_9)
DA:2,0
DA:3,0
DA:5,0
DA:9,0
DA:15,0
DA:21,0
DA:27,0
DA:35,0
DA:40,0
DA:41,0
DA:42,0
DA:43,0
DA:48,0
DA:49,0
DA:52,0
DA:53,0
DA:56,0
DA:61,0
DA:62,0
DA:67,0
DA:68,0
DA:71,0
DA:73,0
DA:76,0
DA:77,0
DA:82,0
DA:83,0
DA:84,0
DA:85,0
DA:86,0
DA:87,0
DA:91,0
DA:187,0
DA:188,0
DA:189,0
DA:193,0
DA:194,0
DA:195,0
DA:202,0
LF:39
LH:0
BRDA:48,0,0,0
BRDA:48,0,1,0
BRDA:52,1,0,0
BRDA:52,1,1,0
BRDA:61,2,0,0
BRDA:61,2,1,0
BRDA:67,3,0,0
BRDA:67,3,1,0
BRDA:71,4,0,0
BRDA:71,4,1,0
BRDA:71,5,0,0
BRDA:71,5,1,0
BRDA:187,6,0,0
BRDA:187,6,1,0
BRDA:193,7,0,0
BRDA:193,7,1,0
BRF:16
BRH:0
end_of_record
TN:
SF:models\candidatecv.js
FN:4,(anonymous_0)
FN:6,(anonymous_1)
FN:59,(anonymous_2)
FN:70,(anonymous_3)
FNF:4
FNH:0
FNDA:0,(anonymous_0)
FNDA:0,(anonymous_1)
FNDA:0,(anonymous_2)
FNDA:0,(anonymous_3)
DA:2,0
DA:4,0
DA:7,0
DA:12,0
DA:19,0
DA:61,0
DA:66,0
DA:67,0
DA:72,0
DA:73,0
DA:89,0
LF:11
LH:0
BRDA:66,0,0,0
BRDA:66,0,1,0
BRDA:72,1,0,0
BRDA:72,1,1,0
BRF:4
BRH:0
end_of_record
TN:
SF:models\candidatefavorite.js
FN:4,(anonymous_0)
FN:6,(anonymous_1)
FNF:2
FNH:0
FNDA:0,(anonymous_0)
FNDA:0,(anonymous_1)
DA:2,0
DA:4,0
DA:7,0
DA:12,0
DA:19,0
DA:51,0
LF:6
LH:0
BRF:0
BRH:0
end_of_record
TN:
SF:models\candidateskill.js
FN:4,(anonymous_0)
FN:6,(anonymous_1)
FNF:2
FNH:0
FNDA:0,(anonymous_0)
FNDA:0,(anonymous_1)
DA:2,0
DA:4,0
DA:7,0
DA:12,0
DA:17,0
DA:24,0
DA:76,0
LF:7
LH:0
BRF:0
BRH:0
end_of_record
TN:
SF:models\employee.js
FN:4,(anonymous_0)
FN:6,(anonymous_1)
FNF:2
FNH:0
FNDA:0,(anonymous_0)
FNDA:0,(anonymous_1)
DA:2,0
DA:4,0
DA:7,0
DA:11,0
DA:18,0
DA:38,0
LF:6
LH:0
BRF:0
BRH:0
end_of_record
TN:
SF:models\employeeskill.js
FN:3,(anonymous_0)
FN:5,(anonymous_1)
FNF:2
FNH:0
FNDA:0,(anonymous_0)
FNDA:0,(anonymous_1)
DA:2,0
DA:3,0
DA:6,0
DA:10,0
DA:14,0
DA:20,0
DA:41,0
LF:7
LH:0
BRF:0
BRH:0
end_of_record
TN:
SF:models\index.js
FN:27,(anonymous_0)
FN:30,(anonymous_1)
FN:35,(anonymous_2)
FNF:3
FNH:0
FNDA:0,(anonymous_0)
FNDA:0,(anonymous_1)
FNDA:0,(anonymous_2)
DA:3,0
DA:4,0
DA:5,0
DA:6,0
DA:8,0
DA:9,0
DA:10,0
DA:12,0
DA:14,0
DA:25,0
DA:28,0
DA:31,0
DA:32,0
DA:35,0
DA:36,0
DA:37,0
DA:40,0
DA:41,0
DA:43,0
LF:19
LH:0
BRDA:9,0,0,0
BRDA:9,0,1,0
BRDA:20,1,0,0
BRDA:20,1,1,0
BRDA:21,2,0,0
BRDA:21,2,1,0
BRDA:28,3,0,0
BRDA:28,3,1,0
BRDA:28,3,2,0
BRDA:36,4,0,0
BRDA:36,4,1,0
BRF:11
BRH:0
end_of_record
TN:
SF:models\interview.js
FN:4,(anonymous_0)
FN:6,(anonymous_1)
FN:136,(anonymous_2)
FN:147,(anonymous_3)
FNF:4
FNH:0
FNDA:0,(anonymous_0)
FNDA:0,(anonymous_1)
FNDA:0,(anonymous_2)
FNDA:0,(anonymous_3)
DA:2,0
DA:4,0
DA:7,0
DA:12,0
DA:19,0
DA:138,0
DA:139,0
DA:141,0
DA:142,0
DA:143,0
DA:144,0
DA:149,0
DA:150,0
DA:151,0
DA:152,0
DA:153,0
DA:154,0
DA:162,0
LF:18
LH:0
BRDA:138,0,0,0
BRDA:138,0,1,0
BRDA:138,1,0,0
BRDA:138,1,1,0
BRDA:141,2,0,0
BRDA:141,2,1,0
BRDA:141,3,0,0
BRDA:141,3,1,0
BRDA:141,3,2,0
BRDA:149,4,0,0
BRDA:149,4,1,0
BRDA:149,5,0,0
BRDA:149,5,1,0
BRDA:150,6,0,0
BRDA:150,6,1,0
BRDA:153,7,0,0
BRDA:153,7,1,0
BRF:17
BRH:0
end_of_record
TN:
SF:models\jobdescription.js
FN:3,(anonymous_0)
FN:5,(anonymous_1)
FNF:2
FNH:0
FNDA:0,(anonymous_0)
FNDA:0,(anonymous_1)
DA:2,0
DA:3,0
DA:6,0
DA:13,0
DA:20,0
DA:27,0
DA:32,0
DA:37,0
DA:42,0
DA:46,0
DA:50,0
DA:56,0
DA:75,0
LF:13
LH:0
BRF:0
BRH:0
end_of_record
TN:
SF:models\jobemployeeskillmatch.js
FN:4,(anonymous_0)
FN:6,(anonymous_1)
FNF:2
FNH:0
FNDA:0,(anonymous_0)
FNDA:0,(anonymous_1)
DA:2,0
DA:4,0
DA:7,0
DA:11,0
DA:15,0
DA:22,0
DA:39,0
LF:7
LH:0
BRF:0
BRH:0
end_of_record
TN:
SF:models\joboffer.js
FN:4,(anonymous_0)
FN:6,(anonymous_1)
FN:140,(anonymous_2)
FNF:3
FNH:0
FNDA:0,(anonymous_0)
FNDA:0,(anonymous_1)
FNDA:0,(anonymous_2)
DA:2,0
DA:4,0
DA:8,0
DA:14,0
DA:27,0
DA:142,0
DA:143,0
DA:150,0
LF:8
LH:0
BRDA:142,0,0,0
BRDA:142,0,1,0
BRDA:142,1,0,0
BRDA:142,1,1,0
BRDA:142,1,2,0
BRF:5
BRH:0
end_of_record
TN:
SF:models\jobrequiredskill.js
FN:3,(anonymous_0)
FN:5,(anonymous_1)
FNF:2
FNH:0
FNDA:0,(anonymous_0)
FNDA:0,(anonymous_1)
DA:2,0
DA:3,0
DA:6,0
DA:9,0
DA:12,0
DA:17,0
DA:35,0
LF:7
LH:0
BRF:0
BRH:0
end_of_record
TN:
SF:models\mission.js
FN:3,(anonymous_0)
FN:6,(anonymous_1)
FNF:2
FNH:0
FNDA:0,(anonymous_0)
FNDA:0,(anonymous_1)
DA:2,0
DA:3,0
DA:7,0
DA:15,0
DA:25,0
LF:5
LH:0
BRF:0
BRH:0
end_of_record
TN:
SF:models\moyen.js
FN:3,(anonymous_0)
FN:10,(anonymous_1)
FNF:2
FNH:0
FNDA:0,(anonymous_0)
FNDA:0,(anonymous_1)
DA:2,0
DA:3,0
DA:11,0
DA:19,0
DA:29,0
LF:5
LH:0
BRF:0
BRH:0
end_of_record
TN:
SF:models\role.js
FN:4,(anonymous_0)
FN:6,(anonymous_1)
FNF:2
FNH:0
FNDA:0,(anonymous_0)
FNDA:0,(anonymous_1)
DA:2,0
DA:4,0
DA:8,0
DA:17,0
DA:49,0
LF:5
LH:0
BRF:0
BRH:0
end_of_record
TN:
SF:models\skill.js
FN:3,(anonymous_0)
FN:5,(anonymous_1)
FNF:2
FNH:0
FNDA:0,(anonymous_0)
FNDA:0,(anonymous_1)
DA:2,0
DA:3,0
DA:6,0
DA:11,0
DA:16,0
DA:21,0
DA:27,0
DA:39,0
LF:8
LH:0
BRF:0
BRH:0
end_of_record
TN:
SF:models\skilllevel.js
FN:3,(anonymous_0)
FN:5,(anonymous_1)
FNF:2
FNH:0
FNDA:0,(anonymous_0)
FNDA:0,(anonymous_1)
DA:2,0
DA:3,0
DA:6,0
DA:9,0
DA:14,0
DA:26,0
LF:6
LH:0
BRF:0
BRH:0
end_of_record
TN:
SF:models\skilltype.js
FN:3,(anonymous_0)
FN:5,(anonymous_1)
FNF:2
FNH:0
FNDA:0,(anonymous_0)
FNDA:0,(anonymous_1)
DA:2,0
DA:3,0
DA:6,0
DA:12,0
DA:23,0
LF:5
LH:0
BRF:0
BRH:0
end_of_record
TN:
SF:models\user.js
FN:5,(anonymous_0)
FN:7,(anonymous_1)
FN:31,(anonymous_2)
FN:36,(anonymous_3)
FN:38,(anonymous_4)
FN:42,(anonymous_5)
FN:44,(anonymous_6)
FN:48,(anonymous_7)
FN:50,(anonymous_8)
FN:54,(anonymous_9)
FN:62,(anonymous_10)
FN:75,(anonymous_11)
FN:81,(anonymous_12)
FN:96,(anonymous_13)
FN:202,(anonymous_14)
FN:208,(anonymous_15)
FNF:16
FNH:0
FNDA:0,(anonymous_0)
FNDA:0,(anonymous_1)
FNDA:0,(anonymous_2)
FNDA:0,(anonymous_3)
FNDA:0,(anonymous_4)
FNDA:0,(anonymous_5)
FNDA:0,(anonymous_6)
FNDA:0,(anonymous_7)
FNDA:0,(anonymous_8)
FNDA:0,(anonymous_9)
FNDA:0,(anonymous_10)
FNDA:0,(anonymous_11)
FNDA:0,(anonymous_12)
FNDA:0,(anonymous_13)
FNDA:0,(anonymous_14)
FNDA:0,(anonymous_15)
DA:2,0
DA:3,0
DA:5,0
DA:9,0
DA:17,0
DA:18,0
DA:23,0
DA:32,0
DA:37,0
DA:38,0
DA:43,0
DA:44,0
DA:49,0
DA:50,0
DA:55,0
DA:56,0
DA:57,0
DA:58,0
DA:63,0
DA:64,0
DA:67,0
DA:68,0
DA:71,0
DA:76,0
DA:77,0
DA:82,0
DA:83,0
DA:86,0
DA:88,0
DA:91,0
DA:92,0
DA:97,0
DA:98,0
DA:99,0
DA:100,0
DA:101,0
DA:102,0
DA:106,0
DA:203,0
DA:204,0
DA:205,0
DA:209,0
DA:210,0
DA:211,0
DA:218,0
LF:45
LH:0
BRDA:17,0,0,0
BRDA:17,0,1,0
BRDA:38,1,0,0
BRDA:38,1,1,0
BRDA:44,2,0,0
BRDA:44,2,1,0
BRDA:63,3,0,0
BRDA:63,3,1,0
BRDA:67,4,0,0
BRDA:67,4,1,0
BRDA:76,5,0,0
BRDA:76,5,1,0
BRDA:82,6,0,0
BRDA:82,6,1,0
BRDA:86,7,0,0
BRDA:86,7,1,0
BRDA:86,8,0,0
BRDA:86,8,1,0
BRDA:203,9,0,0
BRDA:203,9,1,0
BRDA:209,10,0,0
BRDA:209,10,1,0
BRF:22
BRH:0
end_of_record
TN:
SF:models\userrole.js
FN:4,(anonymous_0)
FN:6,(anonymous_1)
FNF:2
FNH:0
FNDA:0,(anonymous_0)
FNDA:0,(anonymous_1)
DA:2,0
DA:4,0
DA:7,0
DA:11,0
DA:18,0
DA:56,0
LF:6
LH:0
BRF:0
BRH:0
end_of_record
TN:
SF:src\controllers\analytics.js
FN:17,(anonymous_0)
FN:119,(anonymous_1)
FN:169,(anonymous_2)
FN:190,(anonymous_3)
FN:211,(anonymous_4)
FN:267,(anonymous_5)
FN:280,(anonymous_6)
FN:331,(anonymous_7)
FN:335,(anonymous_8)
FN:368,(anonymous_9)
FN:386,(anonymous_10)
FN:396,(anonymous_11)
FN:409,(anonymous_12)
FN:455,(anonymous_13)
FN:464,(anonymous_14)
FN:534,(anonymous_15)
FN:549,(anonymous_16)
FN:550,(anonymous_17)
FN:550,(anonymous_18)
FN:603,(anonymous_19)
FN:616,(anonymous_20)
FN:637,(anonymous_21)
FN:687,(anonymous_22)
FN:702,(anonymous_23)
FN:718,(anonymous_24)
FN:739,(anonymous_25)
FN:773,(anonymous_26)
FN:795,(anonymous_27)
FN:822,(anonymous_28)
FN:838,(anonymous_29)
FN:857,(anonymous_30)
FN:881,(anonymous_31)
FN:910,(anonymous_32)
FN:913,(anonymous_33)
FN:934,(anonymous_34)
FN:949,(anonymous_35)
FN:969,(anonymous_36)
FN:973,(anonymous_37)
FN:981,(anonymous_38)
FN:992,(anonymous_39)
FN:1003,(anonymous_40)
FN:1015,(anonymous_41)
FN:1017,(anonymous_42)
FN:1021,(anonymous_43)
FN:1022,(anonymous_44)
FN:1029,(anonymous_45)
FN:1031,(anonymous_46)
FN:1032,(anonymous_47)
FN:1036,(anonymous_48)
FN:1037,(anonymous_49)
FN:1044,(anonymous_50)
FNF:51
FNH:26
FNDA:1,(anonymous_0)
FNDA:1,(anonymous_1)
FNDA:2,(anonymous_2)
FNDA:0,(anonymous_3)
FNDA:2,(anonymous_4)
FNDA:0,(anonymous_5)
FNDA:0,(anonymous_6)
FNDA:0,(anonymous_7)
FNDA:0,(anonymous_8)
FNDA:0,(anonymous_9)
FNDA:0,(anonymous_10)
FNDA:0,(anonymous_11)
FNDA:1,(anonymous_12)
FNDA:0,(anonymous_13)
FNDA:0,(anonymous_14)
FNDA:0,(anonymous_15)
FNDA:0,(anonymous_16)
FNDA:0,(anonymous_17)
FNDA:0,(anonymous_18)
FNDA:1,(anonymous_19)
FNDA:2,(anonymous_20)
FNDA:0,(anonymous_21)
FNDA:1,(anonymous_22)
FNDA:2,(anonymous_23)
FNDA:1,(anonymous_24)
FNDA:0,(anonymous_25)
FNDA:0,(anonymous_26)
FNDA:0,(anonymous_27)
FNDA:2,(anonymous_28)
FNDA:0,(anonymous_29)
FNDA:2,(anonymous_30)
FNDA:0,(anonymous_31)
FNDA:2,(anonymous_32)
FNDA:10,(anonymous_33)
FNDA:1,(anonymous_34)
FNDA:1,(anonymous_35)
FNDA:1,(anonymous_36)
FNDA:0,(anonymous_37)
FNDA:20,(anonymous_38)
FNDA:10,(anonymous_39)
FNDA:10,(anonymous_40)
FNDA:1,(anonymous_41)
FNDA:0,(anonymous_42)
FNDA:1,(anonymous_43)
FNDA:0,(anonymous_44)
FNDA:1,(anonymous_45)
FNDA:0,(anonymous_46)
FNDA:0,(anonymous_47)
FNDA:1,(anonymous_48)
FNDA:5,(anonymous_49)
FNDA:1,(anonymous_50)
DA:1,1
DA:2,1
DA:3,1
DA:14,1
DA:17,1
DA:18,1
DA:19,1
DA:20,1
DA:21,1
DA:23,1
DA:26,1
DA:27,1
DA:28,1
DA:29,0
DA:44,1
DA:54,1
DA:57,1
DA:64,1
DA:111,1
DA:113,0
DA:114,0
DA:119,1
DA:120,1
DA:121,1
DA:124,1
DA:125,1
DA:126,1
DA:127,0
DA:134,1
DA:135,1
DA:136,1
DA:139,1
DA:142,1
DA:145,1
DA:157,1
DA:169,2
DA:178,1
DA:185,1
DA:190,0
DA:203,0
DA:205,1
DA:206,1
DA:211,1
DA:212,2
DA:213,2
DA:216,2
DA:217,2
DA:218,1
DA:222,1
DA:230,1
DA:248,1
DA:266,1
DA:267,1
DA:268,0
DA:275,1
DA:276,1
DA:277,1
DA:280,1
DA:281,0
DA:282,0
DA:283,0
DA:285,0
DA:286,0
DA:296,0
DA:297,0
DA:298,0
DA:299,0
DA:307,1
DA:308,0
DA:309,0
DA:311,0
DA:312,0
DA:313,0
DA:315,0
DA:331,1
DA:334,1
DA:335,1
DA:336,0
DA:337,0
DA:338,0
DA:348,0
DA:349,0
DA:350,0
DA:352,0
DA:359,0
DA:360,0
DA:364,1
DA:365,0
DA:367,0
DA:368,0
DA:370,0
DA:386,1
DA:388,1
DA:396,0
DA:401,1
DA:403,0
DA:404,0
DA:409,1
DA:410,1
DA:411,1
DA:414,1
DA:415,1
DA:416,0
DA:420,1
DA:421,1
DA:422,0
DA:426,1
DA:439,1
DA:454,1
DA:455,1
DA:456,0
DA:459,1
DA:460,1
DA:461,1
DA:463,1
DA:464,0
DA:465,0
DA:466,0
DA:468,0
DA:469,0
DA:470,0
DA:472,0
DA:473,0
DA:483,1
DA:484,1
DA:485,1
DA:487,1
DA:495,1
DA:496,1
DA:497,1
DA:500,1
DA:501,1
DA:502,1
DA:505,1
DA:506,1
DA:507,1
DA:509,1
DA:510,0
DA:512,1
DA:513,0
DA:516,1
DA:526,1
DA:528,0
DA:529,0
DA:534,1
DA:535,0
DA:536,0
DA:538,0
DA:539,0
DA:542,0
DA:544,0
DA:545,0
DA:547,0
DA:548,0
DA:549,0
DA:550,0
DA:554,0
DA:555,0
DA:557,0
DA:558,0
DA:559,0
DA:560,0
DA:562,0
DA:563,0
DA:564,0
DA:566,0
DA:591,0
DA:595,0
DA:597,0
DA:598,0
DA:603,1
DA:604,1
DA:606,1
DA:616,1
DA:617,2
DA:618,2
DA:629,1
DA:631,0
DA:632,0
DA:637,1
DA:638,0
DA:640,0
DA:679,0
DA:681,0
DA:682,0
DA:687,1
DA:688,1
DA:690,1
DA:702,2
DA:710,1
DA:712,0
DA:713,0
DA:718,1
DA:719,1
DA:720,1
DA:728,1
DA:735,1
DA:739,0
DA:748,1
DA:751,1
DA:758,1
DA:764,1
DA:767,0
DA:768,0
DA:773,1
DA:774,0
DA:775,0
DA:777,0
DA:788,0
DA:789,0
DA:793,0
DA:795,0
DA:799,0
DA:802,0
DA:807,0
DA:813,0
DA:816,0
DA:817,0
DA:822,1
DA:823,2
DA:824,2
DA:838,2
DA:851,2
DA:852,2
DA:857,1
DA:858,2
DA:859,2
DA:881,2
DA:882,0
DA:883,0
DA:884,0
DA:885,0
DA:887,0
DA:904,2
DA:905,2
DA:910,1
DA:911,2
DA:913,2
DA:914,10
DA:915,10
DA:916,10
DA:917,10
DA:919,10
DA:934,1
DA:935,1
DA:941,1
DA:949,1
DA:950,1
DA:969,1
DA:970,1
DA:973,1
DA:974,0
DA:975,0
DA:976,0
DA:977,0
DA:981,1
DA:982,20
DA:989,20
DA:992,1
DA:993,10
DA:1000,10
DA:1003,1
DA:1004,10
DA:1011,10
DA:1015,1
DA:1016,1
DA:1017,0
DA:1018,0
DA:1021,1
DA:1022,1
DA:1029,1
DA:1030,1
DA:1031,0
DA:1032,0
DA:1036,1
DA:1037,5
DA:1044,1
DA:1045,1
DA:1054,1
LF:279
LH:163
BRDA:20,0,0,1
BRDA:20,0,1,0
BRDA:27,1,0,0
BRDA:27,1,1,1
BRDA:28,2,0,0
BRDA:28,2,1,1
BRDA:54,3,0,1
BRDA:54,3,1,0
BRDA:72,4,0,1
BRDA:72,4,1,1
BRDA:125,5,0,0
BRDA:125,5,1,1
BRDA:126,6,0,0
BRDA:126,6,1,1
BRDA:142,7,0,1
BRDA:142,7,1,0
BRDA:217,8,0,1
BRDA:217,8,1,1
BRDA:269,9,0,0
BRDA:269,9,1,0
BRDA:270,10,0,0
BRDA:270,10,1,0
BRDA:282,11,0,0
BRDA:282,11,1,0
BRDA:283,12,0,0
BRDA:283,12,1,0
BRDA:285,13,0,0
BRDA:285,13,1,0
BRDA:288,14,0,0
BRDA:288,14,1,0
BRDA:311,15,0,0
BRDA:311,15,1,0
BRDA:323,16,0,0
BRDA:323,16,1,0
BRDA:323,17,0,0
BRDA:323,17,1,0
BRDA:337,18,0,0
BRDA:337,18,1,0
BRDA:349,19,0,0
BRDA:349,19,1,0
BRDA:350,20,0,0
BRDA:350,20,1,0
BRDA:365,21,0,0
BRDA:365,21,1,0
BRDA:367,22,0,0
BRDA:367,22,1,0
BRDA:376,23,0,0
BRDA:376,23,1,0
BRDA:376,24,0,0
BRDA:376,24,1,0
BRDA:395,25,0,0
BRDA:395,25,1,1
BRDA:415,26,0,0
BRDA:415,26,1,1
BRDA:421,27,0,0
BRDA:421,27,1,1
BRDA:456,28,0,0
BRDA:456,28,1,0
BRDA:463,29,0,0
BRDA:463,29,1,1
BRDA:465,30,0,0
BRDA:465,30,1,0
BRDA:466,31,0,0
BRDA:466,31,1,0
BRDA:472,32,0,0
BRDA:472,32,1,0
BRDA:474,33,0,0
BRDA:474,33,1,0
BRDA:495,34,0,0
BRDA:495,34,1,1
BRDA:501,35,0,0
BRDA:501,35,1,1
BRDA:502,36,0,0
BRDA:502,36,1,1
BRDA:506,37,0,1
BRDA:506,37,1,0
BRDA:509,38,0,0
BRDA:509,38,1,1
BRDA:509,39,0,1
BRDA:509,39,1,0
BRDA:512,40,0,0
BRDA:512,40,1,1
BRDA:538,41,0,0
BRDA:538,41,1,0
BRDA:555,42,0,0
BRDA:555,42,1,0
BRDA:563,43,0,0
BRDA:563,43,1,0
BRDA:564,44,0,0
BRDA:564,44,1,0
BRDA:585,45,0,0
BRDA:585,45,1,0
BRDA:720,46,0,1
BRDA:720,47,0,1
BRDA:788,48,0,0
BRDA:788,48,1,0
BRDA:841,49,0,0
BRDA:841,49,1,0
BRDA:842,50,0,0
BRDA:842,50,1,0
BRDA:843,51,0,0
BRDA:843,51,1,0
BRDA:847,52,0,0
BRDA:847,52,1,0
BRDA:883,53,0,0
BRDA:883,53,1,0
BRDA:884,54,0,0
BRDA:884,54,1,0
BRDA:885,55,0,0
BRDA:885,55,1,0
BRDA:890,56,0,0
BRDA:890,56,1,0
BRDA:893,57,0,0
BRDA:893,57,1,0
BRDA:899,58,0,0
BRDA:899,58,1,0
BRDA:914,59,0,2
BRDA:914,59,1,8
BRDA:914,60,0,2
BRDA:914,60,1,6
BRDA:914,61,0,2
BRDA:914,61,1,4
BRDA:916,62,0,2
BRDA:916,62,1,8
BRDA:916,63,0,2
BRDA:916,63,1,6
BRDA:916,64,0,2
BRDA:916,64,1,4
BRDA:945,65,0,1
BRDA:945,65,1,0
BRDA:952,66,0,0
BRDA:952,66,1,1
BRDA:957,67,0,0
BRDA:957,67,1,1
BRDA:975,68,0,0
BRDA:975,68,1,0
BRDA:989,69,0,20
BRDA:989,69,1,0
BRDA:1000,70,0,10
BRDA:1000,70,1,0
BRDA:1011,71,0,10
BRDA:1011,71,1,0
BRDA:1016,72,0,1
BRDA:1016,72,1,0
BRDA:1016,73,0,1
BRDA:1016,73,1,1
BRDA:1017,74,0,0
BRDA:1017,74,1,0
BRDA:1024,75,0,0
BRDA:1024,75,1,0
BRDA:1040,76,0,1
BRDA:1040,76,1,4
BRF:152
BRH:47
end_of_record
TN:
SF:src\controllers\auth.js
FN:23,(anonymous_0)
FN:32,(anonymous_1)
FN:120,(anonymous_2)
FN:143,(anonymous_3)
FN:156,(anonymous_4)
FN:219,(anonymous_5)
FN:219,(anonymous_6)
FN:254,(anonymous_7)
FN:330,(anonymous_8)
FN:387,(anonymous_9)
FN:432,(anonymous_10)
FN:477,(anonymous_11)
FN:487,(anonymous_12)
FN:539,(anonymous_13)
FNF:14
FNH:0
FNDA:0,(anonymous_0)
FNDA:0,(anonymous_1)
FNDA:0,(anonymous_2)
FNDA:0,(anonymous_3)
FNDA:0,(anonymous_4)
FNDA:0,(anonymous_5)
FNDA:0,(anonymous_6)
FNDA:0,(anonymous_7)
FNDA:0,(anonymous_8)
FNDA:0,(anonymous_9)
FNDA:0,(anonymous_10)
FNDA:0,(anonymous_11)
FNDA:0,(anonymous_12)
FNDA:0,(anonymous_13)
DA:1,0
DA:2,0
DA:3,0
DA:4,0
DA:5,0
DA:6,0
DA:7,0
DA:8,0
DA:9,0
DA:12,0
DA:23,0
DA:24,0
DA:25,0
DA:32,0
DA:33,0
DA:35,0
DA:36,0
DA:39,0
DA:40,0
DA:41,0
DA:44,0
DA:45,0
DA:46,0
DA:49,0
DA:50,0
DA:51,0
DA:55,0
DA:56,0
DA:57,0
DA:58,0
DA:62,0
DA:65,0
DA:66,0
DA:69,0
DA:82,0
DA:83,0
DA:90,0
DA:92,0
DA:97,0
DA:98,0
DA:99,0
DA:106,0
DA:109,0
DA:120,0
DA:121,0
DA:127,0
DA:128,0
DA:136,0
DA:137,0
DA:140,0
DA:141,0
DA:143,0
DA:147,0
DA:148,0
DA:151,0
DA:156,0
DA:157,0
DA:158,0
DA:160,0
DA:161,0
DA:164,0
DA:165,0
DA:167,0
DA:170,0
DA:171,0
DA:172,0
DA:178,0
DA:179,0
DA:181,0
DA:188,0
DA:189,0
DA:196,0
DA:200,0
DA:208,0
DA:219,0
DA:220,0
DA:222,0
DA:223,0
DA:225,0
DA:231,0
DA:233,0
DA:234,0
DA:241,0
DA:248,0
DA:249,0
DA:254,0
DA:255,0
DA:257,0
DA:258,0
DA:260,0
DA:261,0
DA:262,0
DA:265,0
DA:266,0
DA:267,0
DA:270,0
DA:271,0
DA:272,0
DA:273,0
DA:276,0
DA:277,0
DA:278,0
DA:282,0
DA:283,0
DA:284,0
DA:287,0
DA:288,0
DA:289,0
DA:293,0
DA:300,0
DA:305,0
DA:306,0
DA:313,0
DA:316,0
DA:317,0
DA:323,0
DA:324,0
DA:325,0
DA:330,0
DA:331,0
DA:333,0
DA:334,0
DA:336,0
DA:337,0
DA:338,0
DA:341,0
DA:342,0
DA:343,0
DA:344,0
DA:347,0
DA:348,0
DA:349,0
DA:353,0
DA:354,0
DA:356,0
DA:362,0
DA:363,0
DA:371,0
DA:372,0
DA:373,0
DA:376,0
DA:377,0
DA:380,0
DA:381,0
DA:382,0
DA:387,0
DA:388,0
DA:390,0
DA:391,0
DA:392,0
DA:394,0
DA:395,0
DA:397,0
DA:398,0
DA:400,0
DA:405,0
DA:407,0
DA:421,0
DA:422,0
DA:425,0
DA:426,0
DA:427,0
DA:432,0
DA:433,0
DA:435,0
DA:436,0
DA:437,0
DA:438,0
DA:439,0
DA:442,0
DA:443,0
DA:444,0
DA:447,0
DA:448,0
DA:449,0
DA:452,0
DA:460,0
DA:461,0
DA:462,0
DA:465,0
DA:466,0
DA:468,0
DA:470,0
DA:471,0
DA:472,0
DA:477,0
DA:478,0
DA:479,0
DA:480,0
DA:482,0
DA:483,0
DA:487,0
DA:488,0
DA:490,0
DA:491,0
DA:492,0
DA:494,0
DA:495,0
DA:497,0
DA:498,0
DA:499,0
DA:500,0
DA:501,0
DA:503,0
DA:504,0
DA:507,0
DA:508,0
DA:509,0
DA:510,0
DA:513,0
DA:514,0
DA:515,0
DA:516,0
DA:519,0
DA:520,0
DA:521,0
DA:524,0
DA:527,0
DA:528,0
DA:530,0
DA:532,0
DA:533,0
DA:534,0
DA:539,0
DA:540,0
DA:541,0
DA:543,0
DA:544,0
DA:548,0
LF:229
LH:0
BRDA:24,0,0,0
BRDA:24,0,1,0
BRDA:39,1,0,0
BRDA:39,1,1,0
BRDA:39,2,0,0
BRDA:39,2,1,0
BRDA:39,2,2,0
BRDA:39,2,3,0
BRDA:44,3,0,0
BRDA:44,3,1,0
BRDA:49,4,0,0
BRDA:49,4,1,0
BRDA:56,5,0,0
BRDA:56,5,1,0
BRDA:98,6,0,0
BRDA:98,6,1,0
BRDA:120,7,0,0
BRDA:120,7,1,0
BRDA:123,8,0,0
BRDA:123,8,1,0
BRDA:140,9,0,0
BRDA:140,9,1,0
BRDA:147,10,0,0
BRDA:147,10,1,0
BRDA:160,11,0,0
BRDA:160,11,1,0
BRDA:160,12,0,0
BRDA:160,12,1,0
BRDA:165,13,0,0
BRDA:165,13,1,0
BRDA:167,14,0,0
BRDA:167,14,1,0
BRDA:170,15,0,0
BRDA:170,15,1,0
BRDA:179,16,0,0
BRDA:179,16,1,0
BRDA:183,17,0,0
BRDA:183,17,1,0
BRDA:188,18,0,0
BRDA:188,18,1,0
BRDA:202,19,0,0
BRDA:202,19,1,0
BRDA:219,20,0,0
BRDA:219,20,1,0
BRDA:220,21,0,0
BRDA:220,21,1,0
BRDA:220,22,0,0
BRDA:220,22,1,0
BRDA:260,23,0,0
BRDA:260,23,1,0
BRDA:260,24,0,0
BRDA:260,24,1,0
BRDA:265,25,0,0
BRDA:265,25,1,0
BRDA:271,26,0,0
BRDA:271,26,1,0
BRDA:276,27,0,0
BRDA:276,27,1,0
BRDA:282,28,0,0
BRDA:282,28,1,0
BRDA:287,29,0,0
BRDA:287,29,1,0
BRDA:336,30,0,0
BRDA:336,30,1,0
BRDA:342,31,0,0
BRDA:342,31,1,0
BRDA:347,32,0,0
BRDA:347,32,1,0
BRDA:392,33,0,0
BRDA:392,33,1,0
BRDA:395,34,0,0
BRDA:395,34,1,0
BRDA:437,35,0,0
BRDA:437,35,1,0
BRDA:437,36,0,0
BRDA:437,36,1,0
BRDA:437,36,2,0
BRDA:442,37,0,0
BRDA:442,37,1,0
BRDA:447,38,0,0
BRDA:447,38,1,0
BRDA:460,39,0,0
BRDA:460,39,1,0
BRDA:494,40,0,0
BRDA:494,40,1,0
BRDA:495,41,0,0
BRDA:495,41,1,0
BRDA:497,42,0,0
BRDA:497,42,1,0
BRDA:497,43,0,0
BRDA:497,43,1,0
BRDA:499,44,0,0
BRDA:499,44,1,0
BRDA:499,45,0,0
BRDA:499,45,1,0
BRDA:507,46,0,0
BRDA:507,46,1,0
BRDA:508,47,0,0
BRDA:508,47,1,0
BRDA:514,48,0,0
BRDA:514,48,1,0
BRDA:519,49,0,0
BRDA:519,49,1,0
BRF:103
BRH:0
end_of_record
TN:
SF:src\controllers\candidateApplication.js
FN:17,(anonymous_0)
FN:201,(anonymous_1)
FN:278,(anonymous_2)
FN:326,(anonymous_3)
FN:344,(anonymous_4)
FN:360,(anonymous_5)
FN:365,(anonymous_6)
FN:366,(anonymous_7)
FN:367,(anonymous_8)
FN:373,(anonymous_9)
FN:397,(anonymous_10)
FN:464,(anonymous_11)
FN:477,(anonymous_12)
FN:508,(anonymous_13)
FN:514,(anonymous_14)
FN:539,(anonymous_15)
FN:596,(anonymous_16)
FN:610,(anonymous_17)
FN:657,(anonymous_18)
FN:705,(anonymous_19)
FN:745,(anonymous_20)
FN:782,(anonymous_21)
FN:807,(anonymous_22)
FNF:23
FNH:0
FNDA:0,(anonymous_0)
FNDA:0,(anonymous_1)
FNDA:0,(anonymous_2)
FNDA:0,(anonymous_3)
FNDA:0,(anonymous_4)
FNDA:0,(anonymous_5)
FNDA:0,(anonymous_6)
FNDA:0,(anonymous_7)
FNDA:0,(anonymous_8)
FNDA:0,(anonymous_9)
FNDA:0,(anonymous_10)
FNDA:0,(anonymous_11)
FNDA:0,(anonymous_12)
FNDA:0,(anonymous_13)
FNDA:0,(anonymous_14)
FNDA:0,(anonymous_15)
FNDA:0,(anonymous_16)
FNDA:0,(anonymous_17)
FNDA:0,(anonymous_18)
FNDA:0,(anonymous_19)
FNDA:0,(anonymous_20)
FNDA:0,(anonymous_21)
FNDA:0,(anonymous_22)
DA:1,0
DA:2,0
DA:3,0
DA:6,0
DA:17,0
DA:18,0
DA:20,0
DA:21,0
DA:22,0
DA:28,0
DA:31,0
DA:32,0
DA:33,0
DA:36,0
DA:37,0
DA:38,0
DA:41,0
DA:42,0
DA:43,0
DA:47,0
DA:59,0
DA:60,0
DA:61,0
DA:65,0
DA:66,0
DA:67,0
DA:71,0
DA:79,0
DA:80,0
DA:81,0
DA:85,0
DA:93,0
DA:94,0
DA:95,0
DA:100,0
DA:109,0
DA:119,0
DA:121,0
DA:122,0
DA:148,0
DA:152,0
DA:170,0
DA:179,0
DA:180,0
DA:181,0
DA:183,0
DA:187,0
DA:188,0
DA:194,0
DA:195,0
DA:196,0
DA:201,0
DA:202,0
DA:203,0
DA:206,0
DA:207,0
DA:208,0
DA:210,0
DA:211,0
DA:214,0
DA:215,0
DA:216,0
DA:217,0
DA:218,0
DA:222,0
DA:223,0
DA:224,0
DA:227,0
DA:230,0
DA:231,0
DA:232,0
DA:235,0
DA:238,0
DA:239,0
DA:242,0
DA:243,0
DA:246,0
DA:263,0
DA:266,0
DA:268,0
DA:269,0
DA:272,0
DA:273,0
DA:278,0
DA:279,0
DA:281,0
DA:295,0
DA:296,0
DA:299,0
DA:302,0
DA:303,0
DA:304,0
DA:306,0
DA:307,0
DA:318,0
DA:319,0
DA:320,0
DA:325,0
DA:327,0
DA:339,0
DA:344,0
DA:346,0
DA:347,0
DA:351,0
DA:354,0
DA:355,0
DA:360,0
DA:362,0
DA:365,0
DA:366,0
DA:367,0
DA:369,0
DA:373,0
DA:376,0
DA:383,0
DA:384,0
DA:386,0
DA:387,0
DA:388,0
DA:389,0
DA:393,0
DA:397,0
DA:398,0
DA:399,0
DA:400,0
DA:402,0
DA:403,0
DA:404,0
DA:407,0
DA:409,0
DA:456,0
DA:459,0
DA:464,0
DA:465,0
DA:473,0
DA:477,0
DA:478,0
DA:479,0
DA:481,0
DA:483,0
DA:484,0
DA:485,0
DA:488,0
DA:507,0
DA:508,0
DA:509,0
DA:513,0
DA:515,0
DA:524,0
DA:531,0
DA:533,0
DA:534,0
DA:539,0
DA:540,0
DA:541,0
DA:543,0
DA:544,0
DA:547,0
DA:570,0
DA:571,0
DA:575,0
DA:585,0
DA:590,0
DA:591,0
DA:596,0
DA:597,0
DA:598,0
DA:602,0
DA:604,0
DA:605,0
DA:610,0
DA:611,0
DA:612,0
DA:613,0
DA:614,0
DA:615,0
DA:618,0
DA:621,0
DA:622,0
DA:631,0
DA:641,0
DA:642,0
DA:644,0
DA:645,0
DA:648,0
DA:649,0
DA:652,0
DA:657,0
DA:658,0
DA:659,0
DA:660,0
DA:661,0
DA:663,0
DA:668,0
DA:669,0
DA:670,0
DA:674,0
DA:675,0
DA:684,0
DA:685,0
DA:686,0
DA:688,0
DA:690,0
DA:691,0
DA:693,0
DA:694,0
DA:696,0
DA:697,0
DA:700,0
DA:705,0
DA:706,0
DA:707,0
DA:708,0
DA:710,0
DA:715,0
DA:716,0
DA:717,0
DA:721,0
DA:726,0
DA:727,0
DA:728,0
DA:733,0
DA:735,0
DA:736,0
DA:738,0
DA:739,0
DA:740,0
DA:745,0
DA:746,0
DA:747,0
DA:748,0
DA:750,0
DA:755,0
DA:756,0
DA:757,0
DA:761,0
DA:770,0
DA:772,0
DA:773,0
DA:775,0
DA:776,0
DA:777,0
DA:782,0
DA:783,0
DA:784,0
DA:786,0
DA:790,0
DA:791,0
DA:795,0
DA:796,0
DA:797,0
DA:800,0
DA:802,0
DA:803,0
DA:807,0
DA:808,0
DA:809,0
DA:810,0
DA:812,0
DA:814,0
DA:859,0
DA:861,0
DA:865,0
LF:263
LH:0
BRDA:31,0,0,0
BRDA:31,0,1,0
BRDA:36,1,0,0
BRDA:36,1,1,0
BRDA:41,2,0,0
BRDA:41,2,1,0
BRDA:41,3,0,0
BRDA:41,3,1,0
BRDA:59,4,0,0
BRDA:59,4,1,0
BRDA:65,5,0,0
BRDA:65,5,1,0
BRDA:79,6,0,0
BRDA:79,6,1,0
BRDA:93,7,0,0
BRDA:93,7,1,0
BRDA:175,8,0,0
BRDA:175,8,1,0
BRDA:215,9,0,0
BRDA:215,9,1,0
BRDA:217,10,0,0
BRDA:217,10,1,0
BRDA:223,11,0,0
BRDA:223,11,1,0
BRDA:231,12,0,0
BRDA:231,12,1,0
BRDA:295,13,0,0
BRDA:295,13,1,0
BRDA:318,14,0,0
BRDA:318,14,1,0
BRDA:388,15,0,0
BRDA:388,15,1,0
BRDA:402,16,0,0
BRDA:402,16,1,0
BRDA:402,17,0,0
BRDA:402,17,1,0
BRDA:473,18,0,0
BRDA:473,18,1,0
BRDA:484,19,0,0
BRDA:484,19,1,0
BRDA:526,20,0,0
BRDA:526,20,1,0
BRDA:543,21,0,0
BRDA:543,21,1,0
BRDA:570,22,0,0
BRDA:570,22,1,0
BRDA:587,23,0,0
BRDA:587,23,1,0
BRDA:613,24,0,0
BRDA:613,24,1,0
BRDA:618,25,0,0
BRDA:621,26,0,0
BRDA:621,26,1,0
BRDA:633,27,0,0
BRDA:633,27,1,0
BRDA:648,28,0,0
BRDA:648,28,1,0
BRDA:648,29,0,0
BRDA:648,29,1,0
BRDA:668,30,0,0
BRDA:668,30,1,0
BRDA:674,31,0,0
BRDA:674,31,1,0
BRDA:685,32,0,0
BRDA:685,32,1,0
BRDA:686,33,0,0
BRDA:686,33,1,0
BRDA:696,34,0,0
BRDA:696,34,1,0
BRDA:696,35,0,0
BRDA:696,35,1,0
BRDA:715,36,0,0
BRDA:715,36,1,0
BRDA:726,37,0,0
BRDA:726,37,1,0
BRDA:755,38,0,0
BRDA:755,38,1,0
BRDA:790,39,0,0
BRDA:790,39,1,0
BRDA:796,40,0,0
BRDA:796,40,1,0
BRDA:812,41,0,0
BRDA:812,41,1,0
BRDA:812,42,0,0
BRDA:812,42,1,0
BRDA:812,42,2,0
BRDA:828,43,0,0
BRDA:828,43,1,0
BRF:88
BRH:0
end_of_record
TN:
SF:src\controllers\candidateAuth.js
FN:23,(anonymous_0)
FN:102,(anonymous_1)
FN:115,(anonymous_2)
FN:185,(anonymous_3)
FN:222,(anonymous_4)
FN:288,(anonymous_5)
FN:337,(anonymous_6)
FN:387,(anonymous_7)
FN:458,(anonymous_8)
FNF:9
FNH:0
FNDA:0,(anonymous_0)
FNDA:0,(anonymous_1)
FNDA:0,(anonymous_2)
FNDA:0,(anonymous_3)
FNDA:0,(anonymous_4)
FNDA:0,(anonymous_5)
FNDA:0,(anonymous_6)
FNDA:0,(anonymous_7)
FNDA:0,(anonymous_8)
DA:1,0
DA:2,0
DA:3,0
DA:4,0
DA:5,0
DA:6,0
DA:7,0
DA:8,0
DA:9,0
DA:12,0
DA:23,0
DA:24,0
DA:26,0
DA:27,0
DA:30,0
DA:31,0
DA:32,0
DA:35,0
DA:36,0
DA:37,0
DA:40,0
DA:41,0
DA:42,0
DA:46,0
DA:47,0
DA:48,0
DA:49,0
DA:53,0
DA:54,0
DA:57,0
DA:71,0
DA:72,0
DA:79,0
DA:81,0
DA:85,0
DA:87,0
DA:88,0
DA:96,0
DA:97,0
DA:99,0
DA:100,0
DA:102,0
DA:106,0
DA:107,0
DA:110,0
DA:115,0
DA:116,0
DA:117,0
DA:119,0
DA:120,0
DA:123,0
DA:124,0
DA:125,0
DA:128,0
DA:129,0
DA:133,0
DA:134,0
DA:135,0
DA:141,0
DA:142,0
DA:144,0
DA:151,0
DA:152,0
DA:159,0
DA:163,0
DA:170,0
DA:172,0
DA:179,0
DA:180,0
DA:185,0
DA:186,0
DA:187,0
DA:210,0
DA:211,0
DA:214,0
DA:216,0
DA:217,0
DA:222,0
DA:223,0
DA:225,0
DA:226,0
DA:227,0
DA:229,0
DA:230,0
DA:231,0
DA:235,0
DA:236,0
DA:237,0
DA:238,0
DA:239,0
DA:242,0
DA:243,0
DA:244,0
DA:245,0
DA:246,0
DA:248,0
DA:249,0
DA:253,0
DA:254,0
DA:255,0
DA:256,0
DA:259,0
DA:260,0
DA:261,0
DA:262,0
DA:265,0
DA:266,0
DA:267,0
DA:270,0
DA:273,0
DA:274,0
DA:276,0
DA:281,0
DA:282,0
DA:283,0
DA:288,0
DA:289,0
DA:291,0
DA:292,0
DA:293,0
DA:294,0
DA:295,0
DA:298,0
DA:299,0
DA:300,0
DA:303,0
DA:304,0
DA:306,0
DA:311,0
DA:313,0
DA:326,0
DA:327,0
DA:330,0
DA:331,0
DA:332,0
DA:337,0
DA:338,0
DA:340,0
DA:341,0
DA:343,0
DA:344,0
DA:345,0
DA:348,0
DA:349,0
DA:350,0
DA:353,0
DA:354,0
DA:355,0
DA:358,0
DA:366,0
DA:367,0
DA:368,0
DA:371,0
DA:377,0
DA:378,0
DA:380,0
DA:381,0
DA:382,0
DA:387,0
DA:388,0
DA:390,0
DA:391,0
DA:393,0
DA:394,0
DA:395,0
DA:398,0
DA:399,0
DA:400,0
DA:403,0
DA:404,0
DA:405,0
DA:406,0
DA:409,0
DA:410,0
DA:411,0
DA:415,0
DA:416,0
DA:417,0
DA:420,0
DA:421,0
DA:422,0
DA:426,0
DA:433,0
DA:434,0
DA:441,0
DA:444,0
DA:445,0
DA:451,0
DA:452,0
DA:453,0
DA:458,0
DA:459,0
DA:461,0
DA:462,0
DA:464,0
DA:465,0
DA:466,0
DA:469,0
DA:470,0
DA:471,0
DA:472,0
DA:475,0
DA:476,0
DA:477,0
DA:481,0
DA:482,0
DA:484,0
DA:490,0
DA:491,0
DA:499,0
DA:500,0
DA:501,0
DA:504,0
DA:505,0
DA:508,0
DA:509,0
DA:510,0
DA:514,0
LF:218
LH:0
BRDA:30,0,0,0
BRDA:30,0,1,0
BRDA:30,1,0,0
BRDA:30,1,1,0
BRDA:30,1,2,0
BRDA:30,1,3,0
BRDA:35,2,0,0
BRDA:35,2,1,0
BRDA:40,3,0,0
BRDA:40,3,1,0
BRDA:47,4,0,0
BRDA:47,4,1,0
BRDA:99,5,0,0
BRDA:99,5,1,0
BRDA:106,6,0,0
BRDA:106,6,1,0
BRDA:119,7,0,0
BRDA:119,7,1,0
BRDA:119,8,0,0
BRDA:119,8,1,0
BRDA:124,9,0,0
BRDA:124,9,1,0
BRDA:128,10,0,0
BRDA:128,10,1,0
BRDA:133,11,0,0
BRDA:133,11,1,0
BRDA:142,12,0,0
BRDA:142,12,1,0
BRDA:146,13,0,0
BRDA:146,13,1,0
BRDA:151,14,0,0
BRDA:151,14,1,0
BRDA:165,15,0,0
BRDA:165,15,1,0
BRDA:210,16,0,0
BRDA:210,16,1,0
BRDA:229,17,0,0
BRDA:229,17,1,0
BRDA:235,18,0,0
BRDA:235,18,1,0
BRDA:236,19,0,0
BRDA:236,19,1,0
BRDA:237,20,0,0
BRDA:237,20,1,0
BRDA:238,21,0,0
BRDA:238,21,1,0
BRDA:239,22,0,0
BRDA:239,22,1,0
BRDA:242,23,0,0
BRDA:242,23,1,0
BRDA:242,24,0,0
BRDA:242,24,1,0
BRDA:244,25,0,0
BRDA:244,25,1,0
BRDA:244,26,0,0
BRDA:244,26,1,0
BRDA:253,27,0,0
BRDA:253,27,1,0
BRDA:254,28,0,0
BRDA:254,28,1,0
BRDA:260,29,0,0
BRDA:260,29,1,0
BRDA:265,30,0,0
BRDA:265,30,1,0
BRDA:293,31,0,0
BRDA:293,31,1,0
BRDA:299,32,0,0
BRDA:299,32,1,0
BRDA:343,33,0,0
BRDA:343,33,1,0
BRDA:343,34,0,0
BRDA:343,34,1,0
BRDA:343,34,2,0
BRDA:348,35,0,0
BRDA:348,35,1,0
BRDA:353,36,0,0
BRDA:353,36,1,0
BRDA:366,37,0,0
BRDA:366,37,1,0
BRDA:393,38,0,0
BRDA:393,38,1,0
BRDA:393,39,0,0
BRDA:393,39,1,0
BRDA:398,40,0,0
BRDA:398,40,1,0
BRDA:404,41,0,0
BRDA:404,41,1,0
BRDA:409,42,0,0
BRDA:409,42,1,0
BRDA:415,43,0,0
BRDA:415,43,1,0
BRDA:420,44,0,0
BRDA:420,44,1,0
BRDA:464,45,0,0
BRDA:464,45,1,0
BRDA:470,46,0,0
BRDA:470,46,1,0
BRDA:475,47,0,0
BRDA:475,47,1,0
BRF:99
BRH:0
end_of_record
TN:
SF:src\controllers\candidateCV.js
FN:12,(anonymous_0)
FN:27,(anonymous_1)
FN:70,(anonymous_2)
FN:123,(anonymous_3)
FN:171,(anonymous_4)
FN:210,(anonymous_5)
FNF:6
FNH:6
FNDA:1,(anonymous_0)
FNDA:2,(anonymous_1)
FNDA:2,(anonymous_2)
FNDA:2,(anonymous_3)
FNDA:1,(anonymous_4)
FNDA:3,(anonymous_5)
DA:1,1
DA:2,1
DA:3,1
DA:4,1
DA:6,1
DA:7,1
DA:8,1
DA:12,1
DA:13,1
DA:14,1
DA:19,1
DA:21,0
DA:22,0
DA:27,1
DA:28,2
DA:30,2
DA:31,2
DA:33,1
DA:34,1
DA:35,1
DA:38,0
DA:39,0
DA:40,0
DA:43,0
DA:52,0
DA:54,0
DA:55,0
DA:57,1
DA:58,1
DA:61,1
DA:62,0
DA:65,1
DA:70,1
DA:71,2
DA:73,2
DA:74,2
DA:76,2
DA:84,2
DA:85,1
DA:86,1
DA:89,1
DA:90,1
DA:91,1
DA:94,1
DA:96,0
DA:97,0
DA:98,0
DA:101,0
DA:102,0
DA:103,0
DA:106,1
DA:108,1
DA:109,1
DA:111,0
DA:112,0
DA:114,0
DA:115,0
DA:118,0
DA:123,1
DA:124,2
DA:126,2
DA:127,2
DA:135,2
DA:136,1
DA:137,1
DA:141,1
DA:142,1
DA:143,1
DA:146,1
DA:149,1
DA:150,1
DA:156,1
DA:157,1
DA:161,1
DA:162,1
DA:164,0
DA:165,0
DA:166,0
DA:171,1
DA:172,1
DA:174,1
DA:175,1
DA:183,1
DA:184,0
DA:185,0
DA:189,1
DA:198,1
DA:200,1
DA:201,1
DA:203,0
DA:204,0
DA:205,0
DA:210,1
DA:211,3
DA:212,3
DA:219,3
DA:220,1
DA:223,2
DA:225,2
DA:226,1
DA:229,1
DA:231,1
DA:232,1
DA:236,1
LF:104
LH:75
BRDA:7,0,0,1
BRDA:7,0,1,0
BRDA:31,1,0,1
BRDA:33,2,0,1
BRDA:33,2,1,0
BRDA:38,3,0,0
BRDA:38,3,1,0
BRDA:61,4,0,0
BRDA:61,4,1,1
BRDA:61,5,0,1
BRDA:61,5,1,0
BRDA:84,6,0,1
BRDA:84,6,1,1
BRDA:90,7,0,1
BRDA:90,7,1,0
BRDA:91,8,0,0
BRDA:91,8,1,1
BRDA:94,9,0,0
BRDA:94,9,1,1
BRDA:97,10,0,0
BRDA:97,10,1,0
BRDA:114,11,0,0
BRDA:114,11,1,0
BRDA:114,12,0,0
BRDA:114,12,1,0
BRDA:135,13,0,1
BRDA:135,13,1,1
BRDA:142,14,0,1
BRDA:142,14,1,0
BRDA:149,15,0,1
BRDA:149,15,1,0
BRDA:156,16,0,1
BRDA:156,16,1,0
BRDA:183,17,0,0
BRDA:183,17,1,1
BRDA:219,18,0,1
BRDA:219,18,1,2
BRDA:225,19,0,1
BRDA:225,19,1,1
BRF:39
BRH:20
end_of_record
TN:
SF:src\controllers\candidateFavorites.js
FN:5,(anonymous_0)
FN:28,(anonymous_1)
FN:91,(anonymous_2)
FN:123,(anonymous_3)
FNF:4
FNH:4
FNDA:1,(anonymous_0)
FNDA:3,(anonymous_1)
FNDA:2,(anonymous_2)
FNDA:2,(anonymous_3)
DA:1,1
DA:2,1
DA:5,1
DA:6,1
DA:7,1
DA:20,1
DA:22,0
DA:23,0
DA:28,1
DA:29,3
DA:31,3
DA:32,3
DA:34,3
DA:35,1
DA:36,1
DA:40,2
DA:41,2
DA:42,1
DA:43,1
DA:47,1
DA:55,1
DA:56,1
DA:57,1
DA:60,0
DA:65,0
DA:77,0
DA:78,0
DA:84,0
DA:85,0
DA:86,0
DA:91,1
DA:92,2
DA:94,2
DA:95,2
DA:97,2
DA:105,2
DA:106,1
DA:107,1
DA:110,1
DA:112,1
DA:113,1
DA:116,0
DA:117,0
DA:118,0
DA:123,1
DA:124,2
DA:125,2
DA:127,2
DA:134,2
DA:137,0
DA:138,0
DA:142,1
LF:52
LH:38
BRDA:34,0,0,1
BRDA:34,0,1,2
BRDA:41,1,0,1
BRDA:41,1,1,1
BRDA:55,2,0,1
BRDA:55,2,1,0
BRDA:105,3,0,1
BRDA:105,3,1,1
BRF:8
BRH:7
end_of_record
TN:
SF:src\controllers\employee.js
FN:9,syncEmployeeSkills
FN:22,addEmployeeSkills
FN:67,(anonymous_2)
FN:106,(anonymous_3)
FN:147,(anonymous_4)
FN:242,(anonymous_5)
FN:362,(anonymous_6)
FNF:7
FNH:7
FNDA:1,syncEmployeeSkills
FNDA:1,addEmployeeSkills
FNDA:2,(anonymous_2)
FNDA:2,(anonymous_3)
FNDA:2,(anonymous_4)
FNDA:2,(anonymous_5)
FNDA:2,(anonymous_6)
DA:1,1
DA:2,1
DA:3,1
DA:4,1
DA:5,1
DA:6,1
DA:7,1
DA:10,1
DA:13,1
DA:19,1
DA:23,1
DA:26,1
DA:27,0
DA:30,0
DA:31,0
DA:32,0
DA:36,0
DA:37,0
DA:38,0
DA:39,0
DA:40,0
DA:44,0
DA:51,0
DA:64,1
DA:67,1
DA:68,2
DA:69,2
DA:92,1
DA:93,1
DA:94,1
DA:95,1
DA:96,0
DA:99,1
DA:101,1
DA:102,1
DA:106,1
DA:107,2
DA:108,2
DA:130,2
DA:131,1
DA:133,1
DA:140,1
DA:142,0
DA:143,0
DA:147,1
DA:159,2
DA:161,2
DA:164,2
DA:166,0
DA:167,0
DA:175,2
DA:177,2
DA:178,2
DA:180,2
DA:181,2
DA:182,2
DA:183,2
DA:185,0
DA:186,0
DA:189,2
DA:194,2
DA:196,2
DA:197,0
DA:198,0
DA:201,2
DA:225,2
DA:226,2
DA:227,2
DA:229,0
DA:232,0
DA:233,0
DA:234,0
DA:237,0
DA:238,0
DA:242,1
DA:254,2
DA:256,2
DA:259,2
DA:260,0
DA:261,0
DA:269,2
DA:271,2
DA:272,2
DA:274,2
DA:275,2
DA:277,1
DA:278,0
DA:280,1
DA:281,1
DA:284,1
DA:285,1
DA:286,1
DA:287,1
DA:289,0
DA:290,0
DA:294,1
DA:300,1
DA:302,0
DA:303,0
DA:304,0
DA:305,0
DA:306,0
DA:307,0
DA:310,0
DA:313,1
DA:315,1
DA:317,1
DA:341,1
DA:348,1
DA:349,1
DA:351,0
DA:354,0
DA:355,0
DA:358,0
DA:359,0
DA:362,1
DA:363,2
DA:364,2
DA:365,2
DA:366,2
DA:367,1
DA:368,1
DA:371,1
DA:376,1
DA:378,1
DA:379,1
DA:381,0
DA:382,0
DA:383,0
DA:387,1
LF:130
LH:84
BRDA:6,0,0,1
BRDA:6,0,1,0
BRDA:31,1,0,0
BRDA:31,1,1,0
BRDA:36,2,0,0
BRDA:36,2,1,0
BRDA:37,3,0,0
BRDA:37,3,1,0
BRDA:39,4,0,0
BRDA:39,4,1,0
BRDA:56,5,0,0
BRDA:56,5,1,0
BRDA:57,6,0,0
BRDA:57,6,1,0
BRDA:58,7,0,0
BRDA:58,7,1,0
BRDA:93,8,0,1
BRDA:93,8,1,0
BRDA:94,9,0,1
BRDA:94,9,1,1
BRDA:95,10,0,0
BRDA:95,10,1,1
BRDA:130,11,0,1
BRDA:130,11,1,1
BRDA:136,12,0,1
BRDA:136,12,1,1
BRDA:158,13,0,1
BRDA:164,14,0,0
BRDA:164,14,1,2
BRDA:196,15,0,0
BRDA:196,15,1,2
BRDA:196,16,0,2
BRDA:196,16,1,2
BRDA:225,17,0,2
BRDA:225,17,1,2
BRDA:232,18,0,0
BRDA:232,18,1,0
BRDA:232,19,0,0
BRDA:232,19,1,0
BRDA:253,20,0,1
BRDA:259,21,0,0
BRDA:259,21,1,2
BRDA:275,22,0,1
BRDA:275,22,1,1
BRDA:277,23,0,0
BRDA:277,23,1,1
BRDA:277,24,0,1
BRDA:277,24,1,0
BRDA:300,25,0,0
BRDA:300,25,1,1
BRDA:302,26,0,0
BRDA:302,26,1,0
BRDA:305,27,0,0
BRDA:305,27,1,0
BRDA:345,28,0,1
BRDA:345,28,1,1
BRDA:354,29,0,0
BRDA:354,29,1,0
BRDA:354,30,0,0
BRDA:354,30,1,0
BRDA:366,31,0,1
BRDA:366,31,1,1
BRF:62
BRH:27
end_of_record
TN:
SF:src\controllers\employeeskill.js
FN:5,(anonymous_0)
FN:22,(anonymous_1)
FN:46,(anonymous_2)
FN:88,(anonymous_3)
FN:128,(anonymous_4)
FNF:5
FNH:5
FNDA:2,(anonymous_0)
FNDA:2,(anonymous_1)
FNDA:2,(anonymous_2)
FNDA:2,(anonymous_3)
FNDA:2,(anonymous_4)
DA:1,1
DA:2,1
DA:5,1
DA:6,2
DA:7,2
DA:14,1
DA:16,1
DA:17,1
DA:22,1
DA:23,2
DA:24,2
DA:25,2
DA:34,2
DA:35,1
DA:38,1
DA:40,0
DA:41,0
DA:46,1
DA:47,2
DA:55,2
DA:57,2
DA:58,2
DA:59,1
DA:62,1
DA:71,1
DA:80,1
DA:82,0
DA:83,0
DA:88,1
DA:89,2
DA:90,2
DA:96,2
DA:98,2
DA:100,2
DA:101,1
DA:104,1
DA:111,1
DA:120,1
DA:122,0
DA:123,0
DA:128,1
DA:129,2
DA:130,2
DA:132,2
DA:134,2
DA:135,1
DA:138,1
DA:139,1
DA:141,0
DA:142,0
DA:146,1
LF:51
LH:43
BRDA:34,0,0,1
BRDA:34,0,1,1
BRDA:58,1,0,1
BRDA:58,1,1,1
BRDA:68,2,0,1
BRDA:68,2,1,1
BRDA:100,3,0,1
BRDA:100,3,1,1
BRDA:108,4,0,1
BRDA:108,4,1,1
BRDA:134,5,0,1
BRDA:134,5,1,1
BRF:12
BRH:12
end_of_record
TN:
SF:src\controllers\interviews.js
FN:17,(anonymous_0)
FN:99,(anonymous_1)
FN:148,(anonymous_2)
FN:152,(anonymous_3)
FN:167,(anonymous_4)
FN:234,(anonymous_5)
FN:353,(anonymous_6)
FN:428,(anonymous_7)
FN:483,(anonymous_8)
FN:539,(anonymous_9)
FN:633,(anonymous_10)
FN:643,(anonymous_11)
FN:839,(anonymous_12)
FN:900,(anonymous_13)
FN:932,(anonymous_14)
FN:966,(anonymous_15)
FN:968,(anonymous_16)
FN:969,(anonymous_17)
FN:970,(anonymous_18)
FN:975,(anonymous_19)
FN:1051,(anonymous_20)
FN:1132,(anonymous_21)
FN:1187,(anonymous_22)
FN:1239,(anonymous_23)
FN:1286,(anonymous_24)
FN:1299,(anonymous_25)
FN:1366,(anonymous_26)
FNF:27
FNH:0
FNDA:0,(anonymous_0)
FNDA:0,(anonymous_1)
FNDA:0,(anonymous_2)
FNDA:0,(anonymous_3)
FNDA:0,(anonymous_4)
FNDA:0,(anonymous_5)
FNDA:0,(anonymous_6)
FNDA:0,(anonymous_7)
FNDA:0,(anonymous_8)
FNDA:0,(anonymous_9)
FNDA:0,(anonymous_10)
FNDA:0,(anonymous_11)
FNDA:0,(anonymous_12)
FNDA:0,(anonymous_13)
FNDA:0,(anonymous_14)
FNDA:0,(anonymous_15)
FNDA:0,(anonymous_16)
FNDA:0,(anonymous_17)
FNDA:0,(anonymous_18)
FNDA:0,(anonymous_19)
FNDA:0,(anonymous_20)
FNDA:0,(anonymous_21)
FNDA:0,(anonymous_22)
FNDA:0,(anonymous_23)
FNDA:0,(anonymous_24)
FNDA:0,(anonymous_25)
FNDA:0,(anonymous_26)
DA:1,0
DA:2,0
DA:3,0
DA:6,0
DA:17,0
DA:18,0
DA:26,0
DA:28,0
DA:29,0
DA:30,0
DA:32,0
DA:33,0
DA:34,0
DA:35,0
DA:38,0
DA:40,0
DA:82,0
DA:93,0
DA:94,0
DA:99,0
DA:100,0
DA:107,0
DA:145,0
DA:149,0
DA:150,0
DA:153,0
DA:154,0
DA:161,0
DA:162,0
DA:167,0
DA:168,0
DA:169,0
DA:172,0
DA:174,0
DA:176,0
DA:177,0
DA:178,0
DA:181,0
DA:183,0
DA:184,0
DA:187,0
DA:189,0
DA:194,0
DA:225,0
DA:228,0
DA:229,0
DA:234,0
DA:235,0
DA:237,0
DA:246,0
DA:249,0
DA:267,0
DA:268,0
DA:269,0
DA:273,0
DA:274,0
DA:275,0
DA:276,0
DA:280,0
DA:281,0
DA:283,0
DA:284,0
DA:287,0
DA:288,0
DA:292,0
DA:297,0
DA:299,0
DA:311,0
DA:330,0
DA:337,0
DA:339,0
DA:340,0
DA:346,0
DA:347,0
DA:348,0
DA:353,0
DA:354,0
DA:356,0
DA:357,0
DA:371,0
DA:372,0
DA:373,0
DA:376,0
DA:388,0
DA:390,0
DA:391,0
DA:392,0
DA:393,0
DA:394,0
DA:395,0
DA:396,0
DA:397,0
DA:398,0
DA:399,0
DA:400,0
DA:402,0
DA:405,0
DA:406,0
DA:409,0
DA:410,0
DA:414,0
DA:415,0
DA:421,0
DA:422,0
DA:423,0
DA:428,0
DA:429,0
DA:431,0
DA:432,0
DA:446,0
DA:447,0
DA:448,0
DA:452,0
DA:454,0
DA:460,0
DA:467,0
DA:469,0
DA:470,0
DA:476,0
DA:477,0
DA:478,0
DA:483,0
DA:484,0
DA:486,0
DA:487,0
DA:489,0
DA:503,0
DA:504,0
DA:505,0
DA:509,0
DA:515,0
DA:523,0
DA:525,0
DA:526,0
DA:532,0
DA:533,0
DA:534,0
DA:539,0
DA:540,0
DA:542,0
DA:543,0
DA:545,0
DA:547,0
DA:561,0
DA:562,0
DA:563,0
DA:567,0
DA:568,0
DA:570,0
DA:573,0
DA:582,0
DA:584,0
DA:586,0
DA:587,0
DA:588,0
DA:590,0
DA:591,0
DA:592,0
DA:595,0
DA:596,0
DA:597,0
DA:601,0
DA:607,0
DA:608,0
DA:609,0
DA:610,0
DA:612,0
DA:616,0
DA:618,0
DA:626,0
DA:627,0
DA:628,0
DA:633,0
DA:634,0
DA:639,0
DA:643,0
DA:644,0
DA:645,0
DA:646,0
DA:648,0
DA:649,0
DA:650,0
DA:655,0
DA:658,0
DA:659,0
DA:725,0
DA:729,0
DA:730,0
DA:792,0
DA:797,0
DA:798,0
DA:823,0
DA:830,0
DA:833,0
DA:834,0
DA:839,0
DA:840,0
DA:842,0
DA:843,0
DA:845,0
DA:859,0
DA:860,0
DA:861,0
DA:864,0
DA:865,0
DA:866,0
DA:867,0
DA:870,0
DA:872,0
DA:879,0
DA:884,0
DA:886,0
DA:887,0
DA:893,0
DA:894,0
DA:895,0
DA:900,0
DA:901,0
DA:902,0
DA:915,0
DA:916,0
DA:919,0
DA:921,0
DA:924,0
DA:925,0
DA:932,0
DA:933,0
DA:934,0
DA:936,0
DA:938,0
DA:939,0
DA:940,0
DA:941,0
DA:943,0
DA:944,0
DA:945,0
DA:946,0
DA:948,0
DA:949,0
DA:951,0
DA:952,0
DA:953,0
DA:956,0
DA:957,0
DA:960,0
DA:961,0
DA:966,0
DA:967,0
DA:968,0
DA:969,0
DA:970,0
DA:971,0
DA:975,0
DA:976,0
DA:977,0
DA:978,0
DA:979,0
DA:981,0
DA:984,0
DA:986,0
DA:987,0
DA:1036,0
DA:1043,0
DA:1046,0
DA:1051,0
DA:1052,0
DA:1053,0
DA:1054,0
DA:1056,0
DA:1059,0
DA:1061,0
DA:1064,0
DA:1065,0
DA:1114,0
DA:1117,0
DA:1118,0
DA:1127,0
DA:1132,0
DA:1133,0
DA:1134,0
DA:1135,0
DA:1136,0
DA:1138,0
DA:1179,0
DA:1182,0
DA:1187,0
DA:1188,0
DA:1189,0
DA:1190,0
DA:1191,0
DA:1193,0
DA:1231,0
DA:1234,0
DA:1239,0
DA:1240,0
DA:1241,0
DA:1242,0
DA:1243,0
DA:1245,0
DA:1278,0
DA:1281,0
DA:1286,0
DA:1287,0
DA:1295,0
DA:1299,0
DA:1300,0
DA:1302,0
DA:1320,0
DA:1338,0
DA:1356,0
DA:1366,0
DA:1367,0
DA:1368,0
DA:1371,0
DA:1382,0
DA:1383,0
DA:1386,0
DA:1387,0
DA:1388,0
DA:1391,0
DA:1392,0
DA:1393,0
DA:1395,0
DA:1396,0
DA:1399,0
DA:1402,0
DA:1403,0
DA:1407,0
LF:328
LH:0
BRDA:24,0,0,0
BRDA:25,1,0,0
BRDA:29,2,0,0
BRDA:29,2,1,0
BRDA:30,3,0,0
BRDA:30,3,1,0
BRDA:32,4,0,0
BRDA:32,4,1,0
BRDA:32,5,0,0
BRDA:32,5,1,0
BRDA:34,6,0,0
BRDA:34,6,1,0
BRDA:35,7,0,0
BRDA:35,7,1,0
BRDA:157,8,0,0
BRDA:157,8,1,0
BRDA:169,9,0,0
BRDA:174,10,0,0
BRDA:174,10,1,0
BRDA:174,10,2,0
BRDA:241,11,0,0
BRDA:242,12,0,0
BRDA:267,13,0,0
BRDA:267,13,1,0
BRDA:274,14,0,0
BRDA:274,14,1,0
BRDA:283,15,0,0
BRDA:283,15,1,0
BRDA:283,16,0,0
BRDA:283,16,1,0
BRDA:287,17,0,0
BRDA:287,17,1,0
BRDA:287,18,0,0
BRDA:287,18,1,0
BRDA:297,19,0,0
BRDA:297,19,1,0
BRDA:306,20,0,0
BRDA:306,20,1,0
BRDA:306,21,0,0
BRDA:306,21,1,0
BRDA:325,22,0,0
BRDA:325,22,1,0
BRDA:371,23,0,0
BRDA:371,23,1,0
BRDA:391,24,0,0
BRDA:391,24,1,0
BRDA:392,25,0,0
BRDA:392,25,1,0
BRDA:393,26,0,0
BRDA:393,26,1,0
BRDA:394,27,0,0
BRDA:394,27,1,0
BRDA:395,28,0,0
BRDA:395,28,1,0
BRDA:396,29,0,0
BRDA:396,29,1,0
BRDA:397,30,0,0
BRDA:397,30,1,0
BRDA:398,31,0,0
BRDA:398,31,1,0
BRDA:399,32,0,0
BRDA:399,32,1,0
BRDA:400,33,0,0
BRDA:400,33,1,0
BRDA:405,34,0,0
BRDA:405,34,1,0
BRDA:405,35,0,0
BRDA:405,35,1,0
BRDA:409,36,0,0
BRDA:409,36,1,0
BRDA:446,37,0,0
BRDA:446,37,1,0
BRDA:452,38,0,0
BRDA:452,38,1,0
BRDA:503,39,0,0
BRDA:503,39,1,0
BRDA:511,40,0,0
BRDA:511,40,1,0
BRDA:511,41,0,0
BRDA:511,41,1,0
BRDA:519,42,0,0
BRDA:519,42,1,0
BRDA:519,43,0,0
BRDA:519,43,1,0
BRDA:561,44,0,0
BRDA:561,44,1,0
BRDA:568,45,0,0
BRDA:568,45,1,0
BRDA:575,46,0,0
BRDA:575,46,1,0
BRDA:576,47,0,0
BRDA:576,47,1,0
BRDA:584,48,0,0
BRDA:584,48,1,0
BRDA:584,48,2,0
BRDA:584,48,3,0
BRDA:603,49,0,0
BRDA:603,49,1,0
BRDA:603,50,0,0
BRDA:603,50,1,0
BRDA:603,51,0,0
BRDA:603,51,1,0
BRDA:639,52,0,0
BRDA:639,52,1,0
BRDA:648,53,0,0
BRDA:648,53,1,0
BRDA:648,54,0,0
BRDA:648,54,1,0
BRDA:655,55,0,0
BRDA:655,55,1,0
BRDA:655,55,2,0
BRDA:655,55,3,0
BRDA:682,56,0,0
BRDA:682,56,1,0
BRDA:689,57,0,0
BRDA:689,57,1,0
BRDA:754,58,0,0
BRDA:754,58,1,0
BRDA:807,59,0,0
BRDA:807,59,1,0
BRDA:859,60,0,0
BRDA:859,60,1,0
BRDA:865,61,0,0
BRDA:865,61,1,0
BRDA:875,62,0,0
BRDA:875,62,1,0
BRDA:875,63,0,0
BRDA:875,63,1,0
BRDA:915,64,0,0
BRDA:915,64,1,0
BRDA:936,65,0,0
BRDA:936,65,1,0
BRDA:936,65,2,0
BRDA:936,65,3,0
BRDA:956,66,0,0
BRDA:956,66,1,0
BRDA:960,67,0,0
BRDA:960,67,1,0
BRDA:981,68,0,0
BRDA:981,68,1,0
BRDA:981,69,0,0
BRDA:981,69,1,0
BRDA:1020,70,0,0
BRDA:1020,70,1,0
BRDA:1056,71,0,0
BRDA:1056,71,1,0
BRDA:1056,72,0,0
BRDA:1056,72,1,0
BRDA:1061,73,0,0
BRDA:1061,73,1,0
BRDA:1064,74,0,0
BRDA:1064,74,1,0
BRDA:1067,75,0,0
BRDA:1067,75,1,0
BRDA:1072,76,0,0
BRDA:1072,76,1,0
BRDA:1081,77,0,0
BRDA:1081,77,1,0
BRDA:1082,78,0,0
BRDA:1082,78,1,0
BRDA:1089,79,0,0
BRDA:1089,79,1,0
BRDA:1090,80,0,0
BRDA:1090,80,1,0
BRDA:1091,81,0,0
BRDA:1091,81,1,0
BRDA:1094,82,0,0
BRDA:1094,82,1,0
BRDA:1099,83,0,0
BRDA:1099,83,1,0
BRDA:1117,84,0,0
BRDA:1117,84,1,0
BRDA:1117,85,0,0
BRDA:1117,85,1,0
BRDA:1158,86,0,0
BRDA:1158,86,1,0
BRDA:1212,87,0,0
BRDA:1212,87,1,0
BRDA:1266,88,0,0
BRDA:1266,88,1,0
BRDA:1295,89,0,0
BRDA:1295,89,1,0
BRDA:1300,90,0,0
BRDA:1300,90,1,0
BRDA:1300,90,2,0
BRDA:1300,90,3,0
BRDA:1340,91,0,0
BRDA:1340,91,1,0
BRDA:1382,92,0,0
BRDA:1382,92,1,0
BRDA:1387,93,0,0
BRDA:1387,93,1,0
BRDA:1387,94,0,0
BRDA:1387,94,1,0
BRDA:1395,95,0,0
BRDA:1395,95,1,0
BRF:196
BRH:0
end_of_record
TN:
SF:src\controllers\jobdescription.js
FN:14,syncCreateJobDescription
FN:46,SyncUpdateJobDescription
FN:60,(anonymous_2)
FN:84,capitalize
FN:88,(anonymous_4)
FN:95,(anonymous_5)
FN:132,(anonymous_6)
FN:175,(anonymous_7)
FN:186,(anonymous_8)
FN:198,(anonymous_9)
FN:275,areArraysEqual
FN:278,(anonymous_11)
FN:279,(anonymous_12)
FN:288,areSkillsEqual
FN:291,(anonymous_14)
FN:302,(anonymous_15)
FN:356,(anonymous_16)
FN:447,(anonymous_17)
FN:474,hasDuplicateSkills
FNF:19
FNH:11
FNDA:3,syncCreateJobDescription
FNDA:0,SyncUpdateJobDescription
FNDA:0,(anonymous_2)
FNDA:0,capitalize
FNDA:1,(anonymous_4)
FNDA:0,(anonymous_5)
FNDA:3,(anonymous_6)
FNDA:1,(anonymous_7)
FNDA:2,(anonymous_8)
FNDA:1,(anonymous_9)
FNDA:2,areArraysEqual
FNDA:0,(anonymous_11)
FNDA:0,(anonymous_12)
FNDA:0,areSkillsEqual
FNDA:0,(anonymous_14)
FNDA:2,(anonymous_15)
FNDA:2,(anonymous_16)
FNDA:2,(anonymous_17)
FNDA:2,hasDuplicateSkills
DA:1,1
DA:12,1
DA:22,3
DA:24,3
DA:26,3
DA:29,0
DA:30,0
DA:32,0
DA:33,0
DA:35,0
DA:38,0
DA:41,0
DA:44,3
DA:55,0
DA:59,0
DA:60,0
DA:62,0
DA:64,0
DA:65,0
DA:67,0
DA:68,0
DA:70,0
DA:71,0
DA:72,0
DA:73,0
DA:74,0
DA:76,0
DA:77,0
DA:81,0
DA:85,0
DA:88,1
DA:89,1
DA:94,1
DA:95,0
DA:98,0
DA:100,0
DA:101,0
DA:103,0
DA:104,0
DA:105,0
DA:106,0
DA:114,0
DA:125,0
DA:126,0
DA:127,0
DA:132,3
DA:175,1
DA:176,1
DA:177,1
DA:180,1
DA:182,0
DA:186,1
DA:187,2
DA:188,2
DA:191,2
DA:192,1
DA:194,0
DA:198,1
DA:214,1
DA:216,1
DA:217,1
DA:218,1
DA:234,1
DA:241,1
DA:248,1
DA:256,1
DA:262,0
DA:267,0
DA:268,0
DA:270,1
DA:271,1
DA:272,1
DA:276,2
DA:278,0
DA:279,0
DA:281,0
DA:282,0
DA:283,0
DA:285,0
DA:289,0
DA:291,0
DA:292,0
DA:293,0
DA:295,0
DA:296,0
DA:297,0
DA:299,0
DA:302,1
DA:318,2
DA:320,2
DA:321,2
DA:322,2
DA:332,2
DA:333,0
DA:334,0
DA:336,2
DA:349,2
DA:350,0
DA:355,2
DA:356,2
DA:360,2
DA:361,0
DA:362,0
DA:365,0
DA:371,0
DA:377,0
DA:378,0
DA:379,0
DA:384,0
DA:400,0
DA:409,0
DA:418,0
DA:427,0
DA:433,0
DA:438,0
DA:439,0
DA:441,2
DA:442,2
DA:443,2
DA:447,1
DA:448,2
DA:449,2
DA:450,2
DA:453,2
DA:454,1
DA:455,1
DA:458,1
DA:459,1
DA:460,1
DA:461,1
DA:466,1
DA:467,1
DA:468,1
DA:470,0
DA:471,0
DA:475,2
DA:476,2
DA:477,0
DA:478,0
DA:479,0
DA:481,2
DA:483,1
LF:142
LH:64
BRDA:20,0,0,3
BRDA:29,1,0,0
BRDA:29,1,1,0
BRDA:32,2,0,0
BRDA:32,2,1,0
BRDA:53,3,0,0
BRDA:70,4,0,0
BRDA:70,4,1,0
BRDA:70,5,0,0
BRDA:70,5,1,0
BRDA:88,6,0,0
BRDA:103,7,0,0
BRDA:103,7,1,0
BRDA:105,8,0,0
BRDA:105,8,1,0
BRDA:126,9,0,0
BRDA:126,9,1,0
BRDA:191,10,0,1
BRDA:191,10,1,1
BRDA:210,11,0,0
BRDA:211,12,0,0
BRDA:212,13,0,0
BRDA:213,14,0,0
BRDA:275,15,0,2
BRDA:276,16,0,0
BRDA:276,16,1,0
BRDA:281,17,0,0
BRDA:281,17,1,0
BRDA:283,18,0,0
BRDA:283,18,1,0
BRDA:289,19,0,0
BRDA:289,19,1,0
BRDA:295,20,0,0
BRDA:295,20,1,0
BRDA:297,21,0,0
BRDA:297,21,1,0
BRDA:314,22,0,1
BRDA:315,23,0,1
BRDA:316,24,0,1
BRDA:317,25,0,1
BRDA:332,26,0,0
BRDA:332,26,1,2
BRDA:349,27,0,0
BRDA:349,27,1,2
BRDA:371,28,0,0
BRDA:371,28,1,0
BRDA:371,28,2,0
BRDA:371,28,3,0
BRDA:371,28,4,0
BRDA:377,29,0,0
BRDA:377,29,1,0
BRDA:453,30,0,1
BRDA:453,30,1,1
BRDA:478,31,0,0
BRDA:478,31,1,0
BRF:55
BRH:12
end_of_record
TN:
SF:src\controllers\jobemployeeskillmatch.js
FN:11,(anonymous_0)
FN:77,(anonymous_1)
FN:78,(anonymous_2)
FN:83,(anonymous_3)
FN:95,(anonymous_4)
FN:115,calculateScoreWithFastAPI
FNF:6
FNH:0
FNDA:0,(anonymous_0)
FNDA:0,(anonymous_1)
FNDA:0,(anonymous_2)
FNDA:0,(anonymous_3)
FNDA:0,(anonymous_4)
FNDA:0,calculateScoreWithFastAPI
DA:1,0
DA:9,0
DA:11,0
DA:12,0
DA:13,0
DA:15,0
DA:17,0
DA:18,0
DA:19,0
DA:23,0
DA:31,0
DA:32,0
DA:41,0
DA:56,0
DA:57,0
DA:58,0
DA:59,0
DA:60,0
DA:61,0
DA:66,0
DA:67,0
DA:68,0
DA:69,0
DA:70,0
DA:71,0
DA:76,0
DA:77,0
DA:78,0
DA:83,0
DA:92,0
DA:95,0
DA:106,0
DA:107,0
DA:110,0
DA:111,0
DA:116,0
DA:122,0
DA:123,0
DA:126,0
DA:129,0
LF:40
LH:0
BRDA:18,0,0,0
BRDA:18,0,1,0
BRDA:31,1,0,0
BRDA:31,1,1,0
BRDA:60,2,0,0
BRDA:60,2,1,0
BRDA:69,3,0,0
BRDA:69,3,1,0
BRDA:85,4,0,0
BRDA:85,4,1,0
BRDA:86,5,0,0
BRDA:86,5,1,0
BRDA:87,6,0,0
BRDA:87,6,1,0
BRDA:97,7,0,0
BRDA:97,7,1,0
BRDA:99,8,0,0
BRDA:99,8,1,0
BRDA:122,9,0,0
BRDA:122,9,1,0
BRF:20
BRH:0
end_of_record
TN:
SF:src\controllers\joboffer.js
FN:5,(anonymous_0)
FN:35,(anonymous_1)
FN:105,(anonymous_2)
FN:126,(anonymous_3)
FN:237,(anonymous_4)
FN:246,(anonymous_5)
FN:338,(anonymous_6)
FN:347,(anonymous_7)
FN:376,(anonymous_8)
FN:413,(anonymous_9)
FN:447,(anonymous_10)
FN:479,(anonymous_11)
FN:521,(anonymous_12)
FNF:13
FNH:7
FNDA:7,(anonymous_0)
FNDA:2,(anonymous_1)
FNDA:2,(anonymous_2)
FNDA:4,(anonymous_3)
FNDA:0,(anonymous_4)
FNDA:2,(anonymous_5)
FNDA:0,(anonymous_6)
FNDA:0,(anonymous_7)
FNDA:1,(anonymous_8)
FNDA:0,(anonymous_9)
FNDA:1,(anonymous_10)
FNDA:0,(anonymous_11)
FNDA:0,(anonymous_12)
DA:1,1
DA:2,1
DA:5,7
DA:35,1
DA:36,2
DA:37,2
DA:38,2
DA:49,2
DA:51,2
DA:52,2
DA:55,2
DA:56,2
DA:57,2
DA:58,0
DA:62,2
DA:63,0
DA:67,2
DA:68,0
DA:72,2
DA:73,0
DA:80,2
DA:88,2
DA:89,2
DA:99,0
DA:100,0
DA:105,1
DA:106,2
DA:107,2
DA:111,2
DA:112,1
DA:116,1
DA:118,1
DA:120,0
DA:121,0
DA:126,1
DA:127,4
DA:129,4
DA:144,4
DA:147,4
DA:148,1
DA:149,1
DA:156,3
DA:176,3
DA:177,2
DA:178,2
DA:182,1
DA:183,0
DA:184,0
DA:188,1
DA:189,1
DA:190,0
DA:191,0
DA:194,1
DA:212,1
DA:214,1
DA:219,1
DA:222,1
DA:229,1
DA:231,0
DA:232,0
DA:234,0
DA:235,0
DA:237,0
DA:241,0
DA:246,1
DA:247,2
DA:249,2
DA:250,2
DA:252,2
DA:253,0
DA:254,0
DA:258,2
DA:259,1
DA:260,1
DA:276,1
DA:279,1
DA:280,0
DA:281,0
DA:285,1
DA:286,0
DA:287,0
DA:288,0
DA:289,0
DA:293,1
DA:309,1
DA:310,0
DA:313,1
DA:315,1
DA:320,1
DA:323,1
DA:330,1
DA:332,0
DA:333,0
DA:335,0
DA:336,0
DA:338,0
DA:342,0
DA:347,1
DA:348,0
DA:350,0
DA:351,0
DA:353,0
DA:354,0
DA:355,0
DA:359,0
DA:360,0
DA:361,0
DA:364,0
DA:365,0
DA:367,0
DA:369,0
DA:370,0
DA:371,0
DA:376,1
DA:377,1
DA:379,1
DA:380,1
DA:382,1
DA:383,0
DA:384,0
DA:388,1
DA:389,0
DA:390,0
DA:393,1
DA:398,1
DA:403,1
DA:404,1
DA:406,0
DA:407,0
DA:408,0
DA:413,1
DA:414,0
DA:416,0
DA:417,0
DA:419,0
DA:420,0
DA:421,0
DA:425,0
DA:426,0
DA:427,0
DA:430,0
DA:432,0
DA:437,0
DA:438,0
DA:440,0
DA:441,0
DA:442,0
DA:447,1
DA:448,1
DA:449,1
DA:460,1
DA:461,1
DA:462,1
DA:463,1
DA:465,1
DA:473,0
DA:474,0
DA:479,1
DA:480,0
DA:482,0
DA:483,0
DA:485,0
DA:486,0
DA:487,0
DA:491,0
DA:504,0
DA:506,0
DA:511,0
DA:512,0
DA:514,0
DA:515,0
DA:516,0
DA:521,1
DA:522,0
DA:524,0
DA:525,0
DA:531,0
DA:533,0
DA:538,0
DA:539,0
DA:541,0
DA:542,0
DA:543,0
DA:547,1
LF:184
LH:87
BRDA:38,0,0,2
BRDA:38,0,1,0
BRDA:47,1,0,2
BRDA:48,2,0,2
BRDA:55,3,0,1
BRDA:55,3,1,1
BRDA:56,4,0,0
BRDA:56,4,1,2
BRDA:57,5,0,0
BRDA:57,5,1,2
BRDA:62,6,0,0
BRDA:62,6,1,2
BRDA:67,7,0,0
BRDA:67,7,1,2
BRDA:72,8,0,0
BRDA:72,8,1,2
BRDA:111,9,0,1
BRDA:111,9,1,1
BRDA:140,10,0,4
BRDA:141,11,0,4
BRDA:143,12,0,4
BRDA:147,13,0,1
BRDA:147,13,1,3
BRDA:147,14,0,4
BRDA:147,14,1,4
BRDA:147,14,2,3
BRDA:147,14,3,3
BRDA:147,14,4,3
BRDA:176,15,0,2
BRDA:176,15,1,1
BRDA:182,16,0,0
BRDA:182,16,1,1
BRDA:182,17,0,1
BRDA:182,17,1,0
BRDA:182,17,2,0
BRDA:189,18,0,0
BRDA:189,18,1,1
BRDA:198,19,0,0
BRDA:198,19,1,1
BRDA:199,20,0,0
BRDA:199,20,1,1
BRDA:204,21,0,1
BRDA:204,21,1,0
BRDA:205,22,0,1
BRDA:205,22,1,0
BRDA:208,23,0,1
BRDA:208,23,1,0
BRDA:209,24,0,0
BRDA:209,24,1,1
BRDA:234,25,0,0
BRDA:234,25,1,0
BRDA:252,26,0,0
BRDA:252,26,1,2
BRDA:258,27,0,1
BRDA:258,27,1,1
BRDA:258,28,0,2
BRDA:258,28,1,1
BRDA:279,29,0,0
BRDA:279,29,1,1
BRDA:279,30,0,1
BRDA:279,30,1,0
BRDA:279,30,2,0
BRDA:285,31,0,0
BRDA:285,31,1,1
BRDA:287,32,0,0
BRDA:287,32,1,0
BRDA:297,33,0,0
BRDA:297,33,1,1
BRDA:298,34,0,0
BRDA:298,34,1,1
BRDA:301,35,0,0
BRDA:301,35,1,1
BRDA:303,36,0,0
BRDA:303,36,1,1
BRDA:304,37,0,0
BRDA:304,37,1,1
BRDA:309,38,0,0
BRDA:309,38,1,1
BRDA:309,39,0,1
BRDA:309,39,1,0
BRDA:335,40,0,0
BRDA:335,40,1,0
BRDA:353,41,0,0
BRDA:353,41,1,0
BRDA:359,42,0,0
BRDA:359,42,1,0
BRDA:359,43,0,0
BRDA:359,43,1,0
BRDA:382,44,0,0
BRDA:382,44,1,1
BRDA:388,45,0,0
BRDA:388,45,1,1
BRDA:388,46,0,1
BRDA:388,46,1,0
BRDA:419,47,0,0
BRDA:419,47,1,0
BRDA:425,48,0,0
BRDA:425,48,1,0
BRDA:425,49,0,0
BRDA:425,49,1,0
BRDA:485,50,0,0
BRDA:485,50,1,0
BRDA:499,51,0,0
BRDA:499,51,1,0
BRF:104
BRH:51
end_of_record
TN:
SF:src\controllers\jobrequiredskill.js
FN:5,(anonymous_0)
FN:21,(anonymous_1)
FN:44,(anonymous_2)
FN:81,(anonymous_3)
FN:113,(anonymous_4)
FNF:5
FNH:5
FNDA:1,(anonymous_0)
FNDA:2,(anonymous_1)
FNDA:2,(anonymous_2)
FNDA:2,(anonymous_3)
FNDA:2,(anonymous_4)
DA:1,1
DA:2,1
DA:5,1
DA:6,1
DA:7,1
DA:14,1
DA:16,0
DA:21,1
DA:22,2
DA:23,2
DA:24,2
DA:33,2
DA:34,1
DA:37,1
DA:39,0
DA:44,1
DA:45,2
DA:46,2
DA:48,2
DA:52,2
DA:53,1
DA:58,1
DA:65,1
DA:74,1
DA:76,0
DA:81,1
DA:82,2
DA:83,2
DA:84,2
DA:86,2
DA:90,2
DA:91,1
DA:94,1
DA:97,1
DA:106,1
DA:108,0
DA:113,1
DA:114,2
DA:115,2
DA:117,2
DA:121,2
DA:122,1
DA:127,1
DA:128,1
DA:130,0
DA:134,1
LF:46
LH:41
BRDA:33,0,0,1
BRDA:33,0,1,1
BRDA:52,1,0,1
BRDA:52,1,1,1
BRDA:90,2,0,1
BRDA:90,2,1,1
BRDA:121,3,0,1
BRDA:121,3,1,1
BRF:8
BRH:8
end_of_record
TN:
SF:src\controllers\linkedin.js
FN:2,(anonymous_0)
FN:5,(anonymous_1)
FN:35,(anonymous_2)
FNF:3
FNH:0
FNDA:0,(anonymous_0)
FNDA:0,(anonymous_1)
FNDA:0,(anonymous_2)
DA:1,0
DA:2,0
DA:3,0
DA:5,0
DA:6,0
DA:7,0
DA:8,0
DA:10,0
DA:11,0
DA:13,0
DA:14,0
DA:22,0
DA:26,0
DA:27,0
DA:29,0
DA:30,0
DA:35,0
DA:36,0
DA:37,0
DA:38,0
DA:42,0
DA:44,0
DA:60,0
DA:68,0
DA:70,0
DA:71,0
DA:74,0
LF:27
LH:0
BRDA:7,0,0,0
BRDA:7,0,1,0
BRDA:10,1,0,0
BRDA:10,1,1,0
BRDA:29,2,0,0
BRDA:29,2,1,0
BRDA:70,3,0,0
BRDA:70,3,1,0
BRF:8
BRH:0
end_of_record
TN:
SF:src\controllers\moyen.js
FN:6,(anonymous_0)
FN:16,(anonymous_1)
FN:27,(anonymous_2)
FN:47,(anonymous_3)
FN:69,(anonymous_4)
FNF:5
FNH:1
FNDA:0,(anonymous_0)
FNDA:0,(anonymous_1)
FNDA:1,(anonymous_2)
FNDA:0,(anonymous_3)
FNDA:0,(anonymous_4)
DA:3,1
DA:4,1
DA:6,1
DA:7,0
DA:8,0
DA:9,0
DA:11,0
DA:12,0
DA:16,1
DA:17,0
DA:18,0
DA:19,0
DA:20,0
DA:22,0
DA:23,0
DA:27,1
DA:28,1
DA:29,1
DA:30,1
DA:31,1
DA:32,1
DA:33,1
DA:36,0
DA:38,0
DA:39,0
DA:41,0
DA:42,0
DA:43,0
DA:47,1
DA:48,0
DA:49,0
DA:50,0
DA:51,0
DA:53,0
DA:54,0
DA:55,0
DA:58,0
DA:60,0
DA:61,0
DA:63,0
DA:64,0
DA:65,0
DA:69,1
DA:70,0
DA:71,0
DA:72,0
DA:74,0
DA:75,0
DA:76,0
DA:79,0
DA:81,0
DA:82,0
DA:84,0
DA:85,0
DA:86,0
DA:90,1
LF:56
LH:14
BRDA:19,0,0,0
BRDA:19,0,1,0
BRDA:31,1,0,1
BRDA:31,1,1,0
BRDA:53,2,0,0
BRDA:53,2,1,0
BRDA:74,3,0,0
BRDA:74,3,1,0
BRF:8
BRH:1
end_of_record
TN:
SF:src\controllers\publicJobOffers.js
FN:5,(anonymous_0)
FN:110,(anonymous_1)
FN:111,(anonymous_2)
FN:112,(anonymous_3)
FN:116,(anonymous_4)
FN:117,(anonymous_5)
FN:150,(anonymous_6)
FN:204,(anonymous_7)
FN:283,(anonymous_8)
FN:284,(anonymous_9)
FN:285,(anonymous_10)
FN:286,(anonymous_11)
FN:287,(anonymous_12)
FN:302,(anonymous_13)
FNF:14
FNH:2
FNDA:5,(anonymous_0)
FNDA:0,(anonymous_1)
FNDA:0,(anonymous_2)
FNDA:0,(anonymous_3)
FNDA:0,(anonymous_4)
FNDA:0,(anonymous_5)
FNDA:1,(anonymous_6)
FNDA:0,(anonymous_7)
FNDA:0,(anonymous_8)
FNDA:0,(anonymous_9)
FNDA:0,(anonymous_10)
FNDA:0,(anonymous_11)
FNDA:0,(anonymous_12)
FNDA:0,(anonymous_13)
DA:1,1
DA:2,1
DA:5,1
DA:6,5
DA:21,5
DA:23,5
DA:31,5
DA:32,1
DA:39,5
DA:40,1
DA:43,5
DA:44,1
DA:47,5
DA:48,0
DA:51,5
DA:52,1
DA:55,5
DA:56,1
DA:60,5
DA:82,5
DA:83,0
DA:89,5
DA:90,0
DA:96,5
DA:98,5
DA:108,5
DA:109,5
DA:110,0
DA:111,0
DA:112,0
DA:113,0
DA:116,0
DA:117,0
DA:122,5
DA:144,0
DA:145,0
DA:150,1
DA:151,1
DA:153,1
DA:154,1
DA:185,0
DA:186,0
DA:187,0
DA:191,0
DA:193,0
DA:194,0
DA:197,1
DA:198,1
DA:199,1
DA:204,1
DA:205,0
DA:214,0
DA:282,0
DA:283,0
DA:284,0
DA:285,0
DA:286,0
DA:287,0
DA:296,0
DA:297,0
DA:302,1
DA:303,0
DA:304,0
DA:315,0
DA:324,0
DA:333,0
DA:334,0
DA:338,1
LF:68
LH:35
BRDA:17,0,0,5
BRDA:18,1,0,5
BRDA:19,2,0,5
BRDA:20,3,0,5
BRDA:31,4,0,1
BRDA:31,4,1,4
BRDA:39,5,0,1
BRDA:39,5,1,4
BRDA:43,6,0,1
BRDA:43,6,1,4
BRDA:47,7,0,0
BRDA:47,7,1,5
BRDA:51,8,0,1
BRDA:51,8,1,4
BRDA:55,9,0,1
BRDA:55,9,1,4
BRDA:82,10,0,0
BRDA:82,10,1,5
BRDA:89,11,0,0
BRDA:89,11,1,5
BRDA:109,12,0,0
BRDA:109,12,1,5
BRDA:112,13,0,0
BRDA:112,13,1,0
BRDA:185,14,0,0
BRDA:185,14,1,0
BRDA:290,15,0,0
BRDA:290,15,1,0
BRDA:291,16,0,0
BRDA:291,16,1,0
BRDA:325,17,0,0
BRDA:325,17,1,0
BRDA:326,18,0,0
BRDA:326,18,1,0
BRDA:327,19,0,0
BRDA:327,19,1,0
BRDA:328,20,0,0
BRDA:328,20,1,0
BRF:38
BRH:18
end_of_record
TN:
SF:src\controllers\recommendations.js
FN:11,(anonymous_0)
FN:24,(anonymous_1)
FN:30,(anonymous_2)
FN:39,(anonymous_3)
FN:64,(anonymous_4)
FN:136,(anonymous_5)
FN:165,(anonymous_6)
FN:169,(anonymous_7)
FN:212,(anonymous_8)
FN:232,(anonymous_9)
FN:300,(anonymous_10)
FN:315,(anonymous_11)
FN:389,(anonymous_12)
FN:458,(anonymous_13)
FN:467,(anonymous_14)
FN:472,(anonymous_15)
FN:530,(anonymous_16)
FN:540,(anonymous_17)
FN:554,(anonymous_18)
FNF:19
FNH:0
FNDA:0,(anonymous_0)
FNDA:0,(anonymous_1)
FNDA:0,(anonymous_2)
FNDA:0,(anonymous_3)
FNDA:0,(anonymous_4)
FNDA:0,(anonymous_5)
FNDA:0,(anonymous_6)
FNDA:0,(anonymous_7)
FNDA:0,(anonymous_8)
FNDA:0,(anonymous_9)
FNDA:0,(anonymous_10)
FNDA:0,(anonymous_11)
FNDA:0,(anonymous_12)
FNDA:0,(anonymous_13)
FNDA:0,(anonymous_14)
FNDA:0,(anonymous_15)
FNDA:0,(anonymous_16)
FNDA:0,(anonymous_17)
FNDA:0,(anonymous_18)
DA:3,0
DA:6,0
DA:7,0
DA:11,0
DA:12,0
DA:14,0
DA:15,0
DA:16,0
DA:17,0
DA:20,0
DA:21,0
DA:24,0
DA:25,0
DA:26,0
DA:27,0
DA:30,0
DA:32,0
DA:33,0
DA:34,0
DA:39,0
DA:40,0
DA:41,0
DA:42,0
DA:43,0
DA:50,0
DA:51,0
DA:64,0
DA:65,0
DA:66,0
DA:67,0
DA:69,0
DA:72,0
DA:73,0
DA:80,0
DA:97,0
DA:98,0
DA:105,0
DA:122,0
DA:123,0
DA:130,0
DA:136,0
DA:163,0
DA:164,0
DA:165,0
DA:166,0
DA:167,0
DA:168,0
DA:169,0
DA:174,0
DA:175,0
DA:177,0
DA:195,0
DA:196,0
DA:199,0
DA:200,0
DA:212,0
DA:213,0
DA:214,0
DA:219,0
DA:225,0
DA:228,0
DA:229,0
DA:230,0
DA:232,0
DA:233,0
DA:234,0
DA:241,0
DA:245,0
DA:246,0
DA:248,0
DA:249,0
DA:250,0
DA:253,0
DA:254,0
DA:255,0
DA:256,0
DA:257,0
DA:258,0
DA:260,0
DA:261,0
DA:263,0
DA:264,0
DA:265,0
DA:267,0
DA:269,0
DA:270,0
DA:271,0
DA:273,0
DA:275,0
DA:293,0
DA:295,0
DA:300,0
DA:301,0
DA:302,0
DA:303,0
DA:305,0
DA:308,0
DA:309,0
DA:315,0
DA:319,0
DA:320,0
DA:321,0
DA:322,0
DA:323,0
DA:324,0
DA:326,0
DA:329,0
DA:330,0
DA:332,0
DA:333,0
DA:334,0
DA:335,0
DA:336,0
DA:337,0
DA:338,0
DA:339,0
DA:340,0
DA:341,0
DA:342,0
DA:343,0
DA:344,0
DA:346,0
DA:347,0
DA:348,0
DA:349,0
DA:350,0
DA:352,0
DA:353,0
DA:354,0
DA:355,0
DA:356,0
DA:357,0
DA:358,0
DA:360,0
DA:361,0
DA:362,0
DA:363,0
DA:364,0
DA:366,0
DA:367,0
DA:368,0
DA:369,0
DA:370,0
DA:371,0
DA:373,0
DA:374,0
DA:375,0
DA:376,0
DA:377,0
DA:380,0
DA:389,0
DA:390,0
DA:391,0
DA:392,0
DA:394,0
DA:397,0
DA:414,0
DA:415,0
DA:419,0
DA:420,0
DA:421,0
DA:424,0
DA:442,0
DA:443,0
DA:453,0
DA:458,0
DA:467,0
DA:472,0
DA:482,0
DA:489,0
DA:490,0
DA:492,0
DA:494,0
DA:495,0
DA:498,0
DA:505,0
DA:506,0
DA:512,0
DA:519,0
DA:520,0
DA:530,0
DA:531,0
DA:532,0
DA:533,0
DA:535,0
DA:536,0
DA:540,0
DA:541,0
DA:542,0
DA:543,0
DA:549,0
DA:550,0
DA:554,0
DA:555,0
DA:556,0
DA:557,0
DA:558,0
DA:564,0
DA:565,0
DA:569,0
LF:200
LH:0
BRDA:12,0,0,0
BRDA:12,0,1,0
BRDA:12,1,0,0
BRDA:12,1,1,0
BRDA:15,2,0,0
BRDA:15,2,1,0
BRDA:21,3,0,0
BRDA:21,3,1,0
BRDA:25,4,0,0
BRDA:25,4,1,0
BRDA:26,5,0,0
BRDA:26,5,1,0
BRDA:32,6,0,0
BRDA:32,6,1,0
BRDA:32,7,0,0
BRDA:32,7,1,0
BRDA:33,8,0,0
BRDA:33,8,1,0
BRDA:72,9,0,0
BRDA:72,9,1,0
BRDA:72,10,0,0
BRDA:72,10,1,0
BRDA:97,11,0,0
BRDA:97,11,1,0
BRDA:122,12,0,0
BRDA:122,12,1,0
BRDA:131,13,0,0
BRDA:131,13,1,0
BRDA:132,14,0,0
BRDA:132,14,1,0
BRDA:136,15,0,0
BRDA:136,15,1,0
BRDA:142,16,0,0
BRDA:142,16,1,0
BRDA:143,17,0,0
BRDA:143,17,1,0
BRDA:144,18,0,0
BRDA:144,18,1,0
BRDA:144,19,0,0
BRDA:144,19,1,0
BRDA:144,20,0,0
BRDA:144,20,1,0
BRDA:151,21,0,0
BRDA:151,21,1,0
BRDA:152,22,0,0
BRDA:152,22,1,0
BRDA:153,23,0,0
BRDA:153,23,1,0
BRDA:158,24,0,0
BRDA:158,24,1,0
BRDA:163,25,0,0
BRDA:163,25,1,0
BRDA:165,26,0,0
BRDA:165,26,1,0
BRDA:165,27,0,0
BRDA:165,27,1,0
BRDA:165,28,0,0
BRDA:165,28,1,0
BRDA:174,29,0,0
BRDA:174,29,1,0
BRDA:175,30,0,0
BRDA:175,30,1,0
BRDA:203,31,0,0
BRDA:203,31,1,0
BRDA:204,32,0,0
BRDA:204,32,1,0
BRDA:217,33,0,0
BRDA:217,33,1,0
BRDA:222,34,0,0
BRDA:222,34,1,0
BRDA:229,35,0,0
BRDA:229,35,1,0
BRDA:229,35,2,0
BRDA:235,36,0,0
BRDA:235,36,1,0
BRDA:235,36,2,0
BRDA:236,37,0,0
BRDA:236,37,1,0
BRDA:236,37,2,0
BRDA:237,38,0,0
BRDA:237,38,1,0
BRDA:237,38,2,0
BRDA:238,39,0,0
BRDA:238,39,1,0
BRDA:238,39,2,0
BRDA:245,40,0,0
BRDA:245,40,1,0
BRDA:248,41,0,0
BRDA:248,41,1,0
BRDA:255,42,0,0
BRDA:255,42,1,0
BRDA:255,42,2,0
BRDA:255,42,3,0
BRDA:256,43,0,0
BRDA:256,43,1,0
BRDA:256,43,2,0
BRDA:257,44,0,0
BRDA:257,44,1,0
BRDA:257,44,2,0
BRDA:258,45,0,0
BRDA:258,45,1,0
BRDA:258,45,2,0
BRDA:264,46,0,0
BRDA:264,46,1,0
BRDA:265,47,0,0
BRDA:265,47,1,0
BRDA:269,48,0,0
BRDA:269,48,1,0
BRDA:290,49,0,0
BRDA:290,49,1,0
BRDA:301,50,0,0
BRDA:301,50,1,0
BRDA:319,51,0,0
BRDA:319,51,1,0
BRDA:319,52,0,0
BRDA:319,52,1,0
BRDA:321,53,0,0
BRDA:321,53,1,0
BRDA:323,54,0,0
BRDA:323,54,1,0
BRDA:330,55,0,0
BRDA:330,55,1,0
BRDA:332,56,0,0
BRDA:332,56,1,0
BRDA:332,57,0,0
BRDA:332,57,1,0
BRDA:333,58,0,0
BRDA:333,58,1,0
BRDA:339,59,0,0
BRDA:339,59,1,0
BRDA:352,60,0,0
BRDA:352,60,1,0
BRDA:352,61,0,0
BRDA:352,61,1,0
BRDA:353,62,0,0
BRDA:353,62,1,0
BRDA:366,63,0,0
BRDA:366,63,1,0
BRDA:394,64,0,0
BRDA:394,64,1,0
BRDA:394,65,0,0
BRDA:394,65,1,0
BRDA:394,66,0,0
BRDA:394,66,1,0
BRDA:414,67,0,0
BRDA:414,67,1,0
BRDA:420,68,0,0
BRDA:420,68,1,0
BRDA:420,69,0,0
BRDA:420,69,1,0
BRDA:442,70,0,0
BRDA:442,70,1,0
BRDA:442,71,0,0
BRDA:442,71,1,0
BRDA:457,72,0,0
BRDA:457,72,1,0
BRDA:458,73,0,0
BRDA:458,73,1,0
BRDA:460,74,0,0
BRDA:460,74,1,0
BRDA:461,75,0,0
BRDA:461,75,1,0
BRDA:462,76,0,0
BRDA:462,76,1,0
BRDA:462,76,2,0
BRDA:463,77,0,0
BRDA:463,77,1,0
BRDA:463,77,2,0
BRDA:470,78,0,0
BRDA:470,78,1,0
BRDA:471,79,0,0
BRDA:471,79,1,0
BRDA:472,80,0,0
BRDA:472,80,1,0
BRDA:474,81,0,0
BRDA:474,81,1,0
BRDA:475,82,0,0
BRDA:475,82,1,0
BRDA:476,83,0,0
BRDA:476,83,1,0
BRDA:476,83,2,0
BRDA:477,84,0,0
BRDA:477,84,1,0
BRDA:477,84,2,0
BRDA:483,85,0,0
BRDA:483,85,1,0
BRDA:484,86,0,0
BRDA:484,86,1,0
BRDA:492,87,0,0
BRDA:492,87,1,0
BRDA:495,88,0,0
BRDA:495,88,1,0
BRDA:500,89,0,0
BRDA:500,89,1,0
BRDA:505,90,0,0
BRDA:505,90,1,0
BRDA:514,91,0,0
BRDA:514,91,1,0
BRDA:514,92,0,0
BRDA:514,92,1,0
BRDA:515,93,0,0
BRDA:515,93,1,0
BRF:202
BRH:0
end_of_record
TN:
SF:src\controllers\recruiterApplications.js
FN:17,(anonymous_0)
FN:75,(anonymous_1)
FN:185,(anonymous_2)
FN:298,(anonymous_3)
FN:476,(anonymous_4)
FN:529,(anonymous_5)
FN:544,(anonymous_6)
FN:653,(anonymous_7)
FN:693,(anonymous_8)
FN:720,(anonymous_9)
FN:761,(anonymous_10)
FN:774,generateGoogleMeetLink
FN:779,(anonymous_12)
FN:780,(anonymous_13)
FN:781,(anonymous_14)
FNF:15
FNH:0
FNDA:0,(anonymous_0)
FNDA:0,(anonymous_1)
FNDA:0,(anonymous_2)
FNDA:0,(anonymous_3)
FNDA:0,(anonymous_4)
FNDA:0,(anonymous_5)
FNDA:0,(anonymous_6)
FNDA:0,(anonymous_7)
FNDA:0,(anonymous_8)
FNDA:0,(anonymous_9)
FNDA:0,(anonymous_10)
FNDA:0,generateGoogleMeetLink
FNDA:0,(anonymous_12)
FNDA:0,(anonymous_13)
FNDA:0,(anonymous_14)
DA:1,0
DA:2,0
DA:3,0
DA:6,0
DA:17,0
DA:18,0
DA:19,0
DA:20,0
DA:22,0
DA:23,0
DA:24,0
DA:27,0
DA:29,0
DA:58,0
DA:69,0
DA:70,0
DA:75,0
DA:76,0
DA:77,0
DA:78,0
DA:79,0
DA:87,0
DA:90,0
DA:91,0
DA:92,0
DA:94,0
DA:96,0
DA:97,0
DA:98,0
DA:105,0
DA:106,0
DA:109,0
DA:110,0
DA:115,0
DA:121,0
DA:156,0
DA:157,0
DA:159,0
DA:170,0
DA:171,0
DA:172,0
DA:173,0
DA:176,0
DA:185,0
DA:186,0
DA:188,0
DA:189,0
DA:191,0
DA:205,0
DA:206,0
DA:207,0
DA:210,0
DA:212,0
DA:218,0
DA:221,0
DA:223,0
DA:224,0
DA:230,0
DA:233,0
DA:234,0
DA:246,0
DA:249,0
DA:250,0
DA:257,0
DA:260,0
DA:261,0
DA:269,0
DA:272,0
DA:273,0
DA:281,0
DA:284,0
DA:285,0
DA:291,0
DA:292,0
DA:293,0
DA:298,0
DA:299,0
DA:301,0
DA:308,0
DA:310,0
DA:324,0
DA:325,0
DA:326,0
DA:330,0
DA:331,0
DA:332,0
DA:333,0
DA:337,0
DA:338,0
DA:340,0
DA:341,0
DA:344,0
DA:345,0
DA:349,0
DA:350,0
DA:351,0
DA:352,0
DA:356,0
DA:361,0
DA:363,0
DA:374,0
DA:390,0
DA:398,0
DA:399,0
DA:457,0
DA:459,0
DA:462,0
DA:469,0
DA:470,0
DA:471,0
DA:476,0
DA:477,0
DA:478,0
DA:480,0
DA:481,0
DA:482,0
DA:490,0
DA:527,0
DA:530,0
DA:531,0
DA:538,0
DA:539,0
DA:544,0
DA:545,0
DA:547,0
DA:548,0
DA:550,0
DA:551,0
DA:552,0
DA:555,0
DA:556,0
DA:557,0
DA:560,0
DA:575,0
DA:576,0
DA:577,0
DA:581,0
DA:590,0
DA:591,0
DA:594,0
DA:596,0
DA:597,0
DA:607,0
DA:610,0
DA:611,0
DA:620,0
DA:623,0
DA:624,0
DA:632,0
DA:639,0
DA:640,0
DA:646,0
DA:647,0
DA:648,0
DA:653,0
DA:654,0
DA:655,0
DA:680,0
DA:681,0
DA:684,0
DA:687,0
DA:688,0
DA:693,0
DA:694,0
DA:695,0
DA:697,0
DA:699,0
DA:700,0
DA:703,0
DA:704,0
DA:705,0
DA:707,0
DA:708,0
DA:711,0
DA:714,0
DA:715,0
DA:720,0
DA:721,0
DA:722,0
DA:723,0
DA:725,0
DA:747,0
DA:749,0
DA:754,0
DA:755,0
DA:756,0
DA:761,0
DA:762,0
DA:770,0
DA:776,0
DA:779,0
DA:780,0
DA:781,0
DA:783,0
DA:786,0
LF:195
LH:0
BRDA:20,0,0,0
BRDA:20,1,0,0
BRDA:23,2,0,0
BRDA:23,2,1,0
BRDA:78,3,0,0
BRDA:78,3,1,0
BRDA:85,4,0,0
BRDA:86,5,0,0
BRDA:91,6,0,0
BRDA:91,6,1,0
BRDA:92,7,0,0
BRDA:92,7,1,0
BRDA:97,8,0,0
BRDA:97,8,1,0
BRDA:109,9,0,0
BRDA:109,9,1,0
BRDA:109,10,0,0
BRDA:109,10,1,0
BRDA:109,10,2,0
BRDA:127,11,0,0
BRDA:127,11,1,0
BRDA:179,12,0,0
BRDA:179,12,1,0
BRDA:205,13,0,0
BRDA:205,13,1,0
BRDA:221,14,0,0
BRDA:221,14,1,0
BRDA:221,14,2,0
BRDA:221,14,3,0
BRDA:238,15,0,0
BRDA:238,15,1,0
BRDA:241,16,0,0
BRDA:241,16,1,0
BRDA:272,17,0,0
BRDA:272,17,1,0
BRDA:272,18,0,0
BRDA:272,18,1,0
BRDA:304,19,0,0
BRDA:324,20,0,0
BRDA:324,20,1,0
BRDA:331,21,0,0
BRDA:331,21,1,0
BRDA:340,22,0,0
BRDA:340,22,1,0
BRDA:340,23,0,0
BRDA:340,23,1,0
BRDA:344,24,0,0
BRDA:344,24,1,0
BRDA:344,25,0,0
BRDA:344,25,1,0
BRDA:349,26,0,0
BRDA:349,26,1,0
BRDA:361,27,0,0
BRDA:361,27,1,0
BRDA:369,28,0,0
BRDA:369,28,1,0
BRDA:369,29,0,0
BRDA:369,29,1,0
BRDA:394,30,0,0
BRDA:394,30,1,0
BRDA:394,31,0,0
BRDA:394,31,1,0
BRDA:419,32,0,0
BRDA:419,32,1,0
BRDA:420,33,0,0
BRDA:420,33,1,0
BRDA:430,34,0,0
BRDA:430,34,1,0
BRDA:431,35,0,0
BRDA:431,35,1,0
BRDA:432,36,0,0
BRDA:432,36,1,0
BRDA:435,37,0,0
BRDA:435,37,1,0
BRDA:440,38,0,0
BRDA:440,38,1,0
BRDA:481,39,0,0
BRDA:481,39,1,0
BRDA:550,40,0,0
BRDA:550,40,1,0
BRDA:550,41,0,0
BRDA:550,41,1,0
BRDA:555,42,0,0
BRDA:555,42,1,0
BRDA:575,43,0,0
BRDA:575,43,1,0
BRDA:594,44,0,0
BRDA:594,44,1,0
BRDA:623,45,0,0
BRDA:623,45,1,0
BRDA:623,46,0,0
BRDA:623,46,1,0
BRDA:680,47,0,0
BRDA:680,47,1,0
BRDA:699,48,0,0
BRDA:699,48,1,0
BRDA:707,49,0,0
BRDA:707,49,1,0
BRDA:723,50,0,0
BRDA:723,50,1,0
BRDA:770,51,0,0
BRDA:770,51,1,0
BRF:102
BRH:0
end_of_record
TN:
SF:src\controllers\sendtofastapi.js
FN:3,getJobSkillsFromMyAPI
FN:9,sendSkillsToFastAPI
FNF:2
FNH:0
FNDA:0,getJobSkillsFromMyAPI
FNDA:0,sendSkillsToFastAPI
DA:1,0
DA:4,0
DA:5,0
DA:6,0
DA:10,0
DA:11,0
DA:13,0
DA:15,0
DA:21,0
DA:22,0
DA:24,0
DA:28,0
LF:12
LH:0
BRDA:5,0,0,0
BRDA:5,0,1,0
BRF:2
BRH:0
end_of_record
TN:
SF:src\controllers\skill.js
FN:11,(anonymous_0)
FN:29,(anonymous_1)
FN:48,(anonymous_2)
FN:69,(anonymous_3)
FN:91,(anonymous_4)
FNF:5
FNH:5
FNDA:2,(anonymous_0)
FNDA:2,(anonymous_1)
FNDA:2,(anonymous_2)
FNDA:2,(anonymous_3)
FNDA:2,(anonymous_4)
DA:1,1
DA:8,1
DA:11,1
DA:12,2
DA:13,2
DA:21,1
DA:23,1
DA:24,1
DA:29,1
DA:30,2
DA:31,2
DA:39,2
DA:40,1
DA:42,0
DA:43,0
DA:48,1
DA:49,2
DA:50,2
DA:51,2
DA:52,1
DA:55,1
DA:57,1
DA:61,1
DA:63,0
DA:64,0
DA:69,1
DA:70,2
DA:71,2
DA:72,2
DA:74,1
DA:76,1
DA:79,1
DA:83,1
DA:85,0
DA:86,0
DA:91,1
DA:92,2
DA:93,2
DA:94,2
DA:96,1
DA:97,1
DA:99,0
DA:100,0
DA:104,1
LF:44
LH:36
BRDA:39,0,0,1
BRDA:39,0,1,1
BRDA:51,1,0,1
BRDA:51,1,1,1
BRDA:51,2,0,2
BRDA:51,2,1,2
BRDA:72,3,0,1
BRDA:72,3,1,1
BRDA:94,4,0,1
BRDA:94,4,1,1
BRF:10
BRH:10
end_of_record
TN:
SF:src\controllers\skilllevel.js
FN:5,(anonymous_0)
FN:20,(anonymous_1)
FN:36,(anonymous_2)
FN:54,(anonymous_3)
FN:68,(anonymous_4)
FNF:5
FNH:0
FNDA:0,(anonymous_0)
FNDA:0,(anonymous_1)
FNDA:0,(anonymous_2)
FNDA:0,(anonymous_3)
FNDA:0,(anonymous_4)
DA:1,0
DA:2,0
DA:5,0
DA:6,0
DA:7,0
DA:13,0
DA:15,0
DA:20,0
DA:21,0
DA:22,0
DA:28,0
DA:29,0
DA:31,0
DA:36,0
DA:37,0
DA:38,0
DA:39,0
DA:40,0
DA:43,0
DA:44,0
DA:46,0
DA:47,0
DA:49,0
DA:54,0
DA:55,0
DA:56,0
DA:57,0
DA:58,0
DA:60,0
DA:61,0
DA:63,0
DA:68,0
DA:69,0
DA:70,0
DA:71,0
DA:73,0
DA:74,0
DA:76,0
DA:80,0
LF:39
LH:0
BRDA:28,0,0,0
BRDA:28,0,1,0
BRDA:39,1,0,0
BRDA:39,1,1,0
BRDA:39,2,0,0
BRDA:39,2,1,0
BRDA:44,3,0,0
BRDA:44,3,1,0
BRDA:58,4,0,0
BRDA:58,4,1,0
BRDA:71,5,0,0
BRDA:71,5,1,0
BRF:12
BRH:0
end_of_record
TN:
SF:src\controllers\skilltype.js
FN:4,findAllSkillTypes
FN:14,findSkillTypeById
FN:25,createSkillType
FN:36,updateSkillType
FN:51,deleteSkillType
FNF:5
FNH:0
FNDA:0,findAllSkillTypes
FNDA:0,findSkillTypeById
FNDA:0,createSkillType
FNDA:0,updateSkillType
FNDA:0,deleteSkillType
DA:1,0
DA:5,0
DA:6,0
DA:7,0
DA:9,0
DA:15,0
DA:16,0
DA:17,0
DA:18,0
DA:20,0
DA:26,0
DA:27,0
DA:28,0
DA:29,0
DA:31,0
DA:37,0
DA:38,0
DA:39,0
DA:41,0
DA:42,0
DA:44,0
DA:46,0
DA:52,0
DA:53,0
DA:54,0
DA:56,0
DA:57,0
DA:59,0
DA:63,0
LF:29
LH:0
BRDA:17,0,0,0
BRDA:17,0,1,0
BRDA:39,1,0,0
BRDA:39,1,1,0
BRDA:54,2,0,0
BRDA:54,2,1,0
BRF:6
BRH:0
end_of_record
TN:
SF:src\controllers\userManagement.js
FN:6,(anonymous_0)
FN:25,(anonymous_1)
FN:136,(anonymous_2)
FN:148,(anonymous_3)
FN:197,(anonymous_4)
FN:216,(anonymous_5)
FN:264,(anonymous_6)
FN:364,(anonymous_7)
FN:376,(anonymous_8)
FN:456,(anonymous_9)
FN:544,(anonymous_10)
FN:630,(anonymous_11)
FN:649,(anonymous_12)
FN:665,(anonymous_13)
FN:724,(anonymous_14)
FN:763,(anonymous_15)
FNF:16
FNH:6
FNDA:2,(anonymous_0)
FNDA:3,(anonymous_1)
FNDA:0,(anonymous_2)
FNDA:2,(anonymous_3)
FNDA:2,(anonymous_4)
FNDA:0,(anonymous_5)
FNDA:0,(anonymous_6)
FNDA:0,(anonymous_7)
FNDA:0,(anonymous_8)
FNDA:2,(anonymous_9)
FNDA:0,(anonymous_10)
FNDA:0,(anonymous_11)
FNDA:0,(anonymous_12)
FNDA:2,(anonymous_13)
FNDA:0,(anonymous_14)
FNDA:0,(anonymous_15)
DA:1,1
DA:2,1
DA:3,1
DA:6,1
DA:7,2
DA:8,2
DA:20,0
DA:25,1
DA:26,3
DA:28,3
DA:29,3
DA:32,3
DA:33,1
DA:34,1
DA:41,2
DA:51,2
DA:52,1
DA:53,1
DA:60,1
DA:61,1
DA:62,0
DA:63,0
DA:64,0
DA:69,1
DA:80,1
DA:81,1
DA:86,1
DA:87,0
DA:88,0
DA:94,1
DA:98,1
DA:112,1
DA:121,1
DA:123,1
DA:129,0
DA:130,0
DA:132,0
DA:133,0
DA:136,0
DA:140,0
DA:148,1
DA:149,2
DA:150,2
DA:151,2
DA:153,2
DA:154,2
DA:157,2
DA:159,2
DA:160,1
DA:168,2
DA:169,0
DA:173,2
DA:180,2
DA:181,0
DA:182,0
DA:185,2
DA:194,2
DA:196,2
DA:197,2
DA:207,0
DA:208,0
DA:216,1
DA:217,0
DA:218,0
DA:243,0
DA:244,0
DA:250,0
DA:255,0
DA:256,0
DA:264,1
DA:265,0
DA:267,0
DA:268,0
DA:270,0
DA:271,0
DA:272,0
DA:273,0
DA:280,0
DA:289,0
DA:290,0
DA:305,0
DA:306,0
DA:307,0
DA:315,0
DA:316,0
DA:317,0
DA:318,0
DA:319,0
DA:320,0
DA:321,0
DA:323,0
DA:326,0
DA:340,0
DA:349,0
DA:351,0
DA:357,0
DA:358,0
DA:360,0
DA:361,0
DA:364,0
DA:368,0
DA:376,1
DA:377,0
DA:379,0
DA:380,0
DA:382,0
DA:383,0
DA:384,0
DA:385,0
DA:392,0
DA:393,0
DA:394,0
DA:400,0
DA:402,0
DA:404,0
DA:417,0
DA:419,0
DA:424,0
DA:437,0
DA:438,0
DA:440,0
DA:446,0
DA:447,0
DA:448,0
DA:456,1
DA:457,2
DA:459,2
DA:460,2
DA:462,2
DA:463,0
DA:464,0
DA:471,2
DA:476,2
DA:477,0
DA:478,0
DA:484,2
DA:485,0
DA:486,0
DA:493,2
DA:498,2
DA:499,1
DA:500,1
DA:507,1
DA:514,1
DA:527,1
DA:529,1
DA:534,0
DA:535,0
DA:536,0
DA:544,1
DA:545,0
DA:547,0
DA:548,0
DA:550,0
DA:551,0
DA:552,0
DA:559,0
DA:568,0
DA:569,0
DA:570,0
DA:577,0
DA:578,0
DA:587,0
DA:588,0
DA:589,0
DA:597,0
DA:611,0
DA:613,0
DA:615,0
DA:620,0
DA:621,0
DA:622,0
DA:630,1
DA:631,0
DA:632,0
DA:633,0
DA:635,0
DA:646,0
DA:648,0
DA:649,0
DA:656,0
DA:657,0
DA:665,1
DA:666,2
DA:668,2
DA:669,2
DA:670,2
DA:671,0
DA:672,0
DA:679,2
DA:680,2
DA:681,2
DA:687,0
DA:688,0
DA:690,0
DA:693,0
DA:706,0
DA:708,0
DA:714,0
DA:715,0
DA:716,0
DA:724,1
DA:725,0
DA:726,0
DA:727,0
DA:729,0
DA:743,0
DA:754,0
DA:755,0
DA:763,1
DA:764,0
DA:766,0
DA:767,0
DA:769,0
DA:770,0
DA:771,0
DA:777,0
DA:778,0
DA:779,0
DA:780,0
DA:786,0
DA:793,0
DA:806,0
DA:808,0
DA:813,0
DA:814,0
DA:815,0
DA:822,1
LF:228
LH:76
BRDA:29,0,0,1
BRDA:32,1,0,1
BRDA:32,1,1,2
BRDA:32,2,0,3
BRDA:32,2,1,3
BRDA:32,2,2,2
BRDA:32,2,3,2
BRDA:32,2,4,2
BRDA:51,3,0,1
BRDA:51,3,1,1
BRDA:61,4,0,0
BRDA:61,4,1,1
BRDA:61,5,0,1
BRDA:61,5,1,1
BRDA:63,6,0,0
BRDA:63,6,1,0
BRDA:80,7,0,1
BRDA:80,7,1,0
BRDA:86,8,0,0
BRDA:86,8,1,1
BRDA:132,9,0,0
BRDA:132,9,1,0
BRDA:153,10,0,2
BRDA:153,11,0,2
BRDA:159,12,0,1
BRDA:159,12,1,1
BRDA:168,13,0,0
BRDA:168,13,1,2
BRDA:180,14,0,0
BRDA:180,14,1,2
BRDA:243,15,0,0
BRDA:243,15,1,0
BRDA:271,16,0,0
BRDA:271,16,1,0
BRDA:289,17,0,0
BRDA:289,17,1,0
BRDA:289,18,0,0
BRDA:289,18,1,0
BRDA:289,18,2,0
BRDA:289,18,3,0
BRDA:296,19,0,0
BRDA:296,19,1,0
BRDA:296,20,0,0
BRDA:296,20,1,0
BRDA:297,21,0,0
BRDA:297,21,1,0
BRDA:297,22,0,0
BRDA:297,22,1,0
BRDA:305,23,0,0
BRDA:305,23,1,0
BRDA:316,24,0,0
BRDA:316,24,1,0
BRDA:317,25,0,0
BRDA:317,25,1,0
BRDA:318,26,0,0
BRDA:318,26,1,0
BRDA:319,27,0,0
BRDA:319,27,1,0
BRDA:320,28,0,0
BRDA:320,28,1,0
BRDA:321,29,0,0
BRDA:321,29,1,0
BRDA:360,30,0,0
BRDA:360,30,1,0
BRDA:380,31,0,0
BRDA:383,32,0,0
BRDA:383,32,1,0
BRDA:392,33,0,0
BRDA:392,33,1,0
BRDA:400,34,0,0
BRDA:400,34,1,0
BRDA:462,35,0,0
BRDA:462,35,1,2
BRDA:462,36,0,2
BRDA:462,36,1,2
BRDA:476,37,0,0
BRDA:476,37,1,2
BRDA:484,38,0,0
BRDA:484,38,1,2
BRDA:498,39,0,1
BRDA:498,39,1,1
BRDA:550,40,0,0
BRDA:550,40,1,0
BRDA:550,41,0,0
BRDA:550,41,1,0
BRDA:568,42,0,0
BRDA:568,42,1,0
BRDA:577,43,0,0
BRDA:577,43,1,0
BRDA:587,44,0,0
BRDA:587,44,1,0
BRDA:670,45,0,0
BRDA:670,45,1,2
BRDA:679,46,0,2
BRDA:679,46,1,0
BRDA:695,47,0,0
BRDA:695,47,1,0
BRDA:709,48,0,0
BRDA:709,48,1,0
BRDA:726,49,0,0
BRDA:726,50,0,0
BRDA:769,51,0,0
BRDA:769,51,1,0
BRDA:769,52,0,0
BRDA:769,52,1,0
BRDA:778,53,0,0
BRDA:778,53,1,0
BRF:107
BRH:30
end_of_record
TN:
SF:src\middleware\auth.js
FN:9,(anonymous_0)
FN:14,(anonymous_1)
FN:62,(anonymous_2)
FN:62,(anonymous_3)
FN:100,(anonymous_4)
FN:101,(anonymous_5)
FN:115,(anonymous_6)
FNF:7
FNH:7
FNDA:1,(anonymous_0)
FNDA:6,(anonymous_1)
FNDA:1,(anonymous_2)
FNDA:1,(anonymous_3)
FNDA:4,(anonymous_4)
FNDA:4,(anonymous_5)
FNDA:4,(anonymous_6)
DA:1,1
DA:2,1
DA:3,1
DA:5,1
DA:6,1
DA:9,1
DA:10,1
DA:14,1
DA:15,6
DA:16,6
DA:18,6
DA:19,6
DA:21,6
DA:22,1
DA:23,1
DA:29,5
DA:30,5
DA:31,3
DA:33,3
DA:35,3
DA:36,2
DA:37,2
DA:44,1
DA:53,1
DA:54,0
DA:55,0
DA:62,1
DA:63,1
DA:65,1
DA:66,1
DA:68,1
DA:74,1
DA:75,1
DA:82,1
DA:84,2
DA:85,2
DA:86,1
DA:92,1
DA:100,1
DA:101,4
DA:102,4
DA:103,4
DA:104,4
DA:106,4
DA:107,1
DA:108,1
DA:115,4
DA:117,3
DA:118,1
DA:119,1
DA:120,1
DA:126,2
DA:127,2
DA:131,1
LF:54
LH:52
BRDA:5,0,0,1
BRDA:5,0,1,0
BRDA:6,1,0,1
BRDA:6,1,1,1
BRDA:9,2,0,0
BRDA:19,3,0,6
BRDA:19,3,1,5
BRDA:21,4,0,1
BRDA:21,4,1,5
BRDA:35,5,0,2
BRDA:35,5,1,1
BRDA:35,6,0,3
BRDA:35,6,1,2
BRDA:53,7,0,0
BRDA:53,7,1,1
BRDA:53,8,0,1
BRDA:53,8,1,1
BRDA:62,9,0,1
BRDA:62,9,1,0
BRDA:63,10,0,0
BRDA:63,10,1,1
BRDA:63,11,0,1
BRDA:63,11,1,0
BRDA:85,12,0,1
BRDA:85,12,1,1
BRDA:106,13,0,1
BRDA:106,13,1,3
BRDA:117,14,0,1
BRDA:117,14,1,2
BRF:29
BRH:23
end_of_record
TN:
SF:src\middleware\candidateAuth.js
FN:8,(anonymous_0)
FNF:1
FNH:1
FNDA:6,(anonymous_0)
DA:1,1
DA:2,1
DA:3,1
DA:5,1
DA:8,1
DA:9,6
DA:10,6
DA:11,6
DA:13,6
DA:14,1
DA:20,5
DA:23,4
DA:24,1
DA:30,3
DA:32,3
DA:33,2
DA:39,1
DA:40,1
DA:42,1
DA:43,1
DA:49,0
DA:56,1
LF:22
LH:21
BRDA:5,0,0,1
BRDA:5,0,1,0
BRDA:11,1,0,6
BRDA:11,1,1,5
BRDA:13,2,0,1
BRDA:13,2,1,5
BRDA:23,3,0,1
BRDA:23,3,1,3
BRDA:32,4,0,2
BRDA:32,4,1,1
BRDA:32,5,0,3
BRDA:32,5,1,2
BRDA:42,6,0,1
BRDA:42,6,1,0
BRF:14
BRH:12
end_of_record
TN:
SF:src\middleware\gemini.service.js
FN:4,(anonymous_0)
FN:9,(anonymous_1)
FN:24,(anonymous_2)
FN:38,(anonymous_3)
FN:43,(anonymous_4)
FN:79,(anonymous_5)
FN:90,(anonymous_6)
FN:95,(anonymous_7)
FNF:8
FNH:0
FNDA:0,(anonymous_0)
FNDA:0,(anonymous_1)
FNDA:0,(anonymous_2)
FNDA:0,(anonymous_3)
FNDA:0,(anonymous_4)
FNDA:0,(anonymous_5)
FNDA:0,(anonymous_6)
FNDA:0,(anonymous_7)
DA:1,0
DA:5,0
DA:6,0
DA:10,0
DA:11,0
DA:13,0
DA:14,0
DA:15,0
DA:17,0
DA:19,0
DA:20,0
DA:25,0
DA:39,0
DA:44,0
DA:80,0
DA:81,0
DA:91,0
DA:96,0
DA:109,0
DA:110,0
DA:111,0
DA:113,0
DA:114,0
DA:119,0
LF:24
LH:0
BRDA:34,0,0,0
BRDA:34,0,1,0
BRDA:35,1,0,0
BRDA:35,1,1,0
BRDA:38,2,0,0
BRDA:38,2,1,0
BRDA:43,3,0,0
BRDA:43,3,1,0
BRDA:86,4,0,0
BRDA:86,4,1,0
BRDA:90,5,0,0
BRDA:90,5,1,0
BRDA:95,6,0,0
BRDA:95,6,1,0
BRF:14
BRH:0
end_of_record
TN:
SF:src\middleware\healthCheck.js
FN:6,(anonymous_0)
FN:32,(anonymous_1)
FN:72,(anonymous_2)
FNF:3
FNH:3
FNDA:5,(anonymous_0)
FNDA:4,(anonymous_1)
FNDA:8,(anonymous_2)
DA:1,1
DA:6,1
DA:7,5
DA:9,5
DA:10,3
DA:12,2
DA:13,1
DA:22,3
DA:24,1
DA:25,1
DA:32,1
DA:33,4
DA:34,4
DA:45,4
DA:46,4
DA:47,0
DA:48,0
DA:53,4
DA:60,4
DA:61,4
DA:62,4
DA:64,0
DA:72,4
DA:73,8
DA:76,4
DA:83,0
DA:84,0
DA:92,1
LF:28
LH:23
BRDA:9,0,0,3
BRDA:9,0,1,2
BRDA:9,1,0,5
BRDA:9,1,1,4
BRDA:12,2,0,1
BRDA:12,2,1,1
BRDA:76,3,0,0
BRDA:76,3,1,4
BRDA:77,4,0,0
BRDA:77,4,1,4
BRF:10
BRH:8
end_of_record
TN:
SF:src\middleware\pdf.service.js
FN:6,(anonymous_0)
FN:11,(anonymous_1)
FN:15,(anonymous_2)
FN:16,(anonymous_3)
FN:26,(anonymous_4)
FN:27,(anonymous_5)
FN:48,(anonymous_6)
FN:71,(anonymous_7)
FN:139,(anonymous_8)
FN:160,(anonymous_9)
FN:161,(anonymous_10)
FN:166,(anonymous_11)
FN:167,(anonymous_12)
FNF:13
FNH:0
FNDA:0,(anonymous_0)
FNDA:0,(anonymous_1)
FNDA:0,(anonymous_2)
FNDA:0,(anonymous_3)
FNDA:0,(anonymous_4)
FNDA:0,(anonymous_5)
FNDA:0,(anonymous_6)
FNDA:0,(anonymous_7)
FNDA:0,(anonymous_8)
FNDA:0,(anonymous_9)
FNDA:0,(anonymous_10)
FNDA:0,(anonymous_11)
FNDA:0,(anonymous_12)
DA:1,0
DA:2,0
DA:3,0
DA:6,0
DA:7,0
DA:12,0
DA:16,0
DA:17,0
DA:18,0
DA:24,0
DA:26,0
DA:27,0
DA:28,0
DA:29,0
DA:33,0
DA:36,0
DA:39,0
DA:41,0
DA:43,0
DA:50,0
DA:54,0
DA:58,0
DA:59,0
DA:63,0
DA:68,0
DA:72,0
DA:73,0
DA:75,0
DA:76,0
DA:77,0
DA:78,0
DA:81,0
DA:82,0
DA:86,0
DA:88,0
DA:93,0
DA:95,0
DA:96,0
DA:100,0
DA:102,0
DA:103,0
DA:107,0
DA:109,0
DA:110,0
DA:114,0
DA:116,0
DA:117,0
DA:121,0
DA:123,0
DA:124,0
DA:129,0
DA:130,0
DA:132,0
DA:135,0
DA:140,0
DA:141,0
DA:143,0
DA:144,0
DA:147,0
DA:153,0
DA:161,0
DA:162,0
DA:163,0
DA:164,0
DA:166,0
DA:167,0
DA:169,0
DA:173,0
DA:177,0
DA:178,0
DA:180,0
DA:186,0
DA:187,0
DA:189,0
DA:191,0
DA:193,0
DA:199,0
LF:77
LH:0
BRDA:15,0,0,0
BRDA:58,1,0,0
BRDA:58,1,1,0
BRDA:76,2,0,0
BRDA:76,2,1,0
BRDA:81,3,0,0
BRDA:81,3,1,0
BRDA:95,4,0,0
BRDA:95,4,1,0
BRDA:102,5,0,0
BRDA:102,5,1,0
BRDA:109,6,0,0
BRDA:109,6,1,0
BRDA:116,7,0,0
BRDA:116,7,1,0
BRDA:116,8,0,0
BRDA:116,8,1,0
BRDA:123,9,0,0
BRDA:123,9,1,0
BRDA:177,10,0,0
BRDA:177,10,1,0
BRDA:178,11,0,0
BRDA:178,11,1,0
BRDA:178,12,0,0
BRDA:178,12,1,0
BRF:25
BRH:0
end_of_record
TN:
SF:src\middleware\roleAuth.js
FN:6,(anonymous_0)
FN:7,(anonymous_1)
FN:24,(anonymous_2)
FN:56,(anonymous_3)
FN:57,(anonymous_4)
FNF:5
FNH:5
FNDA:6,(anonymous_0)
FNDA:9,(anonymous_1)
FNDA:11,(anonymous_2)
FNDA:1,(anonymous_3)
FNDA:1,(anonymous_4)
DA:2,1
DA:3,1
DA:6,1
DA:7,6
DA:8,9
DA:9,9
DA:10,9
DA:11,9
DA:13,9
DA:14,1
DA:15,1
DA:22,8
DA:24,11
DA:26,8
DA:27,3
DA:28,3
DA:29,3
DA:36,5
DA:37,5
DA:38,5
DA:40,0
DA:41,0
DA:50,1
DA:53,1
DA:56,1
DA:57,1
DA:59,1
DA:65,1
DA:69,1
LF:29
LH:27
BRDA:13,0,0,1
BRDA:13,0,1,8
BRDA:22,1,0,8
BRDA:22,1,1,0
BRDA:26,2,0,3
BRDA:26,2,1,5
BRDA:62,3,0,1
BRDA:62,3,1,0
BRF:8
BRH:6
end_of_record
TN:
SF:src\middleware\upload.js
FN:15,(anonymous_0)
FN:18,(anonymous_1)
FN:27,(anonymous_2)
FNF:3
FNH:0
FNDA:0,(anonymous_0)
FNDA:0,(anonymous_1)
FNDA:0,(anonymous_2)
DA:2,1
DA:3,1
DA:4,1
DA:7,1
DA:8,1
DA:9,1
DA:10,1
DA:14,1
DA:16,0
DA:20,0
DA:21,0
DA:22,0
DA:27,1
DA:28,0
DA:30,0
DA:31,0
DA:33,0
DA:37,1
DA:45,1
LF:19
LH:11
BRDA:8,0,0,1
BRDA:8,0,1,0
BRDA:30,1,0,0
BRDA:30,1,1,0
BRF:4
BRH:1
end_of_record
TN:
SF:src\middleware\uploadCV.js
FN:14,(anonymous_0)
FN:17,(anonymous_1)
FN:26,(anonymous_2)
FNF:3
FNH:0
FNDA:0,(anonymous_0)
FNDA:0,(anonymous_1)
FNDA:0,(anonymous_2)
DA:1,1
DA:2,1
DA:3,1
DA:6,1
DA:7,1
DA:8,1
DA:9,1
DA:13,1
DA:15,0
DA:19,0
DA:20,0
DA:21,0
DA:26,1
DA:27,0
DA:33,0
DA:34,0
DA:36,0
DA:40,1
DA:48,1
LF:19
LH:11
BRDA:7,0,0,1
BRDA:7,0,1,0
BRDA:33,1,0,0
BRDA:33,1,1,0
BRF:4
BRH:1
end_of_record
TN:
SF:src\middleware\userValidation.js
FN:35,(anonymous_0)
FN:41,(anonymous_1)
FN:47,(anonymous_2)
FN:53,(anonymous_3)
FN:59,(anonymous_4)
FN:65,(anonymous_5)
FN:71,(anonymous_6)
FN:77,(anonymous_7)
FNF:8
FNH:8
FNDA:5,(anonymous_0)
FNDA:3,(anonymous_1)
FNDA:3,(anonymous_2)
FNDA:1,(anonymous_3)
FNDA:4,(anonymous_4)
FNDA:3,(anonymous_5)
FNDA:3,(anonymous_6)
FNDA:2,(anonymous_7)
DA:1,1
DA:4,1
DA:14,1
DA:24,1
DA:30,1
DA:35,1
DA:36,5
DA:37,5
DA:38,3
DA:41,3
DA:44,2
DA:47,1
DA:48,3
DA:49,3
DA:50,1
DA:53,1
DA:56,2
DA:59,1
DA:60,4
DA:61,4
DA:62,3
DA:65,3
DA:68,1
DA:71,1
DA:72,3
DA:73,3
DA:74,2
DA:77,2
DA:80,1
DA:83,1
LF:30
LH:30
BRDA:37,0,0,3
BRDA:37,0,1,2
BRDA:49,1,0,1
BRDA:49,1,1,2
BRDA:61,2,0,3
BRDA:61,2,1,1
BRDA:73,3,0,2
BRDA:73,3,1,1
BRF:8
BRH:8
end_of_record
TN:
SF:src\middleware\validateEmployee.js
FN:26,validateEmployee
FN:33,(anonymous_1)
FN:39,(anonymous_2)
FNF:3
FNH:3
FNDA:9,validateEmployee
FNDA:7,(anonymous_1)
FNDA:7,(anonymous_2)
DA:1,1
DA:3,1
DA:26,1
DA:27,9
DA:29,9
DA:30,9
DA:31,7
DA:32,7
DA:33,7
DA:34,7
DA:37,7
DA:39,7
DA:42,2
DA:43,2
LF:14
LH:14
BRDA:30,0,0,7
BRDA:30,0,1,2
BRF:2
BRH:2
end_of_record
TN:
SF:src\routes\analytics.js
FN:23,(anonymous_0)
FN:57,(anonymous_1)
FN:64,(anonymous_2)
FN:67,(anonymous_3)
FN:70,(anonymous_4)
FN:73,(anonymous_5)
FN:104,(anonymous_6)
FN:117,(anonymous_7)
FN:137,(anonymous_8)
FN:161,(anonymous_9)
FN:167,convertToCSV
FN:175,(anonymous_11)
FN:176,(anonymous_12)
FN:184,(anonymous_13)
FNF:14
FNH:0
FNDA:0,(anonymous_0)
FNDA:0,(anonymous_1)
FNDA:0,(anonymous_2)
FNDA:0,(anonymous_3)
FNDA:0,(anonymous_4)
FNDA:0,(anonymous_5)
FNDA:0,(anonymous_6)
FNDA:0,(anonymous_7)
FNDA:0,(anonymous_8)
FNDA:0,(anonymous_9)
FNDA:0,convertToCSV
FNDA:0,(anonymous_11)
FNDA:0,(anonymous_12)
FNDA:0,(anonymous_13)
DA:1,0
DA:2,0
DA:3,0
DA:4,0
DA:20,0
DA:23,0
DA:24,0
DA:25,0
DA:26,0
DA:27,0
DA:31,0
DA:34,0
DA:35,0
DA:36,0
DA:37,0
DA:41,0
DA:44,0
DA:45,0
DA:46,0
DA:50,0
DA:53,0
DA:57,0
DA:58,0
DA:59,0
DA:62,0
DA:64,0
DA:65,0
DA:67,0
DA:68,0
DA:70,0
DA:71,0
DA:73,0
DA:76,0
DA:78,0
DA:80,0
DA:81,0
DA:85,0
DA:86,0
DA:90,0
DA:91,0
DA:94,0
DA:97,0
DA:98,0
DA:104,0
DA:105,0
DA:117,0
DA:118,0
DA:119,0
DA:129,0
DA:131,0
DA:137,0
DA:138,0
DA:161,0
DA:163,0
DA:168,0
DA:170,0
DA:171,0
DA:173,0
DA:174,0
DA:175,0
DA:176,0
DA:179,0
DA:183,0
DA:184,0
DA:187,0
LF:65
LH:0
BRDA:25,0,0,0
BRDA:25,0,1,0
BRDA:26,1,0,0
BRDA:26,1,1,0
BRDA:59,2,0,0
BRDA:59,3,0,0
BRDA:62,4,0,0
BRDA:62,4,1,0
BRDA:62,4,2,0
BRDA:62,4,3,0
BRDA:78,5,0,0
BRDA:78,5,1,0
BRDA:78,5,2,0
BRDA:110,6,0,0
BRDA:110,6,1,0
BRDA:168,7,0,0
BRDA:168,7,1,0
BRDA:168,8,0,0
BRDA:168,8,1,0
BRDA:170,9,0,0
BRDA:170,9,1,0
BRDA:171,10,0,0
BRDA:171,10,1,0
BRDA:176,11,0,0
BRDA:176,11,1,0
BRF:25
BRH:0
end_of_record
TN:
SF:src\routes\auth.js
FNF:0
FNH:0
DA:1,0
DA:2,0
DA:3,0
DA:14,0
DA:17,0
DA:18,0
DA:19,0
DA:20,0
DA:21,0
DA:22,0
DA:25,0
DA:26,0
DA:27,0
DA:29,0
LF:14
LH:0
BRF:0
BRH:0
end_of_record
TN:
SF:src\routes\candidateApplications.js
FNF:0
FNH:0
DA:1,0
DA:2,0
DA:3,0
DA:8,0
DA:11,0
DA:13,0
DA:14,0
DA:15,0
DA:18,0
LF:9
LH:0
BRF:0
BRH:0
end_of_record
TN:
SF:src\routes\candidateAuth.js
FNF:0
FNH:0
DA:1,0
DA:2,0
DA:3,0
DA:13,0
DA:16,0
DA:17,0
DA:18,0
DA:19,0
DA:20,0
DA:21,0
DA:24,0
DA:25,0
DA:27,0
LF:13
LH:0
BRF:0
BRH:0
end_of_record
TN:
SF:src\routes\candidateCV.js
FNF:0
FNH:0
DA:1,0
DA:2,0
DA:3,0
DA:4,0
DA:12,0
DA:15,0
DA:17,0
DA:18,0
DA:19,0
DA:20,0
DA:21,0
DA:22,0
DA:24,0
LF:13
LH:0
BRF:0
BRH:0
end_of_record
TN:
SF:src\routes\candidateFavorites.js
FNF:0
FNH:0
DA:1,0
DA:2,0
DA:3,0
DA:9,0
DA:12,0
DA:14,0
DA:15,0
DA:16,0
DA:17,0
DA:19,0
LF:10
LH:0
BRF:0
BRH:0
end_of_record
TN:
SF:src\routes\employee.js
FN:16,(anonymous_0)
FNF:1
FNH:0
FNDA:0,(anonymous_0)
DA:1,0
DA:2,0
DA:9,0
DA:12,0
DA:13,0
DA:16,0
DA:17,0
DA:18,0
DA:19,0
DA:21,0
DA:24,0
DA:25,0
DA:26,0
DA:27,0
DA:28,0
DA:30,0
LF:16
LH:0
BRDA:18,0,0,0
BRDA:18,0,1,0
BRDA:18,1,0,0
BRDA:18,1,1,0
BRF:4
BRH:0
end_of_record
TN:
SF:src\routes\employeeskill.js
FNF:0
FNH:0
DA:1,0
DA:2,0
DA:10,0
DA:12,0
DA:13,0
DA:14,0
DA:15,0
DA:16,0
DA:18,0
LF:9
LH:0
BRF:0
BRH:0
end_of_record
TN:
SF:src\routes\interviews.js
FN:21,(anonymous_0)
FN:38,(anonymous_1)
FNF:2
FNH:0
FNDA:0,(anonymous_0)
FNDA:0,(anonymous_1)
DA:1,0
DA:2,0
DA:3,0
DA:4,0
DA:18,0
DA:21,0
DA:22,0
DA:23,0
DA:24,0
DA:25,0
DA:29,0
DA:30,0
DA:33,0
DA:34,0
DA:35,0
DA:38,0
DA:39,0
DA:49,0
DA:50,0
DA:51,0
DA:52,0
DA:53,0
DA:54,0
DA:57,0
DA:60,0
DA:62,0
LF:26
LH:0
BRDA:23,0,0,0
BRDA:23,0,1,0
BRDA:24,1,0,0
BRDA:24,1,1,0
BRF:4
BRH:0
end_of_record
TN:
SF:src\routes\jobdescription.js
FNF:0
FNH:0
DA:1,0
DA:2,0
DA:9,0
DA:11,0
DA:12,0
DA:13,0
DA:14,0
DA:15,0
DA:17,0
LF:9
LH:0
BRF:0
BRH:0
end_of_record
TN:
SF:src\routes\jobemployeeskillmatch.js
FNF:0
FNH:0
DA:1,0
DA:2,0
DA:6,0
DA:9,0
DA:11,0
LF:5
LH:0
BRF:0
BRH:0
end_of_record
TN:
SF:src\routes\joboffer.js
FN:19,(anonymous_0)
FNF:1
FNH:0
FNDA:0,(anonymous_0)
DA:1,0
DA:2,0
DA:3,0
DA:4,0
DA:16,0
DA:19,0
DA:20,0
DA:21,0
DA:22,0
DA:23,0
DA:27,0
DA:28,0
DA:31,0
DA:33,0
DA:34,0
DA:35,0
DA:36,0
DA:37,0
DA:38,0
DA:39,0
DA:40,0
DA:41,0
DA:43,0
LF:23
LH:0
BRDA:21,0,0,0
BRDA:21,0,1,0
BRDA:22,1,0,0
BRDA:22,1,1,0
BRF:4
BRH:0
end_of_record
TN:
SF:src\routes\jobrequiredskill.js
FNF:0
FNH:0
DA:1,0
DA:2,0
DA:10,0
DA:12,0
DA:13,0
DA:14,0
DA:15,0
DA:16,0
DA:18,0
LF:9
LH:0
BRF:0
BRH:0
end_of_record
TN:
SF:src\routes\linkedin.js
FNF:0
FNH:0
DA:1,0
DA:6,0
DA:7,0
DA:8,0
DA:9,0
DA:10,0
DA:11,0
LF:7
LH:0
BRF:0
BRH:0
end_of_record
TN:
SF:src\routes\moyen.js
FNF:0
FNH:0
DA:1,0
DA:2,0
DA:10,0
DA:12,0
DA:13,0
DA:14,0
DA:15,0
DA:16,0
DA:18,0
LF:9
LH:0
BRF:0
BRH:0
end_of_record
TN:
SF:src\routes\publicJobOffers.js
FNF:0
FNH:0
DA:1,0
DA:2,0
DA:8,0
DA:11,0
DA:12,0
DA:13,0
DA:14,0
DA:16,0
LF:8
LH:0
BRF:0
BRH:0
end_of_record
TN:
SF:src\routes\recommendations.js
FNF:0
FNH:0
DA:1,0
DA:2,0
DA:3,0
DA:4,0
DA:12,0
DA:44,0
DA:184,0
DA:243,0
DA:285,0
DA:314,0
DA:343,0
DA:349,0
LF:12
LH:0
BRF:0
BRH:0
end_of_record
TN:
SF:src\routes\recruiterApplications.js
FN:18,(anonymous_0)
FN:32,(anonymous_1)
FNF:2
FNH:0
FNDA:0,(anonymous_0)
FNDA:0,(anonymous_1)
DA:1,0
DA:2,0
DA:3,0
DA:4,0
DA:15,0
DA:18,0
DA:19,0
DA:20,0
DA:21,0
DA:22,0
DA:23,0
DA:24,0
DA:28,0
DA:29,0
DA:32,0
DA:33,0
DA:40,0
DA:41,0
DA:42,0
DA:43,0
DA:44,0
DA:45,0
DA:46,0
DA:47,0
DA:48,0
DA:50,0
LF:26
LH:0
BRDA:20,0,0,0
BRDA:20,0,1,0
BRDA:21,1,0,0
BRDA:21,1,1,0
BRDA:35,2,0,0
BRDA:35,2,1,0
BRF:6
BRH:0
end_of_record
TN:
SF:src\routes\skill.js
FNF:0
FNH:0
DA:1,0
DA:2,0
DA:10,0
DA:14,0
DA:15,0
DA:16,0
DA:17,0
DA:18,0
DA:20,0
LF:9
LH:0
BRF:0
BRH:0
end_of_record
TN:
SF:src\routes\skilllevel.js
FNF:0
FNH:0
DA:1,0
DA:2,0
DA:10,0
DA:12,0
DA:13,0
DA:14,0
DA:15,0
DA:16,0
DA:18,0
LF:9
LH:0
BRF:0
BRH:0
end_of_record
TN:
SF:src\routes\skilltype.js
FNF:0
FNH:0
DA:1,0
DA:2,0
DA:10,0
DA:12,0
DA:13,0
DA:14,0
DA:15,0
DA:16,0
DA:18,0
LF:9
LH:0
BRF:0
BRH:0
end_of_record
TN:
SF:src\routes\userManagement.js
FN:20,(anonymous_0)
FNF:1
FNH:0
FNDA:0,(anonymous_0)
DA:1,0
DA:2,0
DA:3,0
DA:4,0
DA:17,0
DA:20,0
DA:21,0
DA:22,0
DA:23,0
DA:27,0
DA:30,0
DA:31,0
DA:32,0
DA:33,0
DA:34,0
DA:35,0
DA:36,0
DA:39,0
DA:40,0
DA:41,0
DA:44,0
DA:46,0
LF:22
LH:0
BRDA:22,0,0,0
BRDA:22,0,1,0
BRF:2
BRH:0
end_of_record
TN:
SF:src\services\emailService.js
FN:4,(anonymous_0)
FN:16,(anonymous_1)
FN:26,(anonymous_2)
FN:87,(anonymous_3)
FN:174,(anonymous_4)
FN:242,(anonymous_5)
FN:317,(anonymous_6)
FNF:7
FNH:7
FNDA:1,(anonymous_0)
FNDA:1,(anonymous_1)
FNDA:3,(anonymous_2)
FNDA:2,(anonymous_3)
FNDA:2,(anonymous_4)
FNDA:1,(anonymous_5)
FNDA:1,(anonymous_6)
DA:1,1
DA:5,1
DA:16,1
DA:17,1
DA:18,0
DA:20,1
DA:27,3
DA:28,3
DA:78,3
DA:88,2
DA:89,2
DA:165,2
DA:175,2
DA:176,2
DA:233,2
DA:243,1
DA:244,1
DA:308,1
DA:318,1
DA:319,1
DA:373,1
DA:382,1
LF:22
LH:21
BRDA:17,0,0,0
BRDA:17,0,1,1
BRDA:26,1,0,0
BRDA:32,2,0,1
BRDA:32,2,1,2
BRDA:87,3,0,0
BRDA:116,4,0,2
BRDA:116,4,1,1
BRDA:142,5,0,0
BRDA:142,5,1,2
BRDA:174,6,0,0
BRDA:186,7,0,1
BRDA:186,7,1,1
BRDA:192,8,0,1
BRDA:192,8,1,1
BRDA:212,9,0,1
BRDA:212,9,1,1
BRDA:242,10,0,0
BRDA:317,11,0,0
BRDA:342,12,0,1
BRDA:342,12,1,0
BRDA:355,13,0,0
BRDA:355,13,1,1
BRDA:359,14,0,0
BRDA:359,14,1,1
BRF:25
BRH:15
end_of_record
TN:
SF:src\services\recommendationService.js
FN:5,trimSlashes
FN:8,joinUrl
FN:17,resolveMlBases
FN:59,(anonymous_3)
FN:74,(anonymous_4)
FN:75,(anonymous_5)
FN:95,(anonymous_6)
FN:119,(anonymous_7)
FN:168,(anonymous_8)
FN:178,(anonymous_9)
FN:209,(anonymous_10)
FN:225,(anonymous_11)
FN:236,(anonymous_12)
FN:257,(anonymous_13)
FN:265,(anonymous_14)
FN:285,(anonymous_15)
FN:288,(anonymous_16)
FN:298,(anonymous_17)
FN:299,(anonymous_18)
FN:378,(anonymous_19)
FN:379,(anonymous_20)
FN:384,(anonymous_21)
FN:395,(anonymous_22)
FN:408,(anonymous_23)
FNF:24
FNH:9
FNDA:1,trimSlashes
FNDA:0,joinUrl
FNDA:1,resolveMlBases
FNDA:1,(anonymous_3)
FNDA:0,(anonymous_4)
FNDA:0,(anonymous_5)
FNDA:0,(anonymous_6)
FNDA:0,(anonymous_7)
FNDA:0,(anonymous_8)
FNDA:0,(anonymous_9)
FNDA:0,(anonymous_10)
FNDA:0,(anonymous_11)
FNDA:0,(anonymous_12)
FNDA:0,(anonymous_13)
FNDA:0,(anonymous_14)
FNDA:1,(anonymous_15)
FNDA:100,(anonymous_16)
FNDA:1000,(anonymous_17)
FNDA:5500,(anonymous_18)
FNDA:100,(anonymous_19)
FNDA:535,(anonymous_20)
FNDA:0,(anonymous_21)
FNDA:0,(anonymous_22)
FNDA:0,(anonymous_23)
DA:2,1
DA:6,1
DA:9,0
DA:18,1
DA:19,1
DA:22,1
DA:24,1
DA:25,1
DA:27,1
DA:28,1
DA:35,0
DA:42,0
DA:43,0
DA:51,0
DA:60,1
DA:61,1
DA:62,1
DA:63,1
DA:65,1
DA:67,1
DA:73,1
DA:74,0
DA:76,0
DA:81,0
DA:85,0
DA:89,1
DA:90,1
DA:91,1
DA:96,0
DA:97,0
DA:98,0
DA:99,0
DA:100,0
DA:108,0
DA:109,0
DA:120,0
DA:121,0
DA:125,0
DA:132,0
DA:133,0
DA:134,0
DA:136,0
DA:142,0
DA:144,0
DA:156,0
DA:157,0
DA:158,0
DA:159,0
DA:161,0
DA:169,0
DA:170,0
DA:173,0
DA:174,0
DA:176,0
DA:178,0
DA:183,0
DA:184,0
DA:185,0
DA:187,0
DA:193,0
DA:194,0
DA:202,0
DA:205,0
DA:207,0
DA:209,0
DA:213,0
DA:214,0
DA:226,0
DA:227,0
DA:236,0
DA:258,0
DA:259,0
DA:265,0
DA:286,1
DA:288,1
DA:289,100
DA:290,100
DA:292,100
DA:293,100
DA:294,100
DA:295,100
DA:296,100
DA:298,100
DA:299,5500
DA:300,1000
DA:301,1000
DA:302,1000
DA:303,1000
DA:304,1000
DA:305,1000
DA:307,1000
DA:308,632
DA:315,368
DA:323,0
DA:332,100
DA:333,100
DA:336,100
DA:342,100
DA:377,1
DA:378,100
DA:379,535
DA:385,0
DA:386,0
DA:387,0
DA:388,0
DA:390,0
DA:391,0
DA:396,0
DA:397,0
DA:398,0
DA:399,0
DA:401,0
DA:402,0
DA:409,0
DA:410,0
DA:411,0
DA:412,0
DA:413,0
DA:414,0
DA:416,0
DA:417,0
DA:422,1
LF:122
LH:47
BRDA:5,0,0,0
BRDA:24,1,0,1
BRDA:24,1,1,0
BRDA:27,2,0,1
BRDA:27,2,1,0
BRDA:42,3,0,0
BRDA:42,3,1,0
BRDA:65,4,0,1
BRDA:65,4,1,1
BRDA:76,5,0,0
BRDA:76,5,1,0
BRDA:77,6,0,0
BRDA:77,6,1,0
BRDA:77,6,2,0
BRDA:103,7,0,0
BRDA:103,7,1,0
BRDA:104,8,0,0
BRDA:104,8,1,0
BRDA:119,9,0,0
BRDA:128,10,0,0
BRDA:128,10,1,0
BRDA:129,11,0,0
BRDA:129,11,1,0
BRDA:136,12,0,0
BRDA:136,12,1,0
BRDA:138,13,0,0
BRDA:138,13,1,0
BRDA:148,14,0,0
BRDA:148,14,1,0
BRDA:149,15,0,0
BRDA:149,15,1,0
BRDA:157,16,0,0
BRDA:157,16,1,0
BRDA:168,17,0,0
BRDA:169,18,0,0
BRDA:169,18,1,0
BRDA:170,19,0,0
BRDA:170,19,1,0
BRDA:178,20,0,0
BRDA:178,20,1,0
BRDA:187,21,0,0
BRDA:187,21,1,0
BRDA:189,22,0,0
BRDA:189,22,1,0
BRDA:202,23,0,0
BRDA:202,23,1,0
BRDA:204,24,0,0
BRDA:204,24,1,0
BRDA:209,25,0,0
BRDA:209,25,1,0
BRDA:226,26,0,0
BRDA:226,26,1,0
BRDA:226,26,2,0
BRDA:231,27,0,0
BRDA:231,27,1,0
BRDA:232,28,0,0
BRDA:232,28,1,0
BRDA:233,29,0,0
BRDA:233,29,1,0
BRDA:234,30,0,0
BRDA:234,30,1,0
BRDA:235,31,0,0
BRDA:235,31,1,0
BRDA:238,32,0,0
BRDA:238,32,1,0
BRDA:238,32,2,0
BRDA:239,33,0,0
BRDA:239,33,1,0
BRDA:239,33,2,0
BRDA:241,34,0,0
BRDA:241,34,1,0
BRDA:241,34,2,0
BRDA:241,34,3,0
BRDA:246,35,0,0
BRDA:246,35,1,0
BRDA:246,35,2,0
BRDA:248,36,0,0
BRDA:248,36,1,0
BRDA:249,37,0,0
BRDA:249,37,1,0
BRDA:251,38,0,0
BRDA:251,38,1,0
BRDA:252,39,0,0
BRDA:252,39,1,0
BRDA:258,40,0,0
BRDA:258,40,1,0
BRDA:258,40,2,0
BRDA:261,41,0,0
BRDA:261,41,1,0
BRDA:262,42,0,0
BRDA:262,42,1,0
BRDA:262,42,2,0
BRDA:263,43,0,0
BRDA:263,43,1,0
BRDA:264,44,0,0
BRDA:264,44,1,0
BRDA:264,44,2,0
BRDA:267,45,0,0
BRDA:267,45,1,0
BRDA:267,45,2,0
BRDA:268,46,0,0
BRDA:268,46,1,0
BRDA:268,46,2,0
BRDA:270,47,0,0
BRDA:270,47,1,0
BRDA:270,47,2,0
BRDA:270,47,3,0
BRDA:275,48,0,0
BRDA:275,48,1,0
BRDA:275,48,2,0
BRDA:277,49,0,0
BRDA:277,49,1,0
BRDA:279,50,0,0
BRDA:279,50,1,0
BRDA:286,51,0,1
BRDA:286,51,1,0
BRDA:288,52,0,1
BRDA:288,52,1,0
BRDA:289,53,0,100
BRDA:289,53,1,0
BRDA:290,54,0,100
BRDA:290,54,1,0
BRDA:300,55,0,1000
BRDA:300,55,1,0
BRDA:301,56,0,1000
BRDA:301,56,1,0
BRDA:302,57,0,1000
BRDA:302,57,1,0
BRDA:303,58,0,1000
BRDA:303,58,1,0
BRDA:307,59,0,632
BRDA:307,59,1,368
BRDA:312,60,0,632
BRDA:312,60,1,632
BRDA:319,61,0,368
BRDA:319,61,1,368
BRDA:327,62,0,0
BRDA:327,62,1,0
BRDA:336,63,0,83
BRDA:336,63,1,17
BRDA:338,64,0,17
BRDA:338,64,1,0
BRDA:345,65,0,100
BRDA:345,65,1,100
BRDA:355,66,0,83
BRDA:355,66,1,17
BRDA:357,67,0,17
BRDA:357,67,1,0
BRDA:367,68,0,83
BRDA:367,68,1,17
BRF:150
BRH:28
end_of_record
TN:
SF:src\services\securityService.js
FN:4,(anonymous_0)
FN:12,(anonymous_1)
FN:70,(anonymous_2)
FN:92,(anonymous_3)
FN:114,(anonymous_4)
FN:133,(anonymous_5)
FN:152,(anonymous_6)
FN:166,(anonymous_7)
FN:186,(anonymous_8)
FN:191,(anonymous_9)
FN:202,(anonymous_10)
FN:207,(anonymous_11)
FNF:12
FNH:12
FNDA:1,(anonymous_0)
FNDA:6,(anonymous_1)
FNDA:5,(anonymous_2)
FNDA:4,(anonymous_3)
FNDA:2,(anonymous_4)
FNDA:1,(anonymous_5)
FNDA:12,(anonymous_6)
FNDA:9,(anonymous_7)
FNDA:5,(anonymous_8)
FNDA:2,(anonymous_9)
FNDA:3,(anonymous_10)
FNDA:7,(anonymous_11)
DA:1,1
DA:5,1
DA:6,1
DA:7,1
DA:8,1
DA:13,6
DA:14,6
DA:23,6
DA:25,4
DA:26,4
DA:32,4
DA:33,2
DA:36,2
DA:40,4
DA:41,3
DA:44,4
DA:45,4
DA:48,2
DA:51,2
DA:61,2
DA:62,1
DA:65,2
DA:71,5
DA:72,5
DA:75,5
DA:79,5
DA:80,4
DA:81,4
DA:84,5
DA:85,5
DA:87,0
DA:93,4
DA:94,4
DA:96,4
DA:107,4
DA:109,0
DA:115,2
DA:116,2
DA:118,2
DA:126,2
DA:128,0
DA:134,1
DA:135,1
DA:137,1
DA:145,1
DA:147,0
DA:153,12
DA:156,11
DA:157,4
DA:158,3
DA:159,2
DA:160,1
DA:162,1
DA:167,9
DA:168,2
DA:173,7
DA:182,7
DA:187,5
DA:192,2
DA:194,1
DA:195,1
DA:196,1
DA:198,1
DA:203,3
DA:208,7
DA:212,1
LF:66
LH:62
BRDA:12,0,0,0
BRDA:15,1,0,2
BRDA:15,1,1,4
BRDA:17,2,0,6
BRDA:17,2,1,0
BRDA:19,3,0,6
BRDA:19,3,1,3
BRDA:23,4,0,4
BRDA:23,4,1,2
BRDA:25,5,0,4
BRDA:25,5,1,1
BRDA:32,6,0,2
BRDA:32,6,1,2
BRDA:40,7,0,3
BRDA:40,7,1,1
BRDA:61,8,0,1
BRDA:61,8,1,1
BRDA:75,9,0,5
BRDA:75,9,1,1
BRDA:75,9,2,1
BRDA:79,10,0,4
BRDA:79,10,1,1
BRDA:94,11,0,0
BRDA:94,11,1,4
BRDA:102,12,0,4
BRDA:102,12,1,1
BRDA:116,13,0,0
BRDA:116,13,1,2
BRDA:135,14,0,0
BRDA:135,14,1,1
BRDA:153,15,0,1
BRDA:153,15,1,11
BRDA:156,16,0,7
BRDA:156,16,1,4
BRDA:157,17,0,1
BRDA:157,17,1,3
BRDA:158,18,0,1
BRDA:158,18,1,2
BRDA:158,19,0,3
BRDA:158,19,1,1
BRDA:159,20,0,1
BRDA:159,20,1,1
BRDA:160,21,0,0
BRDA:160,21,1,1
BRDA:167,22,0,2
BRDA:167,22,1,7
BRDA:167,23,0,9
BRDA:167,23,1,9
BRDA:167,23,2,8
BRDA:187,24,0,5
BRDA:187,24,1,3
BRDA:192,25,0,1
BRDA:192,25,1,1
BRF:53
BRH:47
end_of_record
