TN:
SF:config\config.js
FNF:0
FNH:0
DA:1,2
DA:3,2
LF:2
LH:2
BRF:0
BRH:0
end_of_record
TN:
SF:models\aireproximite.js
FN:3,(anonymous_0)
FN:5,(anonymous_1)
FNF:2
FNH:2
FNDA:2,(anonymous_0)
FNDA:2,(anonymous_1)
DA:2,2
DA:3,2
DA:6,2
DA:14,2
DA:25,2
LF:5
LH:5
BRF:0
BRH:0
end_of_record
TN:
SF:models\application.js
FN:4,(anonymous_0)
FN:6,(anonymous_1)
FN:91,(anonymous_2)
FN:104,(anonymous_3)
FNF:4
FNH:2
FNDA:2,(anonymous_0)
FNDA:2,(anonymous_1)
FNDA:0,(anonymous_2)
FNDA:0,(anonymous_3)
DA:2,2
DA:4,2
DA:7,2
DA:12,2
DA:17,2
DA:24,2
DA:93,0
DA:97,0
DA:98,0
DA:106,0
DA:110,0
DA:111,0
DA:120,2
LF:13
LH:7
BRDA:97,0,0,0
BRDA:97,0,1,0
BRDA:110,1,0,0
BRDA:110,1,1,0
BRDA:110,2,0,0
BRDA:110,2,1,0
BRF:6
BRH:0
end_of_record
TN:
SF:models\auditlog.js
FN:4,(anonymous_0)
FN:6,(anonymous_1)
FNF:2
FNH:2
FNDA:2,(anonymous_0)
FNDA:2,(anonymous_1)
DA:2,2
DA:4,2
DA:7,2
DA:11,2
DA:18,2
DA:72,2
LF:6
LH:6
BRF:0
BRH:0
end_of_record
TN:
SF:models\candidate.js
FN:5,(anonymous_0)
FN:7,(anonymous_1)
FN:34,(anonymous_2)
FN:39,(anonymous_3)
FN:47,(anonymous_4)
FN:60,(anonymous_5)
FN:66,(anonymous_6)
FN:81,(anonymous_7)
FN:186,(anonymous_8)
FN:192,(anonymous_9)
FNF:10
FNH:2
FNDA:2,(anonymous_0)
FNDA:2,(anonymous_1)
FNDA:0,(anonymous_2)
FNDA:0,(anonymous_3)
FNDA:0,(anonymous_4)
FNDA:0,(anonymous_5)
FNDA:0,(anonymous_6)
FNDA:0,(anonymous_7)
FNDA:0,(anonymous_8)
FNDA:0,(anonymous_9)
DA:2,2
DA:3,2
DA:5,2
DA:9,2
DA:15,2
DA:21,2
DA:27,2
DA:35,0
DA:40,0
DA:41,0
DA:42,0
DA:43,0
DA:48,0
DA:49,0
DA:52,0
DA:53,0
DA:56,0
DA:61,0
DA:62,0
DA:67,0
DA:68,0
DA:71,0
DA:73,0
DA:76,0
DA:77,0
DA:82,0
DA:83,0
DA:84,0
DA:85,0
DA:86,0
DA:87,0
DA:91,2
DA:187,0
DA:188,0
DA:189,0
DA:193,0
DA:194,0
DA:195,0
DA:202,2
LF:39
LH:9
BRDA:48,0,0,0
BRDA:48,0,1,0
BRDA:52,1,0,0
BRDA:52,1,1,0
BRDA:61,2,0,0
BRDA:61,2,1,0
BRDA:67,3,0,0
BRDA:67,3,1,0
BRDA:71,4,0,0
BRDA:71,4,1,0
BRDA:71,5,0,0
BRDA:71,5,1,0
BRDA:187,6,0,0
BRDA:187,6,1,0
BRDA:193,7,0,0
BRDA:193,7,1,0
BRF:16
BRH:0
end_of_record
TN:
SF:models\candidatecv.js
FN:4,(anonymous_0)
FN:6,(anonymous_1)
FN:59,(anonymous_2)
FN:70,(anonymous_3)
FNF:4
FNH:2
FNDA:2,(anonymous_0)
FNDA:2,(anonymous_1)
FNDA:0,(anonymous_2)
FNDA:0,(anonymous_3)
DA:2,2
DA:4,2
DA:7,2
DA:12,2
DA:19,2
DA:61,0
DA:66,0
DA:67,0
DA:72,0
DA:73,0
DA:89,2
LF:11
LH:6
BRDA:66,0,0,0
BRDA:66,0,1,0
BRDA:72,1,0,0
BRDA:72,1,1,0
BRF:4
BRH:0
end_of_record
TN:
SF:models\candidatefavorite.js
FN:4,(anonymous_0)
FN:6,(anonymous_1)
FNF:2
FNH:2
FNDA:2,(anonymous_0)
FNDA:2,(anonymous_1)
DA:2,2
DA:4,2
DA:7,2
DA:12,2
DA:19,2
DA:51,2
LF:6
LH:6
BRF:0
BRH:0
end_of_record
TN:
SF:models\candidateskill.js
FN:4,(anonymous_0)
FN:6,(anonymous_1)
FNF:2
FNH:2
FNDA:2,(anonymous_0)
FNDA:2,(anonymous_1)
DA:2,2
DA:4,2
DA:7,2
DA:12,2
DA:17,2
DA:24,2
DA:76,2
LF:7
LH:7
BRF:0
BRH:0
end_of_record
TN:
SF:models\employee.js
FN:4,(anonymous_0)
FN:6,(anonymous_1)
FNF:2
FNH:2
FNDA:2,(anonymous_0)
FNDA:2,(anonymous_1)
DA:2,2
DA:4,2
DA:7,2
DA:11,2
DA:18,2
DA:38,2
LF:6
LH:6
BRF:0
BRH:0
end_of_record
TN:
SF:models\employeeskill.js
FN:3,(anonymous_0)
FN:5,(anonymous_1)
FNF:2
FNH:2
FNDA:2,(anonymous_0)
FNDA:2,(anonymous_1)
DA:2,2
DA:3,2
DA:6,2
DA:10,2
DA:14,2
DA:20,2
DA:41,2
LF:7
LH:7
BRF:0
BRH:0
end_of_record
TN:
SF:models\index.js
FN:27,(anonymous_0)
FN:30,(anonymous_1)
FN:35,(anonymous_2)
FNF:3
FNH:3
FNDA:46,(anonymous_0)
FNDA:44,(anonymous_1)
FNDA:44,(anonymous_2)
DA:3,2
DA:4,2
DA:5,2
DA:6,2
DA:8,2
DA:9,2
DA:10,2
DA:12,2
DA:14,2
DA:25,2
DA:28,46
DA:31,44
DA:32,44
DA:35,2
DA:36,44
DA:37,44
DA:40,2
DA:41,2
DA:43,2
LF:19
LH:19
BRDA:9,0,0,2
BRDA:9,0,1,0
BRDA:20,1,0,2
BRDA:20,1,1,0
BRDA:21,2,0,0
BRDA:21,2,1,2
BRDA:28,3,0,46
BRDA:28,3,1,44
BRDA:28,3,2,44
BRDA:36,4,0,44
BRDA:36,4,1,0
BRF:11
BRH:7
end_of_record
TN:
SF:models\interview.js
FN:4,(anonymous_0)
FN:6,(anonymous_1)
FN:136,(anonymous_2)
FN:147,(anonymous_3)
FNF:4
FNH:2
FNDA:2,(anonymous_0)
FNDA:2,(anonymous_1)
FNDA:0,(anonymous_2)
FNDA:0,(anonymous_3)
DA:2,2
DA:4,2
DA:7,2
DA:12,2
DA:19,2
DA:138,0
DA:139,0
DA:141,0
DA:142,0
DA:143,0
DA:144,0
DA:149,0
DA:150,0
DA:151,0
DA:152,0
DA:153,0
DA:154,0
DA:162,2
LF:18
LH:6
BRDA:138,0,0,0
BRDA:138,0,1,0
BRDA:138,1,0,0
BRDA:138,1,1,0
BRDA:141,2,0,0
BRDA:141,2,1,0
BRDA:141,3,0,0
BRDA:141,3,1,0
BRDA:141,3,2,0
BRDA:149,4,0,0
BRDA:149,4,1,0
BRDA:149,5,0,0
BRDA:149,5,1,0
BRDA:150,6,0,0
BRDA:150,6,1,0
BRDA:153,7,0,0
BRDA:153,7,1,0
BRF:17
BRH:0
end_of_record
TN:
SF:models\jobdescription.js
FN:3,(anonymous_0)
FN:5,(anonymous_1)
FNF:2
FNH:2
FNDA:2,(anonymous_0)
FNDA:2,(anonymous_1)
DA:2,2
DA:3,2
DA:6,2
DA:13,2
DA:20,2
DA:27,2
DA:32,2
DA:37,2
DA:42,2
DA:46,2
DA:50,2
DA:56,2
DA:75,2
LF:13
LH:13
BRF:0
BRH:0
end_of_record
TN:
SF:models\jobemployeeskillmatch.js
FN:4,(anonymous_0)
FN:6,(anonymous_1)
FNF:2
FNH:2
FNDA:2,(anonymous_0)
FNDA:2,(anonymous_1)
DA:2,2
DA:4,2
DA:7,2
DA:11,2
DA:15,2
DA:22,2
DA:39,2
LF:7
LH:7
BRF:0
BRH:0
end_of_record
TN:
SF:models\joboffer.js
FN:4,(anonymous_0)
FN:6,(anonymous_1)
FN:140,(anonymous_2)
FNF:3
FNH:2
FNDA:2,(anonymous_0)
FNDA:2,(anonymous_1)
FNDA:0,(anonymous_2)
DA:2,2
DA:4,2
DA:8,2
DA:14,2
DA:27,2
DA:142,0
DA:143,0
DA:150,2
LF:8
LH:6
BRDA:142,0,0,0
BRDA:142,0,1,0
BRDA:142,1,0,0
BRDA:142,1,1,0
BRDA:142,1,2,0
BRF:5
BRH:0
end_of_record
TN:
SF:models\jobrequiredskill.js
FN:3,(anonymous_0)
FN:5,(anonymous_1)
FNF:2
FNH:2
FNDA:2,(anonymous_0)
FNDA:2,(anonymous_1)
DA:2,2
DA:3,2
DA:6,2
DA:9,2
DA:12,2
DA:17,2
DA:35,2
LF:7
LH:7
BRF:0
BRH:0
end_of_record
TN:
SF:models\mission.js
FN:3,(anonymous_0)
FN:6,(anonymous_1)
FNF:2
FNH:2
FNDA:2,(anonymous_0)
FNDA:2,(anonymous_1)
DA:2,2
DA:3,2
DA:7,2
DA:15,2
DA:25,2
LF:5
LH:5
BRF:0
BRH:0
end_of_record
TN:
SF:models\moyen.js
FN:3,(anonymous_0)
FN:10,(anonymous_1)
FNF:2
FNH:2
FNDA:2,(anonymous_0)
FNDA:2,(anonymous_1)
DA:2,2
DA:3,2
DA:11,2
DA:19,2
DA:29,2
LF:5
LH:5
BRF:0
BRH:0
end_of_record
TN:
SF:models\role.js
FN:4,(anonymous_0)
FN:6,(anonymous_1)
FNF:2
FNH:2
FNDA:2,(anonymous_0)
FNDA:2,(anonymous_1)
DA:2,2
DA:4,2
DA:8,2
DA:17,2
DA:49,2
LF:5
LH:5
BRF:0
BRH:0
end_of_record
TN:
SF:models\skill.js
FN:3,(anonymous_0)
FN:5,(anonymous_1)
FNF:2
FNH:2
FNDA:2,(anonymous_0)
FNDA:2,(anonymous_1)
DA:2,2
DA:3,2
DA:6,2
DA:11,2
DA:16,2
DA:21,2
DA:27,2
DA:39,2
LF:8
LH:8
BRF:0
BRH:0
end_of_record
TN:
SF:models\skilllevel.js
FN:3,(anonymous_0)
FN:5,(anonymous_1)
FNF:2
FNH:2
FNDA:2,(anonymous_0)
FNDA:2,(anonymous_1)
DA:2,2
DA:3,2
DA:6,2
DA:9,2
DA:14,2
DA:26,2
LF:6
LH:6
BRF:0
BRH:0
end_of_record
TN:
SF:models\skilltype.js
FN:3,(anonymous_0)
FN:5,(anonymous_1)
FNF:2
FNH:2
FNDA:2,(anonymous_0)
FNDA:2,(anonymous_1)
DA:2,2
DA:3,2
DA:6,2
DA:12,2
DA:23,2
LF:5
LH:5
BRF:0
BRH:0
end_of_record
TN:
SF:models\user.js
FN:5,(anonymous_0)
FN:7,(anonymous_1)
FN:31,(anonymous_2)
FN:36,(anonymous_3)
FN:38,(anonymous_4)
FN:42,(anonymous_5)
FN:44,(anonymous_6)
FN:48,(anonymous_7)
FN:50,(anonymous_8)
FN:54,(anonymous_9)
FN:62,(anonymous_10)
FN:75,(anonymous_11)
FN:81,(anonymous_12)
FN:96,(anonymous_13)
FN:202,(anonymous_14)
FN:208,(anonymous_15)
FNF:16
FNH:2
FNDA:2,(anonymous_0)
FNDA:2,(anonymous_1)
FNDA:0,(anonymous_2)
FNDA:0,(anonymous_3)
FNDA:0,(anonymous_4)
FNDA:0,(anonymous_5)
FNDA:0,(anonymous_6)
FNDA:0,(anonymous_7)
FNDA:0,(anonymous_8)
FNDA:0,(anonymous_9)
FNDA:0,(anonymous_10)
FNDA:0,(anonymous_11)
FNDA:0,(anonymous_12)
FNDA:0,(anonymous_13)
FNDA:0,(anonymous_14)
FNDA:0,(anonymous_15)
DA:2,2
DA:3,2
DA:5,2
DA:9,2
DA:17,2
DA:18,2
DA:23,2
DA:32,0
DA:37,0
DA:38,0
DA:43,0
DA:44,0
DA:49,0
DA:50,0
DA:55,0
DA:56,0
DA:57,0
DA:58,0
DA:63,0
DA:64,0
DA:67,0
DA:68,0
DA:71,0
DA:76,0
DA:77,0
DA:82,0
DA:83,0
DA:86,0
DA:88,0
DA:91,0
DA:92,0
DA:97,0
DA:98,0
DA:99,0
DA:100,0
DA:101,0
DA:102,0
DA:106,2
DA:203,0
DA:204,0
DA:205,0
DA:209,0
DA:210,0
DA:211,0
DA:218,2
LF:45
LH:9
BRDA:17,0,0,2
BRDA:17,0,1,0
BRDA:38,1,0,0
BRDA:38,1,1,0
BRDA:44,2,0,0
BRDA:44,2,1,0
BRDA:63,3,0,0
BRDA:63,3,1,0
BRDA:67,4,0,0
BRDA:67,4,1,0
BRDA:76,5,0,0
BRDA:76,5,1,0
BRDA:82,6,0,0
BRDA:82,6,1,0
BRDA:86,7,0,0
BRDA:86,7,1,0
BRDA:86,8,0,0
BRDA:86,8,1,0
BRDA:203,9,0,0
BRDA:203,9,1,0
BRDA:209,10,0,0
BRDA:209,10,1,0
BRF:22
BRH:1
end_of_record
TN:
SF:models\userrole.js
FN:4,(anonymous_0)
FN:6,(anonymous_1)
FNF:2
FNH:2
FNDA:2,(anonymous_0)
FNDA:2,(anonymous_1)
DA:2,2
DA:4,2
DA:7,2
DA:11,2
DA:18,2
DA:56,2
LF:6
LH:6
BRF:0
BRH:0
end_of_record
TN:
SF:src\controllers\auth.js
FN:23,(anonymous_0)
FN:32,(anonymous_1)
FN:120,(anonymous_2)
FN:143,(anonymous_3)
FN:156,(anonymous_4)
FN:219,(anonymous_5)
FN:219,(anonymous_6)
FN:254,(anonymous_7)
FN:330,(anonymous_8)
FN:387,(anonymous_9)
FN:432,(anonymous_10)
FN:477,(anonymous_11)
FN:487,(anonymous_12)
FN:539,(anonymous_13)
FNF:14
FNH:3
FNDA:1,(anonymous_0)
FNDA:1,(anonymous_1)
FNDA:0,(anonymous_2)
FNDA:0,(anonymous_3)
FNDA:2,(anonymous_4)
FNDA:0,(anonymous_5)
FNDA:0,(anonymous_6)
FNDA:0,(anonymous_7)
FNDA:0,(anonymous_8)
FNDA:0,(anonymous_9)
FNDA:0,(anonymous_10)
FNDA:0,(anonymous_11)
FNDA:0,(anonymous_12)
FNDA:0,(anonymous_13)
DA:1,1
DA:2,1
DA:3,1
DA:4,1
DA:5,1
DA:6,1
DA:7,1
DA:8,1
DA:9,1
DA:12,1
DA:23,1
DA:24,1
DA:25,1
DA:32,1
DA:33,1
DA:35,0
DA:36,0
DA:39,0
DA:40,0
DA:41,0
DA:44,0
DA:45,0
DA:46,0
DA:49,0
DA:50,0
DA:51,0
DA:55,0
DA:56,0
DA:57,0
DA:58,0
DA:62,0
DA:65,0
DA:66,0
DA:69,0
DA:82,0
DA:83,0
DA:90,0
DA:92,0
DA:97,0
DA:98,0
DA:99,0
DA:106,0
DA:109,0
DA:120,0
DA:121,0
DA:127,0
DA:128,0
DA:136,0
DA:137,0
DA:140,0
DA:141,0
DA:143,0
DA:147,0
DA:148,0
DA:151,0
DA:156,1
DA:157,2
DA:158,2
DA:160,2
DA:161,0
DA:164,2
DA:165,0
DA:167,0
DA:170,0
DA:171,0
DA:172,0
DA:178,0
DA:179,0
DA:181,0
DA:188,0
DA:189,0
DA:196,0
DA:200,0
DA:208,0
DA:219,0
DA:220,0
DA:222,0
DA:223,0
DA:225,0
DA:231,0
DA:233,0
DA:234,0
DA:241,0
DA:248,1
DA:249,1
DA:254,1
DA:255,0
DA:257,0
DA:258,0
DA:260,0
DA:261,0
DA:262,0
DA:265,0
DA:266,0
DA:267,0
DA:270,0
DA:271,0
DA:272,0
DA:273,0
DA:276,0
DA:277,0
DA:278,0
DA:282,0
DA:283,0
DA:284,0
DA:287,0
DA:288,0
DA:289,0
DA:293,0
DA:300,0
DA:305,0
DA:306,0
DA:313,0
DA:316,0
DA:317,0
DA:323,0
DA:324,0
DA:325,0
DA:330,1
DA:331,0
DA:333,0
DA:334,0
DA:336,0
DA:337,0
DA:338,0
DA:341,0
DA:342,0
DA:343,0
DA:344,0
DA:347,0
DA:348,0
DA:349,0
DA:353,0
DA:354,0
DA:356,0
DA:362,0
DA:363,0
DA:371,0
DA:372,0
DA:373,0
DA:376,0
DA:377,0
DA:380,0
DA:381,0
DA:382,0
DA:387,1
DA:388,0
DA:390,0
DA:391,0
DA:392,0
DA:394,0
DA:395,0
DA:397,0
DA:398,0
DA:400,0
DA:405,0
DA:407,0
DA:421,0
DA:422,0
DA:425,0
DA:426,0
DA:427,0
DA:432,1
DA:433,0
DA:435,0
DA:436,0
DA:437,0
DA:438,0
DA:439,0
DA:442,0
DA:443,0
DA:444,0
DA:447,0
DA:448,0
DA:449,0
DA:452,0
DA:460,0
DA:461,0
DA:462,0
DA:465,0
DA:466,0
DA:468,0
DA:470,0
DA:471,0
DA:472,0
DA:477,1
DA:478,0
DA:479,0
DA:480,0
DA:482,0
DA:483,0
DA:487,1
DA:488,0
DA:490,0
DA:491,0
DA:492,0
DA:494,0
DA:495,0
DA:497,0
DA:498,0
DA:499,0
DA:500,0
DA:501,0
DA:503,0
DA:504,0
DA:507,0
DA:508,0
DA:509,0
DA:510,0
DA:513,0
DA:514,0
DA:515,0
DA:516,0
DA:519,0
DA:520,0
DA:521,0
DA:524,0
DA:527,0
DA:528,0
DA:530,0
DA:532,0
DA:533,0
DA:534,0
DA:539,1
DA:540,0
DA:541,0
DA:543,0
DA:544,0
DA:548,1
LF:229
LH:30
BRDA:24,0,0,0
BRDA:24,0,1,1
BRDA:39,1,0,0
BRDA:39,1,1,0
BRDA:39,2,0,0
BRDA:39,2,1,0
BRDA:39,2,2,0
BRDA:39,2,3,0
BRDA:44,3,0,0
BRDA:44,3,1,0
BRDA:49,4,0,0
BRDA:49,4,1,0
BRDA:56,5,0,0
BRDA:56,5,1,0
BRDA:98,6,0,0
BRDA:98,6,1,0
BRDA:120,7,0,0
BRDA:120,7,1,0
BRDA:123,8,0,0
BRDA:123,8,1,0
BRDA:140,9,0,0
BRDA:140,9,1,0
BRDA:147,10,0,0
BRDA:147,10,1,0
BRDA:160,11,0,0
BRDA:160,11,1,2
BRDA:160,12,0,2
BRDA:160,12,1,2
BRDA:165,13,0,0
BRDA:165,13,1,0
BRDA:167,14,0,0
BRDA:167,14,1,0
BRDA:170,15,0,0
BRDA:170,15,1,0
BRDA:179,16,0,0
BRDA:179,16,1,0
BRDA:183,17,0,0
BRDA:183,17,1,0
BRDA:188,18,0,0
BRDA:188,18,1,0
BRDA:202,19,0,0
BRDA:202,19,1,0
BRDA:219,20,0,0
BRDA:219,20,1,0
BRDA:220,21,0,0
BRDA:220,21,1,0
BRDA:220,22,0,0
BRDA:220,22,1,0
BRDA:260,23,0,0
BRDA:260,23,1,0
BRDA:260,24,0,0
BRDA:260,24,1,0
BRDA:265,25,0,0
BRDA:265,25,1,0
BRDA:271,26,0,0
BRDA:271,26,1,0
BRDA:276,27,0,0
BRDA:276,27,1,0
BRDA:282,28,0,0
BRDA:282,28,1,0
BRDA:287,29,0,0
BRDA:287,29,1,0
BRDA:336,30,0,0
BRDA:336,30,1,0
BRDA:342,31,0,0
BRDA:342,31,1,0
BRDA:347,32,0,0
BRDA:347,32,1,0
BRDA:392,33,0,0
BRDA:392,33,1,0
BRDA:395,34,0,0
BRDA:395,34,1,0
BRDA:437,35,0,0
BRDA:437,35,1,0
BRDA:437,36,0,0
BRDA:437,36,1,0
BRDA:437,36,2,0
BRDA:442,37,0,0
BRDA:442,37,1,0
BRDA:447,38,0,0
BRDA:447,38,1,0
BRDA:460,39,0,0
BRDA:460,39,1,0
BRDA:494,40,0,0
BRDA:494,40,1,0
BRDA:495,41,0,0
BRDA:495,41,1,0
BRDA:497,42,0,0
BRDA:497,42,1,0
BRDA:497,43,0,0
BRDA:497,43,1,0
BRDA:499,44,0,0
BRDA:499,44,1,0
BRDA:499,45,0,0
BRDA:499,45,1,0
BRDA:507,46,0,0
BRDA:507,46,1,0
BRDA:508,47,0,0
BRDA:508,47,1,0
BRDA:514,48,0,0
BRDA:514,48,1,0
BRDA:519,49,0,0
BRDA:519,49,1,0
BRF:103
BRH:4
end_of_record
TN:
SF:src\controllers\candidateAuth.js
FN:23,(anonymous_0)
FN:102,(anonymous_1)
FN:115,(anonymous_2)
FN:185,(anonymous_3)
FN:222,(anonymous_4)
FN:288,(anonymous_5)
FN:337,(anonymous_6)
FN:387,(anonymous_7)
FN:458,(anonymous_8)
FNF:9
FNH:2
FNDA:2,(anonymous_0)
FNDA:0,(anonymous_1)
FNDA:1,(anonymous_2)
FNDA:0,(anonymous_3)
FNDA:0,(anonymous_4)
FNDA:0,(anonymous_5)
FNDA:0,(anonymous_6)
FNDA:0,(anonymous_7)
FNDA:0,(anonymous_8)
DA:1,2
DA:2,2
DA:3,2
DA:4,2
DA:5,2
DA:6,2
DA:7,2
DA:8,2
DA:9,2
DA:12,2
DA:23,2
DA:24,2
DA:26,0
DA:27,0
DA:30,0
DA:31,0
DA:32,0
DA:35,0
DA:36,0
DA:37,0
DA:40,0
DA:41,0
DA:42,0
DA:46,0
DA:47,0
DA:48,0
DA:49,0
DA:53,0
DA:54,0
DA:57,0
DA:71,0
DA:72,0
DA:79,0
DA:81,0
DA:85,0
DA:87,0
DA:88,0
DA:96,0
DA:97,0
DA:99,0
DA:100,0
DA:102,0
DA:106,0
DA:107,0
DA:110,0
DA:115,2
DA:116,1
DA:117,1
DA:119,1
DA:120,0
DA:123,1
DA:124,0
DA:125,0
DA:128,0
DA:129,0
DA:133,0
DA:134,0
DA:135,0
DA:141,0
DA:142,0
DA:144,0
DA:151,0
DA:152,0
DA:159,0
DA:163,0
DA:170,0
DA:172,0
DA:179,1
DA:180,1
DA:185,2
DA:186,0
DA:187,0
DA:210,0
DA:211,0
DA:214,0
DA:216,0
DA:217,0
DA:222,2
DA:223,0
DA:225,0
DA:226,0
DA:227,0
DA:229,0
DA:230,0
DA:231,0
DA:235,0
DA:236,0
DA:237,0
DA:238,0
DA:239,0
DA:242,0
DA:243,0
DA:244,0
DA:245,0
DA:246,0
DA:248,0
DA:249,0
DA:253,0
DA:254,0
DA:255,0
DA:256,0
DA:259,0
DA:260,0
DA:261,0
DA:262,0
DA:265,0
DA:266,0
DA:267,0
DA:270,0
DA:273,0
DA:274,0
DA:276,0
DA:281,0
DA:282,0
DA:283,0
DA:288,2
DA:289,0
DA:291,0
DA:292,0
DA:293,0
DA:294,0
DA:295,0
DA:298,0
DA:299,0
DA:300,0
DA:303,0
DA:304,0
DA:306,0
DA:311,0
DA:313,0
DA:326,0
DA:327,0
DA:330,0
DA:331,0
DA:332,0
DA:337,2
DA:338,0
DA:340,0
DA:341,0
DA:343,0
DA:344,0
DA:345,0
DA:348,0
DA:349,0
DA:350,0
DA:353,0
DA:354,0
DA:355,0
DA:358,0
DA:366,0
DA:367,0
DA:368,0
DA:371,0
DA:377,0
DA:378,0
DA:380,0
DA:381,0
DA:382,0
DA:387,2
DA:388,0
DA:390,0
DA:391,0
DA:393,0
DA:394,0
DA:395,0
DA:398,0
DA:399,0
DA:400,0
DA:403,0
DA:404,0
DA:405,0
DA:406,0
DA:409,0
DA:410,0
DA:411,0
DA:415,0
DA:416,0
DA:417,0
DA:420,0
DA:421,0
DA:422,0
DA:426,0
DA:433,0
DA:434,0
DA:441,0
DA:444,0
DA:445,0
DA:451,0
DA:452,0
DA:453,0
DA:458,2
DA:459,0
DA:461,0
DA:462,0
DA:464,0
DA:465,0
DA:466,0
DA:469,0
DA:470,0
DA:471,0
DA:472,0
DA:475,0
DA:476,0
DA:477,0
DA:481,0
DA:482,0
DA:484,0
DA:490,0
DA:491,0
DA:499,0
DA:500,0
DA:501,0
DA:504,0
DA:505,0
DA:508,0
DA:509,0
DA:510,0
DA:514,2
LF:218
LH:26
BRDA:30,0,0,0
BRDA:30,0,1,0
BRDA:30,1,0,0
BRDA:30,1,1,0
BRDA:30,1,2,0
BRDA:30,1,3,0
BRDA:35,2,0,0
BRDA:35,2,1,0
BRDA:40,3,0,0
BRDA:40,3,1,0
BRDA:47,4,0,0
BRDA:47,4,1,0
BRDA:99,5,0,0
BRDA:99,5,1,0
BRDA:106,6,0,0
BRDA:106,6,1,0
BRDA:119,7,0,0
BRDA:119,7,1,1
BRDA:119,8,0,1
BRDA:119,8,1,1
BRDA:124,9,0,0
BRDA:124,9,1,0
BRDA:128,10,0,0
BRDA:128,10,1,0
BRDA:133,11,0,0
BRDA:133,11,1,0
BRDA:142,12,0,0
BRDA:142,12,1,0
BRDA:146,13,0,0
BRDA:146,13,1,0
BRDA:151,14,0,0
BRDA:151,14,1,0
BRDA:165,15,0,0
BRDA:165,15,1,0
BRDA:210,16,0,0
BRDA:210,16,1,0
BRDA:229,17,0,0
BRDA:229,17,1,0
BRDA:235,18,0,0
BRDA:235,18,1,0
BRDA:236,19,0,0
BRDA:236,19,1,0
BRDA:237,20,0,0
BRDA:237,20,1,0
BRDA:238,21,0,0
BRDA:238,21,1,0
BRDA:239,22,0,0
BRDA:239,22,1,0
BRDA:242,23,0,0
BRDA:242,23,1,0
BRDA:242,24,0,0
BRDA:242,24,1,0
BRDA:244,25,0,0
BRDA:244,25,1,0
BRDA:244,26,0,0
BRDA:244,26,1,0
BRDA:253,27,0,0
BRDA:253,27,1,0
BRDA:254,28,0,0
BRDA:254,28,1,0
BRDA:260,29,0,0
BRDA:260,29,1,0
BRDA:265,30,0,0
BRDA:265,30,1,0
BRDA:293,31,0,0
BRDA:293,31,1,0
BRDA:299,32,0,0
BRDA:299,32,1,0
BRDA:343,33,0,0
BRDA:343,33,1,0
BRDA:343,34,0,0
BRDA:343,34,1,0
BRDA:343,34,2,0
BRDA:348,35,0,0
BRDA:348,35,1,0
BRDA:353,36,0,0
BRDA:353,36,1,0
BRDA:366,37,0,0
BRDA:366,37,1,0
BRDA:393,38,0,0
BRDA:393,38,1,0
BRDA:393,39,0,0
BRDA:393,39,1,0
BRDA:398,40,0,0
BRDA:398,40,1,0
BRDA:404,41,0,0
BRDA:404,41,1,0
BRDA:409,42,0,0
BRDA:409,42,1,0
BRDA:415,43,0,0
BRDA:415,43,1,0
BRDA:420,44,0,0
BRDA:420,44,1,0
BRDA:464,45,0,0
BRDA:464,45,1,0
BRDA:470,46,0,0
BRDA:470,46,1,0
BRDA:475,47,0,0
BRDA:475,47,1,0
BRF:99
BRH:3
end_of_record
TN:
SF:src\middleware\auth.js
FN:9,(anonymous_0)
FN:14,(anonymous_1)
FN:62,(anonymous_2)
FN:62,(anonymous_3)
FN:100,(anonymous_4)
FN:101,(anonymous_5)
FN:115,(anonymous_6)
FNF:7
FNH:0
FNDA:0,(anonymous_0)
FNDA:0,(anonymous_1)
FNDA:0,(anonymous_2)
FNDA:0,(anonymous_3)
FNDA:0,(anonymous_4)
FNDA:0,(anonymous_5)
FNDA:0,(anonymous_6)
DA:1,2
DA:2,2
DA:3,2
DA:5,2
DA:6,2
DA:9,2
DA:10,0
DA:14,2
DA:15,0
DA:16,0
DA:18,0
DA:19,0
DA:21,0
DA:22,0
DA:23,0
DA:29,0
DA:30,0
DA:31,0
DA:33,0
DA:35,0
DA:36,0
DA:37,0
DA:44,0
DA:53,0
DA:54,0
DA:55,0
DA:62,0
DA:63,0
DA:65,0
DA:66,0
DA:68,0
DA:74,0
DA:75,0
DA:82,0
DA:84,0
DA:85,0
DA:86,0
DA:92,0
DA:100,2
DA:101,0
DA:102,0
DA:103,0
DA:104,0
DA:106,0
DA:107,0
DA:108,0
DA:115,0
DA:117,0
DA:118,0
DA:119,0
DA:120,0
DA:126,0
DA:127,0
DA:131,2
LF:54
LH:9
BRDA:5,0,0,2
BRDA:5,0,1,0
BRDA:6,1,0,2
BRDA:6,1,1,0
BRDA:9,2,0,0
BRDA:19,3,0,0
BRDA:19,3,1,0
BRDA:21,4,0,0
BRDA:21,4,1,0
BRDA:35,5,0,0
BRDA:35,5,1,0
BRDA:35,6,0,0
BRDA:35,6,1,0
BRDA:53,7,0,0
BRDA:53,7,1,0
BRDA:53,8,0,0
BRDA:53,8,1,0
BRDA:62,9,0,0
BRDA:62,9,1,0
BRDA:63,10,0,0
BRDA:63,10,1,0
BRDA:63,11,0,0
BRDA:63,11,1,0
BRDA:85,12,0,0
BRDA:85,12,1,0
BRDA:106,13,0,0
BRDA:106,13,1,0
BRDA:117,14,0,0
BRDA:117,14,1,0
BRF:29
BRH:2
end_of_record
TN:
SF:src\services\emailService.js
FN:4,(anonymous_0)
FN:16,(anonymous_1)
FN:26,(anonymous_2)
FN:87,(anonymous_3)
FN:174,(anonymous_4)
FN:242,(anonymous_5)
FN:317,(anonymous_6)
FNF:7
FNH:5
FNDA:4,(anonymous_0)
FNDA:3,(anonymous_1)
FNDA:2,(anonymous_2)
FNDA:1,(anonymous_3)
FNDA:1,(anonymous_4)
FNDA:0,(anonymous_5)
FNDA:0,(anonymous_6)
DA:1,4
DA:5,4
DA:16,4
DA:17,3
DA:18,0
DA:20,3
DA:27,2
DA:28,2
DA:78,2
DA:88,1
DA:89,1
DA:165,1
DA:175,1
DA:176,1
DA:233,1
DA:243,0
DA:244,0
DA:308,0
DA:318,0
DA:319,0
DA:373,0
DA:382,4
LF:22
LH:15
BRDA:17,0,0,0
BRDA:17,0,1,3
BRDA:26,1,0,0
BRDA:32,2,0,1
BRDA:32,2,1,1
BRDA:87,3,0,0
BRDA:116,4,0,1
BRDA:116,4,1,0
BRDA:142,5,0,0
BRDA:142,5,1,1
BRDA:174,6,0,0
BRDA:186,7,0,0
BRDA:186,7,1,1
BRDA:192,8,0,0
BRDA:192,8,1,1
BRDA:212,9,0,0
BRDA:212,9,1,1
BRDA:242,10,0,0
BRDA:317,11,0,0
BRDA:342,12,0,0
BRDA:342,12,1,0
BRDA:355,13,0,0
BRDA:355,13,1,0
BRDA:359,14,0,0
BRDA:359,14,1,0
BRF:25
BRH:8
end_of_record
TN:
SF:src\services\recommendationService.js
FN:5,trimSlashes
FN:8,joinUrl
FN:17,resolveMlBases
FN:59,(anonymous_3)
FN:74,(anonymous_4)
FN:75,(anonymous_5)
FN:95,(anonymous_6)
FN:119,(anonymous_7)
FN:168,(anonymous_8)
FN:178,(anonymous_9)
FN:209,(anonymous_10)
FN:225,(anonymous_11)
FN:236,(anonymous_12)
FN:257,(anonymous_13)
FN:265,(anonymous_14)
FN:285,(anonymous_15)
FN:288,(anonymous_16)
FN:298,(anonymous_17)
FN:299,(anonymous_18)
FN:378,(anonymous_19)
FN:379,(anonymous_20)
FN:384,(anonymous_21)
FN:395,(anonymous_22)
FN:408,(anonymous_23)
FNF:24
FNH:15
FNDA:4,trimSlashes
FNDA:4,joinUrl
FNDA:2,resolveMlBases
FNDA:2,(anonymous_3)
FNDA:0,(anonymous_4)
FNDA:0,(anonymous_5)
FNDA:2,(anonymous_6)
FNDA:0,(anonymous_7)
FNDA:0,(anonymous_8)
FNDA:0,(anonymous_9)
FNDA:0,(anonymous_10)
FNDA:2,(anonymous_11)
FNDA:1,(anonymous_12)
FNDA:1,(anonymous_13)
FNDA:1,(anonymous_14)
FNDA:4,(anonymous_15)
FNDA:103,(anonymous_16)
FNDA:1003,(anonymous_17)
FNDA:5503,(anonymous_18)
FNDA:103,(anonymous_19)
FNDA:532,(anonymous_20)
FNDA:0,(anonymous_21)
FNDA:0,(anonymous_22)
FNDA:0,(anonymous_23)
DA:2,2
DA:6,4
DA:9,4
DA:18,2
DA:19,2
DA:22,2
DA:24,2
DA:25,0
DA:27,0
DA:28,0
DA:35,0
DA:42,2
DA:43,0
DA:51,2
DA:60,2
DA:61,2
DA:62,2
DA:63,2
DA:65,2
DA:67,2
DA:73,2
DA:74,0
DA:76,0
DA:81,0
DA:85,0
DA:89,2
DA:90,2
DA:91,2
DA:96,2
DA:97,2
DA:98,2
DA:99,2
DA:100,1
DA:108,1
DA:109,1
DA:120,0
DA:121,0
DA:125,0
DA:132,0
DA:133,0
DA:134,0
DA:136,0
DA:142,0
DA:144,0
DA:156,0
DA:157,0
DA:158,0
DA:159,0
DA:161,0
DA:169,0
DA:170,0
DA:173,0
DA:174,0
DA:176,0
DA:178,0
DA:183,0
DA:184,0
DA:185,0
DA:187,0
DA:193,0
DA:194,0
DA:202,0
DA:205,0
DA:207,0
DA:209,0
DA:213,0
DA:214,0
DA:226,2
DA:227,2
DA:236,1
DA:258,1
DA:259,1
DA:265,1
DA:286,4
DA:288,4
DA:289,103
DA:290,103
DA:292,103
DA:293,103
DA:294,103
DA:295,103
DA:296,103
DA:298,103
DA:299,5503
DA:300,1003
DA:301,1003
DA:302,1002
DA:303,1002
DA:304,1002
DA:305,1002
DA:307,1002
DA:308,608
DA:315,394
DA:323,1
DA:332,103
DA:333,103
DA:336,103
DA:342,103
DA:377,4
DA:378,103
DA:379,532
DA:385,0
DA:386,0
DA:387,0
DA:388,0
DA:390,0
DA:391,0
DA:396,0
DA:397,0
DA:398,0
DA:399,0
DA:401,0
DA:402,0
DA:409,0
DA:410,0
DA:411,0
DA:412,0
DA:413,0
DA:414,0
DA:416,0
DA:417,0
DA:422,2
LF:122
LH:61
BRDA:5,0,0,0
BRDA:24,1,0,0
BRDA:24,1,1,2
BRDA:27,2,0,0
BRDA:27,2,1,0
BRDA:42,3,0,0
BRDA:42,3,1,2
BRDA:65,4,0,2
BRDA:65,4,1,2
BRDA:76,5,0,0
BRDA:76,5,1,0
BRDA:77,6,0,0
BRDA:77,6,1,0
BRDA:77,6,2,0
BRDA:103,7,0,1
BRDA:103,7,1,0
BRDA:104,8,0,1
BRDA:104,8,1,0
BRDA:119,9,0,0
BRDA:128,10,0,0
BRDA:128,10,1,0
BRDA:129,11,0,0
BRDA:129,11,1,0
BRDA:136,12,0,0
BRDA:136,12,1,0
BRDA:138,13,0,0
BRDA:138,13,1,0
BRDA:148,14,0,0
BRDA:148,14,1,0
BRDA:149,15,0,0
BRDA:149,15,1,0
BRDA:157,16,0,0
BRDA:157,16,1,0
BRDA:168,17,0,0
BRDA:169,18,0,0
BRDA:169,18,1,0
BRDA:170,19,0,0
BRDA:170,19,1,0
BRDA:178,20,0,0
BRDA:178,20,1,0
BRDA:187,21,0,0
BRDA:187,21,1,0
BRDA:189,22,0,0
BRDA:189,22,1,0
BRDA:202,23,0,0
BRDA:202,23,1,0
BRDA:204,24,0,0
BRDA:204,24,1,0
BRDA:209,25,0,0
BRDA:209,25,1,0
BRDA:226,26,0,2
BRDA:226,26,1,1
BRDA:226,26,2,1
BRDA:231,27,0,2
BRDA:231,27,1,0
BRDA:232,28,0,2
BRDA:232,28,1,2
BRDA:233,29,0,2
BRDA:233,29,1,2
BRDA:234,30,0,2
BRDA:234,30,1,2
BRDA:235,31,0,2
BRDA:235,31,1,2
BRDA:238,32,0,1
BRDA:238,32,1,0
BRDA:238,32,2,0
BRDA:239,33,0,1
BRDA:239,33,1,0
BRDA:239,33,2,0
BRDA:241,34,0,1
BRDA:241,34,1,0
BRDA:241,34,2,0
BRDA:241,34,3,0
BRDA:246,35,0,1
BRDA:246,35,1,0
BRDA:246,35,2,0
BRDA:248,36,0,0
BRDA:248,36,1,0
BRDA:249,37,0,1
BRDA:249,37,1,1
BRDA:251,38,0,1
BRDA:251,38,1,1
BRDA:252,39,0,1
BRDA:252,39,1,1
BRDA:258,40,0,1
BRDA:258,40,1,0
BRDA:258,40,2,0
BRDA:261,41,0,1
BRDA:261,41,1,0
BRDA:262,42,0,1
BRDA:262,42,1,0
BRDA:262,42,2,0
BRDA:263,43,0,1
BRDA:263,43,1,0
BRDA:264,44,0,1
BRDA:264,44,1,1
BRDA:264,44,2,1
BRDA:267,45,0,1
BRDA:267,45,1,0
BRDA:267,45,2,0
BRDA:268,46,0,1
BRDA:268,46,1,0
BRDA:268,46,2,0
BRDA:270,47,0,1
BRDA:270,47,1,0
BRDA:270,47,2,0
BRDA:270,47,3,0
BRDA:275,48,0,1
BRDA:275,48,1,0
BRDA:275,48,2,0
BRDA:277,49,0,0
BRDA:277,49,1,0
BRDA:279,50,0,1
BRDA:279,50,1,0
BRDA:286,51,0,4
BRDA:286,51,1,0
BRDA:288,52,0,4
BRDA:288,52,1,0
BRDA:289,53,0,103
BRDA:289,53,1,0
BRDA:290,54,0,103
BRDA:290,54,1,0
BRDA:300,55,0,1003
BRDA:300,55,1,0
BRDA:301,56,0,1002
BRDA:301,56,1,1
BRDA:302,57,0,1002
BRDA:302,57,1,0
BRDA:303,58,0,1002
BRDA:303,58,1,0
BRDA:307,59,0,608
BRDA:307,59,1,394
BRDA:312,60,0,608
BRDA:312,60,1,607
BRDA:319,61,0,394
BRDA:319,61,1,393
BRDA:327,62,0,1
BRDA:327,62,1,0
BRDA:336,63,0,64
BRDA:336,63,1,39
BRDA:338,64,0,37
BRDA:338,64,1,2
BRDA:345,65,0,103
BRDA:345,65,1,101
BRDA:355,66,0,64
BRDA:355,66,1,39
BRDA:357,67,0,37
BRDA:357,67,1,2
BRDA:367,68,0,64
BRDA:367,68,1,39
BRF:150
BRH:68
end_of_record
TN:
SF:src\services\securityService.js
FN:4,(anonymous_0)
FN:12,(anonymous_1)
FN:70,(anonymous_2)
FN:92,(anonymous_3)
FN:114,(anonymous_4)
FN:133,(anonymous_5)
FN:152,(anonymous_6)
FN:166,(anonymous_7)
FN:186,(anonymous_8)
FN:191,(anonymous_9)
FN:202,(anonymous_10)
FN:207,(anonymous_11)
FNF:12
FNH:10
FNDA:4,(anonymous_0)
FNDA:3,(anonymous_1)
FNDA:1,(anonymous_2)
FNDA:1,(anonymous_3)
FNDA:1,(anonymous_4)
FNDA:0,(anonymous_5)
FNDA:7,(anonymous_6)
FNDA:3,(anonymous_7)
FNDA:3,(anonymous_8)
FNDA:0,(anonymous_9)
FNDA:1,(anonymous_10)
FNDA:6,(anonymous_11)
DA:1,4
DA:5,4
DA:6,4
DA:7,4
DA:8,4
DA:13,3
DA:14,3
DA:23,3
DA:25,2
DA:26,2
DA:32,2
DA:33,1
DA:36,1
DA:40,2
DA:41,1
DA:44,2
DA:45,2
DA:48,1
DA:51,1
DA:61,1
DA:62,0
DA:65,1
DA:71,1
DA:72,1
DA:75,1
DA:79,1
DA:80,1
DA:81,1
DA:84,1
DA:85,1
DA:87,0
DA:93,1
DA:94,1
DA:96,1
DA:107,1
DA:109,0
DA:115,1
DA:116,1
DA:118,1
DA:126,1
DA:128,0
DA:134,0
DA:135,0
DA:137,0
DA:145,0
DA:147,0
DA:153,7
DA:156,6
DA:157,2
DA:158,1
DA:159,1
DA:160,1
DA:162,1
DA:167,3
DA:168,0
DA:173,3
DA:182,3
DA:187,3
DA:192,0
DA:194,0
DA:195,0
DA:196,0
DA:198,0
DA:203,1
DA:208,6
DA:212,4
LF:66
LH:51
BRDA:12,0,0,0
BRDA:15,1,0,1
BRDA:15,1,1,2
BRDA:17,2,0,3
BRDA:17,2,1,0
BRDA:19,3,0,3
BRDA:19,3,1,2
BRDA:23,4,0,2
BRDA:23,4,1,1
BRDA:25,5,0,2
BRDA:25,5,1,1
BRDA:32,6,0,1
BRDA:32,6,1,1
BRDA:40,7,0,1
BRDA:40,7,1,1
BRDA:61,8,0,0
BRDA:61,8,1,1
BRDA:75,9,0,1
BRDA:75,9,1,0
BRDA:75,9,2,0
BRDA:79,10,0,1
BRDA:79,10,1,0
BRDA:94,11,0,0
BRDA:94,11,1,1
BRDA:102,12,0,1
BRDA:102,12,1,0
BRDA:116,13,0,0
BRDA:116,13,1,1
BRDA:135,14,0,0
BRDA:135,14,1,0
BRDA:153,15,0,1
BRDA:153,15,1,6
BRDA:156,16,0,4
BRDA:156,16,1,2
BRDA:157,17,0,1
BRDA:157,17,1,1
BRDA:158,18,0,0
BRDA:158,18,1,1
BRDA:158,19,0,1
BRDA:158,19,1,0
BRDA:159,20,0,0
BRDA:159,20,1,1
BRDA:160,21,0,0
BRDA:160,21,1,1
BRDA:167,22,0,0
BRDA:167,22,1,3
BRDA:167,23,0,3
BRDA:167,23,1,3
BRDA:167,23,2,3
BRDA:187,24,0,3
BRDA:187,24,1,2
BRDA:192,25,0,0
BRDA:192,25,1,0
BRF:53
BRH:35
end_of_record
TN:
SF:test\mocks\index.js
FN:2,(anonymous_0)
FN:22,(anonymous_1)
FN:32,(anonymous_2)
FNF:3
FNH:0
FNDA:0,(anonymous_0)
FNDA:0,(anonymous_1)
FNDA:0,(anonymous_2)
DA:1,1
DA:2,0
DA:14,1
DA:22,0
DA:32,0
DA:35,1
DA:63,1
LF:7
LH:4
BRF:0
BRH:0
end_of_record
